<?xml version="1.0" encoding="UTF-8"?>
<testsuite xmlns:xsi="http://www.w3.org/2001/XMLSchema-instance" xsi:schemaLocation="https://maven.apache.org/surefire/maven-surefire-plugin/xsd/surefire-test-report.xsd" name="org.bitcoinj.core.PeerGroupTest" time="9.615" tests="42" errors="0" skipped="2" failures="0">
  <properties>
    <property name="java.runtime.name" value="OpenJDK Runtime Environment"/>
    <property name="sun.boot.library.path" value="/usr/lib/jvm/java-8-openjdk-amd64/jre/lib/amd64"/>
    <property name="java.vm.version" value="25.151-b12"/>
    <property name="java.vm.vendor" value="Oracle Corporation"/>
    <property name="maven.multiModuleProjectDirectory" value="/home/sv/android_projects/bitcoinj"/>
    <property name="java.vendor.url" value="http://java.oracle.com/"/>
    <property name="path.separator" value=":"/>
    <property name="guice.disable.misplaced.annotation.check" value="true"/>
    <property name="java.vm.name" value="OpenJDK 64-Bit Server VM"/>
    <property name="file.encoding.pkg" value="sun.io"/>
    <property name="user.country" value="US"/>
    <property name="sun.java.launcher" value="SUN_STANDARD"/>
    <property name="sun.os.patch.level" value="unknown"/>
    <property name="java.vm.specification.name" value="Java Virtual Machine Specification"/>
    <property name="user.dir" value="/home/sv/android_projects/bitcoinj"/>
    <property name="java.runtime.version" value="1.8.0_151-8u151-b12-0ubuntu0.17.10.2-b12"/>
    <property name="java.awt.graphicsenv" value="sun.awt.X11GraphicsEnvironment"/>
    <property name="java.endorsed.dirs" value="/usr/lib/jvm/java-8-openjdk-amd64/jre/lib/endorsed"/>
    <property name="os.arch" value="amd64"/>
    <property name="java.io.tmpdir" value="/tmp"/>
    <property name="line.separator" value="&#10;"/>
    <property name="java.vm.specification.vendor" value="Oracle Corporation"/>
    <property name="os.name" value="Linux"/>
    <property name="classworlds.conf" value="/usr/share/maven/bin/m2.conf"/>
    <property name="sun.jnu.encoding" value="UTF-8"/>
    <property name="java.library.path" value="/usr/java/packages/lib/amd64:/usr/lib/x86_64-linux-gnu/jni:/lib/x86_64-linux-gnu:/usr/lib/x86_64-linux-gnu:/usr/lib/jni:/lib:/usr/lib"/>
    <property name="maven.conf" value="/usr/share/maven/conf"/>
    <property name="java.specification.name" value="Java Platform API Specification"/>
    <property name="java.class.version" value="52.0"/>
    <property name="sun.management.compiler" value="HotSpot 64-Bit Tiered Compilers"/>
    <property name="os.version" value="4.13.0-25-generic"/>
    <property name="library.jansi.path" value="/usr/share/maven/lib/jansi-native/linux64"/>
    <property name="user.home" value="/root"/>
    <property name="user.timezone" value="Europe/Kiev"/>
    <property name="java.awt.printerjob" value="sun.print.PSPrinterJob"/>
    <property name="java.specification.version" value="1.8"/>
    <property name="file.encoding" value="UTF-8"/>
    <property name="user.name" value="root"/>
    <property name="java.class.path" value="/usr/share/maven/boot/plexus-classworlds-2.x.jar"/>
    <property name="java.vm.specification.version" value="1.8"/>
    <property name="sun.arch.data.model" value="64"/>
    <property name="java.home" value="/usr/lib/jvm/java-8-openjdk-amd64/jre"/>
    <property name="sun.java.command" value="org.codehaus.plexus.classworlds.launcher.Launcher clean package"/>
    <property name="java.specification.vendor" value="Oracle Corporation"/>
    <property name="user.language" value="en"/>
    <property name="awt.toolkit" value="sun.awt.X11.XToolkit"/>
    <property name="java.vm.info" value="mixed mode"/>
    <property name="java.version" value="1.8.0_151"/>
    <property name="java.ext.dirs" value="/usr/lib/jvm/java-8-openjdk-amd64/jre/lib/ext:/usr/java/packages/lib/ext"/>
    <property name="securerandom.source" value="file:/dev/./urandom"/>
    <property name="sun.boot.class.path" value="/usr/lib/jvm/java-8-openjdk-amd64/jre/lib/resources.jar:/usr/lib/jvm/java-8-openjdk-amd64/jre/lib/rt.jar:/usr/lib/jvm/java-8-openjdk-amd64/jre/lib/sunrsasign.jar:/usr/lib/jvm/java-8-openjdk-amd64/jre/lib/jsse.jar:/usr/lib/jvm/java-8-openjdk-amd64/jre/lib/jce.jar:/usr/lib/jvm/java-8-openjdk-amd64/jre/lib/charsets.jar:/usr/lib/jvm/java-8-openjdk-amd64/jre/lib/jfr.jar:/usr/lib/jvm/java-8-openjdk-amd64/jre/classes"/>
    <property name="java.vendor" value="Oracle Corporation"/>
    <property name="maven.home" value="/usr/share/maven"/>
    <property name="file.separator" value="/"/>
    <property name="java.vendor.url.bug" value="http://bugreport.sun.com/bugreport/"/>
    <property name="sun.cpu.endian" value="little"/>
    <property name="sun.io.unicode.encoding" value="UnicodeLittle"/>
    <property name="sun.cpu.isalist" value=""/>
  </properties>
  <testcase name="singleDownloadPeer1[0]" classname="org.bitcoinj.core.PeerGroupTest" time="0.299"/>
  <testcase name="singleDownloadPeer2[0]" classname="org.bitcoinj.core.PeerGroupTest" time="0.274"/>
  <testcase name="receiveTxBroadcastOnAddedWallet[0]" classname="org.bitcoinj.core.PeerGroupTest" time="0.193"/>
  <testcase name="downloadPeerSelection[0]" classname="org.bitcoinj.core.PeerGroupTest" time="0.231"/>
  <testcase name="preferLocalPeer[0]" classname="org.bitcoinj.core.PeerGroupTest" time="0.078"/>
  <testcase name="waitForNumPeers1[0]" classname="org.bitcoinj.core.PeerGroupTest" time="0.185"/>
  <testcase name="transactionConfidence[0]" classname="org.bitcoinj.core.PeerGroupTest" time="0.292"/>
  <testcase name="peerTimeoutTest[0]" classname="org.bitcoinj.core.PeerGroupTest" time="0.258"/>
  <testcase name="autoRescanOnKeyExhaustion[0]" classname="org.bitcoinj.core.PeerGroupTest" time="0.373"/>
  <testcase name="pings[0]" classname="org.bitcoinj.core.PeerGroupTest" time="0.256"/>
  <testcase name="receiveTxBroadcast[0]" classname="org.bitcoinj.core.PeerGroupTest" time="0.252"/>
  <testcase name="testBloomResendOnNewKey[0]" classname="org.bitcoinj.core.PeerGroupTest" time="0.152"/>
  <testcase name="peerDiscoveryPolling[0]" classname="org.bitcoinj.core.PeerGroupTest" time="1.043"/>
  <testcase name="testBloomOnP2Pubkey[0]" classname="org.bitcoinj.core.PeerGroupTest" time="0.24"/>
  <testcase name="peerPriority[0]" classname="org.bitcoinj.core.PeerGroupTest" time="0">
    <skipped message="disabled for now as this test is too flaky"/>
  </testcase>
  <testcase name="waitForPeersOfVersion[0]" classname="org.bitcoinj.core.PeerGroupTest" time="0.214"/>
  <testcase name="listener[0]" classname="org.bitcoinj.core.PeerGroupTest" time="0.08"/>
  <testcase name="multiplePeerDiscovery[0]" classname="org.bitcoinj.core.PeerGroupTest" time="0.087"/>
  <testcase name="testWalletCatchupTime[0]" classname="org.bitcoinj.core.PeerGroupTest" time="0.088"/>
  <testcase name="waitForPeersWithServiceFlags[0]" classname="org.bitcoinj.core.PeerGroupTest" time="0.185"/>
  <testcase name="noPings[0]" classname="org.bitcoinj.core.PeerGroupTest" time="0.153"/>
  <testcase name="singleDownloadPeer1[1]" classname="org.bitcoinj.core.PeerGroupTest" time="0.281"/>
  <testcase name="singleDownloadPeer2[1]" classname="org.bitcoinj.core.PeerGroupTest" time="0.2"/>
  <testcase name="receiveTxBroadcastOnAddedWallet[1]" classname="org.bitcoinj.core.PeerGroupTest" time="0.192"/>
  <testcase name="downloadPeerSelection[1]" classname="org.bitcoinj.core.PeerGroupTest" time="0.236"/>
  <testcase name="preferLocalPeer[1]" classname="org.bitcoinj.core.PeerGroupTest" time="0.043"/>
  <testcase name="waitForNumPeers1[1]" classname="org.bitcoinj.core.PeerGroupTest" time="0.176"/>
  <testcase name="transactionConfidence[1]" classname="org.bitcoinj.core.PeerGroupTest" time="0.292"/>
  <testcase name="peerTimeoutTest[1]" classname="org.bitcoinj.core.PeerGroupTest" time="0.168"/>
  <testcase name="autoRescanOnKeyExhaustion[1]" classname="org.bitcoinj.core.PeerGroupTest" time="0.358"/>
  <testcase name="pings[1]" classname="org.bitcoinj.core.PeerGroupTest" time="0.243"/>
  <testcase name="receiveTxBroadcast[1]" classname="org.bitcoinj.core.PeerGroupTest" time="0.255"/>
  <testcase name="testBloomResendOnNewKey[1]" classname="org.bitcoinj.core.PeerGroupTest" time="0.156"/>
  <testcase name="peerDiscoveryPolling[1]" classname="org.bitcoinj.core.PeerGroupTest" time="1.047"/>
  <testcase name="testBloomOnP2Pubkey[1]" classname="org.bitcoinj.core.PeerGroupTest" time="0.219"/>
  <testcase name="peerPriority[1]" classname="org.bitcoinj.core.PeerGroupTest" time="0">
    <skipped message="disabled for now as this test is too flaky"/>
  </testcase>
  <testcase name="waitForPeersOfVersion[1]" classname="org.bitcoinj.core.PeerGroupTest" time="0.177"/>
  <testcase name="listener[1]" classname="org.bitcoinj.core.PeerGroupTest" time="0.156"/>
  <testcase name="multiplePeerDiscovery[1]" classname="org.bitcoinj.core.PeerGroupTest" time="0.068"/>
  <testcase name="testWalletCatchupTime[1]" classname="org.bitcoinj.core.PeerGroupTest" time="0.066"/>
  <testcase name="waitForPeersWithServiceFlags[1]" classname="org.bitcoinj.core.PeerGroupTest" time="0.176"/>
  <testcase name="noPings[1]" classname="org.bitcoinj.core.PeerGroupTest" time="0.096"/>
</testsuite>