<?xml version="1.0" encoding="UTF-8"?>
<testsuite xmlns:xsi="http://www.w3.org/2001/XMLSchema-instance" xsi:schemaLocation="https://maven.apache.org/surefire/maven-surefire-plugin/xsd/surefire-test-report.xsd" name="org.bitcoinj.wallet.WalletTest" time="10.065" tests="122" errors="0" skipped="0" failures="0">
  <properties>
    <property name="java.runtime.name" value="OpenJDK Runtime Environment"/>
    <property name="sun.boot.library.path" value="/usr/lib/jvm/java-8-openjdk-amd64/jre/lib/amd64"/>
    <property name="java.vm.version" value="25.151-b12"/>
    <property name="java.vm.vendor" value="Oracle Corporation"/>
    <property name="maven.multiModuleProjectDirectory" value="/home/sv/android_projects/bitcoinj"/>
    <property name="java.vendor.url" value="http://java.oracle.com/"/>
    <property name="path.separator" value=":"/>
    <property name="guice.disable.misplaced.annotation.check" value="true"/>
    <property name="java.vm.name" value="OpenJDK 64-Bit Server VM"/>
    <property name="file.encoding.pkg" value="sun.io"/>
    <property name="user.country" value="US"/>
    <property name="sun.java.launcher" value="SUN_STANDARD"/>
    <property name="sun.os.patch.level" value="unknown"/>
    <property name="java.vm.specification.name" value="Java Virtual Machine Specification"/>
    <property name="user.dir" value="/home/sv/android_projects/bitcoinj"/>
    <property name="java.runtime.version" value="1.8.0_151-8u151-b12-0ubuntu0.17.10.2-b12"/>
    <property name="java.awt.graphicsenv" value="sun.awt.X11GraphicsEnvironment"/>
    <property name="java.endorsed.dirs" value="/usr/lib/jvm/java-8-openjdk-amd64/jre/lib/endorsed"/>
    <property name="os.arch" value="amd64"/>
    <property name="java.io.tmpdir" value="/tmp"/>
    <property name="line.separator" value="&#10;"/>
    <property name="java.vm.specification.vendor" value="Oracle Corporation"/>
    <property name="os.name" value="Linux"/>
    <property name="classworlds.conf" value="/usr/share/maven/bin/m2.conf"/>
    <property name="sun.jnu.encoding" value="UTF-8"/>
    <property name="java.library.path" value="/usr/java/packages/lib/amd64:/usr/lib/x86_64-linux-gnu/jni:/lib/x86_64-linux-gnu:/usr/lib/x86_64-linux-gnu:/usr/lib/jni:/lib:/usr/lib"/>
    <property name="maven.conf" value="/usr/share/maven/conf"/>
    <property name="java.specification.name" value="Java Platform API Specification"/>
    <property name="java.class.version" value="52.0"/>
    <property name="sun.management.compiler" value="HotSpot 64-Bit Tiered Compilers"/>
    <property name="os.version" value="4.13.0-25-generic"/>
    <property name="library.jansi.path" value="/usr/share/maven/lib/jansi-native/linux64"/>
    <property name="user.home" value="/root"/>
    <property name="user.timezone" value="Europe/Kiev"/>
    <property name="java.awt.printerjob" value="sun.print.PSPrinterJob"/>
    <property name="java.specification.version" value="1.8"/>
    <property name="file.encoding" value="UTF-8"/>
    <property name="user.name" value="root"/>
    <property name="java.class.path" value="/usr/share/maven/boot/plexus-classworlds-2.x.jar"/>
    <property name="java.vm.specification.version" value="1.8"/>
    <property name="sun.arch.data.model" value="64"/>
    <property name="java.home" value="/usr/lib/jvm/java-8-openjdk-amd64/jre"/>
    <property name="sun.java.command" value="org.codehaus.plexus.classworlds.launcher.Launcher clean package"/>
    <property name="java.specification.vendor" value="Oracle Corporation"/>
    <property name="user.language" value="en"/>
    <property name="awt.toolkit" value="sun.awt.X11.XToolkit"/>
    <property name="java.vm.info" value="mixed mode"/>
    <property name="java.version" value="1.8.0_151"/>
    <property name="java.ext.dirs" value="/usr/lib/jvm/java-8-openjdk-amd64/jre/lib/ext:/usr/java/packages/lib/ext"/>
    <property name="securerandom.source" value="file:/dev/./urandom"/>
    <property name="sun.boot.class.path" value="/usr/lib/jvm/java-8-openjdk-amd64/jre/lib/resources.jar:/usr/lib/jvm/java-8-openjdk-amd64/jre/lib/rt.jar:/usr/lib/jvm/java-8-openjdk-amd64/jre/lib/sunrsasign.jar:/usr/lib/jvm/java-8-openjdk-amd64/jre/lib/jsse.jar:/usr/lib/jvm/java-8-openjdk-amd64/jre/lib/jce.jar:/usr/lib/jvm/java-8-openjdk-amd64/jre/lib/charsets.jar:/usr/lib/jvm/java-8-openjdk-amd64/jre/lib/jfr.jar:/usr/lib/jvm/java-8-openjdk-amd64/jre/classes"/>
    <property name="java.vendor" value="Oracle Corporation"/>
    <property name="maven.home" value="/usr/share/maven"/>
    <property name="file.separator" value="/"/>
    <property name="java.vendor.url.bug" value="http://bugreport.sun.com/bugreport/"/>
    <property name="sun.cpu.endian" value="little"/>
    <property name="sun.io.unicode.encoding" value="UnicodeLittle"/>
    <property name="sun.cpu.isalist" value=""/>
  </properties>
  <testcase name="completeTxPartiallySignedMarriedThrows" classname="org.bitcoinj.wallet.WalletTest" time="0.152"/>
  <testcase name="removeScriptsBloomFilter" classname="org.bitcoinj.wallet.WalletTest" time="0.057"/>
  <testcase name="sendMultipleCentsTest" classname="org.bitcoinj.wallet.WalletTest" time="0.056"/>
  <testcase name="cleanupFailsDueToSpend" classname="org.bitcoinj.wallet.WalletTest" time="0.05"/>
  <testcase name="spendOutputFromPendingTransaction" classname="org.bitcoinj.wallet.WalletTest" time="0.034"/>
  <testcase name="isConsistent_pools" classname="org.bitcoinj.wallet.WalletTest" time="0.031"/>
  <testcase name="isConsistent_spent" classname="org.bitcoinj.wallet.WalletTest" time="0.031"/>
  <testcase name="keyRotationHD" classname="org.bitcoinj.wallet.WalletTest" time="0.095"/>
  <testcase name="balances" classname="org.bitcoinj.wallet.WalletTest" time="0.031"/>
  <testcase name="txSpendingDeadTx" classname="org.bitcoinj.wallet.WalletTest" time="0.035"/>
  <testcase name="sideChain" classname="org.bitcoinj.wallet.WalletTest" time="0.03"/>
  <testcase name="twoOpReturnsPerTransactionTest" classname="org.bitcoinj.wallet.WalletTest" time="0.03"/>
  <testcase name="completeTxPartiallySignedThrows" classname="org.bitcoinj.wallet.WalletTest" time="0.032"/>
  <testcase name="watchingWalletWithCreationTime" classname="org.bitcoinj.wallet.WalletTest" time="0.031"/>
  <testcase name="watchingScriptsConfirmed" classname="org.bitcoinj.wallet.WalletTest" time="0.029"/>
  <testcase name="isTxConsistentReturnsFalseAsExpected" classname="org.bitcoinj.wallet.WalletTest" time="0.071"/>
  <testcase name="replayWhilstPending" classname="org.bitcoinj.wallet.WalletTest" time="0.035"/>
  <testcase name="getSeedAsWords1" classname="org.bitcoinj.wallet.WalletTest" time="0.029"/>
  <testcase name="sendRequestMemo" classname="org.bitcoinj.wallet.WalletTest" time="0.03"/>
  <testcase name="coinSelection_coinTimesDepth" classname="org.bitcoinj.wallet.WalletTest" time="0.068"/>
  <testcase name="sendDustTest" classname="org.bitcoinj.wallet.WalletTest" time="0.031"/>
  <testcase name="addUnencryptedKeyToEncryptedWallet" classname="org.bitcoinj.wallet.WalletTest" time="0.097"/>
  <testcase name="testEmptyRandomWallet" classname="org.bitcoinj.wallet.WalletTest" time="0.041"/>
  <testcase name="testCompleteTxWithExistingInputs" classname="org.bitcoinj.wallet.WalletTest" time="0.036"/>
  <testcase name="transactionGetFeeTest" classname="org.bitcoinj.wallet.WalletTest" time="0.031"/>
  <testcase name="sendDustAndOpReturnWithoutValueTest" classname="org.bitcoinj.wallet.WalletTest" time="0.03"/>
  <testcase name="completeTxPartiallySignedMarriedWithDummySigs" classname="org.bitcoinj.wallet.WalletTest" time="0.12"/>
  <testcase name="bounce" classname="org.bitcoinj.wallet.WalletTest" time="0.032"/>
  <testcase name="completeTxPartiallySignedMarriedThrowsByDefault" classname="org.bitcoinj.wallet.WalletTest" time="0.117"/>
  <testcase name="opReturnTwoOutputsTest" classname="org.bitcoinj.wallet.WalletTest" time="0.031"/>
  <testcase name="keyRotationRandom" classname="org.bitcoinj.wallet.WalletTest" time="0.072"/>
  <testcase name="opReturnMaxBytes" classname="org.bitcoinj.wallet.WalletTest" time="0.032"/>
  <testcase name="childPaysForParent" classname="org.bitcoinj.wallet.WalletTest" time="0.031"/>
  <testcase name="importOfHDKeyForbidden" classname="org.bitcoinj.wallet.WalletTest" time="0.043"/>
  <testcase name="fromKeys" classname="org.bitcoinj.wallet.WalletTest" time="0.055"/>
  <testcase name="ageMattersDuringSelection" classname="org.bitcoinj.wallet.WalletTest" time="0.044"/>
  <testcase name="upgradeToHDEncrypted" classname="org.bitcoinj.wallet.WalletTest" time="0.115"/>
  <testcase name="encryptionDecryptionBadPassword" classname="org.bitcoinj.wallet.WalletTest" time="0.139"/>
  <testcase name="opReturnOneOutputTest" classname="org.bitcoinj.wallet.WalletTest" time="0.034"/>
  <testcase name="spendToSameWallet" classname="org.bitcoinj.wallet.WalletTest" time="0.031"/>
  <testcase name="completeTxPartiallySignedWithDummySigs" classname="org.bitcoinj.wallet.WalletTest" time="0.032"/>
  <testcase name="doubleSpendWeCreate" classname="org.bitcoinj.wallet.WalletTest" time="0.044"/>
  <testcase name="lastBlockSeen" classname="org.bitcoinj.wallet.WalletTest" time="0.032"/>
  <testcase name="mismatchedCrypter" classname="org.bitcoinj.wallet.WalletTest" time="0.138"/>
  <testcase name="sendRequestExchangeRate" classname="org.bitcoinj.wallet.WalletTest" time="0.03"/>
  <testcase name="keyCreationTime" classname="org.bitcoinj.wallet.WalletTest" time="0.055"/>
  <testcase name="doubleSpendForBuildingTx" classname="org.bitcoinj.wallet.WalletTest" time="0.032"/>
  <testcase name="higherThanDefaultFee" classname="org.bitcoinj.wallet.WalletTest" time="0.033"/>
  <testcase name="sendRequestP2PKHTest" classname="org.bitcoinj.wallet.WalletTest" time="0.03"/>
  <testcase name="balanceWithIdenticalOutputs" classname="org.bitcoinj.wallet.WalletTest" time="0.028"/>
  <testcase name="doubleSpendFinneyAttack" classname="org.bitcoinj.wallet.WalletTest" time="0.034"/>
  <testcase name="respectMaxStandardSize" classname="org.bitcoinj.wallet.WalletTest" time="0.045"/>
  <testcase name="sendCoinsWithBroadcasterTest" classname="org.bitcoinj.wallet.WalletTest" time="0.038"/>
  <testcase name="balance" classname="org.bitcoinj.wallet.WalletTest" time="0.031"/>
  <testcase name="watchingScriptsSentFrom" classname="org.bitcoinj.wallet.WalletTest" time="0.031"/>
  <testcase name="shouldNotAddTransactionSignerThatIsNotReady" classname="org.bitcoinj.wallet.WalletTest" time="0.029"/>
  <testcase name="marriedKeychainBloomFilter" classname="org.bitcoinj.wallet.WalletTest" time="0.12"/>
  <testcase name="thresholdShouldNotExceedNumberOfKeys" classname="org.bitcoinj.wallet.WalletTest" time="0.114"/>
  <testcase name="isWatching" classname="org.bitcoinj.wallet.WalletTest" time="0.071"/>
  <testcase name="feeSolverAndCoinSelectionTest_dustySendRequested" classname="org.bitcoinj.wallet.WalletTest" time="0.032"/>
  <testcase name="opReturnOneOutputWithValueTest" classname="org.bitcoinj.wallet.WalletTest" time="0.031"/>
  <testcase name="doubleSpendUnspendsOtherInputs" classname="org.bitcoinj.wallet.WalletTest" time="0.032"/>
  <testcase name="sendDustAndMessageWithValueTest" classname="org.bitcoinj.wallet.WalletTest" time="0.03"/>
  <testcase name="transactionInBlockNotification" classname="org.bitcoinj.wallet.WalletTest" time="0.03"/>
  <testcase name="riskAnalysis" classname="org.bitcoinj.wallet.WalletTest" time="0.031"/>
  <testcase name="keyRotationHD2" classname="org.bitcoinj.wallet.WalletTest" time="0.087"/>
  <testcase name="addEncryptedKeyToUnencryptedWallet" classname="org.bitcoinj.wallet.WalletTest" time="0.151"/>
  <testcase name="watchingWallet" classname="org.bitcoinj.wallet.WalletTest" time="0.032"/>
  <testcase name="changePasswordTest" classname="org.bitcoinj.wallet.WalletTest" time="0.288"/>
  <testcase name="doubleSpendWeReceive" classname="org.bitcoinj.wallet.WalletTest" time="0.03"/>
  <testcase name="removeWatchedAddress" classname="org.bitcoinj.wallet.WalletTest" time="0.028"/>
  <testcase name="lowerThanDefaultFee" classname="org.bitcoinj.wallet.WalletTest" time="0.032"/>
  <testcase name="reset" classname="org.bitcoinj.wallet.WalletTest" time="0.029"/>
  <testcase name="changeAesKeyTest" classname="org.bitcoinj.wallet.WalletTest" time="0.195"/>
  <testcase name="spendingWithIncompatibleSigners" classname="org.bitcoinj.wallet.WalletTest" time="0.035"/>
  <testcase name="recipientPaysFees" classname="org.bitcoinj.wallet.WalletTest" time="0.033"/>
  <testcase name="basicSpendingToP2SH" classname="org.bitcoinj.wallet.WalletTest" time="0.037"/>
  <testcase name="testAddTransactionsDependingOn" classname="org.bitcoinj.wallet.WalletTest" time="0.033"/>
  <testcase name="customTransactionSpending" classname="org.bitcoinj.wallet.WalletTest" time="0.031"/>
  <testcase name="blockChainCatchup" classname="org.bitcoinj.wallet.WalletTest" time="0.037"/>
  <testcase name="pending1" classname="org.bitcoinj.wallet.WalletTest" time="0.032"/>
  <testcase name="pending2" classname="org.bitcoinj.wallet.WalletTest" time="0.032"/>
  <testcase name="pending3" classname="org.bitcoinj.wallet.WalletTest" time="0.031"/>
  <testcase name="upgradeToHDUnencrypted" classname="org.bitcoinj.wallet.WalletTest" time="0.056"/>
  <testcase name="exceptionsDoNotBlockAllListeners" classname="org.bitcoinj.wallet.WalletTest" time="0.031"/>
  <testcase name="checkSeed" classname="org.bitcoinj.wallet.WalletTest" time="0.028"/>
  <testcase name="scriptCreationTime" classname="org.bitcoinj.wallet.WalletTest" time="0.056"/>
  <testcase name="getWatchedAddresses" classname="org.bitcoinj.wallet.WalletTest" time="0.029"/>
  <testcase name="autosaveImmediate" classname="org.bitcoinj.wallet.WalletTest" time="0.034"/>
  <testcase name="transactionsList" classname="org.bitcoinj.wallet.WalletTest" time="0.031"/>
  <testcase name="encryptionDecryptionPasswordBasic" classname="org.bitcoinj.wallet.WalletTest" time="0.139"/>
  <testcase name="totalReceivedSent" classname="org.bitcoinj.wallet.WalletTest" time="0.031"/>
  <testcase name="testEmptyWallet" classname="org.bitcoinj.wallet.WalletTest" time="0.033"/>
  <testcase name="basicSpending" classname="org.bitcoinj.wallet.WalletTest" time="0.035"/>
  <testcase name="cleanup" classname="org.bitcoinj.wallet.WalletTest" time="0.033"/>
  <testcase name="sendCoinsNoBroadcasterTest" classname="org.bitcoinj.wallet.WalletTest" time="0.029"/>
  <testcase name="autosaveDelayed" classname="org.bitcoinj.wallet.WalletTest" time="3.041"/>
  <testcase name="completeTxPartiallySignedWithEmptySig" classname="org.bitcoinj.wallet.WalletTest" time="0.057"/>
  <testcase name="importAndEncrypt" classname="org.bitcoinj.wallet.WalletTest" time="0.18"/>
  <testcase name="doubleSpends" classname="org.bitcoinj.wallet.WalletTest" time="0.033"/>
  <testcase name="basicSpendingFromP2SH" classname="org.bitcoinj.wallet.WalletTest" time="0.392"/>
  <testcase name="duplicatedBlock" classname="org.bitcoinj.wallet.WalletTest" time="0.028"/>
  <testcase name="overridingDeadTxTest" classname="org.bitcoinj.wallet.WalletTest" time="0.033"/>
  <testcase name="completeTxPartiallySignedMarriedWithEmptySig" classname="org.bitcoinj.wallet.WalletTest" time="0.117"/>
  <testcase name="watchingScriptsBloomFilter" classname="org.bitcoinj.wallet.WalletTest" time="0.031"/>
  <testcase name="isTxConsistentReturnsFalseAsExpected_WhenAvailableForSpendingEqualsFalse" classname="org.bitcoinj.wallet.WalletTest" time="0.057"/>
  <testcase name="transactionSignersShouldBeSerializedAlongWithWallet" classname="org.bitcoinj.wallet.WalletTest" time="0.033"/>
  <testcase name="pubkeyOnlyScripts" classname="org.bitcoinj.wallet.WalletTest" time="0.03"/>
  <testcase name="outOfOrderPendingTxns" classname="org.bitcoinj.wallet.WalletTest" time="0.029"/>
  <testcase name="basicSpendingWithEncryptedWallet" classname="org.bitcoinj.wallet.WalletTest" time="0.186"/>
  <testcase name="encryptionDecryptionCheckExceptions" classname="org.bitcoinj.wallet.WalletTest" time="0.139"/>
  <testcase name="removeWatchedAddresses" classname="org.bitcoinj.wallet.WalletTest" time="0.034"/>
  <testcase name="isConsistent_duplicates" classname="org.bitcoinj.wallet.WalletTest" time="0.03"/>
  <testcase name="watchingMarriedWallet" classname="org.bitcoinj.wallet.WalletTest" time="0.091"/>
  <testcase name="sendRequestP2PKTest" classname="org.bitcoinj.wallet.WalletTest" time="0.029"/>
  <testcase name="watchingScripts" classname="org.bitcoinj.wallet.WalletTest" time="0.028"/>
  <testcase name="keyEvents" classname="org.bitcoinj.wallet.WalletTest" time="0.058"/>
  <testcase name="transactions" classname="org.bitcoinj.wallet.WalletTest" time="0.029"/>
  <testcase name="feeSolverAndCoinSelectionTests2" classname="org.bitcoinj.wallet.WalletTest" time="0.045"/>
  <testcase name="sortTxnsByDependency" classname="org.bitcoinj.wallet.WalletTest" time="0.046"/>
  <testcase name="testIrrelevantDoubleSpend" classname="org.bitcoinj.wallet.WalletTest" time="0.033"/>
  <testcase name="encryptionDecryptionAESBasic" classname="org.bitcoinj.wallet.WalletTest" time="0.222"/>
</testsuite>