<?xml version="1.0" encoding="UTF-8"?>
<testsuite xmlns:xsi="http://www.w3.org/2001/XMLSchema-instance" xsi:schemaLocation="https://maven.apache.org/surefire/maven-surefire-plugin/xsd/surefire-test-report.xsd" name="org.bitcoinj.utils.BtcFormatTest" time="3.763" tests="4480" errors="0" skipped="0" failures="0">
  <properties>
    <property name="java.runtime.name" value="OpenJDK Runtime Environment"/>
    <property name="sun.boot.library.path" value="/usr/lib/jvm/java-8-openjdk-amd64/jre/lib/amd64"/>
    <property name="java.vm.version" value="25.151-b12"/>
    <property name="java.vm.vendor" value="Oracle Corporation"/>
    <property name="maven.multiModuleProjectDirectory" value="/home/sv/android_projects/bitcoinj"/>
    <property name="java.vendor.url" value="http://java.oracle.com/"/>
    <property name="path.separator" value=":"/>
    <property name="guice.disable.misplaced.annotation.check" value="true"/>
    <property name="java.vm.name" value="OpenJDK 64-Bit Server VM"/>
    <property name="file.encoding.pkg" value="sun.io"/>
    <property name="user.country" value="US"/>
    <property name="sun.java.launcher" value="SUN_STANDARD"/>
    <property name="sun.os.patch.level" value="unknown"/>
    <property name="java.vm.specification.name" value="Java Virtual Machine Specification"/>
    <property name="user.dir" value="/home/sv/android_projects/bitcoinj"/>
    <property name="java.runtime.version" value="1.8.0_151-8u151-b12-0ubuntu0.17.10.2-b12"/>
    <property name="java.awt.graphicsenv" value="sun.awt.X11GraphicsEnvironment"/>
    <property name="java.endorsed.dirs" value="/usr/lib/jvm/java-8-openjdk-amd64/jre/lib/endorsed"/>
    <property name="os.arch" value="amd64"/>
    <property name="java.io.tmpdir" value="/tmp"/>
    <property name="line.separator" value="&#10;"/>
    <property name="java.vm.specification.vendor" value="Oracle Corporation"/>
    <property name="os.name" value="Linux"/>
    <property name="classworlds.conf" value="/usr/share/maven/bin/m2.conf"/>
    <property name="sun.jnu.encoding" value="UTF-8"/>
    <property name="java.library.path" value="/usr/java/packages/lib/amd64:/usr/lib/x86_64-linux-gnu/jni:/lib/x86_64-linux-gnu:/usr/lib/x86_64-linux-gnu:/usr/lib/jni:/lib:/usr/lib"/>
    <property name="maven.conf" value="/usr/share/maven/conf"/>
    <property name="java.specification.name" value="Java Platform API Specification"/>
    <property name="java.class.version" value="52.0"/>
    <property name="sun.management.compiler" value="HotSpot 64-Bit Tiered Compilers"/>
    <property name="os.version" value="4.13.0-25-generic"/>
    <property name="library.jansi.path" value="/usr/share/maven/lib/jansi-native/linux64"/>
    <property name="user.home" value="/root"/>
    <property name="user.timezone" value="Europe/Kiev"/>
    <property name="java.awt.printerjob" value="sun.print.PSPrinterJob"/>
    <property name="java.specification.version" value="1.8"/>
    <property name="file.encoding" value="UTF-8"/>
    <property name="user.name" value="root"/>
    <property name="java.class.path" value="/usr/share/maven/boot/plexus-classworlds-2.x.jar"/>
    <property name="java.vm.specification.version" value="1.8"/>
    <property name="sun.arch.data.model" value="64"/>
    <property name="java.home" value="/usr/lib/jvm/java-8-openjdk-amd64/jre"/>
    <property name="sun.java.command" value="org.codehaus.plexus.classworlds.launcher.Launcher clean package"/>
    <property name="java.specification.vendor" value="Oracle Corporation"/>
    <property name="user.language" value="en"/>
    <property name="awt.toolkit" value="sun.awt.X11.XToolkit"/>
    <property name="java.vm.info" value="mixed mode"/>
    <property name="java.version" value="1.8.0_151"/>
    <property name="java.ext.dirs" value="/usr/lib/jvm/java-8-openjdk-amd64/jre/lib/ext:/usr/java/packages/lib/ext"/>
    <property name="securerandom.source" value="file:/dev/./urandom"/>
    <property name="sun.boot.class.path" value="/usr/lib/jvm/java-8-openjdk-amd64/jre/lib/resources.jar:/usr/lib/jvm/java-8-openjdk-amd64/jre/lib/rt.jar:/usr/lib/jvm/java-8-openjdk-amd64/jre/lib/sunrsasign.jar:/usr/lib/jvm/java-8-openjdk-amd64/jre/lib/jsse.jar:/usr/lib/jvm/java-8-openjdk-amd64/jre/lib/jce.jar:/usr/lib/jvm/java-8-openjdk-amd64/jre/lib/charsets.jar:/usr/lib/jvm/java-8-openjdk-amd64/jre/lib/jfr.jar:/usr/lib/jvm/java-8-openjdk-amd64/jre/classes"/>
    <property name="java.vendor" value="Oracle Corporation"/>
    <property name="maven.home" value="/usr/share/maven"/>
    <property name="file.separator" value="/"/>
    <property name="java.vendor.url.bug" value="http://bugreport.sun.com/bugreport/"/>
    <property name="sun.cpu.endian" value="little"/>
    <property name="sun.io.unicode.encoding" value="UnicodeLittle"/>
    <property name="sun.cpu.isalist" value=""/>
  </properties>
  <testcase name="factoryArgumentsTest[0]" classname="org.bitcoinj.utils.BtcFormatTest" time="0.034"/>
  <testcase name="parseTest[0]" classname="org.bitcoinj.utils.BtcFormatTest" time="0.017"/>
  <testcase name="microcoinScaleTest[0]" classname="org.bitcoinj.utils.BtcFormatTest" time="0.001"/>
  <testcase name="parseMetricTest[0]" classname="org.bitcoinj.utils.BtcFormatTest" time="0.006"/>
  <testcase name="coinScaleTest[0]" classname="org.bitcoinj.utils.BtcFormatTest" time="0"/>
  <testcase name="builderTest[0]" classname="org.bitcoinj.utils.BtcFormatTest" time="0.013"/>
  <testcase name="attributeTest[0]" classname="org.bitcoinj.utils.BtcFormatTest" time="0.006"/>
  <testcase name="prefixTest[0]" classname="org.bitcoinj.utils.BtcFormatTest" time="0.002"/>
  <testcase name="suffixTest[0]" classname="org.bitcoinj.utils.BtcFormatTest" time="0.002"/>
  <testcase name="autoDecimalTest[0]" classname="org.bitcoinj.utils.BtcFormatTest" time="0.008"/>
  <testcase name="symbolCollisionTest[0]" classname="org.bitcoinj.utils.BtcFormatTest" time="0.15"/>
  <testcase name="equalityTest[0]" classname="org.bitcoinj.utils.BtcFormatTest" time="0.008"/>
  <testcase name="columnAlignmentTest[0]" classname="org.bitcoinj.utils.BtcFormatTest" time="0.001"/>
  <testcase name="factoryTest[0]" classname="org.bitcoinj.utils.BtcFormatTest" time="0.002"/>
  <testcase name="parse[0]" classname="org.bitcoinj.utils.BtcFormatTest" time="0"/>
  <testcase name="btcRounding[0]" classname="org.bitcoinj.utils.BtcFormatTest" time="0.006"/>
  <testcase name="negativeTest[0]" classname="org.bitcoinj.utils.BtcFormatTest" time="0.002"/>
  <testcase name="millicoinScaleTest[0]" classname="org.bitcoinj.utils.BtcFormatTest" time="0"/>
  <testcase name="toStringTest[0]" classname="org.bitcoinj.utils.BtcFormatTest" time="0.003"/>
  <testcase name="testGrouping[0]" classname="org.bitcoinj.utils.BtcFormatTest" time="0.001"/>
  <testcase name="symbolsCodesTest[0]" classname="org.bitcoinj.utils.BtcFormatTest" time="0.001"/>
  <testcase name="defaultLocaleTest[0]" classname="org.bitcoinj.utils.BtcFormatTest" time="0.003"/>
  <testcase name="parsePositionTest[0]" classname="org.bitcoinj.utils.BtcFormatTest" time="0.002"/>
  <testcase name="argumentTypeTest[0]" classname="org.bitcoinj.utils.BtcFormatTest" time="0.003"/>
  <testcase name="characterIteratorTest[0]" classname="org.bitcoinj.utils.BtcFormatTest" time="0.005"/>
  <testcase name="repeatingPlaceTest[0]" classname="org.bitcoinj.utils.BtcFormatTest" time="0.001"/>
  <testcase name="currencyCodeTest[0]" classname="org.bitcoinj.utils.BtcFormatTest" time="0.001"/>
  <testcase name="patternDecimalPlaces[0]" classname="org.bitcoinj.utils.BtcFormatTest" time="0"/>
  <testcase name="factoryArgumentsTest[1]" classname="org.bitcoinj.utils.BtcFormatTest" time="0.003"/>
  <testcase name="parseTest[1]" classname="org.bitcoinj.utils.BtcFormatTest" time="0.007"/>
  <testcase name="microcoinScaleTest[1]" classname="org.bitcoinj.utils.BtcFormatTest" time="0"/>
  <testcase name="parseMetricTest[1]" classname="org.bitcoinj.utils.BtcFormatTest" time="0.004"/>
  <testcase name="coinScaleTest[1]" classname="org.bitcoinj.utils.BtcFormatTest" time="0"/>
  <testcase name="builderTest[1]" classname="org.bitcoinj.utils.BtcFormatTest" time="0.006"/>
  <testcase name="attributeTest[1]" classname="org.bitcoinj.utils.BtcFormatTest" time="0.001"/>
  <testcase name="prefixTest[1]" classname="org.bitcoinj.utils.BtcFormatTest" time="0.001"/>
  <testcase name="suffixTest[1]" classname="org.bitcoinj.utils.BtcFormatTest" time="0.001"/>
  <testcase name="autoDecimalTest[1]" classname="org.bitcoinj.utils.BtcFormatTest" time="0.006"/>
  <testcase name="symbolCollisionTest[1]" classname="org.bitcoinj.utils.BtcFormatTest" time="0.003"/>
  <testcase name="equalityTest[1]" classname="org.bitcoinj.utils.BtcFormatTest" time="0.006"/>
  <testcase name="columnAlignmentTest[1]" classname="org.bitcoinj.utils.BtcFormatTest" time="0.001"/>
  <testcase name="factoryTest[1]" classname="org.bitcoinj.utils.BtcFormatTest" time="0.001"/>
  <testcase name="parse[1]" classname="org.bitcoinj.utils.BtcFormatTest" time="0.001"/>
  <testcase name="btcRounding[1]" classname="org.bitcoinj.utils.BtcFormatTest" time="0.005"/>
  <testcase name="negativeTest[1]" classname="org.bitcoinj.utils.BtcFormatTest" time="0.001"/>
  <testcase name="millicoinScaleTest[1]" classname="org.bitcoinj.utils.BtcFormatTest" time="0.001"/>
  <testcase name="toStringTest[1]" classname="org.bitcoinj.utils.BtcFormatTest" time="0.002"/>
  <testcase name="testGrouping[1]" classname="org.bitcoinj.utils.BtcFormatTest" time="0.001"/>
  <testcase name="symbolsCodesTest[1]" classname="org.bitcoinj.utils.BtcFormatTest" time="0.002"/>
  <testcase name="defaultLocaleTest[1]" classname="org.bitcoinj.utils.BtcFormatTest" time="0"/>
  <testcase name="parsePositionTest[1]" classname="org.bitcoinj.utils.BtcFormatTest" time="0.002"/>
  <testcase name="argumentTypeTest[1]" classname="org.bitcoinj.utils.BtcFormatTest" time="0.002"/>
  <testcase name="characterIteratorTest[1]" classname="org.bitcoinj.utils.BtcFormatTest" time="0.002"/>
  <testcase name="repeatingPlaceTest[1]" classname="org.bitcoinj.utils.BtcFormatTest" time="0.001"/>
  <testcase name="currencyCodeTest[1]" classname="org.bitcoinj.utils.BtcFormatTest" time="0.001"/>
  <testcase name="patternDecimalPlaces[1]" classname="org.bitcoinj.utils.BtcFormatTest" time="0"/>
  <testcase name="factoryArgumentsTest[2]" classname="org.bitcoinj.utils.BtcFormatTest" time="0.003"/>
  <testcase name="parseTest[2]" classname="org.bitcoinj.utils.BtcFormatTest" time="0.005"/>
  <testcase name="microcoinScaleTest[2]" classname="org.bitcoinj.utils.BtcFormatTest" time="0"/>
  <testcase name="parseMetricTest[2]" classname="org.bitcoinj.utils.BtcFormatTest" time="0.003"/>
  <testcase name="coinScaleTest[2]" classname="org.bitcoinj.utils.BtcFormatTest" time="0"/>
  <testcase name="builderTest[2]" classname="org.bitcoinj.utils.BtcFormatTest" time="0.006"/>
  <testcase name="attributeTest[2]" classname="org.bitcoinj.utils.BtcFormatTest" time="0"/>
  <testcase name="prefixTest[2]" classname="org.bitcoinj.utils.BtcFormatTest" time="0.001"/>
  <testcase name="suffixTest[2]" classname="org.bitcoinj.utils.BtcFormatTest" time="0.001"/>
  <testcase name="autoDecimalTest[2]" classname="org.bitcoinj.utils.BtcFormatTest" time="0.004"/>
  <testcase name="symbolCollisionTest[2]" classname="org.bitcoinj.utils.BtcFormatTest" time="0.002"/>
  <testcase name="equalityTest[2]" classname="org.bitcoinj.utils.BtcFormatTest" time="0.004"/>
  <testcase name="columnAlignmentTest[2]" classname="org.bitcoinj.utils.BtcFormatTest" time="0"/>
  <testcase name="factoryTest[2]" classname="org.bitcoinj.utils.BtcFormatTest" time="0.001"/>
  <testcase name="parse[2]" classname="org.bitcoinj.utils.BtcFormatTest" time="0"/>
  <testcase name="btcRounding[2]" classname="org.bitcoinj.utils.BtcFormatTest" time="0.002"/>
  <testcase name="negativeTest[2]" classname="org.bitcoinj.utils.BtcFormatTest" time="0.001"/>
  <testcase name="millicoinScaleTest[2]" classname="org.bitcoinj.utils.BtcFormatTest" time="0"/>
  <testcase name="toStringTest[2]" classname="org.bitcoinj.utils.BtcFormatTest" time="0"/>
  <testcase name="testGrouping[2]" classname="org.bitcoinj.utils.BtcFormatTest" time="0.001"/>
  <testcase name="symbolsCodesTest[2]" classname="org.bitcoinj.utils.BtcFormatTest" time="0.001"/>
  <testcase name="defaultLocaleTest[2]" classname="org.bitcoinj.utils.BtcFormatTest" time="0.001"/>
  <testcase name="parsePositionTest[2]" classname="org.bitcoinj.utils.BtcFormatTest" time="0.001"/>
  <testcase name="argumentTypeTest[2]" classname="org.bitcoinj.utils.BtcFormatTest" time="0.001"/>
  <testcase name="characterIteratorTest[2]" classname="org.bitcoinj.utils.BtcFormatTest" time="0.002"/>
  <testcase name="repeatingPlaceTest[2]" classname="org.bitcoinj.utils.BtcFormatTest" time="0.001"/>
  <testcase name="currencyCodeTest[2]" classname="org.bitcoinj.utils.BtcFormatTest" time="0.001"/>
  <testcase name="patternDecimalPlaces[2]" classname="org.bitcoinj.utils.BtcFormatTest" time="0"/>
  <testcase name="factoryArgumentsTest[3]" classname="org.bitcoinj.utils.BtcFormatTest" time="0.002"/>
  <testcase name="parseTest[3]" classname="org.bitcoinj.utils.BtcFormatTest" time="0.004"/>
  <testcase name="microcoinScaleTest[3]" classname="org.bitcoinj.utils.BtcFormatTest" time="0"/>
  <testcase name="parseMetricTest[3]" classname="org.bitcoinj.utils.BtcFormatTest" time="0.001"/>
  <testcase name="coinScaleTest[3]" classname="org.bitcoinj.utils.BtcFormatTest" time="0.001"/>
  <testcase name="builderTest[3]" classname="org.bitcoinj.utils.BtcFormatTest" time="0.004"/>
  <testcase name="attributeTest[3]" classname="org.bitcoinj.utils.BtcFormatTest" time="0.001"/>
  <testcase name="prefixTest[3]" classname="org.bitcoinj.utils.BtcFormatTest" time="0"/>
  <testcase name="suffixTest[3]" classname="org.bitcoinj.utils.BtcFormatTest" time="0"/>
  <testcase name="autoDecimalTest[3]" classname="org.bitcoinj.utils.BtcFormatTest" time="0.002"/>
  <testcase name="symbolCollisionTest[3]" classname="org.bitcoinj.utils.BtcFormatTest" time="0.002"/>
  <testcase name="equalityTest[3]" classname="org.bitcoinj.utils.BtcFormatTest" time="0.003"/>
  <testcase name="columnAlignmentTest[3]" classname="org.bitcoinj.utils.BtcFormatTest" time="0.001"/>
  <testcase name="factoryTest[3]" classname="org.bitcoinj.utils.BtcFormatTest" time="0"/>
  <testcase name="parse[3]" classname="org.bitcoinj.utils.BtcFormatTest" time="0"/>
  <testcase name="btcRounding[3]" classname="org.bitcoinj.utils.BtcFormatTest" time="0.002"/>
  <testcase name="negativeTest[3]" classname="org.bitcoinj.utils.BtcFormatTest" time="0.001"/>
  <testcase name="millicoinScaleTest[3]" classname="org.bitcoinj.utils.BtcFormatTest" time="0"/>
  <testcase name="toStringTest[3]" classname="org.bitcoinj.utils.BtcFormatTest" time="0.001"/>
  <testcase name="testGrouping[3]" classname="org.bitcoinj.utils.BtcFormatTest" time="0"/>
  <testcase name="symbolsCodesTest[3]" classname="org.bitcoinj.utils.BtcFormatTest" time="0.001"/>
  <testcase name="defaultLocaleTest[3]" classname="org.bitcoinj.utils.BtcFormatTest" time="0.001"/>
  <testcase name="parsePositionTest[3]" classname="org.bitcoinj.utils.BtcFormatTest" time="0"/>
  <testcase name="argumentTypeTest[3]" classname="org.bitcoinj.utils.BtcFormatTest" time="0.001"/>
  <testcase name="characterIteratorTest[3]" classname="org.bitcoinj.utils.BtcFormatTest" time="0.002"/>
  <testcase name="repeatingPlaceTest[3]" classname="org.bitcoinj.utils.BtcFormatTest" time="0.001"/>
  <testcase name="currencyCodeTest[3]" classname="org.bitcoinj.utils.BtcFormatTest" time="0"/>
  <testcase name="patternDecimalPlaces[3]" classname="org.bitcoinj.utils.BtcFormatTest" time="0"/>
  <testcase name="factoryArgumentsTest[4]" classname="org.bitcoinj.utils.BtcFormatTest" time="0.003"/>
  <testcase name="parseTest[4]" classname="org.bitcoinj.utils.BtcFormatTest" time="0.002"/>
  <testcase name="microcoinScaleTest[4]" classname="org.bitcoinj.utils.BtcFormatTest" time="0"/>
  <testcase name="parseMetricTest[4]" classname="org.bitcoinj.utils.BtcFormatTest" time="0.001"/>
  <testcase name="coinScaleTest[4]" classname="org.bitcoinj.utils.BtcFormatTest" time="0"/>
  <testcase name="builderTest[4]" classname="org.bitcoinj.utils.BtcFormatTest" time="0.004"/>
  <testcase name="attributeTest[4]" classname="org.bitcoinj.utils.BtcFormatTest" time="0"/>
  <testcase name="prefixTest[4]" classname="org.bitcoinj.utils.BtcFormatTest" time="0.001"/>
  <testcase name="suffixTest[4]" classname="org.bitcoinj.utils.BtcFormatTest" time="0"/>
  <testcase name="autoDecimalTest[4]" classname="org.bitcoinj.utils.BtcFormatTest" time="0.002"/>
  <testcase name="symbolCollisionTest[4]" classname="org.bitcoinj.utils.BtcFormatTest" time="0.002"/>
  <testcase name="equalityTest[4]" classname="org.bitcoinj.utils.BtcFormatTest" time="0.002"/>
  <testcase name="columnAlignmentTest[4]" classname="org.bitcoinj.utils.BtcFormatTest" time="0"/>
  <testcase name="factoryTest[4]" classname="org.bitcoinj.utils.BtcFormatTest" time="0.001"/>
  <testcase name="parse[4]" classname="org.bitcoinj.utils.BtcFormatTest" time="0"/>
  <testcase name="btcRounding[4]" classname="org.bitcoinj.utils.BtcFormatTest" time="0.002"/>
  <testcase name="negativeTest[4]" classname="org.bitcoinj.utils.BtcFormatTest" time="0.001"/>
  <testcase name="millicoinScaleTest[4]" classname="org.bitcoinj.utils.BtcFormatTest" time="0"/>
  <testcase name="toStringTest[4]" classname="org.bitcoinj.utils.BtcFormatTest" time="0.001"/>
  <testcase name="testGrouping[4]" classname="org.bitcoinj.utils.BtcFormatTest" time="0"/>
  <testcase name="symbolsCodesTest[4]" classname="org.bitcoinj.utils.BtcFormatTest" time="0"/>
  <testcase name="defaultLocaleTest[4]" classname="org.bitcoinj.utils.BtcFormatTest" time="0.001"/>
  <testcase name="parsePositionTest[4]" classname="org.bitcoinj.utils.BtcFormatTest" time="0"/>
  <testcase name="argumentTypeTest[4]" classname="org.bitcoinj.utils.BtcFormatTest" time="0.001"/>
  <testcase name="characterIteratorTest[4]" classname="org.bitcoinj.utils.BtcFormatTest" time="0.001"/>
  <testcase name="repeatingPlaceTest[4]" classname="org.bitcoinj.utils.BtcFormatTest" time="0"/>
  <testcase name="currencyCodeTest[4]" classname="org.bitcoinj.utils.BtcFormatTest" time="0"/>
  <testcase name="patternDecimalPlaces[4]" classname="org.bitcoinj.utils.BtcFormatTest" time="0"/>
  <testcase name="factoryArgumentsTest[5]" classname="org.bitcoinj.utils.BtcFormatTest" time="0.002"/>
  <testcase name="parseTest[5]" classname="org.bitcoinj.utils.BtcFormatTest" time="0.002"/>
  <testcase name="microcoinScaleTest[5]" classname="org.bitcoinj.utils.BtcFormatTest" time="0"/>
  <testcase name="parseMetricTest[5]" classname="org.bitcoinj.utils.BtcFormatTest" time="0.002"/>
  <testcase name="coinScaleTest[5]" classname="org.bitcoinj.utils.BtcFormatTest" time="0"/>
  <testcase name="builderTest[5]" classname="org.bitcoinj.utils.BtcFormatTest" time="0.003"/>
  <testcase name="attributeTest[5]" classname="org.bitcoinj.utils.BtcFormatTest" time="0"/>
  <testcase name="prefixTest[5]" classname="org.bitcoinj.utils.BtcFormatTest" time="0"/>
  <testcase name="suffixTest[5]" classname="org.bitcoinj.utils.BtcFormatTest" time="0.001"/>
  <testcase name="autoDecimalTest[5]" classname="org.bitcoinj.utils.BtcFormatTest" time="0.001"/>
  <testcase name="symbolCollisionTest[5]" classname="org.bitcoinj.utils.BtcFormatTest" time="0.001"/>
  <testcase name="equalityTest[5]" classname="org.bitcoinj.utils.BtcFormatTest" time="0.002"/>
  <testcase name="columnAlignmentTest[5]" classname="org.bitcoinj.utils.BtcFormatTest" time="0.001"/>
  <testcase name="factoryTest[5]" classname="org.bitcoinj.utils.BtcFormatTest" time="0"/>
  <testcase name="parse[5]" classname="org.bitcoinj.utils.BtcFormatTest" time="0"/>
  <testcase name="btcRounding[5]" classname="org.bitcoinj.utils.BtcFormatTest" time="0.002"/>
  <testcase name="negativeTest[5]" classname="org.bitcoinj.utils.BtcFormatTest" time="0.001"/>
  <testcase name="millicoinScaleTest[5]" classname="org.bitcoinj.utils.BtcFormatTest" time="0"/>
  <testcase name="toStringTest[5]" classname="org.bitcoinj.utils.BtcFormatTest" time="0"/>
  <testcase name="testGrouping[5]" classname="org.bitcoinj.utils.BtcFormatTest" time="0"/>
  <testcase name="symbolsCodesTest[5]" classname="org.bitcoinj.utils.BtcFormatTest" time="0.001"/>
  <testcase name="defaultLocaleTest[5]" classname="org.bitcoinj.utils.BtcFormatTest" time="0"/>
  <testcase name="parsePositionTest[5]" classname="org.bitcoinj.utils.BtcFormatTest" time="0.001"/>
  <testcase name="argumentTypeTest[5]" classname="org.bitcoinj.utils.BtcFormatTest" time="0.001"/>
  <testcase name="characterIteratorTest[5]" classname="org.bitcoinj.utils.BtcFormatTest" time="0.001"/>
  <testcase name="repeatingPlaceTest[5]" classname="org.bitcoinj.utils.BtcFormatTest" time="0.001"/>
  <testcase name="currencyCodeTest[5]" classname="org.bitcoinj.utils.BtcFormatTest" time="0"/>
  <testcase name="patternDecimalPlaces[5]" classname="org.bitcoinj.utils.BtcFormatTest" time="0"/>
  <testcase name="factoryArgumentsTest[6]" classname="org.bitcoinj.utils.BtcFormatTest" time="0.003"/>
  <testcase name="parseTest[6]" classname="org.bitcoinj.utils.BtcFormatTest" time="0.002"/>
  <testcase name="microcoinScaleTest[6]" classname="org.bitcoinj.utils.BtcFormatTest" time="0"/>
  <testcase name="parseMetricTest[6]" classname="org.bitcoinj.utils.BtcFormatTest" time="0.001"/>
  <testcase name="coinScaleTest[6]" classname="org.bitcoinj.utils.BtcFormatTest" time="0"/>
  <testcase name="builderTest[6]" classname="org.bitcoinj.utils.BtcFormatTest" time="0.003"/>
  <testcase name="attributeTest[6]" classname="org.bitcoinj.utils.BtcFormatTest" time="0"/>
  <testcase name="prefixTest[6]" classname="org.bitcoinj.utils.BtcFormatTest" time="0"/>
  <testcase name="suffixTest[6]" classname="org.bitcoinj.utils.BtcFormatTest" time="0"/>
  <testcase name="autoDecimalTest[6]" classname="org.bitcoinj.utils.BtcFormatTest" time="0.002"/>
  <testcase name="symbolCollisionTest[6]" classname="org.bitcoinj.utils.BtcFormatTest" time="0.001"/>
  <testcase name="equalityTest[6]" classname="org.bitcoinj.utils.BtcFormatTest" time="0.002"/>
  <testcase name="columnAlignmentTest[6]" classname="org.bitcoinj.utils.BtcFormatTest" time="0.001"/>
  <testcase name="factoryTest[6]" classname="org.bitcoinj.utils.BtcFormatTest" time="0"/>
  <testcase name="parse[6]" classname="org.bitcoinj.utils.BtcFormatTest" time="0"/>
  <testcase name="btcRounding[6]" classname="org.bitcoinj.utils.BtcFormatTest" time="0.002"/>
  <testcase name="negativeTest[6]" classname="org.bitcoinj.utils.BtcFormatTest" time="0"/>
  <testcase name="millicoinScaleTest[6]" classname="org.bitcoinj.utils.BtcFormatTest" time="0"/>
  <testcase name="toStringTest[6]" classname="org.bitcoinj.utils.BtcFormatTest" time="0.001"/>
  <testcase name="testGrouping[6]" classname="org.bitcoinj.utils.BtcFormatTest" time="0.001"/>
  <testcase name="symbolsCodesTest[6]" classname="org.bitcoinj.utils.BtcFormatTest" time="0"/>
  <testcase name="defaultLocaleTest[6]" classname="org.bitcoinj.utils.BtcFormatTest" time="0.001"/>
  <testcase name="parsePositionTest[6]" classname="org.bitcoinj.utils.BtcFormatTest" time="0"/>
  <testcase name="argumentTypeTest[6]" classname="org.bitcoinj.utils.BtcFormatTest" time="0.001"/>
  <testcase name="characterIteratorTest[6]" classname="org.bitcoinj.utils.BtcFormatTest" time="0.001"/>
  <testcase name="repeatingPlaceTest[6]" classname="org.bitcoinj.utils.BtcFormatTest" time="0.001"/>
  <testcase name="currencyCodeTest[6]" classname="org.bitcoinj.utils.BtcFormatTest" time="0"/>
  <testcase name="patternDecimalPlaces[6]" classname="org.bitcoinj.utils.BtcFormatTest" time="0"/>
  <testcase name="factoryArgumentsTest[7]" classname="org.bitcoinj.utils.BtcFormatTest" time="0.001"/>
  <testcase name="parseTest[7]" classname="org.bitcoinj.utils.BtcFormatTest" time="0.003"/>
  <testcase name="microcoinScaleTest[7]" classname="org.bitcoinj.utils.BtcFormatTest" time="0"/>
  <testcase name="parseMetricTest[7]" classname="org.bitcoinj.utils.BtcFormatTest" time="0.001"/>
  <testcase name="coinScaleTest[7]" classname="org.bitcoinj.utils.BtcFormatTest" time="0"/>
  <testcase name="builderTest[7]" classname="org.bitcoinj.utils.BtcFormatTest" time="0.002"/>
  <testcase name="attributeTest[7]" classname="org.bitcoinj.utils.BtcFormatTest" time="0.001"/>
  <testcase name="prefixTest[7]" classname="org.bitcoinj.utils.BtcFormatTest" time="0"/>
  <testcase name="suffixTest[7]" classname="org.bitcoinj.utils.BtcFormatTest" time="0"/>
  <testcase name="autoDecimalTest[7]" classname="org.bitcoinj.utils.BtcFormatTest" time="0.002"/>
  <testcase name="symbolCollisionTest[7]" classname="org.bitcoinj.utils.BtcFormatTest" time="0.001"/>
  <testcase name="equalityTest[7]" classname="org.bitcoinj.utils.BtcFormatTest" time="0.002"/>
  <testcase name="columnAlignmentTest[7]" classname="org.bitcoinj.utils.BtcFormatTest" time="0.001"/>
  <testcase name="factoryTest[7]" classname="org.bitcoinj.utils.BtcFormatTest" time="0"/>
  <testcase name="parse[7]" classname="org.bitcoinj.utils.BtcFormatTest" time="0"/>
  <testcase name="btcRounding[7]" classname="org.bitcoinj.utils.BtcFormatTest" time="0.003"/>
  <testcase name="negativeTest[7]" classname="org.bitcoinj.utils.BtcFormatTest" time="0.001"/>
  <testcase name="millicoinScaleTest[7]" classname="org.bitcoinj.utils.BtcFormatTest" time="0"/>
  <testcase name="toStringTest[7]" classname="org.bitcoinj.utils.BtcFormatTest" time="0.001"/>
  <testcase name="testGrouping[7]" classname="org.bitcoinj.utils.BtcFormatTest" time="0.001"/>
  <testcase name="symbolsCodesTest[7]" classname="org.bitcoinj.utils.BtcFormatTest" time="0.001"/>
  <testcase name="defaultLocaleTest[7]" classname="org.bitcoinj.utils.BtcFormatTest" time="0"/>
  <testcase name="parsePositionTest[7]" classname="org.bitcoinj.utils.BtcFormatTest" time="0"/>
  <testcase name="argumentTypeTest[7]" classname="org.bitcoinj.utils.BtcFormatTest" time="0.001"/>
  <testcase name="characterIteratorTest[7]" classname="org.bitcoinj.utils.BtcFormatTest" time="0.001"/>
  <testcase name="repeatingPlaceTest[7]" classname="org.bitcoinj.utils.BtcFormatTest" time="0.001"/>
  <testcase name="currencyCodeTest[7]" classname="org.bitcoinj.utils.BtcFormatTest" time="0"/>
  <testcase name="patternDecimalPlaces[7]" classname="org.bitcoinj.utils.BtcFormatTest" time="0"/>
  <testcase name="factoryArgumentsTest[8]" classname="org.bitcoinj.utils.BtcFormatTest" time="0.002"/>
  <testcase name="parseTest[8]" classname="org.bitcoinj.utils.BtcFormatTest" time="0.004"/>
  <testcase name="microcoinScaleTest[8]" classname="org.bitcoinj.utils.BtcFormatTest" time="0"/>
  <testcase name="parseMetricTest[8]" classname="org.bitcoinj.utils.BtcFormatTest" time="0.002"/>
  <testcase name="coinScaleTest[8]" classname="org.bitcoinj.utils.BtcFormatTest" time="0"/>
  <testcase name="builderTest[8]" classname="org.bitcoinj.utils.BtcFormatTest" time="0.004"/>
  <testcase name="attributeTest[8]" classname="org.bitcoinj.utils.BtcFormatTest" time="0.001"/>
  <testcase name="prefixTest[8]" classname="org.bitcoinj.utils.BtcFormatTest" time="0"/>
  <testcase name="suffixTest[8]" classname="org.bitcoinj.utils.BtcFormatTest" time="0"/>
  <testcase name="autoDecimalTest[8]" classname="org.bitcoinj.utils.BtcFormatTest" time="0.002"/>
  <testcase name="symbolCollisionTest[8]" classname="org.bitcoinj.utils.BtcFormatTest" time="0.002"/>
  <testcase name="equalityTest[8]" classname="org.bitcoinj.utils.BtcFormatTest" time="0.004"/>
  <testcase name="columnAlignmentTest[8]" classname="org.bitcoinj.utils.BtcFormatTest" time="0"/>
  <testcase name="factoryTest[8]" classname="org.bitcoinj.utils.BtcFormatTest" time="0.001"/>
  <testcase name="parse[8]" classname="org.bitcoinj.utils.BtcFormatTest" time="0"/>
  <testcase name="btcRounding[8]" classname="org.bitcoinj.utils.BtcFormatTest" time="0.002"/>
  <testcase name="negativeTest[8]" classname="org.bitcoinj.utils.BtcFormatTest" time="0.001"/>
  <testcase name="millicoinScaleTest[8]" classname="org.bitcoinj.utils.BtcFormatTest" time="0"/>
  <testcase name="toStringTest[8]" classname="org.bitcoinj.utils.BtcFormatTest" time="0.001"/>
  <testcase name="testGrouping[8]" classname="org.bitcoinj.utils.BtcFormatTest" time="0"/>
  <testcase name="symbolsCodesTest[8]" classname="org.bitcoinj.utils.BtcFormatTest" time="0.001"/>
  <testcase name="defaultLocaleTest[8]" classname="org.bitcoinj.utils.BtcFormatTest" time="0"/>
  <testcase name="parsePositionTest[8]" classname="org.bitcoinj.utils.BtcFormatTest" time="0.001"/>
  <testcase name="argumentTypeTest[8]" classname="org.bitcoinj.utils.BtcFormatTest" time="0.001"/>
  <testcase name="characterIteratorTest[8]" classname="org.bitcoinj.utils.BtcFormatTest" time="0.001"/>
  <testcase name="repeatingPlaceTest[8]" classname="org.bitcoinj.utils.BtcFormatTest" time="0"/>
  <testcase name="currencyCodeTest[8]" classname="org.bitcoinj.utils.BtcFormatTest" time="0.001"/>
  <testcase name="patternDecimalPlaces[8]" classname="org.bitcoinj.utils.BtcFormatTest" time="0"/>
  <testcase name="factoryArgumentsTest[9]" classname="org.bitcoinj.utils.BtcFormatTest" time="0.002"/>
  <testcase name="parseTest[9]" classname="org.bitcoinj.utils.BtcFormatTest" time="0.004"/>
  <testcase name="microcoinScaleTest[9]" classname="org.bitcoinj.utils.BtcFormatTest" time="0"/>
  <testcase name="parseMetricTest[9]" classname="org.bitcoinj.utils.BtcFormatTest" time="0.002"/>
  <testcase name="coinScaleTest[9]" classname="org.bitcoinj.utils.BtcFormatTest" time="0"/>
  <testcase name="builderTest[9]" classname="org.bitcoinj.utils.BtcFormatTest" time="0.004"/>
  <testcase name="attributeTest[9]" classname="org.bitcoinj.utils.BtcFormatTest" time="0"/>
  <testcase name="prefixTest[9]" classname="org.bitcoinj.utils.BtcFormatTest" time="0"/>
  <testcase name="suffixTest[9]" classname="org.bitcoinj.utils.BtcFormatTest" time="0.001"/>
  <testcase name="autoDecimalTest[9]" classname="org.bitcoinj.utils.BtcFormatTest" time="0.002"/>
  <testcase name="symbolCollisionTest[9]" classname="org.bitcoinj.utils.BtcFormatTest" time="0.002"/>
  <testcase name="equalityTest[9]" classname="org.bitcoinj.utils.BtcFormatTest" time="0.003"/>
  <testcase name="columnAlignmentTest[9]" classname="org.bitcoinj.utils.BtcFormatTest" time="0.001"/>
  <testcase name="factoryTest[9]" classname="org.bitcoinj.utils.BtcFormatTest" time="0"/>
  <testcase name="parse[9]" classname="org.bitcoinj.utils.BtcFormatTest" time="0"/>
  <testcase name="btcRounding[9]" classname="org.bitcoinj.utils.BtcFormatTest" time="0.003"/>
  <testcase name="negativeTest[9]" classname="org.bitcoinj.utils.BtcFormatTest" time="0.001"/>
  <testcase name="millicoinScaleTest[9]" classname="org.bitcoinj.utils.BtcFormatTest" time="0"/>
  <testcase name="toStringTest[9]" classname="org.bitcoinj.utils.BtcFormatTest" time="0.001"/>
  <testcase name="testGrouping[9]" classname="org.bitcoinj.utils.BtcFormatTest" time="0.001"/>
  <testcase name="symbolsCodesTest[9]" classname="org.bitcoinj.utils.BtcFormatTest" time="0.001"/>
  <testcase name="defaultLocaleTest[9]" classname="org.bitcoinj.utils.BtcFormatTest" time="0"/>
  <testcase name="parsePositionTest[9]" classname="org.bitcoinj.utils.BtcFormatTest" time="0"/>
  <testcase name="argumentTypeTest[9]" classname="org.bitcoinj.utils.BtcFormatTest" time="0.001"/>
  <testcase name="characterIteratorTest[9]" classname="org.bitcoinj.utils.BtcFormatTest" time="0.001"/>
  <testcase name="repeatingPlaceTest[9]" classname="org.bitcoinj.utils.BtcFormatTest" time="0"/>
  <testcase name="currencyCodeTest[9]" classname="org.bitcoinj.utils.BtcFormatTest" time="0"/>
  <testcase name="patternDecimalPlaces[9]" classname="org.bitcoinj.utils.BtcFormatTest" time="0.001"/>
  <testcase name="factoryArgumentsTest[10]" classname="org.bitcoinj.utils.BtcFormatTest" time="0.002"/>
  <testcase name="parseTest[10]" classname="org.bitcoinj.utils.BtcFormatTest" time="0.003"/>
  <testcase name="microcoinScaleTest[10]" classname="org.bitcoinj.utils.BtcFormatTest" time="0.001"/>
  <testcase name="parseMetricTest[10]" classname="org.bitcoinj.utils.BtcFormatTest" time="0.002"/>
  <testcase name="coinScaleTest[10]" classname="org.bitcoinj.utils.BtcFormatTest" time="0"/>
  <testcase name="builderTest[10]" classname="org.bitcoinj.utils.BtcFormatTest" time="0.004"/>
  <testcase name="attributeTest[10]" classname="org.bitcoinj.utils.BtcFormatTest" time="0"/>
  <testcase name="prefixTest[10]" classname="org.bitcoinj.utils.BtcFormatTest" time="0"/>
  <testcase name="suffixTest[10]" classname="org.bitcoinj.utils.BtcFormatTest" time="0"/>
  <testcase name="autoDecimalTest[10]" classname="org.bitcoinj.utils.BtcFormatTest" time="0.002"/>
  <testcase name="symbolCollisionTest[10]" classname="org.bitcoinj.utils.BtcFormatTest" time="0.002"/>
  <testcase name="equalityTest[10]" classname="org.bitcoinj.utils.BtcFormatTest" time="0.003"/>
  <testcase name="columnAlignmentTest[10]" classname="org.bitcoinj.utils.BtcFormatTest" time="0.001"/>
  <testcase name="factoryTest[10]" classname="org.bitcoinj.utils.BtcFormatTest" time="0"/>
  <testcase name="parse[10]" classname="org.bitcoinj.utils.BtcFormatTest" time="0.001"/>
  <testcase name="btcRounding[10]" classname="org.bitcoinj.utils.BtcFormatTest" time="0.002"/>
  <testcase name="negativeTest[10]" classname="org.bitcoinj.utils.BtcFormatTest" time="0.001"/>
  <testcase name="millicoinScaleTest[10]" classname="org.bitcoinj.utils.BtcFormatTest" time="0"/>
  <testcase name="toStringTest[10]" classname="org.bitcoinj.utils.BtcFormatTest" time="0.001"/>
  <testcase name="testGrouping[10]" classname="org.bitcoinj.utils.BtcFormatTest" time="0.001"/>
  <testcase name="symbolsCodesTest[10]" classname="org.bitcoinj.utils.BtcFormatTest" time="0"/>
  <testcase name="defaultLocaleTest[10]" classname="org.bitcoinj.utils.BtcFormatTest" time="0.001"/>
  <testcase name="parsePositionTest[10]" classname="org.bitcoinj.utils.BtcFormatTest" time="0"/>
  <testcase name="argumentTypeTest[10]" classname="org.bitcoinj.utils.BtcFormatTest" time="0.001"/>
  <testcase name="characterIteratorTest[10]" classname="org.bitcoinj.utils.BtcFormatTest" time="0.001"/>
  <testcase name="repeatingPlaceTest[10]" classname="org.bitcoinj.utils.BtcFormatTest" time="0.001"/>
  <testcase name="currencyCodeTest[10]" classname="org.bitcoinj.utils.BtcFormatTest" time="0"/>
  <testcase name="patternDecimalPlaces[10]" classname="org.bitcoinj.utils.BtcFormatTest" time="0"/>
  <testcase name="factoryArgumentsTest[11]" classname="org.bitcoinj.utils.BtcFormatTest" time="0.002"/>
  <testcase name="parseTest[11]" classname="org.bitcoinj.utils.BtcFormatTest" time="0.004"/>
  <testcase name="microcoinScaleTest[11]" classname="org.bitcoinj.utils.BtcFormatTest" time="0"/>
  <testcase name="parseMetricTest[11]" classname="org.bitcoinj.utils.BtcFormatTest" time="0.002"/>
  <testcase name="coinScaleTest[11]" classname="org.bitcoinj.utils.BtcFormatTest" time="0"/>
  <testcase name="builderTest[11]" classname="org.bitcoinj.utils.BtcFormatTest" time="0.029"/>
  <testcase name="attributeTest[11]" classname="org.bitcoinj.utils.BtcFormatTest" time="0"/>
  <testcase name="prefixTest[11]" classname="org.bitcoinj.utils.BtcFormatTest" time="0.001"/>
  <testcase name="suffixTest[11]" classname="org.bitcoinj.utils.BtcFormatTest" time="0"/>
  <testcase name="autoDecimalTest[11]" classname="org.bitcoinj.utils.BtcFormatTest" time="0.002"/>
  <testcase name="symbolCollisionTest[11]" classname="org.bitcoinj.utils.BtcFormatTest" time="0.002"/>
  <testcase name="equalityTest[11]" classname="org.bitcoinj.utils.BtcFormatTest" time="0.003"/>
  <testcase name="columnAlignmentTest[11]" classname="org.bitcoinj.utils.BtcFormatTest" time="0"/>
  <testcase name="factoryTest[11]" classname="org.bitcoinj.utils.BtcFormatTest" time="0.001"/>
  <testcase name="parse[11]" classname="org.bitcoinj.utils.BtcFormatTest" time="0"/>
  <testcase name="btcRounding[11]" classname="org.bitcoinj.utils.BtcFormatTest" time="0.003"/>
  <testcase name="negativeTest[11]" classname="org.bitcoinj.utils.BtcFormatTest" time="0"/>
  <testcase name="millicoinScaleTest[11]" classname="org.bitcoinj.utils.BtcFormatTest" time="0"/>
  <testcase name="toStringTest[11]" classname="org.bitcoinj.utils.BtcFormatTest" time="0.002"/>
  <testcase name="testGrouping[11]" classname="org.bitcoinj.utils.BtcFormatTest" time="0"/>
  <testcase name="symbolsCodesTest[11]" classname="org.bitcoinj.utils.BtcFormatTest" time="0.001"/>
  <testcase name="defaultLocaleTest[11]" classname="org.bitcoinj.utils.BtcFormatTest" time="0"/>
  <testcase name="parsePositionTest[11]" classname="org.bitcoinj.utils.BtcFormatTest" time="0.001"/>
  <testcase name="argumentTypeTest[11]" classname="org.bitcoinj.utils.BtcFormatTest" time="0.001"/>
  <testcase name="characterIteratorTest[11]" classname="org.bitcoinj.utils.BtcFormatTest" time="0.001"/>
  <testcase name="repeatingPlaceTest[11]" classname="org.bitcoinj.utils.BtcFormatTest" time="0"/>
  <testcase name="currencyCodeTest[11]" classname="org.bitcoinj.utils.BtcFormatTest" time="0.001"/>
  <testcase name="patternDecimalPlaces[11]" classname="org.bitcoinj.utils.BtcFormatTest" time="0"/>
  <testcase name="factoryArgumentsTest[12]" classname="org.bitcoinj.utils.BtcFormatTest" time="0.002"/>
  <testcase name="parseTest[12]" classname="org.bitcoinj.utils.BtcFormatTest" time="0.004"/>
  <testcase name="microcoinScaleTest[12]" classname="org.bitcoinj.utils.BtcFormatTest" time="0"/>
  <testcase name="parseMetricTest[12]" classname="org.bitcoinj.utils.BtcFormatTest" time="0.002"/>
  <testcase name="coinScaleTest[12]" classname="org.bitcoinj.utils.BtcFormatTest" time="0"/>
  <testcase name="builderTest[12]" classname="org.bitcoinj.utils.BtcFormatTest" time="0.003"/>
  <testcase name="attributeTest[12]" classname="org.bitcoinj.utils.BtcFormatTest" time="0.001"/>
  <testcase name="prefixTest[12]" classname="org.bitcoinj.utils.BtcFormatTest" time="0"/>
  <testcase name="suffixTest[12]" classname="org.bitcoinj.utils.BtcFormatTest" time="0"/>
  <testcase name="autoDecimalTest[12]" classname="org.bitcoinj.utils.BtcFormatTest" time="0.002"/>
  <testcase name="symbolCollisionTest[12]" classname="org.bitcoinj.utils.BtcFormatTest" time="0.002"/>
  <testcase name="equalityTest[12]" classname="org.bitcoinj.utils.BtcFormatTest" time="0.003"/>
  <testcase name="columnAlignmentTest[12]" classname="org.bitcoinj.utils.BtcFormatTest" time="0.001"/>
  <testcase name="factoryTest[12]" classname="org.bitcoinj.utils.BtcFormatTest" time="0"/>
  <testcase name="parse[12]" classname="org.bitcoinj.utils.BtcFormatTest" time="0"/>
  <testcase name="btcRounding[12]" classname="org.bitcoinj.utils.BtcFormatTest" time="0.003"/>
  <testcase name="negativeTest[12]" classname="org.bitcoinj.utils.BtcFormatTest" time="0"/>
  <testcase name="millicoinScaleTest[12]" classname="org.bitcoinj.utils.BtcFormatTest" time="0"/>
  <testcase name="toStringTest[12]" classname="org.bitcoinj.utils.BtcFormatTest" time="0.002"/>
  <testcase name="testGrouping[12]" classname="org.bitcoinj.utils.BtcFormatTest" time="0"/>
  <testcase name="symbolsCodesTest[12]" classname="org.bitcoinj.utils.BtcFormatTest" time="0.001"/>
  <testcase name="defaultLocaleTest[12]" classname="org.bitcoinj.utils.BtcFormatTest" time="0"/>
  <testcase name="parsePositionTest[12]" classname="org.bitcoinj.utils.BtcFormatTest" time="0.001"/>
  <testcase name="argumentTypeTest[12]" classname="org.bitcoinj.utils.BtcFormatTest" time="0.001"/>
  <testcase name="characterIteratorTest[12]" classname="org.bitcoinj.utils.BtcFormatTest" time="0.001"/>
  <testcase name="repeatingPlaceTest[12]" classname="org.bitcoinj.utils.BtcFormatTest" time="0.001"/>
  <testcase name="currencyCodeTest[12]" classname="org.bitcoinj.utils.BtcFormatTest" time="0"/>
  <testcase name="patternDecimalPlaces[12]" classname="org.bitcoinj.utils.BtcFormatTest" time="0"/>
  <testcase name="factoryArgumentsTest[13]" classname="org.bitcoinj.utils.BtcFormatTest" time="0.002"/>
  <testcase name="parseTest[13]" classname="org.bitcoinj.utils.BtcFormatTest" time="0.004"/>
  <testcase name="microcoinScaleTest[13]" classname="org.bitcoinj.utils.BtcFormatTest" time="0"/>
  <testcase name="parseMetricTest[13]" classname="org.bitcoinj.utils.BtcFormatTest" time="0.002"/>
  <testcase name="coinScaleTest[13]" classname="org.bitcoinj.utils.BtcFormatTest" time="0"/>
  <testcase name="builderTest[13]" classname="org.bitcoinj.utils.BtcFormatTest" time="0.003"/>
  <testcase name="attributeTest[13]" classname="org.bitcoinj.utils.BtcFormatTest" time="0.001"/>
  <testcase name="prefixTest[13]" classname="org.bitcoinj.utils.BtcFormatTest" time="0"/>
  <testcase name="suffixTest[13]" classname="org.bitcoinj.utils.BtcFormatTest" time="0"/>
  <testcase name="autoDecimalTest[13]" classname="org.bitcoinj.utils.BtcFormatTest" time="0.004"/>
  <testcase name="symbolCollisionTest[13]" classname="org.bitcoinj.utils.BtcFormatTest" time="0"/>
  <testcase name="equalityTest[13]" classname="org.bitcoinj.utils.BtcFormatTest" time="0.004"/>
  <testcase name="columnAlignmentTest[13]" classname="org.bitcoinj.utils.BtcFormatTest" time="0"/>
  <testcase name="factoryTest[13]" classname="org.bitcoinj.utils.BtcFormatTest" time="0.001"/>
  <testcase name="parse[13]" classname="org.bitcoinj.utils.BtcFormatTest" time="0"/>
  <testcase name="btcRounding[13]" classname="org.bitcoinj.utils.BtcFormatTest" time="0.002"/>
  <testcase name="negativeTest[13]" classname="org.bitcoinj.utils.BtcFormatTest" time="0.001"/>
  <testcase name="millicoinScaleTest[13]" classname="org.bitcoinj.utils.BtcFormatTest" time="0.001"/>
  <testcase name="toStringTest[13]" classname="org.bitcoinj.utils.BtcFormatTest" time="0.001"/>
  <testcase name="testGrouping[13]" classname="org.bitcoinj.utils.BtcFormatTest" time="0.001"/>
  <testcase name="symbolsCodesTest[13]" classname="org.bitcoinj.utils.BtcFormatTest" time="0.001"/>
  <testcase name="defaultLocaleTest[13]" classname="org.bitcoinj.utils.BtcFormatTest" time="0"/>
  <testcase name="parsePositionTest[13]" classname="org.bitcoinj.utils.BtcFormatTest" time="0.001"/>
  <testcase name="argumentTypeTest[13]" classname="org.bitcoinj.utils.BtcFormatTest" time="0.001"/>
  <testcase name="characterIteratorTest[13]" classname="org.bitcoinj.utils.BtcFormatTest" time="0.001"/>
  <testcase name="repeatingPlaceTest[13]" classname="org.bitcoinj.utils.BtcFormatTest" time="0.001"/>
  <testcase name="currencyCodeTest[13]" classname="org.bitcoinj.utils.BtcFormatTest" time="0"/>
  <testcase name="patternDecimalPlaces[13]" classname="org.bitcoinj.utils.BtcFormatTest" time="0.001"/>
  <testcase name="factoryArgumentsTest[14]" classname="org.bitcoinj.utils.BtcFormatTest" time="0.002"/>
  <testcase name="parseTest[14]" classname="org.bitcoinj.utils.BtcFormatTest" time="0.004"/>
  <testcase name="microcoinScaleTest[14]" classname="org.bitcoinj.utils.BtcFormatTest" time="0"/>
  <testcase name="parseMetricTest[14]" classname="org.bitcoinj.utils.BtcFormatTest" time="0.002"/>
  <testcase name="coinScaleTest[14]" classname="org.bitcoinj.utils.BtcFormatTest" time="0"/>
  <testcase name="builderTest[14]" classname="org.bitcoinj.utils.BtcFormatTest" time="0.004"/>
  <testcase name="attributeTest[14]" classname="org.bitcoinj.utils.BtcFormatTest" time="0.001"/>
  <testcase name="prefixTest[14]" classname="org.bitcoinj.utils.BtcFormatTest" time="0"/>
  <testcase name="suffixTest[14]" classname="org.bitcoinj.utils.BtcFormatTest" time="0.001"/>
  <testcase name="autoDecimalTest[14]" classname="org.bitcoinj.utils.BtcFormatTest" time="0.002"/>
  <testcase name="symbolCollisionTest[14]" classname="org.bitcoinj.utils.BtcFormatTest" time="0.002"/>
  <testcase name="equalityTest[14]" classname="org.bitcoinj.utils.BtcFormatTest" time="0.003"/>
  <testcase name="columnAlignmentTest[14]" classname="org.bitcoinj.utils.BtcFormatTest" time="0.001"/>
  <testcase name="factoryTest[14]" classname="org.bitcoinj.utils.BtcFormatTest" time="0"/>
  <testcase name="parse[14]" classname="org.bitcoinj.utils.BtcFormatTest" time="0.001"/>
  <testcase name="btcRounding[14]" classname="org.bitcoinj.utils.BtcFormatTest" time="0.002"/>
  <testcase name="negativeTest[14]" classname="org.bitcoinj.utils.BtcFormatTest" time="0.001"/>
  <testcase name="millicoinScaleTest[14]" classname="org.bitcoinj.utils.BtcFormatTest" time="0"/>
  <testcase name="toStringTest[14]" classname="org.bitcoinj.utils.BtcFormatTest" time="0.002"/>
  <testcase name="testGrouping[14]" classname="org.bitcoinj.utils.BtcFormatTest" time="0"/>
  <testcase name="symbolsCodesTest[14]" classname="org.bitcoinj.utils.BtcFormatTest" time="0.001"/>
  <testcase name="defaultLocaleTest[14]" classname="org.bitcoinj.utils.BtcFormatTest" time="0"/>
  <testcase name="parsePositionTest[14]" classname="org.bitcoinj.utils.BtcFormatTest" time="0.001"/>
  <testcase name="argumentTypeTest[14]" classname="org.bitcoinj.utils.BtcFormatTest" time="0.001"/>
  <testcase name="characterIteratorTest[14]" classname="org.bitcoinj.utils.BtcFormatTest" time="0.009"/>
  <testcase name="repeatingPlaceTest[14]" classname="org.bitcoinj.utils.BtcFormatTest" time="0"/>
  <testcase name="currencyCodeTest[14]" classname="org.bitcoinj.utils.BtcFormatTest" time="0"/>
  <testcase name="patternDecimalPlaces[14]" classname="org.bitcoinj.utils.BtcFormatTest" time="0"/>
  <testcase name="factoryArgumentsTest[15]" classname="org.bitcoinj.utils.BtcFormatTest" time="0"/>
  <testcase name="parseTest[15]" classname="org.bitcoinj.utils.BtcFormatTest" time="0.006"/>
  <testcase name="microcoinScaleTest[15]" classname="org.bitcoinj.utils.BtcFormatTest" time="0"/>
  <testcase name="parseMetricTest[15]" classname="org.bitcoinj.utils.BtcFormatTest" time="0.002"/>
  <testcase name="coinScaleTest[15]" classname="org.bitcoinj.utils.BtcFormatTest" time="0.001"/>
  <testcase name="builderTest[15]" classname="org.bitcoinj.utils.BtcFormatTest" time="0.003"/>
  <testcase name="attributeTest[15]" classname="org.bitcoinj.utils.BtcFormatTest" time="0.001"/>
  <testcase name="prefixTest[15]" classname="org.bitcoinj.utils.BtcFormatTest" time="0.001"/>
  <testcase name="suffixTest[15]" classname="org.bitcoinj.utils.BtcFormatTest" time="0"/>
  <testcase name="autoDecimalTest[15]" classname="org.bitcoinj.utils.BtcFormatTest" time="0.002"/>
  <testcase name="symbolCollisionTest[15]" classname="org.bitcoinj.utils.BtcFormatTest" time="0.002"/>
  <testcase name="equalityTest[15]" classname="org.bitcoinj.utils.BtcFormatTest" time="0.004"/>
  <testcase name="columnAlignmentTest[15]" classname="org.bitcoinj.utils.BtcFormatTest" time="0.001"/>
  <testcase name="factoryTest[15]" classname="org.bitcoinj.utils.BtcFormatTest" time="0"/>
  <testcase name="parse[15]" classname="org.bitcoinj.utils.BtcFormatTest" time="0.001"/>
  <testcase name="btcRounding[15]" classname="org.bitcoinj.utils.BtcFormatTest" time="0.003"/>
  <testcase name="negativeTest[15]" classname="org.bitcoinj.utils.BtcFormatTest" time="0.001"/>
  <testcase name="millicoinScaleTest[15]" classname="org.bitcoinj.utils.BtcFormatTest" time="0"/>
  <testcase name="toStringTest[15]" classname="org.bitcoinj.utils.BtcFormatTest" time="0.002"/>
  <testcase name="testGrouping[15]" classname="org.bitcoinj.utils.BtcFormatTest" time="0"/>
  <testcase name="symbolsCodesTest[15]" classname="org.bitcoinj.utils.BtcFormatTest" time="0.002"/>
  <testcase name="defaultLocaleTest[15]" classname="org.bitcoinj.utils.BtcFormatTest" time="0"/>
  <testcase name="parsePositionTest[15]" classname="org.bitcoinj.utils.BtcFormatTest" time="0.001"/>
  <testcase name="argumentTypeTest[15]" classname="org.bitcoinj.utils.BtcFormatTest" time="0.001"/>
  <testcase name="characterIteratorTest[15]" classname="org.bitcoinj.utils.BtcFormatTest" time="0.001"/>
  <testcase name="repeatingPlaceTest[15]" classname="org.bitcoinj.utils.BtcFormatTest" time="0.001"/>
  <testcase name="currencyCodeTest[15]" classname="org.bitcoinj.utils.BtcFormatTest" time="0.001"/>
  <testcase name="patternDecimalPlaces[15]" classname="org.bitcoinj.utils.BtcFormatTest" time="0.001"/>
  <testcase name="factoryArgumentsTest[16]" classname="org.bitcoinj.utils.BtcFormatTest" time="0.002"/>
  <testcase name="parseTest[16]" classname="org.bitcoinj.utils.BtcFormatTest" time="0.003"/>
  <testcase name="microcoinScaleTest[16]" classname="org.bitcoinj.utils.BtcFormatTest" time="0"/>
  <testcase name="parseMetricTest[16]" classname="org.bitcoinj.utils.BtcFormatTest" time="0.002"/>
  <testcase name="coinScaleTest[16]" classname="org.bitcoinj.utils.BtcFormatTest" time="0.001"/>
  <testcase name="builderTest[16]" classname="org.bitcoinj.utils.BtcFormatTest" time="0.003"/>
  <testcase name="attributeTest[16]" classname="org.bitcoinj.utils.BtcFormatTest" time="0"/>
  <testcase name="prefixTest[16]" classname="org.bitcoinj.utils.BtcFormatTest" time="0"/>
  <testcase name="suffixTest[16]" classname="org.bitcoinj.utils.BtcFormatTest" time="0.001"/>
  <testcase name="autoDecimalTest[16]" classname="org.bitcoinj.utils.BtcFormatTest" time="0.002"/>
  <testcase name="symbolCollisionTest[16]" classname="org.bitcoinj.utils.BtcFormatTest" time="0.001"/>
  <testcase name="equalityTest[16]" classname="org.bitcoinj.utils.BtcFormatTest" time="0.003"/>
  <testcase name="columnAlignmentTest[16]" classname="org.bitcoinj.utils.BtcFormatTest" time="0.001"/>
  <testcase name="factoryTest[16]" classname="org.bitcoinj.utils.BtcFormatTest" time="0"/>
  <testcase name="parse[16]" classname="org.bitcoinj.utils.BtcFormatTest" time="0"/>
  <testcase name="btcRounding[16]" classname="org.bitcoinj.utils.BtcFormatTest" time="0.003"/>
  <testcase name="negativeTest[16]" classname="org.bitcoinj.utils.BtcFormatTest" time="0"/>
  <testcase name="millicoinScaleTest[16]" classname="org.bitcoinj.utils.BtcFormatTest" time="0"/>
  <testcase name="toStringTest[16]" classname="org.bitcoinj.utils.BtcFormatTest" time="0.002"/>
  <testcase name="testGrouping[16]" classname="org.bitcoinj.utils.BtcFormatTest" time="0"/>
  <testcase name="symbolsCodesTest[16]" classname="org.bitcoinj.utils.BtcFormatTest" time="0.001"/>
  <testcase name="defaultLocaleTest[16]" classname="org.bitcoinj.utils.BtcFormatTest" time="0"/>
  <testcase name="parsePositionTest[16]" classname="org.bitcoinj.utils.BtcFormatTest" time="0.001"/>
  <testcase name="argumentTypeTest[16]" classname="org.bitcoinj.utils.BtcFormatTest" time="0.001"/>
  <testcase name="characterIteratorTest[16]" classname="org.bitcoinj.utils.BtcFormatTest" time="0.001"/>
  <testcase name="repeatingPlaceTest[16]" classname="org.bitcoinj.utils.BtcFormatTest" time="0"/>
  <testcase name="currencyCodeTest[16]" classname="org.bitcoinj.utils.BtcFormatTest" time="0"/>
  <testcase name="patternDecimalPlaces[16]" classname="org.bitcoinj.utils.BtcFormatTest" time="0.001"/>
  <testcase name="factoryArgumentsTest[17]" classname="org.bitcoinj.utils.BtcFormatTest" time="0.003"/>
  <testcase name="parseTest[17]" classname="org.bitcoinj.utils.BtcFormatTest" time="0.003"/>
  <testcase name="microcoinScaleTest[17]" classname="org.bitcoinj.utils.BtcFormatTest" time="0.001"/>
  <testcase name="parseMetricTest[17]" classname="org.bitcoinj.utils.BtcFormatTest" time="0.002"/>
  <testcase name="coinScaleTest[17]" classname="org.bitcoinj.utils.BtcFormatTest" time="0"/>
  <testcase name="builderTest[17]" classname="org.bitcoinj.utils.BtcFormatTest" time="0.003"/>
  <testcase name="attributeTest[17]" classname="org.bitcoinj.utils.BtcFormatTest" time="0"/>
  <testcase name="prefixTest[17]" classname="org.bitcoinj.utils.BtcFormatTest" time="0.001"/>
  <testcase name="suffixTest[17]" classname="org.bitcoinj.utils.BtcFormatTest" time="0"/>
  <testcase name="autoDecimalTest[17]" classname="org.bitcoinj.utils.BtcFormatTest" time="0.002"/>
  <testcase name="symbolCollisionTest[17]" classname="org.bitcoinj.utils.BtcFormatTest" time="0.001"/>
  <testcase name="equalityTest[17]" classname="org.bitcoinj.utils.BtcFormatTest" time="0.004"/>
  <testcase name="columnAlignmentTest[17]" classname="org.bitcoinj.utils.BtcFormatTest" time="0"/>
  <testcase name="factoryTest[17]" classname="org.bitcoinj.utils.BtcFormatTest" time="0.001"/>
  <testcase name="parse[17]" classname="org.bitcoinj.utils.BtcFormatTest" time="0"/>
  <testcase name="btcRounding[17]" classname="org.bitcoinj.utils.BtcFormatTest" time="0.002"/>
  <testcase name="negativeTest[17]" classname="org.bitcoinj.utils.BtcFormatTest" time="0.001"/>
  <testcase name="millicoinScaleTest[17]" classname="org.bitcoinj.utils.BtcFormatTest" time="0"/>
  <testcase name="toStringTest[17]" classname="org.bitcoinj.utils.BtcFormatTest" time="0.001"/>
  <testcase name="testGrouping[17]" classname="org.bitcoinj.utils.BtcFormatTest" time="0.001"/>
  <testcase name="symbolsCodesTest[17]" classname="org.bitcoinj.utils.BtcFormatTest" time="0"/>
  <testcase name="defaultLocaleTest[17]" classname="org.bitcoinj.utils.BtcFormatTest" time="0.001"/>
  <testcase name="parsePositionTest[17]" classname="org.bitcoinj.utils.BtcFormatTest" time="0"/>
  <testcase name="argumentTypeTest[17]" classname="org.bitcoinj.utils.BtcFormatTest" time="0.001"/>
  <testcase name="characterIteratorTest[17]" classname="org.bitcoinj.utils.BtcFormatTest" time="0.001"/>
  <testcase name="repeatingPlaceTest[17]" classname="org.bitcoinj.utils.BtcFormatTest" time="0"/>
  <testcase name="currencyCodeTest[17]" classname="org.bitcoinj.utils.BtcFormatTest" time="0.001"/>
  <testcase name="patternDecimalPlaces[17]" classname="org.bitcoinj.utils.BtcFormatTest" time="0"/>
  <testcase name="factoryArgumentsTest[18]" classname="org.bitcoinj.utils.BtcFormatTest" time="0.002"/>
  <testcase name="parseTest[18]" classname="org.bitcoinj.utils.BtcFormatTest" time="0.003"/>
  <testcase name="microcoinScaleTest[18]" classname="org.bitcoinj.utils.BtcFormatTest" time="0"/>
  <testcase name="parseMetricTest[18]" classname="org.bitcoinj.utils.BtcFormatTest" time="0.002"/>
  <testcase name="coinScaleTest[18]" classname="org.bitcoinj.utils.BtcFormatTest" time="0.001"/>
  <testcase name="builderTest[18]" classname="org.bitcoinj.utils.BtcFormatTest" time="0.003"/>
  <testcase name="attributeTest[18]" classname="org.bitcoinj.utils.BtcFormatTest" time="0"/>
  <testcase name="prefixTest[18]" classname="org.bitcoinj.utils.BtcFormatTest" time="0.001"/>
  <testcase name="suffixTest[18]" classname="org.bitcoinj.utils.BtcFormatTest" time="0"/>
  <testcase name="autoDecimalTest[18]" classname="org.bitcoinj.utils.BtcFormatTest" time="0.002"/>
  <testcase name="symbolCollisionTest[18]" classname="org.bitcoinj.utils.BtcFormatTest" time="0.001"/>
  <testcase name="equalityTest[18]" classname="org.bitcoinj.utils.BtcFormatTest" time="0.003"/>
  <testcase name="columnAlignmentTest[18]" classname="org.bitcoinj.utils.BtcFormatTest" time="0"/>
  <testcase name="factoryTest[18]" classname="org.bitcoinj.utils.BtcFormatTest" time="0"/>
  <testcase name="parse[18]" classname="org.bitcoinj.utils.BtcFormatTest" time="0.001"/>
  <testcase name="btcRounding[18]" classname="org.bitcoinj.utils.BtcFormatTest" time="0.002"/>
  <testcase name="negativeTest[18]" classname="org.bitcoinj.utils.BtcFormatTest" time="0.001"/>
  <testcase name="millicoinScaleTest[18]" classname="org.bitcoinj.utils.BtcFormatTest" time="0"/>
  <testcase name="toStringTest[18]" classname="org.bitcoinj.utils.BtcFormatTest" time="0.001"/>
  <testcase name="testGrouping[18]" classname="org.bitcoinj.utils.BtcFormatTest" time="0"/>
  <testcase name="symbolsCodesTest[18]" classname="org.bitcoinj.utils.BtcFormatTest" time="0"/>
  <testcase name="defaultLocaleTest[18]" classname="org.bitcoinj.utils.BtcFormatTest" time="0.001"/>
  <testcase name="parsePositionTest[18]" classname="org.bitcoinj.utils.BtcFormatTest" time="0"/>
  <testcase name="argumentTypeTest[18]" classname="org.bitcoinj.utils.BtcFormatTest" time="0.001"/>
  <testcase name="characterIteratorTest[18]" classname="org.bitcoinj.utils.BtcFormatTest" time="0.001"/>
  <testcase name="repeatingPlaceTest[18]" classname="org.bitcoinj.utils.BtcFormatTest" time="0.001"/>
  <testcase name="currencyCodeTest[18]" classname="org.bitcoinj.utils.BtcFormatTest" time="0"/>
  <testcase name="patternDecimalPlaces[18]" classname="org.bitcoinj.utils.BtcFormatTest" time="0"/>
  <testcase name="factoryArgumentsTest[19]" classname="org.bitcoinj.utils.BtcFormatTest" time="0.002"/>
  <testcase name="parseTest[19]" classname="org.bitcoinj.utils.BtcFormatTest" time="0.004"/>
  <testcase name="microcoinScaleTest[19]" classname="org.bitcoinj.utils.BtcFormatTest" time="0"/>
  <testcase name="parseMetricTest[19]" classname="org.bitcoinj.utils.BtcFormatTest" time="0.003"/>
  <testcase name="coinScaleTest[19]" classname="org.bitcoinj.utils.BtcFormatTest" time="0"/>
  <testcase name="builderTest[19]" classname="org.bitcoinj.utils.BtcFormatTest" time="0.004"/>
  <testcase name="attributeTest[19]" classname="org.bitcoinj.utils.BtcFormatTest" time="0"/>
  <testcase name="prefixTest[19]" classname="org.bitcoinj.utils.BtcFormatTest" time="0.001"/>
  <testcase name="suffixTest[19]" classname="org.bitcoinj.utils.BtcFormatTest" time="0"/>
  <testcase name="autoDecimalTest[19]" classname="org.bitcoinj.utils.BtcFormatTest" time="0.002"/>
  <testcase name="symbolCollisionTest[19]" classname="org.bitcoinj.utils.BtcFormatTest" time="0.002"/>
  <testcase name="equalityTest[19]" classname="org.bitcoinj.utils.BtcFormatTest" time="0.004"/>
  <testcase name="columnAlignmentTest[19]" classname="org.bitcoinj.utils.BtcFormatTest" time="0"/>
  <testcase name="factoryTest[19]" classname="org.bitcoinj.utils.BtcFormatTest" time="0.001"/>
  <testcase name="parse[19]" classname="org.bitcoinj.utils.BtcFormatTest" time="0"/>
  <testcase name="btcRounding[19]" classname="org.bitcoinj.utils.BtcFormatTest" time="0.002"/>
  <testcase name="negativeTest[19]" classname="org.bitcoinj.utils.BtcFormatTest" time="0.001"/>
  <testcase name="millicoinScaleTest[19]" classname="org.bitcoinj.utils.BtcFormatTest" time="0"/>
  <testcase name="toStringTest[19]" classname="org.bitcoinj.utils.BtcFormatTest" time="0.001"/>
  <testcase name="testGrouping[19]" classname="org.bitcoinj.utils.BtcFormatTest" time="0.001"/>
  <testcase name="symbolsCodesTest[19]" classname="org.bitcoinj.utils.BtcFormatTest" time="0.001"/>
  <testcase name="defaultLocaleTest[19]" classname="org.bitcoinj.utils.BtcFormatTest" time="0"/>
  <testcase name="parsePositionTest[19]" classname="org.bitcoinj.utils.BtcFormatTest" time="0"/>
  <testcase name="argumentTypeTest[19]" classname="org.bitcoinj.utils.BtcFormatTest" time="0.001"/>
  <testcase name="characterIteratorTest[19]" classname="org.bitcoinj.utils.BtcFormatTest" time="0.003"/>
  <testcase name="repeatingPlaceTest[19]" classname="org.bitcoinj.utils.BtcFormatTest" time="0"/>
  <testcase name="currencyCodeTest[19]" classname="org.bitcoinj.utils.BtcFormatTest" time="0"/>
  <testcase name="patternDecimalPlaces[19]" classname="org.bitcoinj.utils.BtcFormatTest" time="0"/>
  <testcase name="factoryArgumentsTest[20]" classname="org.bitcoinj.utils.BtcFormatTest" time="0.001"/>
  <testcase name="parseTest[20]" classname="org.bitcoinj.utils.BtcFormatTest" time="0.004"/>
  <testcase name="microcoinScaleTest[20]" classname="org.bitcoinj.utils.BtcFormatTest" time="0"/>
  <testcase name="parseMetricTest[20]" classname="org.bitcoinj.utils.BtcFormatTest" time="0.002"/>
  <testcase name="coinScaleTest[20]" classname="org.bitcoinj.utils.BtcFormatTest" time="0"/>
  <testcase name="builderTest[20]" classname="org.bitcoinj.utils.BtcFormatTest" time="0.003"/>
  <testcase name="attributeTest[20]" classname="org.bitcoinj.utils.BtcFormatTest" time="0.001"/>
  <testcase name="prefixTest[20]" classname="org.bitcoinj.utils.BtcFormatTest" time="0"/>
  <testcase name="suffixTest[20]" classname="org.bitcoinj.utils.BtcFormatTest" time="0.001"/>
  <testcase name="autoDecimalTest[20]" classname="org.bitcoinj.utils.BtcFormatTest" time="0.002"/>
  <testcase name="symbolCollisionTest[20]" classname="org.bitcoinj.utils.BtcFormatTest" time="0.001"/>
  <testcase name="equalityTest[20]" classname="org.bitcoinj.utils.BtcFormatTest" time="0.003"/>
  <testcase name="columnAlignmentTest[20]" classname="org.bitcoinj.utils.BtcFormatTest" time="0.001"/>
  <testcase name="factoryTest[20]" classname="org.bitcoinj.utils.BtcFormatTest" time="0"/>
  <testcase name="parse[20]" classname="org.bitcoinj.utils.BtcFormatTest" time="0"/>
  <testcase name="btcRounding[20]" classname="org.bitcoinj.utils.BtcFormatTest" time="0.003"/>
  <testcase name="negativeTest[20]" classname="org.bitcoinj.utils.BtcFormatTest" time="0"/>
  <testcase name="millicoinScaleTest[20]" classname="org.bitcoinj.utils.BtcFormatTest" time="0.001"/>
  <testcase name="toStringTest[20]" classname="org.bitcoinj.utils.BtcFormatTest" time="0.001"/>
  <testcase name="testGrouping[20]" classname="org.bitcoinj.utils.BtcFormatTest" time="0"/>
  <testcase name="symbolsCodesTest[20]" classname="org.bitcoinj.utils.BtcFormatTest" time="0.001"/>
  <testcase name="defaultLocaleTest[20]" classname="org.bitcoinj.utils.BtcFormatTest" time="0"/>
  <testcase name="parsePositionTest[20]" classname="org.bitcoinj.utils.BtcFormatTest" time="0.001"/>
  <testcase name="argumentTypeTest[20]" classname="org.bitcoinj.utils.BtcFormatTest" time="0.001"/>
  <testcase name="characterIteratorTest[20]" classname="org.bitcoinj.utils.BtcFormatTest" time="0.001"/>
  <testcase name="repeatingPlaceTest[20]" classname="org.bitcoinj.utils.BtcFormatTest" time="0"/>
  <testcase name="currencyCodeTest[20]" classname="org.bitcoinj.utils.BtcFormatTest" time="0"/>
  <testcase name="patternDecimalPlaces[20]" classname="org.bitcoinj.utils.BtcFormatTest" time="0.001"/>
  <testcase name="factoryArgumentsTest[21]" classname="org.bitcoinj.utils.BtcFormatTest" time="0.001"/>
  <testcase name="parseTest[21]" classname="org.bitcoinj.utils.BtcFormatTest" time="0.004"/>
  <testcase name="microcoinScaleTest[21]" classname="org.bitcoinj.utils.BtcFormatTest" time="0"/>
  <testcase name="parseMetricTest[21]" classname="org.bitcoinj.utils.BtcFormatTest" time="0.002"/>
  <testcase name="coinScaleTest[21]" classname="org.bitcoinj.utils.BtcFormatTest" time="0.001"/>
  <testcase name="builderTest[21]" classname="org.bitcoinj.utils.BtcFormatTest" time="0.003"/>
  <testcase name="attributeTest[21]" classname="org.bitcoinj.utils.BtcFormatTest" time="0"/>
  <testcase name="prefixTest[21]" classname="org.bitcoinj.utils.BtcFormatTest" time="0"/>
  <testcase name="suffixTest[21]" classname="org.bitcoinj.utils.BtcFormatTest" time="0.001"/>
  <testcase name="autoDecimalTest[21]" classname="org.bitcoinj.utils.BtcFormatTest" time="0.002"/>
  <testcase name="symbolCollisionTest[21]" classname="org.bitcoinj.utils.BtcFormatTest" time="0.001"/>
  <testcase name="equalityTest[21]" classname="org.bitcoinj.utils.BtcFormatTest" time="0.003"/>
  <testcase name="columnAlignmentTest[21]" classname="org.bitcoinj.utils.BtcFormatTest" time="0.001"/>
  <testcase name="factoryTest[21]" classname="org.bitcoinj.utils.BtcFormatTest" time="0"/>
  <testcase name="parse[21]" classname="org.bitcoinj.utils.BtcFormatTest" time="0"/>
  <testcase name="btcRounding[21]" classname="org.bitcoinj.utils.BtcFormatTest" time="0.003"/>
  <testcase name="negativeTest[21]" classname="org.bitcoinj.utils.BtcFormatTest" time="0"/>
  <testcase name="millicoinScaleTest[21]" classname="org.bitcoinj.utils.BtcFormatTest" time="0"/>
  <testcase name="toStringTest[21]" classname="org.bitcoinj.utils.BtcFormatTest" time="0.001"/>
  <testcase name="testGrouping[21]" classname="org.bitcoinj.utils.BtcFormatTest" time="0"/>
  <testcase name="symbolsCodesTest[21]" classname="org.bitcoinj.utils.BtcFormatTest" time="0.001"/>
  <testcase name="defaultLocaleTest[21]" classname="org.bitcoinj.utils.BtcFormatTest" time="0"/>
  <testcase name="parsePositionTest[21]" classname="org.bitcoinj.utils.BtcFormatTest" time="0.001"/>
  <testcase name="argumentTypeTest[21]" classname="org.bitcoinj.utils.BtcFormatTest" time="0.001"/>
  <testcase name="characterIteratorTest[21]" classname="org.bitcoinj.utils.BtcFormatTest" time="0.001"/>
  <testcase name="repeatingPlaceTest[21]" classname="org.bitcoinj.utils.BtcFormatTest" time="0"/>
  <testcase name="currencyCodeTest[21]" classname="org.bitcoinj.utils.BtcFormatTest" time="0"/>
  <testcase name="patternDecimalPlaces[21]" classname="org.bitcoinj.utils.BtcFormatTest" time="0"/>
  <testcase name="factoryArgumentsTest[22]" classname="org.bitcoinj.utils.BtcFormatTest" time="0.001"/>
  <testcase name="parseTest[22]" classname="org.bitcoinj.utils.BtcFormatTest" time="0.003"/>
  <testcase name="microcoinScaleTest[22]" classname="org.bitcoinj.utils.BtcFormatTest" time="0"/>
  <testcase name="parseMetricTest[22]" classname="org.bitcoinj.utils.BtcFormatTest" time="0.002"/>
  <testcase name="coinScaleTest[22]" classname="org.bitcoinj.utils.BtcFormatTest" time="0"/>
  <testcase name="builderTest[22]" classname="org.bitcoinj.utils.BtcFormatTest" time="0.003"/>
  <testcase name="attributeTest[22]" classname="org.bitcoinj.utils.BtcFormatTest" time="0.001"/>
  <testcase name="prefixTest[22]" classname="org.bitcoinj.utils.BtcFormatTest" time="0"/>
  <testcase name="suffixTest[22]" classname="org.bitcoinj.utils.BtcFormatTest" time="0.001"/>
  <testcase name="autoDecimalTest[22]" classname="org.bitcoinj.utils.BtcFormatTest" time="0.001"/>
  <testcase name="symbolCollisionTest[22]" classname="org.bitcoinj.utils.BtcFormatTest" time="0.002"/>
  <testcase name="equalityTest[22]" classname="org.bitcoinj.utils.BtcFormatTest" time="0.003"/>
  <testcase name="columnAlignmentTest[22]" classname="org.bitcoinj.utils.BtcFormatTest" time="0"/>
  <testcase name="factoryTest[22]" classname="org.bitcoinj.utils.BtcFormatTest" time="0.001"/>
  <testcase name="parse[22]" classname="org.bitcoinj.utils.BtcFormatTest" time="0"/>
  <testcase name="btcRounding[22]" classname="org.bitcoinj.utils.BtcFormatTest" time="0.002"/>
  <testcase name="negativeTest[22]" classname="org.bitcoinj.utils.BtcFormatTest" time="0.001"/>
  <testcase name="millicoinScaleTest[22]" classname="org.bitcoinj.utils.BtcFormatTest" time="0"/>
  <testcase name="toStringTest[22]" classname="org.bitcoinj.utils.BtcFormatTest" time="0.001"/>
  <testcase name="testGrouping[22]" classname="org.bitcoinj.utils.BtcFormatTest" time="0.001"/>
  <testcase name="symbolsCodesTest[22]" classname="org.bitcoinj.utils.BtcFormatTest" time="0"/>
  <testcase name="defaultLocaleTest[22]" classname="org.bitcoinj.utils.BtcFormatTest" time="0.002"/>
  <testcase name="parsePositionTest[22]" classname="org.bitcoinj.utils.BtcFormatTest" time="0"/>
  <testcase name="argumentTypeTest[22]" classname="org.bitcoinj.utils.BtcFormatTest" time="0"/>
  <testcase name="characterIteratorTest[22]" classname="org.bitcoinj.utils.BtcFormatTest" time="0.001"/>
  <testcase name="repeatingPlaceTest[22]" classname="org.bitcoinj.utils.BtcFormatTest" time="0"/>
  <testcase name="currencyCodeTest[22]" classname="org.bitcoinj.utils.BtcFormatTest" time="0"/>
  <testcase name="patternDecimalPlaces[22]" classname="org.bitcoinj.utils.BtcFormatTest" time="0"/>
  <testcase name="factoryArgumentsTest[23]" classname="org.bitcoinj.utils.BtcFormatTest" time="0.001"/>
  <testcase name="parseTest[23]" classname="org.bitcoinj.utils.BtcFormatTest" time="0.004"/>
  <testcase name="microcoinScaleTest[23]" classname="org.bitcoinj.utils.BtcFormatTest" time="0"/>
  <testcase name="parseMetricTest[23]" classname="org.bitcoinj.utils.BtcFormatTest" time="0.002"/>
  <testcase name="coinScaleTest[23]" classname="org.bitcoinj.utils.BtcFormatTest" time="0"/>
  <testcase name="builderTest[23]" classname="org.bitcoinj.utils.BtcFormatTest" time="0.003"/>
  <testcase name="attributeTest[23]" classname="org.bitcoinj.utils.BtcFormatTest" time="0"/>
  <testcase name="prefixTest[23]" classname="org.bitcoinj.utils.BtcFormatTest" time="0.001"/>
  <testcase name="suffixTest[23]" classname="org.bitcoinj.utils.BtcFormatTest" time="0"/>
  <testcase name="autoDecimalTest[23]" classname="org.bitcoinj.utils.BtcFormatTest" time="0.002"/>
  <testcase name="symbolCollisionTest[23]" classname="org.bitcoinj.utils.BtcFormatTest" time="0.001"/>
  <testcase name="equalityTest[23]" classname="org.bitcoinj.utils.BtcFormatTest" time="0.004"/>
  <testcase name="columnAlignmentTest[23]" classname="org.bitcoinj.utils.BtcFormatTest" time="0"/>
  <testcase name="factoryTest[23]" classname="org.bitcoinj.utils.BtcFormatTest" time="0"/>
  <testcase name="parse[23]" classname="org.bitcoinj.utils.BtcFormatTest" time="0.001"/>
  <testcase name="btcRounding[23]" classname="org.bitcoinj.utils.BtcFormatTest" time="0.002"/>
  <testcase name="negativeTest[23]" classname="org.bitcoinj.utils.BtcFormatTest" time="0.001"/>
  <testcase name="millicoinScaleTest[23]" classname="org.bitcoinj.utils.BtcFormatTest" time="0"/>
  <testcase name="toStringTest[23]" classname="org.bitcoinj.utils.BtcFormatTest" time="0.001"/>
  <testcase name="testGrouping[23]" classname="org.bitcoinj.utils.BtcFormatTest" time="0.001"/>
  <testcase name="symbolsCodesTest[23]" classname="org.bitcoinj.utils.BtcFormatTest" time="0"/>
  <testcase name="defaultLocaleTest[23]" classname="org.bitcoinj.utils.BtcFormatTest" time="0.001"/>
  <testcase name="parsePositionTest[23]" classname="org.bitcoinj.utils.BtcFormatTest" time="0"/>
  <testcase name="argumentTypeTest[23]" classname="org.bitcoinj.utils.BtcFormatTest" time="0.001"/>
  <testcase name="characterIteratorTest[23]" classname="org.bitcoinj.utils.BtcFormatTest" time="0.001"/>
  <testcase name="repeatingPlaceTest[23]" classname="org.bitcoinj.utils.BtcFormatTest" time="0"/>
  <testcase name="currencyCodeTest[23]" classname="org.bitcoinj.utils.BtcFormatTest" time="0.001"/>
  <testcase name="patternDecimalPlaces[23]" classname="org.bitcoinj.utils.BtcFormatTest" time="0"/>
  <testcase name="factoryArgumentsTest[24]" classname="org.bitcoinj.utils.BtcFormatTest" time="0.001"/>
  <testcase name="parseTest[24]" classname="org.bitcoinj.utils.BtcFormatTest" time="0.004"/>
  <testcase name="microcoinScaleTest[24]" classname="org.bitcoinj.utils.BtcFormatTest" time="0"/>
  <testcase name="parseMetricTest[24]" classname="org.bitcoinj.utils.BtcFormatTest" time="0.002"/>
  <testcase name="coinScaleTest[24]" classname="org.bitcoinj.utils.BtcFormatTest" time="0"/>
  <testcase name="builderTest[24]" classname="org.bitcoinj.utils.BtcFormatTest" time="0.003"/>
  <testcase name="attributeTest[24]" classname="org.bitcoinj.utils.BtcFormatTest" time="0"/>
  <testcase name="prefixTest[24]" classname="org.bitcoinj.utils.BtcFormatTest" time="0.001"/>
  <testcase name="suffixTest[24]" classname="org.bitcoinj.utils.BtcFormatTest" time="0"/>
  <testcase name="autoDecimalTest[24]" classname="org.bitcoinj.utils.BtcFormatTest" time="0.002"/>
  <testcase name="symbolCollisionTest[24]" classname="org.bitcoinj.utils.BtcFormatTest" time="0.001"/>
  <testcase name="equalityTest[24]" classname="org.bitcoinj.utils.BtcFormatTest" time="0.004"/>
  <testcase name="columnAlignmentTest[24]" classname="org.bitcoinj.utils.BtcFormatTest" time="0"/>
  <testcase name="factoryTest[24]" classname="org.bitcoinj.utils.BtcFormatTest" time="0"/>
  <testcase name="parse[24]" classname="org.bitcoinj.utils.BtcFormatTest" time="0"/>
  <testcase name="btcRounding[24]" classname="org.bitcoinj.utils.BtcFormatTest" time="0.002"/>
  <testcase name="negativeTest[24]" classname="org.bitcoinj.utils.BtcFormatTest" time="0.004"/>
  <testcase name="millicoinScaleTest[24]" classname="org.bitcoinj.utils.BtcFormatTest" time="0"/>
  <testcase name="toStringTest[24]" classname="org.bitcoinj.utils.BtcFormatTest" time="0"/>
  <testcase name="testGrouping[24]" classname="org.bitcoinj.utils.BtcFormatTest" time="0"/>
  <testcase name="symbolsCodesTest[24]" classname="org.bitcoinj.utils.BtcFormatTest" time="0"/>
  <testcase name="defaultLocaleTest[24]" classname="org.bitcoinj.utils.BtcFormatTest" time="0"/>
  <testcase name="parsePositionTest[24]" classname="org.bitcoinj.utils.BtcFormatTest" time="0"/>
  <testcase name="argumentTypeTest[24]" classname="org.bitcoinj.utils.BtcFormatTest" time="0.001"/>
  <testcase name="characterIteratorTest[24]" classname="org.bitcoinj.utils.BtcFormatTest" time="0.001"/>
  <testcase name="repeatingPlaceTest[24]" classname="org.bitcoinj.utils.BtcFormatTest" time="0"/>
  <testcase name="currencyCodeTest[24]" classname="org.bitcoinj.utils.BtcFormatTest" time="0"/>
  <testcase name="patternDecimalPlaces[24]" classname="org.bitcoinj.utils.BtcFormatTest" time="0.001"/>
  <testcase name="factoryArgumentsTest[25]" classname="org.bitcoinj.utils.BtcFormatTest" time="0.001"/>
  <testcase name="parseTest[25]" classname="org.bitcoinj.utils.BtcFormatTest" time="0.004"/>
  <testcase name="microcoinScaleTest[25]" classname="org.bitcoinj.utils.BtcFormatTest" time="0"/>
  <testcase name="parseMetricTest[25]" classname="org.bitcoinj.utils.BtcFormatTest" time="0.002"/>
  <testcase name="coinScaleTest[25]" classname="org.bitcoinj.utils.BtcFormatTest" time="0"/>
  <testcase name="builderTest[25]" classname="org.bitcoinj.utils.BtcFormatTest" time="0.003"/>
  <testcase name="attributeTest[25]" classname="org.bitcoinj.utils.BtcFormatTest" time="0"/>
  <testcase name="prefixTest[25]" classname="org.bitcoinj.utils.BtcFormatTest" time="0.001"/>
  <testcase name="suffixTest[25]" classname="org.bitcoinj.utils.BtcFormatTest" time="0"/>
  <testcase name="autoDecimalTest[25]" classname="org.bitcoinj.utils.BtcFormatTest" time="0.002"/>
  <testcase name="symbolCollisionTest[25]" classname="org.bitcoinj.utils.BtcFormatTest" time="0.001"/>
  <testcase name="equalityTest[25]" classname="org.bitcoinj.utils.BtcFormatTest" time="0.003"/>
  <testcase name="columnAlignmentTest[25]" classname="org.bitcoinj.utils.BtcFormatTest" time="0.001"/>
  <testcase name="factoryTest[25]" classname="org.bitcoinj.utils.BtcFormatTest" time="0"/>
  <testcase name="parse[25]" classname="org.bitcoinj.utils.BtcFormatTest" time="0"/>
  <testcase name="btcRounding[25]" classname="org.bitcoinj.utils.BtcFormatTest" time="0.002"/>
  <testcase name="negativeTest[25]" classname="org.bitcoinj.utils.BtcFormatTest" time="0.001"/>
  <testcase name="millicoinScaleTest[25]" classname="org.bitcoinj.utils.BtcFormatTest" time="0"/>
  <testcase name="toStringTest[25]" classname="org.bitcoinj.utils.BtcFormatTest" time="0.001"/>
  <testcase name="testGrouping[25]" classname="org.bitcoinj.utils.BtcFormatTest" time="0.001"/>
  <testcase name="symbolsCodesTest[25]" classname="org.bitcoinj.utils.BtcFormatTest" time="0.001"/>
  <testcase name="defaultLocaleTest[25]" classname="org.bitcoinj.utils.BtcFormatTest" time="0"/>
  <testcase name="parsePositionTest[25]" classname="org.bitcoinj.utils.BtcFormatTest" time="0"/>
  <testcase name="argumentTypeTest[25]" classname="org.bitcoinj.utils.BtcFormatTest" time="0.003"/>
  <testcase name="characterIteratorTest[25]" classname="org.bitcoinj.utils.BtcFormatTest" time="0"/>
  <testcase name="repeatingPlaceTest[25]" classname="org.bitcoinj.utils.BtcFormatTest" time="0"/>
  <testcase name="currencyCodeTest[25]" classname="org.bitcoinj.utils.BtcFormatTest" time="0"/>
  <testcase name="patternDecimalPlaces[25]" classname="org.bitcoinj.utils.BtcFormatTest" time="0"/>
  <testcase name="factoryArgumentsTest[26]" classname="org.bitcoinj.utils.BtcFormatTest" time="0.002"/>
  <testcase name="parseTest[26]" classname="org.bitcoinj.utils.BtcFormatTest" time="0.003"/>
  <testcase name="microcoinScaleTest[26]" classname="org.bitcoinj.utils.BtcFormatTest" time="0"/>
  <testcase name="parseMetricTest[26]" classname="org.bitcoinj.utils.BtcFormatTest" time="0.002"/>
  <testcase name="coinScaleTest[26]" classname="org.bitcoinj.utils.BtcFormatTest" time="0"/>
  <testcase name="builderTest[26]" classname="org.bitcoinj.utils.BtcFormatTest" time="0.003"/>
  <testcase name="attributeTest[26]" classname="org.bitcoinj.utils.BtcFormatTest" time="0.001"/>
  <testcase name="prefixTest[26]" classname="org.bitcoinj.utils.BtcFormatTest" time="0"/>
  <testcase name="suffixTest[26]" classname="org.bitcoinj.utils.BtcFormatTest" time="0.001"/>
  <testcase name="autoDecimalTest[26]" classname="org.bitcoinj.utils.BtcFormatTest" time="0.001"/>
  <testcase name="symbolCollisionTest[26]" classname="org.bitcoinj.utils.BtcFormatTest" time="0.002"/>
  <testcase name="equalityTest[26]" classname="org.bitcoinj.utils.BtcFormatTest" time="0.003"/>
  <testcase name="columnAlignmentTest[26]" classname="org.bitcoinj.utils.BtcFormatTest" time="0"/>
  <testcase name="factoryTest[26]" classname="org.bitcoinj.utils.BtcFormatTest" time="0"/>
  <testcase name="parse[26]" classname="org.bitcoinj.utils.BtcFormatTest" time="0.001"/>
  <testcase name="btcRounding[26]" classname="org.bitcoinj.utils.BtcFormatTest" time="0.002"/>
  <testcase name="negativeTest[26]" classname="org.bitcoinj.utils.BtcFormatTest" time="0"/>
  <testcase name="millicoinScaleTest[26]" classname="org.bitcoinj.utils.BtcFormatTest" time="0"/>
  <testcase name="toStringTest[26]" classname="org.bitcoinj.utils.BtcFormatTest" time="0.001"/>
  <testcase name="testGrouping[26]" classname="org.bitcoinj.utils.BtcFormatTest" time="0"/>
  <testcase name="symbolsCodesTest[26]" classname="org.bitcoinj.utils.BtcFormatTest" time="0.001"/>
  <testcase name="defaultLocaleTest[26]" classname="org.bitcoinj.utils.BtcFormatTest" time="0"/>
  <testcase name="parsePositionTest[26]" classname="org.bitcoinj.utils.BtcFormatTest" time="0"/>
  <testcase name="argumentTypeTest[26]" classname="org.bitcoinj.utils.BtcFormatTest" time="0.001"/>
  <testcase name="characterIteratorTest[26]" classname="org.bitcoinj.utils.BtcFormatTest" time="0.001"/>
  <testcase name="repeatingPlaceTest[26]" classname="org.bitcoinj.utils.BtcFormatTest" time="0"/>
  <testcase name="currencyCodeTest[26]" classname="org.bitcoinj.utils.BtcFormatTest" time="0.001"/>
  <testcase name="patternDecimalPlaces[26]" classname="org.bitcoinj.utils.BtcFormatTest" time="0"/>
  <testcase name="factoryArgumentsTest[27]" classname="org.bitcoinj.utils.BtcFormatTest" time="0.001"/>
  <testcase name="parseTest[27]" classname="org.bitcoinj.utils.BtcFormatTest" time="0.004"/>
  <testcase name="microcoinScaleTest[27]" classname="org.bitcoinj.utils.BtcFormatTest" time="0"/>
  <testcase name="parseMetricTest[27]" classname="org.bitcoinj.utils.BtcFormatTest" time="0.002"/>
  <testcase name="coinScaleTest[27]" classname="org.bitcoinj.utils.BtcFormatTest" time="0"/>
  <testcase name="builderTest[27]" classname="org.bitcoinj.utils.BtcFormatTest" time="0.003"/>
  <testcase name="attributeTest[27]" classname="org.bitcoinj.utils.BtcFormatTest" time="0"/>
  <testcase name="prefixTest[27]" classname="org.bitcoinj.utils.BtcFormatTest" time="0"/>
  <testcase name="suffixTest[27]" classname="org.bitcoinj.utils.BtcFormatTest" time="0.001"/>
  <testcase name="autoDecimalTest[27]" classname="org.bitcoinj.utils.BtcFormatTest" time="0.001"/>
  <testcase name="symbolCollisionTest[27]" classname="org.bitcoinj.utils.BtcFormatTest" time="0.002"/>
  <testcase name="equalityTest[27]" classname="org.bitcoinj.utils.BtcFormatTest" time="0.002"/>
  <testcase name="columnAlignmentTest[27]" classname="org.bitcoinj.utils.BtcFormatTest" time="0.001"/>
  <testcase name="factoryTest[27]" classname="org.bitcoinj.utils.BtcFormatTest" time="0"/>
  <testcase name="parse[27]" classname="org.bitcoinj.utils.BtcFormatTest" time="0.001"/>
  <testcase name="btcRounding[27]" classname="org.bitcoinj.utils.BtcFormatTest" time="0.001"/>
  <testcase name="negativeTest[27]" classname="org.bitcoinj.utils.BtcFormatTest" time="0.001"/>
  <testcase name="millicoinScaleTest[27]" classname="org.bitcoinj.utils.BtcFormatTest" time="0"/>
  <testcase name="toStringTest[27]" classname="org.bitcoinj.utils.BtcFormatTest" time="0.001"/>
  <testcase name="testGrouping[27]" classname="org.bitcoinj.utils.BtcFormatTest" time="0.001"/>
  <testcase name="symbolsCodesTest[27]" classname="org.bitcoinj.utils.BtcFormatTest" time="0"/>
  <testcase name="defaultLocaleTest[27]" classname="org.bitcoinj.utils.BtcFormatTest" time="0.001"/>
  <testcase name="parsePositionTest[27]" classname="org.bitcoinj.utils.BtcFormatTest" time="0"/>
  <testcase name="argumentTypeTest[27]" classname="org.bitcoinj.utils.BtcFormatTest" time="0.001"/>
  <testcase name="characterIteratorTest[27]" classname="org.bitcoinj.utils.BtcFormatTest" time="0.002"/>
  <testcase name="repeatingPlaceTest[27]" classname="org.bitcoinj.utils.BtcFormatTest" time="0"/>
  <testcase name="currencyCodeTest[27]" classname="org.bitcoinj.utils.BtcFormatTest" time="0"/>
  <testcase name="patternDecimalPlaces[27]" classname="org.bitcoinj.utils.BtcFormatTest" time="0"/>
  <testcase name="factoryArgumentsTest[28]" classname="org.bitcoinj.utils.BtcFormatTest" time="0.001"/>
  <testcase name="parseTest[28]" classname="org.bitcoinj.utils.BtcFormatTest" time="0.007"/>
  <testcase name="microcoinScaleTest[28]" classname="org.bitcoinj.utils.BtcFormatTest" time="0"/>
  <testcase name="parseMetricTest[28]" classname="org.bitcoinj.utils.BtcFormatTest" time="0"/>
  <testcase name="coinScaleTest[28]" classname="org.bitcoinj.utils.BtcFormatTest" time="0"/>
  <testcase name="builderTest[28]" classname="org.bitcoinj.utils.BtcFormatTest" time="0.003"/>
  <testcase name="attributeTest[28]" classname="org.bitcoinj.utils.BtcFormatTest" time="0"/>
  <testcase name="prefixTest[28]" classname="org.bitcoinj.utils.BtcFormatTest" time="0"/>
  <testcase name="suffixTest[28]" classname="org.bitcoinj.utils.BtcFormatTest" time="0.001"/>
  <testcase name="autoDecimalTest[28]" classname="org.bitcoinj.utils.BtcFormatTest" time="0.001"/>
  <testcase name="symbolCollisionTest[28]" classname="org.bitcoinj.utils.BtcFormatTest" time="0.001"/>
  <testcase name="equalityTest[28]" classname="org.bitcoinj.utils.BtcFormatTest" time="0.003"/>
  <testcase name="columnAlignmentTest[28]" classname="org.bitcoinj.utils.BtcFormatTest" time="0"/>
  <testcase name="factoryTest[28]" classname="org.bitcoinj.utils.BtcFormatTest" time="0.001"/>
  <testcase name="parse[28]" classname="org.bitcoinj.utils.BtcFormatTest" time="0"/>
  <testcase name="btcRounding[28]" classname="org.bitcoinj.utils.BtcFormatTest" time="0.002"/>
  <testcase name="negativeTest[28]" classname="org.bitcoinj.utils.BtcFormatTest" time="0.001"/>
  <testcase name="millicoinScaleTest[28]" classname="org.bitcoinj.utils.BtcFormatTest" time="0"/>
  <testcase name="toStringTest[28]" classname="org.bitcoinj.utils.BtcFormatTest" time="0.001"/>
  <testcase name="testGrouping[28]" classname="org.bitcoinj.utils.BtcFormatTest" time="0"/>
  <testcase name="symbolsCodesTest[28]" classname="org.bitcoinj.utils.BtcFormatTest" time="0.001"/>
  <testcase name="defaultLocaleTest[28]" classname="org.bitcoinj.utils.BtcFormatTest" time="0"/>
  <testcase name="parsePositionTest[28]" classname="org.bitcoinj.utils.BtcFormatTest" time="0.001"/>
  <testcase name="argumentTypeTest[28]" classname="org.bitcoinj.utils.BtcFormatTest" time="0.001"/>
  <testcase name="characterIteratorTest[28]" classname="org.bitcoinj.utils.BtcFormatTest" time="0"/>
  <testcase name="repeatingPlaceTest[28]" classname="org.bitcoinj.utils.BtcFormatTest" time="0.001"/>
  <testcase name="currencyCodeTest[28]" classname="org.bitcoinj.utils.BtcFormatTest" time="0"/>
  <testcase name="patternDecimalPlaces[28]" classname="org.bitcoinj.utils.BtcFormatTest" time="0"/>
  <testcase name="factoryArgumentsTest[29]" classname="org.bitcoinj.utils.BtcFormatTest" time="0.002"/>
  <testcase name="parseTest[29]" classname="org.bitcoinj.utils.BtcFormatTest" time="0.003"/>
  <testcase name="microcoinScaleTest[29]" classname="org.bitcoinj.utils.BtcFormatTest" time="0"/>
  <testcase name="parseMetricTest[29]" classname="org.bitcoinj.utils.BtcFormatTest" time="0.002"/>
  <testcase name="coinScaleTest[29]" classname="org.bitcoinj.utils.BtcFormatTest" time="0"/>
  <testcase name="builderTest[29]" classname="org.bitcoinj.utils.BtcFormatTest" time="0.003"/>
  <testcase name="attributeTest[29]" classname="org.bitcoinj.utils.BtcFormatTest" time="0"/>
  <testcase name="prefixTest[29]" classname="org.bitcoinj.utils.BtcFormatTest" time="0"/>
  <testcase name="suffixTest[29]" classname="org.bitcoinj.utils.BtcFormatTest" time="0.001"/>
  <testcase name="autoDecimalTest[29]" classname="org.bitcoinj.utils.BtcFormatTest" time="0.001"/>
  <testcase name="symbolCollisionTest[29]" classname="org.bitcoinj.utils.BtcFormatTest" time="0.002"/>
  <testcase name="equalityTest[29]" classname="org.bitcoinj.utils.BtcFormatTest" time="0.002"/>
  <testcase name="columnAlignmentTest[29]" classname="org.bitcoinj.utils.BtcFormatTest" time="0.001"/>
  <testcase name="factoryTest[29]" classname="org.bitcoinj.utils.BtcFormatTest" time="0"/>
  <testcase name="parse[29]" classname="org.bitcoinj.utils.BtcFormatTest" time="0"/>
  <testcase name="btcRounding[29]" classname="org.bitcoinj.utils.BtcFormatTest" time="0.003"/>
  <testcase name="negativeTest[29]" classname="org.bitcoinj.utils.BtcFormatTest" time="0"/>
  <testcase name="millicoinScaleTest[29]" classname="org.bitcoinj.utils.BtcFormatTest" time="0"/>
  <testcase name="toStringTest[29]" classname="org.bitcoinj.utils.BtcFormatTest" time="0.002"/>
  <testcase name="testGrouping[29]" classname="org.bitcoinj.utils.BtcFormatTest" time="0"/>
  <testcase name="symbolsCodesTest[29]" classname="org.bitcoinj.utils.BtcFormatTest" time="0.001"/>
  <testcase name="defaultLocaleTest[29]" classname="org.bitcoinj.utils.BtcFormatTest" time="0"/>
  <testcase name="parsePositionTest[29]" classname="org.bitcoinj.utils.BtcFormatTest" time="0.001"/>
  <testcase name="argumentTypeTest[29]" classname="org.bitcoinj.utils.BtcFormatTest" time="0"/>
  <testcase name="characterIteratorTest[29]" classname="org.bitcoinj.utils.BtcFormatTest" time="0"/>
  <testcase name="repeatingPlaceTest[29]" classname="org.bitcoinj.utils.BtcFormatTest" time="0.001"/>
  <testcase name="currencyCodeTest[29]" classname="org.bitcoinj.utils.BtcFormatTest" time="0"/>
  <testcase name="patternDecimalPlaces[29]" classname="org.bitcoinj.utils.BtcFormatTest" time="0"/>
  <testcase name="factoryArgumentsTest[30]" classname="org.bitcoinj.utils.BtcFormatTest" time="0.002"/>
  <testcase name="parseTest[30]" classname="org.bitcoinj.utils.BtcFormatTest" time="0.003"/>
  <testcase name="microcoinScaleTest[30]" classname="org.bitcoinj.utils.BtcFormatTest" time="0"/>
  <testcase name="parseMetricTest[30]" classname="org.bitcoinj.utils.BtcFormatTest" time="0.002"/>
  <testcase name="coinScaleTest[30]" classname="org.bitcoinj.utils.BtcFormatTest" time="0"/>
  <testcase name="builderTest[30]" classname="org.bitcoinj.utils.BtcFormatTest" time="0.003"/>
  <testcase name="attributeTest[30]" classname="org.bitcoinj.utils.BtcFormatTest" time="0"/>
  <testcase name="prefixTest[30]" classname="org.bitcoinj.utils.BtcFormatTest" time="0"/>
  <testcase name="suffixTest[30]" classname="org.bitcoinj.utils.BtcFormatTest" time="0"/>
  <testcase name="autoDecimalTest[30]" classname="org.bitcoinj.utils.BtcFormatTest" time="0.002"/>
  <testcase name="symbolCollisionTest[30]" classname="org.bitcoinj.utils.BtcFormatTest" time="0.001"/>
  <testcase name="equalityTest[30]" classname="org.bitcoinj.utils.BtcFormatTest" time="0.003"/>
  <testcase name="columnAlignmentTest[30]" classname="org.bitcoinj.utils.BtcFormatTest" time="0"/>
  <testcase name="factoryTest[30]" classname="org.bitcoinj.utils.BtcFormatTest" time="0.001"/>
  <testcase name="parse[30]" classname="org.bitcoinj.utils.BtcFormatTest" time="0"/>
  <testcase name="btcRounding[30]" classname="org.bitcoinj.utils.BtcFormatTest" time="0.002"/>
  <testcase name="negativeTest[30]" classname="org.bitcoinj.utils.BtcFormatTest" time="0"/>
  <testcase name="millicoinScaleTest[30]" classname="org.bitcoinj.utils.BtcFormatTest" time="0.001"/>
  <testcase name="toStringTest[30]" classname="org.bitcoinj.utils.BtcFormatTest" time="0.001"/>
  <testcase name="testGrouping[30]" classname="org.bitcoinj.utils.BtcFormatTest" time="0"/>
  <testcase name="symbolsCodesTest[30]" classname="org.bitcoinj.utils.BtcFormatTest" time="0.001"/>
  <testcase name="defaultLocaleTest[30]" classname="org.bitcoinj.utils.BtcFormatTest" time="0"/>
  <testcase name="parsePositionTest[30]" classname="org.bitcoinj.utils.BtcFormatTest" time="0"/>
  <testcase name="argumentTypeTest[30]" classname="org.bitcoinj.utils.BtcFormatTest" time="0.001"/>
  <testcase name="characterIteratorTest[30]" classname="org.bitcoinj.utils.BtcFormatTest" time="0.001"/>
  <testcase name="repeatingPlaceTest[30]" classname="org.bitcoinj.utils.BtcFormatTest" time="0"/>
  <testcase name="currencyCodeTest[30]" classname="org.bitcoinj.utils.BtcFormatTest" time="0.001"/>
  <testcase name="patternDecimalPlaces[30]" classname="org.bitcoinj.utils.BtcFormatTest" time="0"/>
  <testcase name="factoryArgumentsTest[31]" classname="org.bitcoinj.utils.BtcFormatTest" time="0.001"/>
  <testcase name="parseTest[31]" classname="org.bitcoinj.utils.BtcFormatTest" time="0.004"/>
  <testcase name="microcoinScaleTest[31]" classname="org.bitcoinj.utils.BtcFormatTest" time="0"/>
  <testcase name="parseMetricTest[31]" classname="org.bitcoinj.utils.BtcFormatTest" time="0.002"/>
  <testcase name="coinScaleTest[31]" classname="org.bitcoinj.utils.BtcFormatTest" time="0"/>
  <testcase name="builderTest[31]" classname="org.bitcoinj.utils.BtcFormatTest" time="0.002"/>
  <testcase name="attributeTest[31]" classname="org.bitcoinj.utils.BtcFormatTest" time="0"/>
  <testcase name="prefixTest[31]" classname="org.bitcoinj.utils.BtcFormatTest" time="0"/>
  <testcase name="suffixTest[31]" classname="org.bitcoinj.utils.BtcFormatTest" time="0.001"/>
  <testcase name="autoDecimalTest[31]" classname="org.bitcoinj.utils.BtcFormatTest" time="0.001"/>
  <testcase name="symbolCollisionTest[31]" classname="org.bitcoinj.utils.BtcFormatTest" time="0.001"/>
  <testcase name="equalityTest[31]" classname="org.bitcoinj.utils.BtcFormatTest" time="0.003"/>
  <testcase name="columnAlignmentTest[31]" classname="org.bitcoinj.utils.BtcFormatTest" time="0"/>
  <testcase name="factoryTest[31]" classname="org.bitcoinj.utils.BtcFormatTest" time="0.001"/>
  <testcase name="parse[31]" classname="org.bitcoinj.utils.BtcFormatTest" time="0"/>
  <testcase name="btcRounding[31]" classname="org.bitcoinj.utils.BtcFormatTest" time="0.002"/>
  <testcase name="negativeTest[31]" classname="org.bitcoinj.utils.BtcFormatTest" time="0.001"/>
  <testcase name="millicoinScaleTest[31]" classname="org.bitcoinj.utils.BtcFormatTest" time="0"/>
  <testcase name="toStringTest[31]" classname="org.bitcoinj.utils.BtcFormatTest" time="0.002"/>
  <testcase name="testGrouping[31]" classname="org.bitcoinj.utils.BtcFormatTest" time="0"/>
  <testcase name="symbolsCodesTest[31]" classname="org.bitcoinj.utils.BtcFormatTest" time="0"/>
  <testcase name="defaultLocaleTest[31]" classname="org.bitcoinj.utils.BtcFormatTest" time="0"/>
  <testcase name="parsePositionTest[31]" classname="org.bitcoinj.utils.BtcFormatTest" time="0.001"/>
  <testcase name="argumentTypeTest[31]" classname="org.bitcoinj.utils.BtcFormatTest" time="0"/>
  <testcase name="characterIteratorTest[31]" classname="org.bitcoinj.utils.BtcFormatTest" time="0.002"/>
  <testcase name="repeatingPlaceTest[31]" classname="org.bitcoinj.utils.BtcFormatTest" time="0"/>
  <testcase name="currencyCodeTest[31]" classname="org.bitcoinj.utils.BtcFormatTest" time="0"/>
  <testcase name="patternDecimalPlaces[31]" classname="org.bitcoinj.utils.BtcFormatTest" time="0"/>
  <testcase name="factoryArgumentsTest[32]" classname="org.bitcoinj.utils.BtcFormatTest" time="0.002"/>
  <testcase name="parseTest[32]" classname="org.bitcoinj.utils.BtcFormatTest" time="0.003"/>
  <testcase name="microcoinScaleTest[32]" classname="org.bitcoinj.utils.BtcFormatTest" time="0"/>
  <testcase name="parseMetricTest[32]" classname="org.bitcoinj.utils.BtcFormatTest" time="0.002"/>
  <testcase name="coinScaleTest[32]" classname="org.bitcoinj.utils.BtcFormatTest" time="0"/>
  <testcase name="builderTest[32]" classname="org.bitcoinj.utils.BtcFormatTest" time="0.002"/>
  <testcase name="attributeTest[32]" classname="org.bitcoinj.utils.BtcFormatTest" time="0.001"/>
  <testcase name="prefixTest[32]" classname="org.bitcoinj.utils.BtcFormatTest" time="0"/>
  <testcase name="suffixTest[32]" classname="org.bitcoinj.utils.BtcFormatTest" time="0"/>
  <testcase name="autoDecimalTest[32]" classname="org.bitcoinj.utils.BtcFormatTest" time="0.002"/>
  <testcase name="symbolCollisionTest[32]" classname="org.bitcoinj.utils.BtcFormatTest" time="0.001"/>
  <testcase name="equalityTest[32]" classname="org.bitcoinj.utils.BtcFormatTest" time="0.003"/>
  <testcase name="columnAlignmentTest[32]" classname="org.bitcoinj.utils.BtcFormatTest" time="0"/>
  <testcase name="factoryTest[32]" classname="org.bitcoinj.utils.BtcFormatTest" time="0.001"/>
  <testcase name="parse[32]" classname="org.bitcoinj.utils.BtcFormatTest" time="0"/>
  <testcase name="btcRounding[32]" classname="org.bitcoinj.utils.BtcFormatTest" time="0.002"/>
  <testcase name="negativeTest[32]" classname="org.bitcoinj.utils.BtcFormatTest" time="0"/>
  <testcase name="millicoinScaleTest[32]" classname="org.bitcoinj.utils.BtcFormatTest" time="0"/>
  <testcase name="toStringTest[32]" classname="org.bitcoinj.utils.BtcFormatTest" time="0"/>
  <testcase name="testGrouping[32]" classname="org.bitcoinj.utils.BtcFormatTest" time="0"/>
  <testcase name="symbolsCodesTest[32]" classname="org.bitcoinj.utils.BtcFormatTest" time="0.001"/>
  <testcase name="defaultLocaleTest[32]" classname="org.bitcoinj.utils.BtcFormatTest" time="0"/>
  <testcase name="parsePositionTest[32]" classname="org.bitcoinj.utils.BtcFormatTest" time="0"/>
  <testcase name="argumentTypeTest[32]" classname="org.bitcoinj.utils.BtcFormatTest" time="0.001"/>
  <testcase name="characterIteratorTest[32]" classname="org.bitcoinj.utils.BtcFormatTest" time="0.001"/>
  <testcase name="repeatingPlaceTest[32]" classname="org.bitcoinj.utils.BtcFormatTest" time="0"/>
  <testcase name="currencyCodeTest[32]" classname="org.bitcoinj.utils.BtcFormatTest" time="0"/>
  <testcase name="patternDecimalPlaces[32]" classname="org.bitcoinj.utils.BtcFormatTest" time="0.001"/>
  <testcase name="factoryArgumentsTest[33]" classname="org.bitcoinj.utils.BtcFormatTest" time="0.001"/>
  <testcase name="parseTest[33]" classname="org.bitcoinj.utils.BtcFormatTest" time="0.003"/>
  <testcase name="microcoinScaleTest[33]" classname="org.bitcoinj.utils.BtcFormatTest" time="0"/>
  <testcase name="parseMetricTest[33]" classname="org.bitcoinj.utils.BtcFormatTest" time="0.002"/>
  <testcase name="coinScaleTest[33]" classname="org.bitcoinj.utils.BtcFormatTest" time="0"/>
  <testcase name="builderTest[33]" classname="org.bitcoinj.utils.BtcFormatTest" time="0.003"/>
  <testcase name="attributeTest[33]" classname="org.bitcoinj.utils.BtcFormatTest" time="0"/>
  <testcase name="prefixTest[33]" classname="org.bitcoinj.utils.BtcFormatTest" time="0"/>
  <testcase name="suffixTest[33]" classname="org.bitcoinj.utils.BtcFormatTest" time="0.001"/>
  <testcase name="autoDecimalTest[33]" classname="org.bitcoinj.utils.BtcFormatTest" time="0.002"/>
  <testcase name="symbolCollisionTest[33]" classname="org.bitcoinj.utils.BtcFormatTest" time="0.001"/>
  <testcase name="equalityTest[33]" classname="org.bitcoinj.utils.BtcFormatTest" time="0.002"/>
  <testcase name="columnAlignmentTest[33]" classname="org.bitcoinj.utils.BtcFormatTest" time="0.001"/>
  <testcase name="factoryTest[33]" classname="org.bitcoinj.utils.BtcFormatTest" time="0"/>
  <testcase name="parse[33]" classname="org.bitcoinj.utils.BtcFormatTest" time="0"/>
  <testcase name="btcRounding[33]" classname="org.bitcoinj.utils.BtcFormatTest" time="0.002"/>
  <testcase name="negativeTest[33]" classname="org.bitcoinj.utils.BtcFormatTest" time="0"/>
  <testcase name="millicoinScaleTest[33]" classname="org.bitcoinj.utils.BtcFormatTest" time="0"/>
  <testcase name="toStringTest[33]" classname="org.bitcoinj.utils.BtcFormatTest" time="0.001"/>
  <testcase name="testGrouping[33]" classname="org.bitcoinj.utils.BtcFormatTest" time="0.001"/>
  <testcase name="symbolsCodesTest[33]" classname="org.bitcoinj.utils.BtcFormatTest" time="0"/>
  <testcase name="defaultLocaleTest[33]" classname="org.bitcoinj.utils.BtcFormatTest" time="0.001"/>
  <testcase name="parsePositionTest[33]" classname="org.bitcoinj.utils.BtcFormatTest" time="0"/>
  <testcase name="argumentTypeTest[33]" classname="org.bitcoinj.utils.BtcFormatTest" time="0.001"/>
  <testcase name="characterIteratorTest[33]" classname="org.bitcoinj.utils.BtcFormatTest" time="0.001"/>
  <testcase name="repeatingPlaceTest[33]" classname="org.bitcoinj.utils.BtcFormatTest" time="0"/>
  <testcase name="currencyCodeTest[33]" classname="org.bitcoinj.utils.BtcFormatTest" time="0.001"/>
  <testcase name="patternDecimalPlaces[33]" classname="org.bitcoinj.utils.BtcFormatTest" time="0"/>
  <testcase name="factoryArgumentsTest[34]" classname="org.bitcoinj.utils.BtcFormatTest" time="0.001"/>
  <testcase name="parseTest[34]" classname="org.bitcoinj.utils.BtcFormatTest" time="0.004"/>
  <testcase name="microcoinScaleTest[34]" classname="org.bitcoinj.utils.BtcFormatTest" time="0"/>
  <testcase name="parseMetricTest[34]" classname="org.bitcoinj.utils.BtcFormatTest" time="0.001"/>
  <testcase name="coinScaleTest[34]" classname="org.bitcoinj.utils.BtcFormatTest" time="0"/>
  <testcase name="builderTest[34]" classname="org.bitcoinj.utils.BtcFormatTest" time="0.018"/>
  <testcase name="attributeTest[34]" classname="org.bitcoinj.utils.BtcFormatTest" time="0"/>
  <testcase name="prefixTest[34]" classname="org.bitcoinj.utils.BtcFormatTest" time="0"/>
  <testcase name="suffixTest[34]" classname="org.bitcoinj.utils.BtcFormatTest" time="0"/>
  <testcase name="autoDecimalTest[34]" classname="org.bitcoinj.utils.BtcFormatTest" time="0.002"/>
  <testcase name="symbolCollisionTest[34]" classname="org.bitcoinj.utils.BtcFormatTest" time="0.001"/>
  <testcase name="equalityTest[34]" classname="org.bitcoinj.utils.BtcFormatTest" time="0.003"/>
  <testcase name="columnAlignmentTest[34]" classname="org.bitcoinj.utils.BtcFormatTest" time="0"/>
  <testcase name="factoryTest[34]" classname="org.bitcoinj.utils.BtcFormatTest" time="0.001"/>
  <testcase name="parse[34]" classname="org.bitcoinj.utils.BtcFormatTest" time="0"/>
  <testcase name="btcRounding[34]" classname="org.bitcoinj.utils.BtcFormatTest" time="0.002"/>
  <testcase name="negativeTest[34]" classname="org.bitcoinj.utils.BtcFormatTest" time="0"/>
  <testcase name="millicoinScaleTest[34]" classname="org.bitcoinj.utils.BtcFormatTest" time="0"/>
  <testcase name="toStringTest[34]" classname="org.bitcoinj.utils.BtcFormatTest" time="0.001"/>
  <testcase name="testGrouping[34]" classname="org.bitcoinj.utils.BtcFormatTest" time="0.001"/>
  <testcase name="symbolsCodesTest[34]" classname="org.bitcoinj.utils.BtcFormatTest" time="0"/>
  <testcase name="defaultLocaleTest[34]" classname="org.bitcoinj.utils.BtcFormatTest" time="0.001"/>
  <testcase name="parsePositionTest[34]" classname="org.bitcoinj.utils.BtcFormatTest" time="0"/>
  <testcase name="argumentTypeTest[34]" classname="org.bitcoinj.utils.BtcFormatTest" time="0.001"/>
  <testcase name="characterIteratorTest[34]" classname="org.bitcoinj.utils.BtcFormatTest" time="0.001"/>
  <testcase name="repeatingPlaceTest[34]" classname="org.bitcoinj.utils.BtcFormatTest" time="0"/>
  <testcase name="currencyCodeTest[34]" classname="org.bitcoinj.utils.BtcFormatTest" time="0"/>
  <testcase name="patternDecimalPlaces[34]" classname="org.bitcoinj.utils.BtcFormatTest" time="0.001"/>
  <testcase name="factoryArgumentsTest[35]" classname="org.bitcoinj.utils.BtcFormatTest" time="0.001"/>
  <testcase name="parseTest[35]" classname="org.bitcoinj.utils.BtcFormatTest" time="0.003"/>
  <testcase name="microcoinScaleTest[35]" classname="org.bitcoinj.utils.BtcFormatTest" time="0"/>
  <testcase name="parseMetricTest[35]" classname="org.bitcoinj.utils.BtcFormatTest" time="0.002"/>
  <testcase name="coinScaleTest[35]" classname="org.bitcoinj.utils.BtcFormatTest" time="0"/>
  <testcase name="builderTest[35]" classname="org.bitcoinj.utils.BtcFormatTest" time="0.003"/>
  <testcase name="attributeTest[35]" classname="org.bitcoinj.utils.BtcFormatTest" time="0"/>
  <testcase name="prefixTest[35]" classname="org.bitcoinj.utils.BtcFormatTest" time="0.001"/>
  <testcase name="suffixTest[35]" classname="org.bitcoinj.utils.BtcFormatTest" time="0"/>
  <testcase name="autoDecimalTest[35]" classname="org.bitcoinj.utils.BtcFormatTest" time="0.002"/>
  <testcase name="symbolCollisionTest[35]" classname="org.bitcoinj.utils.BtcFormatTest" time="0.001"/>
  <testcase name="equalityTest[35]" classname="org.bitcoinj.utils.BtcFormatTest" time="0.002"/>
  <testcase name="columnAlignmentTest[35]" classname="org.bitcoinj.utils.BtcFormatTest" time="0.001"/>
  <testcase name="factoryTest[35]" classname="org.bitcoinj.utils.BtcFormatTest" time="0"/>
  <testcase name="parse[35]" classname="org.bitcoinj.utils.BtcFormatTest" time="0"/>
  <testcase name="btcRounding[35]" classname="org.bitcoinj.utils.BtcFormatTest" time="0.002"/>
  <testcase name="negativeTest[35]" classname="org.bitcoinj.utils.BtcFormatTest" time="0.001"/>
  <testcase name="millicoinScaleTest[35]" classname="org.bitcoinj.utils.BtcFormatTest" time="0"/>
  <testcase name="toStringTest[35]" classname="org.bitcoinj.utils.BtcFormatTest" time="0.001"/>
  <testcase name="testGrouping[35]" classname="org.bitcoinj.utils.BtcFormatTest" time="0"/>
  <testcase name="symbolsCodesTest[35]" classname="org.bitcoinj.utils.BtcFormatTest" time="0.001"/>
  <testcase name="defaultLocaleTest[35]" classname="org.bitcoinj.utils.BtcFormatTest" time="0"/>
  <testcase name="parsePositionTest[35]" classname="org.bitcoinj.utils.BtcFormatTest" time="0"/>
  <testcase name="argumentTypeTest[35]" classname="org.bitcoinj.utils.BtcFormatTest" time="0"/>
  <testcase name="characterIteratorTest[35]" classname="org.bitcoinj.utils.BtcFormatTest" time="0.001"/>
  <testcase name="repeatingPlaceTest[35]" classname="org.bitcoinj.utils.BtcFormatTest" time="0"/>
  <testcase name="currencyCodeTest[35]" classname="org.bitcoinj.utils.BtcFormatTest" time="0.001"/>
  <testcase name="patternDecimalPlaces[35]" classname="org.bitcoinj.utils.BtcFormatTest" time="0"/>
  <testcase name="factoryArgumentsTest[36]" classname="org.bitcoinj.utils.BtcFormatTest" time="0.002"/>
  <testcase name="parseTest[36]" classname="org.bitcoinj.utils.BtcFormatTest" time="0.002"/>
  <testcase name="microcoinScaleTest[36]" classname="org.bitcoinj.utils.BtcFormatTest" time="0"/>
  <testcase name="parseMetricTest[36]" classname="org.bitcoinj.utils.BtcFormatTest" time="0.002"/>
  <testcase name="coinScaleTest[36]" classname="org.bitcoinj.utils.BtcFormatTest" time="0"/>
  <testcase name="builderTest[36]" classname="org.bitcoinj.utils.BtcFormatTest" time="0.002"/>
  <testcase name="attributeTest[36]" classname="org.bitcoinj.utils.BtcFormatTest" time="0"/>
  <testcase name="prefixTest[36]" classname="org.bitcoinj.utils.BtcFormatTest" time="0"/>
  <testcase name="suffixTest[36]" classname="org.bitcoinj.utils.BtcFormatTest" time="0"/>
  <testcase name="autoDecimalTest[36]" classname="org.bitcoinj.utils.BtcFormatTest" time="0.002"/>
  <testcase name="symbolCollisionTest[36]" classname="org.bitcoinj.utils.BtcFormatTest" time="0.001"/>
  <testcase name="equalityTest[36]" classname="org.bitcoinj.utils.BtcFormatTest" time="0.003"/>
  <testcase name="columnAlignmentTest[36]" classname="org.bitcoinj.utils.BtcFormatTest" time="0"/>
  <testcase name="factoryTest[36]" classname="org.bitcoinj.utils.BtcFormatTest" time="0.001"/>
  <testcase name="parse[36]" classname="org.bitcoinj.utils.BtcFormatTest" time="0"/>
  <testcase name="btcRounding[36]" classname="org.bitcoinj.utils.BtcFormatTest" time="0.002"/>
  <testcase name="negativeTest[36]" classname="org.bitcoinj.utils.BtcFormatTest" time="0"/>
  <testcase name="millicoinScaleTest[36]" classname="org.bitcoinj.utils.BtcFormatTest" time="0"/>
  <testcase name="toStringTest[36]" classname="org.bitcoinj.utils.BtcFormatTest" time="0.001"/>
  <testcase name="testGrouping[36]" classname="org.bitcoinj.utils.BtcFormatTest" time="0.001"/>
  <testcase name="symbolsCodesTest[36]" classname="org.bitcoinj.utils.BtcFormatTest" time="0"/>
  <testcase name="defaultLocaleTest[36]" classname="org.bitcoinj.utils.BtcFormatTest" time="0.001"/>
  <testcase name="parsePositionTest[36]" classname="org.bitcoinj.utils.BtcFormatTest" time="0"/>
  <testcase name="argumentTypeTest[36]" classname="org.bitcoinj.utils.BtcFormatTest" time="0.002"/>
  <testcase name="characterIteratorTest[36]" classname="org.bitcoinj.utils.BtcFormatTest" time="0"/>
  <testcase name="repeatingPlaceTest[36]" classname="org.bitcoinj.utils.BtcFormatTest" time="0"/>
  <testcase name="currencyCodeTest[36]" classname="org.bitcoinj.utils.BtcFormatTest" time="0"/>
  <testcase name="patternDecimalPlaces[36]" classname="org.bitcoinj.utils.BtcFormatTest" time="0"/>
  <testcase name="factoryArgumentsTest[37]" classname="org.bitcoinj.utils.BtcFormatTest" time="0.002"/>
  <testcase name="parseTest[37]" classname="org.bitcoinj.utils.BtcFormatTest" time="0.003"/>
  <testcase name="microcoinScaleTest[37]" classname="org.bitcoinj.utils.BtcFormatTest" time="0"/>
  <testcase name="parseMetricTest[37]" classname="org.bitcoinj.utils.BtcFormatTest" time="0.002"/>
  <testcase name="coinScaleTest[37]" classname="org.bitcoinj.utils.BtcFormatTest" time="0"/>
  <testcase name="builderTest[37]" classname="org.bitcoinj.utils.BtcFormatTest" time="0.003"/>
  <testcase name="attributeTest[37]" classname="org.bitcoinj.utils.BtcFormatTest" time="0"/>
  <testcase name="prefixTest[37]" classname="org.bitcoinj.utils.BtcFormatTest" time="0"/>
  <testcase name="suffixTest[37]" classname="org.bitcoinj.utils.BtcFormatTest" time="0"/>
  <testcase name="autoDecimalTest[37]" classname="org.bitcoinj.utils.BtcFormatTest" time="0.001"/>
  <testcase name="symbolCollisionTest[37]" classname="org.bitcoinj.utils.BtcFormatTest" time="0.001"/>
  <testcase name="equalityTest[37]" classname="org.bitcoinj.utils.BtcFormatTest" time="0.003"/>
  <testcase name="columnAlignmentTest[37]" classname="org.bitcoinj.utils.BtcFormatTest" time="0"/>
  <testcase name="factoryTest[37]" classname="org.bitcoinj.utils.BtcFormatTest" time="0"/>
  <testcase name="parse[37]" classname="org.bitcoinj.utils.BtcFormatTest" time="0"/>
  <testcase name="btcRounding[37]" classname="org.bitcoinj.utils.BtcFormatTest" time="0.002"/>
  <testcase name="negativeTest[37]" classname="org.bitcoinj.utils.BtcFormatTest" time="0.001"/>
  <testcase name="millicoinScaleTest[37]" classname="org.bitcoinj.utils.BtcFormatTest" time="0"/>
  <testcase name="toStringTest[37]" classname="org.bitcoinj.utils.BtcFormatTest" time="0.001"/>
  <testcase name="testGrouping[37]" classname="org.bitcoinj.utils.BtcFormatTest" time="0"/>
  <testcase name="symbolsCodesTest[37]" classname="org.bitcoinj.utils.BtcFormatTest" time="0.001"/>
  <testcase name="defaultLocaleTest[37]" classname="org.bitcoinj.utils.BtcFormatTest" time="0"/>
  <testcase name="parsePositionTest[37]" classname="org.bitcoinj.utils.BtcFormatTest" time="0"/>
  <testcase name="argumentTypeTest[37]" classname="org.bitcoinj.utils.BtcFormatTest" time="0.001"/>
  <testcase name="characterIteratorTest[37]" classname="org.bitcoinj.utils.BtcFormatTest" time="0.001"/>
  <testcase name="repeatingPlaceTest[37]" classname="org.bitcoinj.utils.BtcFormatTest" time="0"/>
  <testcase name="currencyCodeTest[37]" classname="org.bitcoinj.utils.BtcFormatTest" time="0"/>
  <testcase name="patternDecimalPlaces[37]" classname="org.bitcoinj.utils.BtcFormatTest" time="0"/>
  <testcase name="factoryArgumentsTest[38]" classname="org.bitcoinj.utils.BtcFormatTest" time="0.002"/>
  <testcase name="parseTest[38]" classname="org.bitcoinj.utils.BtcFormatTest" time="0.003"/>
  <testcase name="microcoinScaleTest[38]" classname="org.bitcoinj.utils.BtcFormatTest" time="0"/>
  <testcase name="parseMetricTest[38]" classname="org.bitcoinj.utils.BtcFormatTest" time="0.002"/>
  <testcase name="coinScaleTest[38]" classname="org.bitcoinj.utils.BtcFormatTest" time="0"/>
  <testcase name="builderTest[38]" classname="org.bitcoinj.utils.BtcFormatTest" time="0.003"/>
  <testcase name="attributeTest[38]" classname="org.bitcoinj.utils.BtcFormatTest" time="0"/>
  <testcase name="prefixTest[38]" classname="org.bitcoinj.utils.BtcFormatTest" time="0"/>
  <testcase name="suffixTest[38]" classname="org.bitcoinj.utils.BtcFormatTest" time="0.001"/>
  <testcase name="autoDecimalTest[38]" classname="org.bitcoinj.utils.BtcFormatTest" time="0.001"/>
  <testcase name="symbolCollisionTest[38]" classname="org.bitcoinj.utils.BtcFormatTest" time="0.001"/>
  <testcase name="equalityTest[38]" classname="org.bitcoinj.utils.BtcFormatTest" time="0.002"/>
  <testcase name="columnAlignmentTest[38]" classname="org.bitcoinj.utils.BtcFormatTest" time="0"/>
  <testcase name="factoryTest[38]" classname="org.bitcoinj.utils.BtcFormatTest" time="0"/>
  <testcase name="parse[38]" classname="org.bitcoinj.utils.BtcFormatTest" time="0"/>
  <testcase name="btcRounding[38]" classname="org.bitcoinj.utils.BtcFormatTest" time="0.002"/>
  <testcase name="negativeTest[38]" classname="org.bitcoinj.utils.BtcFormatTest" time="0.001"/>
  <testcase name="millicoinScaleTest[38]" classname="org.bitcoinj.utils.BtcFormatTest" time="0"/>
  <testcase name="toStringTest[38]" classname="org.bitcoinj.utils.BtcFormatTest" time="0.001"/>
  <testcase name="testGrouping[38]" classname="org.bitcoinj.utils.BtcFormatTest" time="0"/>
  <testcase name="symbolsCodesTest[38]" classname="org.bitcoinj.utils.BtcFormatTest" time="0.001"/>
  <testcase name="defaultLocaleTest[38]" classname="org.bitcoinj.utils.BtcFormatTest" time="0.001"/>
  <testcase name="parsePositionTest[38]" classname="org.bitcoinj.utils.BtcFormatTest" time="0"/>
  <testcase name="argumentTypeTest[38]" classname="org.bitcoinj.utils.BtcFormatTest" time="0.001"/>
  <testcase name="characterIteratorTest[38]" classname="org.bitcoinj.utils.BtcFormatTest" time="0.001"/>
  <testcase name="repeatingPlaceTest[38]" classname="org.bitcoinj.utils.BtcFormatTest" time="0"/>
  <testcase name="currencyCodeTest[38]" classname="org.bitcoinj.utils.BtcFormatTest" time="0.001"/>
  <testcase name="patternDecimalPlaces[38]" classname="org.bitcoinj.utils.BtcFormatTest" time="0"/>
  <testcase name="factoryArgumentsTest[39]" classname="org.bitcoinj.utils.BtcFormatTest" time="0.001"/>
  <testcase name="parseTest[39]" classname="org.bitcoinj.utils.BtcFormatTest" time="0.003"/>
  <testcase name="microcoinScaleTest[39]" classname="org.bitcoinj.utils.BtcFormatTest" time="0"/>
  <testcase name="parseMetricTest[39]" classname="org.bitcoinj.utils.BtcFormatTest" time="0.002"/>
  <testcase name="coinScaleTest[39]" classname="org.bitcoinj.utils.BtcFormatTest" time="0"/>
  <testcase name="builderTest[39]" classname="org.bitcoinj.utils.BtcFormatTest" time="0.003"/>
  <testcase name="attributeTest[39]" classname="org.bitcoinj.utils.BtcFormatTest" time="0"/>
  <testcase name="prefixTest[39]" classname="org.bitcoinj.utils.BtcFormatTest" time="0"/>
  <testcase name="suffixTest[39]" classname="org.bitcoinj.utils.BtcFormatTest" time="0.001"/>
  <testcase name="autoDecimalTest[39]" classname="org.bitcoinj.utils.BtcFormatTest" time="0.001"/>
  <testcase name="symbolCollisionTest[39]" classname="org.bitcoinj.utils.BtcFormatTest" time="0.001"/>
  <testcase name="equalityTest[39]" classname="org.bitcoinj.utils.BtcFormatTest" time="0.003"/>
  <testcase name="columnAlignmentTest[39]" classname="org.bitcoinj.utils.BtcFormatTest" time="0"/>
  <testcase name="factoryTest[39]" classname="org.bitcoinj.utils.BtcFormatTest" time="0"/>
  <testcase name="parse[39]" classname="org.bitcoinj.utils.BtcFormatTest" time="0.001"/>
  <testcase name="btcRounding[39]" classname="org.bitcoinj.utils.BtcFormatTest" time="0.001"/>
  <testcase name="negativeTest[39]" classname="org.bitcoinj.utils.BtcFormatTest" time="0.001"/>
  <testcase name="millicoinScaleTest[39]" classname="org.bitcoinj.utils.BtcFormatTest" time="0"/>
  <testcase name="toStringTest[39]" classname="org.bitcoinj.utils.BtcFormatTest" time="0.001"/>
  <testcase name="testGrouping[39]" classname="org.bitcoinj.utils.BtcFormatTest" time="0"/>
  <testcase name="symbolsCodesTest[39]" classname="org.bitcoinj.utils.BtcFormatTest" time="0.001"/>
  <testcase name="defaultLocaleTest[39]" classname="org.bitcoinj.utils.BtcFormatTest" time="0"/>
  <testcase name="parsePositionTest[39]" classname="org.bitcoinj.utils.BtcFormatTest" time="0.001"/>
  <testcase name="argumentTypeTest[39]" classname="org.bitcoinj.utils.BtcFormatTest" time="0"/>
  <testcase name="characterIteratorTest[39]" classname="org.bitcoinj.utils.BtcFormatTest" time="0.001"/>
  <testcase name="repeatingPlaceTest[39]" classname="org.bitcoinj.utils.BtcFormatTest" time="0"/>
  <testcase name="currencyCodeTest[39]" classname="org.bitcoinj.utils.BtcFormatTest" time="0.001"/>
  <testcase name="patternDecimalPlaces[39]" classname="org.bitcoinj.utils.BtcFormatTest" time="0"/>
  <testcase name="factoryArgumentsTest[40]" classname="org.bitcoinj.utils.BtcFormatTest" time="0.001"/>
  <testcase name="parseTest[40]" classname="org.bitcoinj.utils.BtcFormatTest" time="0.003"/>
  <testcase name="microcoinScaleTest[40]" classname="org.bitcoinj.utils.BtcFormatTest" time="0"/>
  <testcase name="parseMetricTest[40]" classname="org.bitcoinj.utils.BtcFormatTest" time="0.002"/>
  <testcase name="coinScaleTest[40]" classname="org.bitcoinj.utils.BtcFormatTest" time="0"/>
  <testcase name="builderTest[40]" classname="org.bitcoinj.utils.BtcFormatTest" time="0.002"/>
  <testcase name="attributeTest[40]" classname="org.bitcoinj.utils.BtcFormatTest" time="0.001"/>
  <testcase name="prefixTest[40]" classname="org.bitcoinj.utils.BtcFormatTest" time="0"/>
  <testcase name="suffixTest[40]" classname="org.bitcoinj.utils.BtcFormatTest" time="0"/>
  <testcase name="autoDecimalTest[40]" classname="org.bitcoinj.utils.BtcFormatTest" time="0.002"/>
  <testcase name="symbolCollisionTest[40]" classname="org.bitcoinj.utils.BtcFormatTest" time="0.001"/>
  <testcase name="equalityTest[40]" classname="org.bitcoinj.utils.BtcFormatTest" time="0.002"/>
  <testcase name="columnAlignmentTest[40]" classname="org.bitcoinj.utils.BtcFormatTest" time="0.001"/>
  <testcase name="factoryTest[40]" classname="org.bitcoinj.utils.BtcFormatTest" time="0"/>
  <testcase name="parse[40]" classname="org.bitcoinj.utils.BtcFormatTest" time="0"/>
  <testcase name="btcRounding[40]" classname="org.bitcoinj.utils.BtcFormatTest" time="0.002"/>
  <testcase name="negativeTest[40]" classname="org.bitcoinj.utils.BtcFormatTest" time="0.001"/>
  <testcase name="millicoinScaleTest[40]" classname="org.bitcoinj.utils.BtcFormatTest" time="0"/>
  <testcase name="toStringTest[40]" classname="org.bitcoinj.utils.BtcFormatTest" time="0.001"/>
  <testcase name="testGrouping[40]" classname="org.bitcoinj.utils.BtcFormatTest" time="0"/>
  <testcase name="symbolsCodesTest[40]" classname="org.bitcoinj.utils.BtcFormatTest" time="0.001"/>
  <testcase name="defaultLocaleTest[40]" classname="org.bitcoinj.utils.BtcFormatTest" time="0"/>
  <testcase name="parsePositionTest[40]" classname="org.bitcoinj.utils.BtcFormatTest" time="0.001"/>
  <testcase name="argumentTypeTest[40]" classname="org.bitcoinj.utils.BtcFormatTest" time="0.001"/>
  <testcase name="characterIteratorTest[40]" classname="org.bitcoinj.utils.BtcFormatTest" time="0"/>
  <testcase name="repeatingPlaceTest[40]" classname="org.bitcoinj.utils.BtcFormatTest" time="0"/>
  <testcase name="currencyCodeTest[40]" classname="org.bitcoinj.utils.BtcFormatTest" time="0.001"/>
  <testcase name="patternDecimalPlaces[40]" classname="org.bitcoinj.utils.BtcFormatTest" time="0"/>
  <testcase name="factoryArgumentsTest[41]" classname="org.bitcoinj.utils.BtcFormatTest" time="0.001"/>
  <testcase name="parseTest[41]" classname="org.bitcoinj.utils.BtcFormatTest" time="0.003"/>
  <testcase name="microcoinScaleTest[41]" classname="org.bitcoinj.utils.BtcFormatTest" time="0"/>
  <testcase name="parseMetricTest[41]" classname="org.bitcoinj.utils.BtcFormatTest" time="0.002"/>
  <testcase name="coinScaleTest[41]" classname="org.bitcoinj.utils.BtcFormatTest" time="0"/>
  <testcase name="builderTest[41]" classname="org.bitcoinj.utils.BtcFormatTest" time="0.003"/>
  <testcase name="attributeTest[41]" classname="org.bitcoinj.utils.BtcFormatTest" time="0"/>
  <testcase name="prefixTest[41]" classname="org.bitcoinj.utils.BtcFormatTest" time="0"/>
  <testcase name="suffixTest[41]" classname="org.bitcoinj.utils.BtcFormatTest" time="0.001"/>
  <testcase name="autoDecimalTest[41]" classname="org.bitcoinj.utils.BtcFormatTest" time="0.001"/>
  <testcase name="symbolCollisionTest[41]" classname="org.bitcoinj.utils.BtcFormatTest" time="0.001"/>
  <testcase name="equalityTest[41]" classname="org.bitcoinj.utils.BtcFormatTest" time="0.003"/>
  <testcase name="columnAlignmentTest[41]" classname="org.bitcoinj.utils.BtcFormatTest" time="0"/>
  <testcase name="factoryTest[41]" classname="org.bitcoinj.utils.BtcFormatTest" time="0"/>
  <testcase name="parse[41]" classname="org.bitcoinj.utils.BtcFormatTest" time="0"/>
  <testcase name="btcRounding[41]" classname="org.bitcoinj.utils.BtcFormatTest" time="0.002"/>
  <testcase name="negativeTest[41]" classname="org.bitcoinj.utils.BtcFormatTest" time="0.001"/>
  <testcase name="millicoinScaleTest[41]" classname="org.bitcoinj.utils.BtcFormatTest" time="0"/>
  <testcase name="toStringTest[41]" classname="org.bitcoinj.utils.BtcFormatTest" time="0.001"/>
  <testcase name="testGrouping[41]" classname="org.bitcoinj.utils.BtcFormatTest" time="0"/>
  <testcase name="symbolsCodesTest[41]" classname="org.bitcoinj.utils.BtcFormatTest" time="0.001"/>
  <testcase name="defaultLocaleTest[41]" classname="org.bitcoinj.utils.BtcFormatTest" time="0"/>
  <testcase name="parsePositionTest[41]" classname="org.bitcoinj.utils.BtcFormatTest" time="0.001"/>
  <testcase name="argumentTypeTest[41]" classname="org.bitcoinj.utils.BtcFormatTest" time="0.001"/>
  <testcase name="characterIteratorTest[41]" classname="org.bitcoinj.utils.BtcFormatTest" time="0"/>
  <testcase name="repeatingPlaceTest[41]" classname="org.bitcoinj.utils.BtcFormatTest" time="0.001"/>
  <testcase name="currencyCodeTest[41]" classname="org.bitcoinj.utils.BtcFormatTest" time="0"/>
  <testcase name="patternDecimalPlaces[41]" classname="org.bitcoinj.utils.BtcFormatTest" time="0"/>
  <testcase name="factoryArgumentsTest[42]" classname="org.bitcoinj.utils.BtcFormatTest" time="0.002"/>
  <testcase name="parseTest[42]" classname="org.bitcoinj.utils.BtcFormatTest" time="0.002"/>
  <testcase name="microcoinScaleTest[42]" classname="org.bitcoinj.utils.BtcFormatTest" time="0"/>
  <testcase name="parseMetricTest[42]" classname="org.bitcoinj.utils.BtcFormatTest" time="0.001"/>
  <testcase name="coinScaleTest[42]" classname="org.bitcoinj.utils.BtcFormatTest" time="0"/>
  <testcase name="builderTest[42]" classname="org.bitcoinj.utils.BtcFormatTest" time="0.003"/>
  <testcase name="attributeTest[42]" classname="org.bitcoinj.utils.BtcFormatTest" time="0"/>
  <testcase name="prefixTest[42]" classname="org.bitcoinj.utils.BtcFormatTest" time="0.001"/>
  <testcase name="suffixTest[42]" classname="org.bitcoinj.utils.BtcFormatTest" time="0"/>
  <testcase name="autoDecimalTest[42]" classname="org.bitcoinj.utils.BtcFormatTest" time="0.001"/>
  <testcase name="symbolCollisionTest[42]" classname="org.bitcoinj.utils.BtcFormatTest" time="0.001"/>
  <testcase name="equalityTest[42]" classname="org.bitcoinj.utils.BtcFormatTest" time="0.003"/>
  <testcase name="columnAlignmentTest[42]" classname="org.bitcoinj.utils.BtcFormatTest" time="0"/>
  <testcase name="factoryTest[42]" classname="org.bitcoinj.utils.BtcFormatTest" time="0.001"/>
  <testcase name="parse[42]" classname="org.bitcoinj.utils.BtcFormatTest" time="0"/>
  <testcase name="btcRounding[42]" classname="org.bitcoinj.utils.BtcFormatTest" time="0.002"/>
  <testcase name="negativeTest[42]" classname="org.bitcoinj.utils.BtcFormatTest" time="0.001"/>
  <testcase name="millicoinScaleTest[42]" classname="org.bitcoinj.utils.BtcFormatTest" time="0"/>
  <testcase name="toStringTest[42]" classname="org.bitcoinj.utils.BtcFormatTest" time="0.001"/>
  <testcase name="testGrouping[42]" classname="org.bitcoinj.utils.BtcFormatTest" time="0"/>
  <testcase name="symbolsCodesTest[42]" classname="org.bitcoinj.utils.BtcFormatTest" time="0.001"/>
  <testcase name="defaultLocaleTest[42]" classname="org.bitcoinj.utils.BtcFormatTest" time="0"/>
  <testcase name="parsePositionTest[42]" classname="org.bitcoinj.utils.BtcFormatTest" time="0"/>
  <testcase name="argumentTypeTest[42]" classname="org.bitcoinj.utils.BtcFormatTest" time="0.001"/>
  <testcase name="characterIteratorTest[42]" classname="org.bitcoinj.utils.BtcFormatTest" time="0.001"/>
  <testcase name="repeatingPlaceTest[42]" classname="org.bitcoinj.utils.BtcFormatTest" time="0"/>
  <testcase name="currencyCodeTest[42]" classname="org.bitcoinj.utils.BtcFormatTest" time="0.001"/>
  <testcase name="patternDecimalPlaces[42]" classname="org.bitcoinj.utils.BtcFormatTest" time="0"/>
  <testcase name="factoryArgumentsTest[43]" classname="org.bitcoinj.utils.BtcFormatTest" time="0.001"/>
  <testcase name="parseTest[43]" classname="org.bitcoinj.utils.BtcFormatTest" time="0.003"/>
  <testcase name="microcoinScaleTest[43]" classname="org.bitcoinj.utils.BtcFormatTest" time="0.001"/>
  <testcase name="parseMetricTest[43]" classname="org.bitcoinj.utils.BtcFormatTest" time="0.001"/>
  <testcase name="coinScaleTest[43]" classname="org.bitcoinj.utils.BtcFormatTest" time="0"/>
  <testcase name="builderTest[43]" classname="org.bitcoinj.utils.BtcFormatTest" time="0.003"/>
  <testcase name="attributeTest[43]" classname="org.bitcoinj.utils.BtcFormatTest" time="0"/>
  <testcase name="prefixTest[43]" classname="org.bitcoinj.utils.BtcFormatTest" time="0"/>
  <testcase name="suffixTest[43]" classname="org.bitcoinj.utils.BtcFormatTest" time="0"/>
  <testcase name="autoDecimalTest[43]" classname="org.bitcoinj.utils.BtcFormatTest" time="0.002"/>
  <testcase name="symbolCollisionTest[43]" classname="org.bitcoinj.utils.BtcFormatTest" time="0.001"/>
  <testcase name="equalityTest[43]" classname="org.bitcoinj.utils.BtcFormatTest" time="0.002"/>
  <testcase name="columnAlignmentTest[43]" classname="org.bitcoinj.utils.BtcFormatTest" time="0.001"/>
  <testcase name="factoryTest[43]" classname="org.bitcoinj.utils.BtcFormatTest" time="0"/>
  <testcase name="parse[43]" classname="org.bitcoinj.utils.BtcFormatTest" time="0"/>
  <testcase name="btcRounding[43]" classname="org.bitcoinj.utils.BtcFormatTest" time="0.002"/>
  <testcase name="negativeTest[43]" classname="org.bitcoinj.utils.BtcFormatTest" time="0.001"/>
  <testcase name="millicoinScaleTest[43]" classname="org.bitcoinj.utils.BtcFormatTest" time="0"/>
  <testcase name="toStringTest[43]" classname="org.bitcoinj.utils.BtcFormatTest" time="0.001"/>
  <testcase name="testGrouping[43]" classname="org.bitcoinj.utils.BtcFormatTest" time="0"/>
  <testcase name="symbolsCodesTest[43]" classname="org.bitcoinj.utils.BtcFormatTest" time="0.001"/>
  <testcase name="defaultLocaleTest[43]" classname="org.bitcoinj.utils.BtcFormatTest" time="0"/>
  <testcase name="parsePositionTest[43]" classname="org.bitcoinj.utils.BtcFormatTest" time="0.001"/>
  <testcase name="argumentTypeTest[43]" classname="org.bitcoinj.utils.BtcFormatTest" time="0"/>
  <testcase name="characterIteratorTest[43]" classname="org.bitcoinj.utils.BtcFormatTest" time="0.001"/>
  <testcase name="repeatingPlaceTest[43]" classname="org.bitcoinj.utils.BtcFormatTest" time="0"/>
  <testcase name="currencyCodeTest[43]" classname="org.bitcoinj.utils.BtcFormatTest" time="0.001"/>
  <testcase name="patternDecimalPlaces[43]" classname="org.bitcoinj.utils.BtcFormatTest" time="0"/>
  <testcase name="factoryArgumentsTest[44]" classname="org.bitcoinj.utils.BtcFormatTest" time="0.001"/>
  <testcase name="parseTest[44]" classname="org.bitcoinj.utils.BtcFormatTest" time="0.003"/>
  <testcase name="microcoinScaleTest[44]" classname="org.bitcoinj.utils.BtcFormatTest" time="0"/>
  <testcase name="parseMetricTest[44]" classname="org.bitcoinj.utils.BtcFormatTest" time="0.002"/>
  <testcase name="coinScaleTest[44]" classname="org.bitcoinj.utils.BtcFormatTest" time="0"/>
  <testcase name="builderTest[44]" classname="org.bitcoinj.utils.BtcFormatTest" time="0.003"/>
  <testcase name="attributeTest[44]" classname="org.bitcoinj.utils.BtcFormatTest" time="0"/>
  <testcase name="prefixTest[44]" classname="org.bitcoinj.utils.BtcFormatTest" time="0"/>
  <testcase name="suffixTest[44]" classname="org.bitcoinj.utils.BtcFormatTest" time="0"/>
  <testcase name="autoDecimalTest[44]" classname="org.bitcoinj.utils.BtcFormatTest" time="0.002"/>
  <testcase name="symbolCollisionTest[44]" classname="org.bitcoinj.utils.BtcFormatTest" time="0.001"/>
  <testcase name="equalityTest[44]" classname="org.bitcoinj.utils.BtcFormatTest" time="0.003"/>
  <testcase name="columnAlignmentTest[44]" classname="org.bitcoinj.utils.BtcFormatTest" time="0"/>
  <testcase name="factoryTest[44]" classname="org.bitcoinj.utils.BtcFormatTest" time="0.001"/>
  <testcase name="parse[44]" classname="org.bitcoinj.utils.BtcFormatTest" time="0"/>
  <testcase name="btcRounding[44]" classname="org.bitcoinj.utils.BtcFormatTest" time="0.001"/>
  <testcase name="negativeTest[44]" classname="org.bitcoinj.utils.BtcFormatTest" time="0"/>
  <testcase name="millicoinScaleTest[44]" classname="org.bitcoinj.utils.BtcFormatTest" time="0"/>
  <testcase name="toStringTest[44]" classname="org.bitcoinj.utils.BtcFormatTest" time="0.001"/>
  <testcase name="testGrouping[44]" classname="org.bitcoinj.utils.BtcFormatTest" time="0"/>
  <testcase name="symbolsCodesTest[44]" classname="org.bitcoinj.utils.BtcFormatTest" time="0.001"/>
  <testcase name="defaultLocaleTest[44]" classname="org.bitcoinj.utils.BtcFormatTest" time="0"/>
  <testcase name="parsePositionTest[44]" classname="org.bitcoinj.utils.BtcFormatTest" time="0.001"/>
  <testcase name="argumentTypeTest[44]" classname="org.bitcoinj.utils.BtcFormatTest" time="0"/>
  <testcase name="characterIteratorTest[44]" classname="org.bitcoinj.utils.BtcFormatTest" time="0.001"/>
  <testcase name="repeatingPlaceTest[44]" classname="org.bitcoinj.utils.BtcFormatTest" time="0"/>
  <testcase name="currencyCodeTest[44]" classname="org.bitcoinj.utils.BtcFormatTest" time="0"/>
  <testcase name="patternDecimalPlaces[44]" classname="org.bitcoinj.utils.BtcFormatTest" time="0"/>
  <testcase name="factoryArgumentsTest[45]" classname="org.bitcoinj.utils.BtcFormatTest" time="0.001"/>
  <testcase name="parseTest[45]" classname="org.bitcoinj.utils.BtcFormatTest" time="0.003"/>
  <testcase name="microcoinScaleTest[45]" classname="org.bitcoinj.utils.BtcFormatTest" time="0.003"/>
  <testcase name="parseMetricTest[45]" classname="org.bitcoinj.utils.BtcFormatTest" time="0"/>
  <testcase name="coinScaleTest[45]" classname="org.bitcoinj.utils.BtcFormatTest" time="0"/>
  <testcase name="builderTest[45]" classname="org.bitcoinj.utils.BtcFormatTest" time="0.001"/>
  <testcase name="attributeTest[45]" classname="org.bitcoinj.utils.BtcFormatTest" time="0.001"/>
  <testcase name="prefixTest[45]" classname="org.bitcoinj.utils.BtcFormatTest" time="0.003"/>
  <testcase name="suffixTest[45]" classname="org.bitcoinj.utils.BtcFormatTest" time="0"/>
  <testcase name="autoDecimalTest[45]" classname="org.bitcoinj.utils.BtcFormatTest" time="0"/>
  <testcase name="symbolCollisionTest[45]" classname="org.bitcoinj.utils.BtcFormatTest" time="0"/>
  <testcase name="equalityTest[45]" classname="org.bitcoinj.utils.BtcFormatTest" time="0.002"/>
  <testcase name="columnAlignmentTest[45]" classname="org.bitcoinj.utils.BtcFormatTest" time="0"/>
  <testcase name="factoryTest[45]" classname="org.bitcoinj.utils.BtcFormatTest" time="0.001"/>
  <testcase name="parse[45]" classname="org.bitcoinj.utils.BtcFormatTest" time="0"/>
  <testcase name="btcRounding[45]" classname="org.bitcoinj.utils.BtcFormatTest" time="0.002"/>
  <testcase name="negativeTest[45]" classname="org.bitcoinj.utils.BtcFormatTest" time="0"/>
  <testcase name="millicoinScaleTest[45]" classname="org.bitcoinj.utils.BtcFormatTest" time="0"/>
  <testcase name="toStringTest[45]" classname="org.bitcoinj.utils.BtcFormatTest" time="0.002"/>
  <testcase name="testGrouping[45]" classname="org.bitcoinj.utils.BtcFormatTest" time="0"/>
  <testcase name="symbolsCodesTest[45]" classname="org.bitcoinj.utils.BtcFormatTest" time="0.001"/>
  <testcase name="defaultLocaleTest[45]" classname="org.bitcoinj.utils.BtcFormatTest" time="0"/>
  <testcase name="parsePositionTest[45]" classname="org.bitcoinj.utils.BtcFormatTest" time="0"/>
  <testcase name="argumentTypeTest[45]" classname="org.bitcoinj.utils.BtcFormatTest" time="0.001"/>
  <testcase name="characterIteratorTest[45]" classname="org.bitcoinj.utils.BtcFormatTest" time="0.001"/>
  <testcase name="repeatingPlaceTest[45]" classname="org.bitcoinj.utils.BtcFormatTest" time="0"/>
  <testcase name="currencyCodeTest[45]" classname="org.bitcoinj.utils.BtcFormatTest" time="0"/>
  <testcase name="patternDecimalPlaces[45]" classname="org.bitcoinj.utils.BtcFormatTest" time="0"/>
  <testcase name="factoryArgumentsTest[46]" classname="org.bitcoinj.utils.BtcFormatTest" time="0.002"/>
  <testcase name="parseTest[46]" classname="org.bitcoinj.utils.BtcFormatTest" time="0.002"/>
  <testcase name="microcoinScaleTest[46]" classname="org.bitcoinj.utils.BtcFormatTest" time="0.001"/>
  <testcase name="parseMetricTest[46]" classname="org.bitcoinj.utils.BtcFormatTest" time="0.001"/>
  <testcase name="coinScaleTest[46]" classname="org.bitcoinj.utils.BtcFormatTest" time="0"/>
  <testcase name="builderTest[46]" classname="org.bitcoinj.utils.BtcFormatTest" time="0.003"/>
  <testcase name="attributeTest[46]" classname="org.bitcoinj.utils.BtcFormatTest" time="0"/>
  <testcase name="prefixTest[46]" classname="org.bitcoinj.utils.BtcFormatTest" time="0"/>
  <testcase name="suffixTest[46]" classname="org.bitcoinj.utils.BtcFormatTest" time="0.001"/>
  <testcase name="autoDecimalTest[46]" classname="org.bitcoinj.utils.BtcFormatTest" time="0.001"/>
  <testcase name="symbolCollisionTest[46]" classname="org.bitcoinj.utils.BtcFormatTest" time="0.001"/>
  <testcase name="equalityTest[46]" classname="org.bitcoinj.utils.BtcFormatTest" time="0.002"/>
  <testcase name="columnAlignmentTest[46]" classname="org.bitcoinj.utils.BtcFormatTest" time="0.001"/>
  <testcase name="factoryTest[46]" classname="org.bitcoinj.utils.BtcFormatTest" time="0"/>
  <testcase name="parse[46]" classname="org.bitcoinj.utils.BtcFormatTest" time="0"/>
  <testcase name="btcRounding[46]" classname="org.bitcoinj.utils.BtcFormatTest" time="0.002"/>
  <testcase name="negativeTest[46]" classname="org.bitcoinj.utils.BtcFormatTest" time="0.001"/>
  <testcase name="millicoinScaleTest[46]" classname="org.bitcoinj.utils.BtcFormatTest" time="0"/>
  <testcase name="toStringTest[46]" classname="org.bitcoinj.utils.BtcFormatTest" time="0.001"/>
  <testcase name="testGrouping[46]" classname="org.bitcoinj.utils.BtcFormatTest" time="0"/>
  <testcase name="symbolsCodesTest[46]" classname="org.bitcoinj.utils.BtcFormatTest" time="0.001"/>
  <testcase name="defaultLocaleTest[46]" classname="org.bitcoinj.utils.BtcFormatTest" time="0"/>
  <testcase name="parsePositionTest[46]" classname="org.bitcoinj.utils.BtcFormatTest" time="0"/>
  <testcase name="argumentTypeTest[46]" classname="org.bitcoinj.utils.BtcFormatTest" time="0.001"/>
  <testcase name="characterIteratorTest[46]" classname="org.bitcoinj.utils.BtcFormatTest" time="0.001"/>
  <testcase name="repeatingPlaceTest[46]" classname="org.bitcoinj.utils.BtcFormatTest" time="0.006"/>
  <testcase name="currencyCodeTest[46]" classname="org.bitcoinj.utils.BtcFormatTest" time="0"/>
  <testcase name="patternDecimalPlaces[46]" classname="org.bitcoinj.utils.BtcFormatTest" time="0"/>
  <testcase name="factoryArgumentsTest[47]" classname="org.bitcoinj.utils.BtcFormatTest" time="0"/>
  <testcase name="parseTest[47]" classname="org.bitcoinj.utils.BtcFormatTest" time="0"/>
  <testcase name="microcoinScaleTest[47]" classname="org.bitcoinj.utils.BtcFormatTest" time="0"/>
  <testcase name="parseMetricTest[47]" classname="org.bitcoinj.utils.BtcFormatTest" time="0.001"/>
  <testcase name="coinScaleTest[47]" classname="org.bitcoinj.utils.BtcFormatTest" time="0"/>
  <testcase name="builderTest[47]" classname="org.bitcoinj.utils.BtcFormatTest" time="0.003"/>
  <testcase name="attributeTest[47]" classname="org.bitcoinj.utils.BtcFormatTest" time="0"/>
  <testcase name="prefixTest[47]" classname="org.bitcoinj.utils.BtcFormatTest" time="0"/>
  <testcase name="suffixTest[47]" classname="org.bitcoinj.utils.BtcFormatTest" time="0"/>
  <testcase name="autoDecimalTest[47]" classname="org.bitcoinj.utils.BtcFormatTest" time="0.002"/>
  <testcase name="symbolCollisionTest[47]" classname="org.bitcoinj.utils.BtcFormatTest" time="0.001"/>
  <testcase name="equalityTest[47]" classname="org.bitcoinj.utils.BtcFormatTest" time="0.002"/>
  <testcase name="columnAlignmentTest[47]" classname="org.bitcoinj.utils.BtcFormatTest" time="0.001"/>
  <testcase name="factoryTest[47]" classname="org.bitcoinj.utils.BtcFormatTest" time="0.003"/>
  <testcase name="parse[47]" classname="org.bitcoinj.utils.BtcFormatTest" time="0"/>
  <testcase name="btcRounding[47]" classname="org.bitcoinj.utils.BtcFormatTest" time="0"/>
  <testcase name="negativeTest[47]" classname="org.bitcoinj.utils.BtcFormatTest" time="0"/>
  <testcase name="millicoinScaleTest[47]" classname="org.bitcoinj.utils.BtcFormatTest" time="0"/>
  <testcase name="toStringTest[47]" classname="org.bitcoinj.utils.BtcFormatTest" time="0.001"/>
  <testcase name="testGrouping[47]" classname="org.bitcoinj.utils.BtcFormatTest" time="0"/>
  <testcase name="symbolsCodesTest[47]" classname="org.bitcoinj.utils.BtcFormatTest" time="0.001"/>
  <testcase name="defaultLocaleTest[47]" classname="org.bitcoinj.utils.BtcFormatTest" time="0"/>
  <testcase name="parsePositionTest[47]" classname="org.bitcoinj.utils.BtcFormatTest" time="0"/>
  <testcase name="argumentTypeTest[47]" classname="org.bitcoinj.utils.BtcFormatTest" time="0.001"/>
  <testcase name="characterIteratorTest[47]" classname="org.bitcoinj.utils.BtcFormatTest" time="0.001"/>
  <testcase name="repeatingPlaceTest[47]" classname="org.bitcoinj.utils.BtcFormatTest" time="0.003"/>
  <testcase name="currencyCodeTest[47]" classname="org.bitcoinj.utils.BtcFormatTest" time="0"/>
  <testcase name="patternDecimalPlaces[47]" classname="org.bitcoinj.utils.BtcFormatTest" time="0.001"/>
  <testcase name="factoryArgumentsTest[48]" classname="org.bitcoinj.utils.BtcFormatTest" time="0"/>
  <testcase name="parseTest[48]" classname="org.bitcoinj.utils.BtcFormatTest" time="0"/>
  <testcase name="microcoinScaleTest[48]" classname="org.bitcoinj.utils.BtcFormatTest" time="0.001"/>
  <testcase name="parseMetricTest[48]" classname="org.bitcoinj.utils.BtcFormatTest" time="0.001"/>
  <testcase name="coinScaleTest[48]" classname="org.bitcoinj.utils.BtcFormatTest" time="0"/>
  <testcase name="builderTest[48]" classname="org.bitcoinj.utils.BtcFormatTest" time="0.003"/>
  <testcase name="attributeTest[48]" classname="org.bitcoinj.utils.BtcFormatTest" time="0"/>
  <testcase name="prefixTest[48]" classname="org.bitcoinj.utils.BtcFormatTest" time="0"/>
  <testcase name="suffixTest[48]" classname="org.bitcoinj.utils.BtcFormatTest" time="0.001"/>
  <testcase name="autoDecimalTest[48]" classname="org.bitcoinj.utils.BtcFormatTest" time="0.001"/>
  <testcase name="symbolCollisionTest[48]" classname="org.bitcoinj.utils.BtcFormatTest" time="0.001"/>
  <testcase name="equalityTest[48]" classname="org.bitcoinj.utils.BtcFormatTest" time="0"/>
  <testcase name="columnAlignmentTest[48]" classname="org.bitcoinj.utils.BtcFormatTest" time="0.001"/>
  <testcase name="factoryTest[48]" classname="org.bitcoinj.utils.BtcFormatTest" time="0"/>
  <testcase name="parse[48]" classname="org.bitcoinj.utils.BtcFormatTest" time="0"/>
  <testcase name="btcRounding[48]" classname="org.bitcoinj.utils.BtcFormatTest" time="0.002"/>
  <testcase name="negativeTest[48]" classname="org.bitcoinj.utils.BtcFormatTest" time="0.001"/>
  <testcase name="millicoinScaleTest[48]" classname="org.bitcoinj.utils.BtcFormatTest" time="0"/>
  <testcase name="toStringTest[48]" classname="org.bitcoinj.utils.BtcFormatTest" time="0.001"/>
  <testcase name="testGrouping[48]" classname="org.bitcoinj.utils.BtcFormatTest" time="0"/>
  <testcase name="symbolsCodesTest[48]" classname="org.bitcoinj.utils.BtcFormatTest" time="0.001"/>
  <testcase name="defaultLocaleTest[48]" classname="org.bitcoinj.utils.BtcFormatTest" time="0"/>
  <testcase name="parsePositionTest[48]" classname="org.bitcoinj.utils.BtcFormatTest" time="0"/>
  <testcase name="argumentTypeTest[48]" classname="org.bitcoinj.utils.BtcFormatTest" time="0.001"/>
  <testcase name="characterIteratorTest[48]" classname="org.bitcoinj.utils.BtcFormatTest" time="0.001"/>
  <testcase name="repeatingPlaceTest[48]" classname="org.bitcoinj.utils.BtcFormatTest" time="0"/>
  <testcase name="currencyCodeTest[48]" classname="org.bitcoinj.utils.BtcFormatTest" time="0"/>
  <testcase name="patternDecimalPlaces[48]" classname="org.bitcoinj.utils.BtcFormatTest" time="0"/>
  <testcase name="factoryArgumentsTest[49]" classname="org.bitcoinj.utils.BtcFormatTest" time="0.002"/>
  <testcase name="parseTest[49]" classname="org.bitcoinj.utils.BtcFormatTest" time="0.002"/>
  <testcase name="microcoinScaleTest[49]" classname="org.bitcoinj.utils.BtcFormatTest" time="0.001"/>
  <testcase name="parseMetricTest[49]" classname="org.bitcoinj.utils.BtcFormatTest" time="0.001"/>
  <testcase name="coinScaleTest[49]" classname="org.bitcoinj.utils.BtcFormatTest" time="0"/>
  <testcase name="builderTest[49]" classname="org.bitcoinj.utils.BtcFormatTest" time="0.003"/>
  <testcase name="attributeTest[49]" classname="org.bitcoinj.utils.BtcFormatTest" time="0"/>
  <testcase name="prefixTest[49]" classname="org.bitcoinj.utils.BtcFormatTest" time="0"/>
  <testcase name="suffixTest[49]" classname="org.bitcoinj.utils.BtcFormatTest" time="0"/>
  <testcase name="autoDecimalTest[49]" classname="org.bitcoinj.utils.BtcFormatTest" time="0.002"/>
  <testcase name="symbolCollisionTest[49]" classname="org.bitcoinj.utils.BtcFormatTest" time="0.001"/>
  <testcase name="equalityTest[49]" classname="org.bitcoinj.utils.BtcFormatTest" time="0.002"/>
  <testcase name="columnAlignmentTest[49]" classname="org.bitcoinj.utils.BtcFormatTest" time="0"/>
  <testcase name="factoryTest[49]" classname="org.bitcoinj.utils.BtcFormatTest" time="0"/>
  <testcase name="parse[49]" classname="org.bitcoinj.utils.BtcFormatTest" time="0"/>
  <testcase name="btcRounding[49]" classname="org.bitcoinj.utils.BtcFormatTest" time="0.001"/>
  <testcase name="negativeTest[49]" classname="org.bitcoinj.utils.BtcFormatTest" time="0.001"/>
  <testcase name="millicoinScaleTest[49]" classname="org.bitcoinj.utils.BtcFormatTest" time="0"/>
  <testcase name="toStringTest[49]" classname="org.bitcoinj.utils.BtcFormatTest" time="0.001"/>
  <testcase name="testGrouping[49]" classname="org.bitcoinj.utils.BtcFormatTest" time="0"/>
  <testcase name="symbolsCodesTest[49]" classname="org.bitcoinj.utils.BtcFormatTest" time="0.001"/>
  <testcase name="defaultLocaleTest[49]" classname="org.bitcoinj.utils.BtcFormatTest" time="0"/>
  <testcase name="parsePositionTest[49]" classname="org.bitcoinj.utils.BtcFormatTest" time="0"/>
  <testcase name="argumentTypeTest[49]" classname="org.bitcoinj.utils.BtcFormatTest" time="0.001"/>
  <testcase name="characterIteratorTest[49]" classname="org.bitcoinj.utils.BtcFormatTest" time="0"/>
  <testcase name="repeatingPlaceTest[49]" classname="org.bitcoinj.utils.BtcFormatTest" time="0.001"/>
  <testcase name="currencyCodeTest[49]" classname="org.bitcoinj.utils.BtcFormatTest" time="0"/>
  <testcase name="patternDecimalPlaces[49]" classname="org.bitcoinj.utils.BtcFormatTest" time="0"/>
  <testcase name="factoryArgumentsTest[50]" classname="org.bitcoinj.utils.BtcFormatTest" time="0.001"/>
  <testcase name="parseTest[50]" classname="org.bitcoinj.utils.BtcFormatTest" time="0.003"/>
  <testcase name="microcoinScaleTest[50]" classname="org.bitcoinj.utils.BtcFormatTest" time="0"/>
  <testcase name="parseMetricTest[50]" classname="org.bitcoinj.utils.BtcFormatTest" time="0.002"/>
  <testcase name="coinScaleTest[50]" classname="org.bitcoinj.utils.BtcFormatTest" time="0"/>
  <testcase name="builderTest[50]" classname="org.bitcoinj.utils.BtcFormatTest" time="0.002"/>
  <testcase name="attributeTest[50]" classname="org.bitcoinj.utils.BtcFormatTest" time="0"/>
  <testcase name="prefixTest[50]" classname="org.bitcoinj.utils.BtcFormatTest" time="0.001"/>
  <testcase name="suffixTest[50]" classname="org.bitcoinj.utils.BtcFormatTest" time="0"/>
  <testcase name="autoDecimalTest[50]" classname="org.bitcoinj.utils.BtcFormatTest" time="0.001"/>
  <testcase name="symbolCollisionTest[50]" classname="org.bitcoinj.utils.BtcFormatTest" time="0.001"/>
  <testcase name="equalityTest[50]" classname="org.bitcoinj.utils.BtcFormatTest" time="0.002"/>
  <testcase name="columnAlignmentTest[50]" classname="org.bitcoinj.utils.BtcFormatTest" time="0"/>
  <testcase name="factoryTest[50]" classname="org.bitcoinj.utils.BtcFormatTest" time="0.001"/>
  <testcase name="parse[50]" classname="org.bitcoinj.utils.BtcFormatTest" time="0"/>
  <testcase name="btcRounding[50]" classname="org.bitcoinj.utils.BtcFormatTest" time="0.002"/>
  <testcase name="negativeTest[50]" classname="org.bitcoinj.utils.BtcFormatTest" time="0"/>
  <testcase name="millicoinScaleTest[50]" classname="org.bitcoinj.utils.BtcFormatTest" time="0"/>
  <testcase name="toStringTest[50]" classname="org.bitcoinj.utils.BtcFormatTest" time="0.001"/>
  <testcase name="testGrouping[50]" classname="org.bitcoinj.utils.BtcFormatTest" time="0"/>
  <testcase name="symbolsCodesTest[50]" classname="org.bitcoinj.utils.BtcFormatTest" time="0.001"/>
  <testcase name="defaultLocaleTest[50]" classname="org.bitcoinj.utils.BtcFormatTest" time="0"/>
  <testcase name="parsePositionTest[50]" classname="org.bitcoinj.utils.BtcFormatTest" time="0.001"/>
  <testcase name="argumentTypeTest[50]" classname="org.bitcoinj.utils.BtcFormatTest" time="0"/>
  <testcase name="characterIteratorTest[50]" classname="org.bitcoinj.utils.BtcFormatTest" time="0.001"/>
  <testcase name="repeatingPlaceTest[50]" classname="org.bitcoinj.utils.BtcFormatTest" time="0"/>
  <testcase name="currencyCodeTest[50]" classname="org.bitcoinj.utils.BtcFormatTest" time="0.001"/>
  <testcase name="patternDecimalPlaces[50]" classname="org.bitcoinj.utils.BtcFormatTest" time="0"/>
  <testcase name="factoryArgumentsTest[51]" classname="org.bitcoinj.utils.BtcFormatTest" time="0"/>
  <testcase name="parseTest[51]" classname="org.bitcoinj.utils.BtcFormatTest" time="0"/>
  <testcase name="microcoinScaleTest[51]" classname="org.bitcoinj.utils.BtcFormatTest" time="0"/>
  <testcase name="parseMetricTest[51]" classname="org.bitcoinj.utils.BtcFormatTest" time="0.001"/>
  <testcase name="coinScaleTest[51]" classname="org.bitcoinj.utils.BtcFormatTest" time="0.001"/>
  <testcase name="builderTest[51]" classname="org.bitcoinj.utils.BtcFormatTest" time="0.002"/>
  <testcase name="attributeTest[51]" classname="org.bitcoinj.utils.BtcFormatTest" time="0"/>
  <testcase name="prefixTest[51]" classname="org.bitcoinj.utils.BtcFormatTest" time="0.001"/>
  <testcase name="suffixTest[51]" classname="org.bitcoinj.utils.BtcFormatTest" time="0"/>
  <testcase name="autoDecimalTest[51]" classname="org.bitcoinj.utils.BtcFormatTest" time="0.001"/>
  <testcase name="symbolCollisionTest[51]" classname="org.bitcoinj.utils.BtcFormatTest" time="0.001"/>
  <testcase name="equalityTest[51]" classname="org.bitcoinj.utils.BtcFormatTest" time="0.003"/>
  <testcase name="columnAlignmentTest[51]" classname="org.bitcoinj.utils.BtcFormatTest" time="0"/>
  <testcase name="factoryTest[51]" classname="org.bitcoinj.utils.BtcFormatTest" time="0"/>
  <testcase name="parse[51]" classname="org.bitcoinj.utils.BtcFormatTest" time="0.001"/>
  <testcase name="btcRounding[51]" classname="org.bitcoinj.utils.BtcFormatTest" time="0.002"/>
  <testcase name="negativeTest[51]" classname="org.bitcoinj.utils.BtcFormatTest" time="0"/>
  <testcase name="millicoinScaleTest[51]" classname="org.bitcoinj.utils.BtcFormatTest" time="0"/>
  <testcase name="toStringTest[51]" classname="org.bitcoinj.utils.BtcFormatTest" time="0.001"/>
  <testcase name="testGrouping[51]" classname="org.bitcoinj.utils.BtcFormatTest" time="0.001"/>
  <testcase name="symbolsCodesTest[51]" classname="org.bitcoinj.utils.BtcFormatTest" time="0.003"/>
  <testcase name="defaultLocaleTest[51]" classname="org.bitcoinj.utils.BtcFormatTest" time="0"/>
  <testcase name="parsePositionTest[51]" classname="org.bitcoinj.utils.BtcFormatTest" time="0"/>
  <testcase name="argumentTypeTest[51]" classname="org.bitcoinj.utils.BtcFormatTest" time="0"/>
  <testcase name="characterIteratorTest[51]" classname="org.bitcoinj.utils.BtcFormatTest" time="0"/>
  <testcase name="repeatingPlaceTest[51]" classname="org.bitcoinj.utils.BtcFormatTest" time="0"/>
  <testcase name="currencyCodeTest[51]" classname="org.bitcoinj.utils.BtcFormatTest" time="0"/>
  <testcase name="patternDecimalPlaces[51]" classname="org.bitcoinj.utils.BtcFormatTest" time="0"/>
  <testcase name="factoryArgumentsTest[52]" classname="org.bitcoinj.utils.BtcFormatTest" time="0.002"/>
  <testcase name="parseTest[52]" classname="org.bitcoinj.utils.BtcFormatTest" time="0.003"/>
  <testcase name="microcoinScaleTest[52]" classname="org.bitcoinj.utils.BtcFormatTest" time="0"/>
  <testcase name="parseMetricTest[52]" classname="org.bitcoinj.utils.BtcFormatTest" time="0.001"/>
  <testcase name="coinScaleTest[52]" classname="org.bitcoinj.utils.BtcFormatTest" time="0"/>
  <testcase name="builderTest[52]" classname="org.bitcoinj.utils.BtcFormatTest" time="0.003"/>
  <testcase name="attributeTest[52]" classname="org.bitcoinj.utils.BtcFormatTest" time="0"/>
  <testcase name="prefixTest[52]" classname="org.bitcoinj.utils.BtcFormatTest" time="0"/>
  <testcase name="suffixTest[52]" classname="org.bitcoinj.utils.BtcFormatTest" time="0"/>
  <testcase name="autoDecimalTest[52]" classname="org.bitcoinj.utils.BtcFormatTest" time="0.001"/>
  <testcase name="symbolCollisionTest[52]" classname="org.bitcoinj.utils.BtcFormatTest" time="0.001"/>
  <testcase name="equalityTest[52]" classname="org.bitcoinj.utils.BtcFormatTest" time="0.002"/>
  <testcase name="columnAlignmentTest[52]" classname="org.bitcoinj.utils.BtcFormatTest" time="0.001"/>
  <testcase name="factoryTest[52]" classname="org.bitcoinj.utils.BtcFormatTest" time="0"/>
  <testcase name="parse[52]" classname="org.bitcoinj.utils.BtcFormatTest" time="0"/>
  <testcase name="btcRounding[52]" classname="org.bitcoinj.utils.BtcFormatTest" time="0.002"/>
  <testcase name="negativeTest[52]" classname="org.bitcoinj.utils.BtcFormatTest" time="0"/>
  <testcase name="millicoinScaleTest[52]" classname="org.bitcoinj.utils.BtcFormatTest" time="0"/>
  <testcase name="toStringTest[52]" classname="org.bitcoinj.utils.BtcFormatTest" time="0.001"/>
  <testcase name="testGrouping[52]" classname="org.bitcoinj.utils.BtcFormatTest" time="0.001"/>
  <testcase name="symbolsCodesTest[52]" classname="org.bitcoinj.utils.BtcFormatTest" time="0"/>
  <testcase name="defaultLocaleTest[52]" classname="org.bitcoinj.utils.BtcFormatTest" time="0.001"/>
  <testcase name="parsePositionTest[52]" classname="org.bitcoinj.utils.BtcFormatTest" time="0"/>
  <testcase name="argumentTypeTest[52]" classname="org.bitcoinj.utils.BtcFormatTest" time="0.001"/>
  <testcase name="characterIteratorTest[52]" classname="org.bitcoinj.utils.BtcFormatTest" time="0"/>
  <testcase name="repeatingPlaceTest[52]" classname="org.bitcoinj.utils.BtcFormatTest" time="0.001"/>
  <testcase name="currencyCodeTest[52]" classname="org.bitcoinj.utils.BtcFormatTest" time="0"/>
  <testcase name="patternDecimalPlaces[52]" classname="org.bitcoinj.utils.BtcFormatTest" time="0"/>
  <testcase name="factoryArgumentsTest[53]" classname="org.bitcoinj.utils.BtcFormatTest" time="0.001"/>
  <testcase name="parseTest[53]" classname="org.bitcoinj.utils.BtcFormatTest" time="0.003"/>
  <testcase name="microcoinScaleTest[53]" classname="org.bitcoinj.utils.BtcFormatTest" time="0"/>
  <testcase name="parseMetricTest[53]" classname="org.bitcoinj.utils.BtcFormatTest" time="0.002"/>
  <testcase name="coinScaleTest[53]" classname="org.bitcoinj.utils.BtcFormatTest" time="0"/>
  <testcase name="builderTest[53]" classname="org.bitcoinj.utils.BtcFormatTest" time="0.002"/>
  <testcase name="attributeTest[53]" classname="org.bitcoinj.utils.BtcFormatTest" time="0.001"/>
  <testcase name="prefixTest[53]" classname="org.bitcoinj.utils.BtcFormatTest" time="0"/>
  <testcase name="suffixTest[53]" classname="org.bitcoinj.utils.BtcFormatTest" time="0"/>
  <testcase name="autoDecimalTest[53]" classname="org.bitcoinj.utils.BtcFormatTest" time="0.001"/>
  <testcase name="symbolCollisionTest[53]" classname="org.bitcoinj.utils.BtcFormatTest" time="0.001"/>
  <testcase name="equalityTest[53]" classname="org.bitcoinj.utils.BtcFormatTest" time="0.003"/>
  <testcase name="columnAlignmentTest[53]" classname="org.bitcoinj.utils.BtcFormatTest" time="0"/>
  <testcase name="factoryTest[53]" classname="org.bitcoinj.utils.BtcFormatTest" time="0"/>
  <testcase name="parse[53]" classname="org.bitcoinj.utils.BtcFormatTest" time="0"/>
  <testcase name="btcRounding[53]" classname="org.bitcoinj.utils.BtcFormatTest" time="0.001"/>
  <testcase name="negativeTest[53]" classname="org.bitcoinj.utils.BtcFormatTest" time="0.001"/>
  <testcase name="millicoinScaleTest[53]" classname="org.bitcoinj.utils.BtcFormatTest" time="0"/>
  <testcase name="toStringTest[53]" classname="org.bitcoinj.utils.BtcFormatTest" time="0.001"/>
  <testcase name="testGrouping[53]" classname="org.bitcoinj.utils.BtcFormatTest" time="0"/>
  <testcase name="symbolsCodesTest[53]" classname="org.bitcoinj.utils.BtcFormatTest" time="0.001"/>
  <testcase name="defaultLocaleTest[53]" classname="org.bitcoinj.utils.BtcFormatTest" time="0"/>
  <testcase name="parsePositionTest[53]" classname="org.bitcoinj.utils.BtcFormatTest" time="0"/>
  <testcase name="argumentTypeTest[53]" classname="org.bitcoinj.utils.BtcFormatTest" time="0.001"/>
  <testcase name="characterIteratorTest[53]" classname="org.bitcoinj.utils.BtcFormatTest" time="0"/>
  <testcase name="repeatingPlaceTest[53]" classname="org.bitcoinj.utils.BtcFormatTest" time="0"/>
  <testcase name="currencyCodeTest[53]" classname="org.bitcoinj.utils.BtcFormatTest" time="0"/>
  <testcase name="patternDecimalPlaces[53]" classname="org.bitcoinj.utils.BtcFormatTest" time="0"/>
  <testcase name="factoryArgumentsTest[54]" classname="org.bitcoinj.utils.BtcFormatTest" time="0.002"/>
  <testcase name="parseTest[54]" classname="org.bitcoinj.utils.BtcFormatTest" time="0.002"/>
  <testcase name="microcoinScaleTest[54]" classname="org.bitcoinj.utils.BtcFormatTest" time="0"/>
  <testcase name="parseMetricTest[54]" classname="org.bitcoinj.utils.BtcFormatTest" time="0.002"/>
  <testcase name="coinScaleTest[54]" classname="org.bitcoinj.utils.BtcFormatTest" time="0"/>
  <testcase name="builderTest[54]" classname="org.bitcoinj.utils.BtcFormatTest" time="0.002"/>
  <testcase name="attributeTest[54]" classname="org.bitcoinj.utils.BtcFormatTest" time="0.001"/>
  <testcase name="prefixTest[54]" classname="org.bitcoinj.utils.BtcFormatTest" time="0"/>
  <testcase name="suffixTest[54]" classname="org.bitcoinj.utils.BtcFormatTest" time="0"/>
  <testcase name="autoDecimalTest[54]" classname="org.bitcoinj.utils.BtcFormatTest" time="0.001"/>
  <testcase name="symbolCollisionTest[54]" classname="org.bitcoinj.utils.BtcFormatTest" time="0.001"/>
  <testcase name="equalityTest[54]" classname="org.bitcoinj.utils.BtcFormatTest" time="0.002"/>
  <testcase name="columnAlignmentTest[54]" classname="org.bitcoinj.utils.BtcFormatTest" time="0"/>
  <testcase name="factoryTest[54]" classname="org.bitcoinj.utils.BtcFormatTest" time="0"/>
  <testcase name="parse[54]" classname="org.bitcoinj.utils.BtcFormatTest" time="0.001"/>
  <testcase name="btcRounding[54]" classname="org.bitcoinj.utils.BtcFormatTest" time="0.001"/>
  <testcase name="negativeTest[54]" classname="org.bitcoinj.utils.BtcFormatTest" time="0.001"/>
  <testcase name="millicoinScaleTest[54]" classname="org.bitcoinj.utils.BtcFormatTest" time="0"/>
  <testcase name="toStringTest[54]" classname="org.bitcoinj.utils.BtcFormatTest" time="0.001"/>
  <testcase name="testGrouping[54]" classname="org.bitcoinj.utils.BtcFormatTest" time="0"/>
  <testcase name="symbolsCodesTest[54]" classname="org.bitcoinj.utils.BtcFormatTest" time="0.001"/>
  <testcase name="defaultLocaleTest[54]" classname="org.bitcoinj.utils.BtcFormatTest" time="0"/>
  <testcase name="parsePositionTest[54]" classname="org.bitcoinj.utils.BtcFormatTest" time="0"/>
  <testcase name="argumentTypeTest[54]" classname="org.bitcoinj.utils.BtcFormatTest" time="0.002"/>
  <testcase name="characterIteratorTest[54]" classname="org.bitcoinj.utils.BtcFormatTest" time="0"/>
  <testcase name="repeatingPlaceTest[54]" classname="org.bitcoinj.utils.BtcFormatTest" time="0"/>
  <testcase name="currencyCodeTest[54]" classname="org.bitcoinj.utils.BtcFormatTest" time="0"/>
  <testcase name="patternDecimalPlaces[54]" classname="org.bitcoinj.utils.BtcFormatTest" time="0"/>
  <testcase name="factoryArgumentsTest[55]" classname="org.bitcoinj.utils.BtcFormatTest" time="0.001"/>
  <testcase name="parseTest[55]" classname="org.bitcoinj.utils.BtcFormatTest" time="0.003"/>
  <testcase name="microcoinScaleTest[55]" classname="org.bitcoinj.utils.BtcFormatTest" time="0"/>
  <testcase name="parseMetricTest[55]" classname="org.bitcoinj.utils.BtcFormatTest" time="0.002"/>
  <testcase name="coinScaleTest[55]" classname="org.bitcoinj.utils.BtcFormatTest" time="0"/>
  <testcase name="builderTest[55]" classname="org.bitcoinj.utils.BtcFormatTest" time="0.003"/>
  <testcase name="attributeTest[55]" classname="org.bitcoinj.utils.BtcFormatTest" time="0"/>
  <testcase name="prefixTest[55]" classname="org.bitcoinj.utils.BtcFormatTest" time="0"/>
  <testcase name="suffixTest[55]" classname="org.bitcoinj.utils.BtcFormatTest" time="0.001"/>
  <testcase name="autoDecimalTest[55]" classname="org.bitcoinj.utils.BtcFormatTest" time="0.001"/>
  <testcase name="symbolCollisionTest[55]" classname="org.bitcoinj.utils.BtcFormatTest" time="0.001"/>
  <testcase name="equalityTest[55]" classname="org.bitcoinj.utils.BtcFormatTest" time="0.002"/>
  <testcase name="columnAlignmentTest[55]" classname="org.bitcoinj.utils.BtcFormatTest" time="0"/>
  <testcase name="factoryTest[55]" classname="org.bitcoinj.utils.BtcFormatTest" time="0.001"/>
  <testcase name="parse[55]" classname="org.bitcoinj.utils.BtcFormatTest" time="0"/>
  <testcase name="btcRounding[55]" classname="org.bitcoinj.utils.BtcFormatTest" time="0.002"/>
  <testcase name="negativeTest[55]" classname="org.bitcoinj.utils.BtcFormatTest" time="0"/>
  <testcase name="millicoinScaleTest[55]" classname="org.bitcoinj.utils.BtcFormatTest" time="0"/>
  <testcase name="toStringTest[55]" classname="org.bitcoinj.utils.BtcFormatTest" time="0.001"/>
  <testcase name="testGrouping[55]" classname="org.bitcoinj.utils.BtcFormatTest" time="0"/>
  <testcase name="symbolsCodesTest[55]" classname="org.bitcoinj.utils.BtcFormatTest" time="0.001"/>
  <testcase name="defaultLocaleTest[55]" classname="org.bitcoinj.utils.BtcFormatTest" time="0"/>
  <testcase name="parsePositionTest[55]" classname="org.bitcoinj.utils.BtcFormatTest" time="0"/>
  <testcase name="argumentTypeTest[55]" classname="org.bitcoinj.utils.BtcFormatTest" time="0"/>
  <testcase name="characterIteratorTest[55]" classname="org.bitcoinj.utils.BtcFormatTest" time="0.001"/>
  <testcase name="repeatingPlaceTest[55]" classname="org.bitcoinj.utils.BtcFormatTest" time="0"/>
  <testcase name="currencyCodeTest[55]" classname="org.bitcoinj.utils.BtcFormatTest" time="0"/>
  <testcase name="patternDecimalPlaces[55]" classname="org.bitcoinj.utils.BtcFormatTest" time="0.001"/>
  <testcase name="factoryArgumentsTest[56]" classname="org.bitcoinj.utils.BtcFormatTest" time="0.001"/>
  <testcase name="parseTest[56]" classname="org.bitcoinj.utils.BtcFormatTest" time="0.003"/>
  <testcase name="microcoinScaleTest[56]" classname="org.bitcoinj.utils.BtcFormatTest" time="0"/>
  <testcase name="parseMetricTest[56]" classname="org.bitcoinj.utils.BtcFormatTest" time="0.001"/>
  <testcase name="coinScaleTest[56]" classname="org.bitcoinj.utils.BtcFormatTest" time="0"/>
  <testcase name="builderTest[56]" classname="org.bitcoinj.utils.BtcFormatTest" time="0.003"/>
  <testcase name="attributeTest[56]" classname="org.bitcoinj.utils.BtcFormatTest" time="0"/>
  <testcase name="prefixTest[56]" classname="org.bitcoinj.utils.BtcFormatTest" time="0"/>
  <testcase name="suffixTest[56]" classname="org.bitcoinj.utils.BtcFormatTest" time="0"/>
  <testcase name="autoDecimalTest[56]" classname="org.bitcoinj.utils.BtcFormatTest" time="0.002"/>
  <testcase name="symbolCollisionTest[56]" classname="org.bitcoinj.utils.BtcFormatTest" time="0.001"/>
  <testcase name="equalityTest[56]" classname="org.bitcoinj.utils.BtcFormatTest" time="0.002"/>
  <testcase name="columnAlignmentTest[56]" classname="org.bitcoinj.utils.BtcFormatTest" time="0"/>
  <testcase name="factoryTest[56]" classname="org.bitcoinj.utils.BtcFormatTest" time="0.001"/>
  <testcase name="parse[56]" classname="org.bitcoinj.utils.BtcFormatTest" time="0"/>
  <testcase name="btcRounding[56]" classname="org.bitcoinj.utils.BtcFormatTest" time="0.001"/>
  <testcase name="negativeTest[56]" classname="org.bitcoinj.utils.BtcFormatTest" time="0.001"/>
  <testcase name="millicoinScaleTest[56]" classname="org.bitcoinj.utils.BtcFormatTest" time="0"/>
  <testcase name="toStringTest[56]" classname="org.bitcoinj.utils.BtcFormatTest" time="0.001"/>
  <testcase name="testGrouping[56]" classname="org.bitcoinj.utils.BtcFormatTest" time="0"/>
  <testcase name="symbolsCodesTest[56]" classname="org.bitcoinj.utils.BtcFormatTest" time="0.001"/>
  <testcase name="defaultLocaleTest[56]" classname="org.bitcoinj.utils.BtcFormatTest" time="0"/>
  <testcase name="parsePositionTest[56]" classname="org.bitcoinj.utils.BtcFormatTest" time="0"/>
  <testcase name="argumentTypeTest[56]" classname="org.bitcoinj.utils.BtcFormatTest" time="0.001"/>
  <testcase name="characterIteratorTest[56]" classname="org.bitcoinj.utils.BtcFormatTest" time="0"/>
  <testcase name="repeatingPlaceTest[56]" classname="org.bitcoinj.utils.BtcFormatTest" time="0.001"/>
  <testcase name="currencyCodeTest[56]" classname="org.bitcoinj.utils.BtcFormatTest" time="0"/>
  <testcase name="patternDecimalPlaces[56]" classname="org.bitcoinj.utils.BtcFormatTest" time="0"/>
  <testcase name="factoryArgumentsTest[57]" classname="org.bitcoinj.utils.BtcFormatTest" time="0.001"/>
  <testcase name="parseTest[57]" classname="org.bitcoinj.utils.BtcFormatTest" time="0.002"/>
  <testcase name="microcoinScaleTest[57]" classname="org.bitcoinj.utils.BtcFormatTest" time="0"/>
  <testcase name="parseMetricTest[57]" classname="org.bitcoinj.utils.BtcFormatTest" time="0.002"/>
  <testcase name="coinScaleTest[57]" classname="org.bitcoinj.utils.BtcFormatTest" time="0"/>
  <testcase name="builderTest[57]" classname="org.bitcoinj.utils.BtcFormatTest" time="0.002"/>
  <testcase name="attributeTest[57]" classname="org.bitcoinj.utils.BtcFormatTest" time="0"/>
  <testcase name="prefixTest[57]" classname="org.bitcoinj.utils.BtcFormatTest" time="0.001"/>
  <testcase name="suffixTest[57]" classname="org.bitcoinj.utils.BtcFormatTest" time="0"/>
  <testcase name="autoDecimalTest[57]" classname="org.bitcoinj.utils.BtcFormatTest" time="0.001"/>
  <testcase name="symbolCollisionTest[57]" classname="org.bitcoinj.utils.BtcFormatTest" time="0.001"/>
  <testcase name="equalityTest[57]" classname="org.bitcoinj.utils.BtcFormatTest" time="0.025"/>
  <testcase name="columnAlignmentTest[57]" classname="org.bitcoinj.utils.BtcFormatTest" time="0"/>
  <testcase name="factoryTest[57]" classname="org.bitcoinj.utils.BtcFormatTest" time="0.001"/>
  <testcase name="parse[57]" classname="org.bitcoinj.utils.BtcFormatTest" time="0"/>
  <testcase name="btcRounding[57]" classname="org.bitcoinj.utils.BtcFormatTest" time="0.001"/>
  <testcase name="negativeTest[57]" classname="org.bitcoinj.utils.BtcFormatTest" time="0"/>
  <testcase name="millicoinScaleTest[57]" classname="org.bitcoinj.utils.BtcFormatTest" time="0"/>
  <testcase name="toStringTest[57]" classname="org.bitcoinj.utils.BtcFormatTest" time="0.001"/>
  <testcase name="testGrouping[57]" classname="org.bitcoinj.utils.BtcFormatTest" time="0"/>
  <testcase name="symbolsCodesTest[57]" classname="org.bitcoinj.utils.BtcFormatTest" time="0.001"/>
  <testcase name="defaultLocaleTest[57]" classname="org.bitcoinj.utils.BtcFormatTest" time="0"/>
  <testcase name="parsePositionTest[57]" classname="org.bitcoinj.utils.BtcFormatTest" time="0"/>
  <testcase name="argumentTypeTest[57]" classname="org.bitcoinj.utils.BtcFormatTest" time="0"/>
  <testcase name="characterIteratorTest[57]" classname="org.bitcoinj.utils.BtcFormatTest" time="0.001"/>
  <testcase name="repeatingPlaceTest[57]" classname="org.bitcoinj.utils.BtcFormatTest" time="0"/>
  <testcase name="currencyCodeTest[57]" classname="org.bitcoinj.utils.BtcFormatTest" time="0.001"/>
  <testcase name="patternDecimalPlaces[57]" classname="org.bitcoinj.utils.BtcFormatTest" time="0"/>
  <testcase name="factoryArgumentsTest[58]" classname="org.bitcoinj.utils.BtcFormatTest" time="0"/>
  <testcase name="parseTest[58]" classname="org.bitcoinj.utils.BtcFormatTest" time="0.002"/>
  <testcase name="microcoinScaleTest[58]" classname="org.bitcoinj.utils.BtcFormatTest" time="0"/>
  <testcase name="parseMetricTest[58]" classname="org.bitcoinj.utils.BtcFormatTest" time="0.001"/>
  <testcase name="coinScaleTest[58]" classname="org.bitcoinj.utils.BtcFormatTest" time="0"/>
  <testcase name="builderTest[58]" classname="org.bitcoinj.utils.BtcFormatTest" time="0.002"/>
  <testcase name="attributeTest[58]" classname="org.bitcoinj.utils.BtcFormatTest" time="0"/>
  <testcase name="prefixTest[58]" classname="org.bitcoinj.utils.BtcFormatTest" time="0"/>
  <testcase name="suffixTest[58]" classname="org.bitcoinj.utils.BtcFormatTest" time="0"/>
  <testcase name="autoDecimalTest[58]" classname="org.bitcoinj.utils.BtcFormatTest" time="0.001"/>
  <testcase name="symbolCollisionTest[58]" classname="org.bitcoinj.utils.BtcFormatTest" time="0.001"/>
  <testcase name="equalityTest[58]" classname="org.bitcoinj.utils.BtcFormatTest" time="0.001"/>
  <testcase name="columnAlignmentTest[58]" classname="org.bitcoinj.utils.BtcFormatTest" time="0"/>
  <testcase name="factoryTest[58]" classname="org.bitcoinj.utils.BtcFormatTest" time="0"/>
  <testcase name="parse[58]" classname="org.bitcoinj.utils.BtcFormatTest" time="0"/>
  <testcase name="btcRounding[58]" classname="org.bitcoinj.utils.BtcFormatTest" time="0.001"/>
  <testcase name="negativeTest[58]" classname="org.bitcoinj.utils.BtcFormatTest" time="0"/>
  <testcase name="millicoinScaleTest[58]" classname="org.bitcoinj.utils.BtcFormatTest" time="0"/>
  <testcase name="toStringTest[58]" classname="org.bitcoinj.utils.BtcFormatTest" time="0.001"/>
  <testcase name="testGrouping[58]" classname="org.bitcoinj.utils.BtcFormatTest" time="0"/>
  <testcase name="symbolsCodesTest[58]" classname="org.bitcoinj.utils.BtcFormatTest" time="0"/>
  <testcase name="defaultLocaleTest[58]" classname="org.bitcoinj.utils.BtcFormatTest" time="0"/>
  <testcase name="parsePositionTest[58]" classname="org.bitcoinj.utils.BtcFormatTest" time="0"/>
  <testcase name="argumentTypeTest[58]" classname="org.bitcoinj.utils.BtcFormatTest" time="0.001"/>
  <testcase name="characterIteratorTest[58]" classname="org.bitcoinj.utils.BtcFormatTest" time="0"/>
  <testcase name="repeatingPlaceTest[58]" classname="org.bitcoinj.utils.BtcFormatTest" time="0"/>
  <testcase name="currencyCodeTest[58]" classname="org.bitcoinj.utils.BtcFormatTest" time="0"/>
  <testcase name="patternDecimalPlaces[58]" classname="org.bitcoinj.utils.BtcFormatTest" time="0.001"/>
  <testcase name="factoryArgumentsTest[59]" classname="org.bitcoinj.utils.BtcFormatTest" time="0"/>
  <testcase name="parseTest[59]" classname="org.bitcoinj.utils.BtcFormatTest" time="0.002"/>
  <testcase name="microcoinScaleTest[59]" classname="org.bitcoinj.utils.BtcFormatTest" time="0"/>
  <testcase name="parseMetricTest[59]" classname="org.bitcoinj.utils.BtcFormatTest" time="0.001"/>
  <testcase name="coinScaleTest[59]" classname="org.bitcoinj.utils.BtcFormatTest" time="0"/>
  <testcase name="builderTest[59]" classname="org.bitcoinj.utils.BtcFormatTest" time="0.002"/>
  <testcase name="attributeTest[59]" classname="org.bitcoinj.utils.BtcFormatTest" time="0"/>
  <testcase name="prefixTest[59]" classname="org.bitcoinj.utils.BtcFormatTest" time="0"/>
  <testcase name="suffixTest[59]" classname="org.bitcoinj.utils.BtcFormatTest" time="0"/>
  <testcase name="autoDecimalTest[59]" classname="org.bitcoinj.utils.BtcFormatTest" time="0.001"/>
  <testcase name="symbolCollisionTest[59]" classname="org.bitcoinj.utils.BtcFormatTest" time="0.001"/>
  <testcase name="equalityTest[59]" classname="org.bitcoinj.utils.BtcFormatTest" time="0.001"/>
  <testcase name="columnAlignmentTest[59]" classname="org.bitcoinj.utils.BtcFormatTest" time="0.001"/>
  <testcase name="factoryTest[59]" classname="org.bitcoinj.utils.BtcFormatTest" time="0"/>
  <testcase name="parse[59]" classname="org.bitcoinj.utils.BtcFormatTest" time="0"/>
  <testcase name="btcRounding[59]" classname="org.bitcoinj.utils.BtcFormatTest" time="0.001"/>
  <testcase name="negativeTest[59]" classname="org.bitcoinj.utils.BtcFormatTest" time="0"/>
  <testcase name="millicoinScaleTest[59]" classname="org.bitcoinj.utils.BtcFormatTest" time="0"/>
  <testcase name="toStringTest[59]" classname="org.bitcoinj.utils.BtcFormatTest" time="0.001"/>
  <testcase name="testGrouping[59]" classname="org.bitcoinj.utils.BtcFormatTest" time="0"/>
  <testcase name="symbolsCodesTest[59]" classname="org.bitcoinj.utils.BtcFormatTest" time="0.001"/>
  <testcase name="defaultLocaleTest[59]" classname="org.bitcoinj.utils.BtcFormatTest" time="0"/>
  <testcase name="parsePositionTest[59]" classname="org.bitcoinj.utils.BtcFormatTest" time="0"/>
  <testcase name="argumentTypeTest[59]" classname="org.bitcoinj.utils.BtcFormatTest" time="0.001"/>
  <testcase name="characterIteratorTest[59]" classname="org.bitcoinj.utils.BtcFormatTest" time="0"/>
  <testcase name="repeatingPlaceTest[59]" classname="org.bitcoinj.utils.BtcFormatTest" time="0"/>
  <testcase name="currencyCodeTest[59]" classname="org.bitcoinj.utils.BtcFormatTest" time="0"/>
  <testcase name="patternDecimalPlaces[59]" classname="org.bitcoinj.utils.BtcFormatTest" time="0"/>
  <testcase name="factoryArgumentsTest[60]" classname="org.bitcoinj.utils.BtcFormatTest" time="0.004"/>
  <testcase name="parseTest[60]" classname="org.bitcoinj.utils.BtcFormatTest" time="0.001"/>
  <testcase name="microcoinScaleTest[60]" classname="org.bitcoinj.utils.BtcFormatTest" time="0.001"/>
  <testcase name="parseMetricTest[60]" classname="org.bitcoinj.utils.BtcFormatTest" time="0.001"/>
  <testcase name="coinScaleTest[60]" classname="org.bitcoinj.utils.BtcFormatTest" time="0"/>
  <testcase name="builderTest[60]" classname="org.bitcoinj.utils.BtcFormatTest" time="0.002"/>
  <testcase name="attributeTest[60]" classname="org.bitcoinj.utils.BtcFormatTest" time="0"/>
  <testcase name="prefixTest[60]" classname="org.bitcoinj.utils.BtcFormatTest" time="0"/>
  <testcase name="suffixTest[60]" classname="org.bitcoinj.utils.BtcFormatTest" time="0"/>
  <testcase name="autoDecimalTest[60]" classname="org.bitcoinj.utils.BtcFormatTest" time="0.001"/>
  <testcase name="symbolCollisionTest[60]" classname="org.bitcoinj.utils.BtcFormatTest" time="0.001"/>
  <testcase name="equalityTest[60]" classname="org.bitcoinj.utils.BtcFormatTest" time="0.001"/>
  <testcase name="columnAlignmentTest[60]" classname="org.bitcoinj.utils.BtcFormatTest" time="0.001"/>
  <testcase name="factoryTest[60]" classname="org.bitcoinj.utils.BtcFormatTest" time="0"/>
  <testcase name="parse[60]" classname="org.bitcoinj.utils.BtcFormatTest" time="0"/>
  <testcase name="btcRounding[60]" classname="org.bitcoinj.utils.BtcFormatTest" time="0.002"/>
  <testcase name="negativeTest[60]" classname="org.bitcoinj.utils.BtcFormatTest" time="0"/>
  <testcase name="millicoinScaleTest[60]" classname="org.bitcoinj.utils.BtcFormatTest" time="0"/>
  <testcase name="toStringTest[60]" classname="org.bitcoinj.utils.BtcFormatTest" time="0"/>
  <testcase name="testGrouping[60]" classname="org.bitcoinj.utils.BtcFormatTest" time="0"/>
  <testcase name="symbolsCodesTest[60]" classname="org.bitcoinj.utils.BtcFormatTest" time="0"/>
  <testcase name="defaultLocaleTest[60]" classname="org.bitcoinj.utils.BtcFormatTest" time="0"/>
  <testcase name="parsePositionTest[60]" classname="org.bitcoinj.utils.BtcFormatTest" time="0"/>
  <testcase name="argumentTypeTest[60]" classname="org.bitcoinj.utils.BtcFormatTest" time="0"/>
  <testcase name="characterIteratorTest[60]" classname="org.bitcoinj.utils.BtcFormatTest" time="0.001"/>
  <testcase name="repeatingPlaceTest[60]" classname="org.bitcoinj.utils.BtcFormatTest" time="0"/>
  <testcase name="currencyCodeTest[60]" classname="org.bitcoinj.utils.BtcFormatTest" time="0"/>
  <testcase name="patternDecimalPlaces[60]" classname="org.bitcoinj.utils.BtcFormatTest" time="0.001"/>
  <testcase name="factoryArgumentsTest[61]" classname="org.bitcoinj.utils.BtcFormatTest" time="0.001"/>
  <testcase name="parseTest[61]" classname="org.bitcoinj.utils.BtcFormatTest" time="0.001"/>
  <testcase name="microcoinScaleTest[61]" classname="org.bitcoinj.utils.BtcFormatTest" time="0.001"/>
  <testcase name="parseMetricTest[61]" classname="org.bitcoinj.utils.BtcFormatTest" time="0.001"/>
  <testcase name="coinScaleTest[61]" classname="org.bitcoinj.utils.BtcFormatTest" time="0"/>
  <testcase name="builderTest[61]" classname="org.bitcoinj.utils.BtcFormatTest" time="0.002"/>
  <testcase name="attributeTest[61]" classname="org.bitcoinj.utils.BtcFormatTest" time="0"/>
  <testcase name="prefixTest[61]" classname="org.bitcoinj.utils.BtcFormatTest" time="0"/>
  <testcase name="suffixTest[61]" classname="org.bitcoinj.utils.BtcFormatTest" time="0"/>
  <testcase name="autoDecimalTest[61]" classname="org.bitcoinj.utils.BtcFormatTest" time="0.001"/>
  <testcase name="symbolCollisionTest[61]" classname="org.bitcoinj.utils.BtcFormatTest" time="0.001"/>
  <testcase name="equalityTest[61]" classname="org.bitcoinj.utils.BtcFormatTest" time="0.001"/>
  <testcase name="columnAlignmentTest[61]" classname="org.bitcoinj.utils.BtcFormatTest" time="0"/>
  <testcase name="factoryTest[61]" classname="org.bitcoinj.utils.BtcFormatTest" time="0.001"/>
  <testcase name="parse[61]" classname="org.bitcoinj.utils.BtcFormatTest" time="0"/>
  <testcase name="btcRounding[61]" classname="org.bitcoinj.utils.BtcFormatTest" time="0.001"/>
  <testcase name="negativeTest[61]" classname="org.bitcoinj.utils.BtcFormatTest" time="0"/>
  <testcase name="millicoinScaleTest[61]" classname="org.bitcoinj.utils.BtcFormatTest" time="0"/>
  <testcase name="toStringTest[61]" classname="org.bitcoinj.utils.BtcFormatTest" time="0.001"/>
  <testcase name="testGrouping[61]" classname="org.bitcoinj.utils.BtcFormatTest" time="0"/>
  <testcase name="symbolsCodesTest[61]" classname="org.bitcoinj.utils.BtcFormatTest" time="0"/>
  <testcase name="defaultLocaleTest[61]" classname="org.bitcoinj.utils.BtcFormatTest" time="0"/>
  <testcase name="parsePositionTest[61]" classname="org.bitcoinj.utils.BtcFormatTest" time="0"/>
  <testcase name="argumentTypeTest[61]" classname="org.bitcoinj.utils.BtcFormatTest" time="0"/>
  <testcase name="characterIteratorTest[61]" classname="org.bitcoinj.utils.BtcFormatTest" time="0.001"/>
  <testcase name="repeatingPlaceTest[61]" classname="org.bitcoinj.utils.BtcFormatTest" time="0"/>
  <testcase name="currencyCodeTest[61]" classname="org.bitcoinj.utils.BtcFormatTest" time="0.001"/>
  <testcase name="patternDecimalPlaces[61]" classname="org.bitcoinj.utils.BtcFormatTest" time="0"/>
  <testcase name="factoryArgumentsTest[62]" classname="org.bitcoinj.utils.BtcFormatTest" time="0.001"/>
  <testcase name="parseTest[62]" classname="org.bitcoinj.utils.BtcFormatTest" time="0.003"/>
  <testcase name="microcoinScaleTest[62]" classname="org.bitcoinj.utils.BtcFormatTest" time="0"/>
  <testcase name="parseMetricTest[62]" classname="org.bitcoinj.utils.BtcFormatTest" time="0.001"/>
  <testcase name="coinScaleTest[62]" classname="org.bitcoinj.utils.BtcFormatTest" time="0"/>
  <testcase name="builderTest[62]" classname="org.bitcoinj.utils.BtcFormatTest" time="0.001"/>
  <testcase name="attributeTest[62]" classname="org.bitcoinj.utils.BtcFormatTest" time="0.001"/>
  <testcase name="prefixTest[62]" classname="org.bitcoinj.utils.BtcFormatTest" time="0"/>
  <testcase name="suffixTest[62]" classname="org.bitcoinj.utils.BtcFormatTest" time="0"/>
  <testcase name="autoDecimalTest[62]" classname="org.bitcoinj.utils.BtcFormatTest" time="0.001"/>
  <testcase name="symbolCollisionTest[62]" classname="org.bitcoinj.utils.BtcFormatTest" time="0"/>
  <testcase name="equalityTest[62]" classname="org.bitcoinj.utils.BtcFormatTest" time="0.002"/>
  <testcase name="columnAlignmentTest[62]" classname="org.bitcoinj.utils.BtcFormatTest" time="0"/>
  <testcase name="factoryTest[62]" classname="org.bitcoinj.utils.BtcFormatTest" time="0"/>
  <testcase name="parse[62]" classname="org.bitcoinj.utils.BtcFormatTest" time="0"/>
  <testcase name="btcRounding[62]" classname="org.bitcoinj.utils.BtcFormatTest" time="0.001"/>
  <testcase name="negativeTest[62]" classname="org.bitcoinj.utils.BtcFormatTest" time="0.001"/>
  <testcase name="millicoinScaleTest[62]" classname="org.bitcoinj.utils.BtcFormatTest" time="0"/>
  <testcase name="toStringTest[62]" classname="org.bitcoinj.utils.BtcFormatTest" time="0"/>
  <testcase name="testGrouping[62]" classname="org.bitcoinj.utils.BtcFormatTest" time="0.001"/>
  <testcase name="symbolsCodesTest[62]" classname="org.bitcoinj.utils.BtcFormatTest" time="0"/>
  <testcase name="defaultLocaleTest[62]" classname="org.bitcoinj.utils.BtcFormatTest" time="0"/>
  <testcase name="parsePositionTest[62]" classname="org.bitcoinj.utils.BtcFormatTest" time="0"/>
  <testcase name="argumentTypeTest[62]" classname="org.bitcoinj.utils.BtcFormatTest" time="0.001"/>
  <testcase name="characterIteratorTest[62]" classname="org.bitcoinj.utils.BtcFormatTest" time="0"/>
  <testcase name="repeatingPlaceTest[62]" classname="org.bitcoinj.utils.BtcFormatTest" time="0.001"/>
  <testcase name="currencyCodeTest[62]" classname="org.bitcoinj.utils.BtcFormatTest" time="0"/>
  <testcase name="patternDecimalPlaces[62]" classname="org.bitcoinj.utils.BtcFormatTest" time="0"/>
  <testcase name="factoryArgumentsTest[63]" classname="org.bitcoinj.utils.BtcFormatTest" time="0.001"/>
  <testcase name="parseTest[63]" classname="org.bitcoinj.utils.BtcFormatTest" time="0.003"/>
  <testcase name="microcoinScaleTest[63]" classname="org.bitcoinj.utils.BtcFormatTest" time="0"/>
  <testcase name="parseMetricTest[63]" classname="org.bitcoinj.utils.BtcFormatTest" time="0.001"/>
  <testcase name="coinScaleTest[63]" classname="org.bitcoinj.utils.BtcFormatTest" time="0.001"/>
  <testcase name="builderTest[63]" classname="org.bitcoinj.utils.BtcFormatTest" time="0.001"/>
  <testcase name="attributeTest[63]" classname="org.bitcoinj.utils.BtcFormatTest" time="0.001"/>
  <testcase name="prefixTest[63]" classname="org.bitcoinj.utils.BtcFormatTest" time="0"/>
  <testcase name="suffixTest[63]" classname="org.bitcoinj.utils.BtcFormatTest" time="0"/>
  <testcase name="autoDecimalTest[63]" classname="org.bitcoinj.utils.BtcFormatTest" time="0.001"/>
  <testcase name="symbolCollisionTest[63]" classname="org.bitcoinj.utils.BtcFormatTest" time="0"/>
  <testcase name="equalityTest[63]" classname="org.bitcoinj.utils.BtcFormatTest" time="0.002"/>
  <testcase name="columnAlignmentTest[63]" classname="org.bitcoinj.utils.BtcFormatTest" time="0.001"/>
  <testcase name="factoryTest[63]" classname="org.bitcoinj.utils.BtcFormatTest" time="0"/>
  <testcase name="parse[63]" classname="org.bitcoinj.utils.BtcFormatTest" time="0"/>
  <testcase name="btcRounding[63]" classname="org.bitcoinj.utils.BtcFormatTest" time="0.002"/>
  <testcase name="negativeTest[63]" classname="org.bitcoinj.utils.BtcFormatTest" time="0.001"/>
  <testcase name="millicoinScaleTest[63]" classname="org.bitcoinj.utils.BtcFormatTest" time="0"/>
  <testcase name="toStringTest[63]" classname="org.bitcoinj.utils.BtcFormatTest" time="0.001"/>
  <testcase name="testGrouping[63]" classname="org.bitcoinj.utils.BtcFormatTest" time="0"/>
  <testcase name="symbolsCodesTest[63]" classname="org.bitcoinj.utils.BtcFormatTest" time="0.001"/>
  <testcase name="defaultLocaleTest[63]" classname="org.bitcoinj.utils.BtcFormatTest" time="0"/>
  <testcase name="parsePositionTest[63]" classname="org.bitcoinj.utils.BtcFormatTest" time="0"/>
  <testcase name="argumentTypeTest[63]" classname="org.bitcoinj.utils.BtcFormatTest" time="0.001"/>
  <testcase name="characterIteratorTest[63]" classname="org.bitcoinj.utils.BtcFormatTest" time="0"/>
  <testcase name="repeatingPlaceTest[63]" classname="org.bitcoinj.utils.BtcFormatTest" time="0.001"/>
  <testcase name="currencyCodeTest[63]" classname="org.bitcoinj.utils.BtcFormatTest" time="0"/>
  <testcase name="patternDecimalPlaces[63]" classname="org.bitcoinj.utils.BtcFormatTest" time="0"/>
  <testcase name="factoryArgumentsTest[64]" classname="org.bitcoinj.utils.BtcFormatTest" time="0.002"/>
  <testcase name="parseTest[64]" classname="org.bitcoinj.utils.BtcFormatTest" time="0.002"/>
  <testcase name="microcoinScaleTest[64]" classname="org.bitcoinj.utils.BtcFormatTest" time="0"/>
  <testcase name="parseMetricTest[64]" classname="org.bitcoinj.utils.BtcFormatTest" time="0.001"/>
  <testcase name="coinScaleTest[64]" classname="org.bitcoinj.utils.BtcFormatTest" time="0"/>
  <testcase name="builderTest[64]" classname="org.bitcoinj.utils.BtcFormatTest" time="0.001"/>
  <testcase name="attributeTest[64]" classname="org.bitcoinj.utils.BtcFormatTest" time="0.001"/>
  <testcase name="prefixTest[64]" classname="org.bitcoinj.utils.BtcFormatTest" time="0"/>
  <testcase name="suffixTest[64]" classname="org.bitcoinj.utils.BtcFormatTest" time="0"/>
  <testcase name="autoDecimalTest[64]" classname="org.bitcoinj.utils.BtcFormatTest" time="0.001"/>
  <testcase name="symbolCollisionTest[64]" classname="org.bitcoinj.utils.BtcFormatTest" time="0"/>
  <testcase name="equalityTest[64]" classname="org.bitcoinj.utils.BtcFormatTest" time="0.002"/>
  <testcase name="columnAlignmentTest[64]" classname="org.bitcoinj.utils.BtcFormatTest" time="0"/>
  <testcase name="factoryTest[64]" classname="org.bitcoinj.utils.BtcFormatTest" time="0"/>
  <testcase name="parse[64]" classname="org.bitcoinj.utils.BtcFormatTest" time="0.001"/>
  <testcase name="btcRounding[64]" classname="org.bitcoinj.utils.BtcFormatTest" time="0.001"/>
  <testcase name="negativeTest[64]" classname="org.bitcoinj.utils.BtcFormatTest" time="0"/>
  <testcase name="millicoinScaleTest[64]" classname="org.bitcoinj.utils.BtcFormatTest" time="0"/>
  <testcase name="toStringTest[64]" classname="org.bitcoinj.utils.BtcFormatTest" time="0.001"/>
  <testcase name="testGrouping[64]" classname="org.bitcoinj.utils.BtcFormatTest" time="0"/>
  <testcase name="symbolsCodesTest[64]" classname="org.bitcoinj.utils.BtcFormatTest" time="0"/>
  <testcase name="defaultLocaleTest[64]" classname="org.bitcoinj.utils.BtcFormatTest" time="0"/>
  <testcase name="parsePositionTest[64]" classname="org.bitcoinj.utils.BtcFormatTest" time="0.001"/>
  <testcase name="argumentTypeTest[64]" classname="org.bitcoinj.utils.BtcFormatTest" time="0"/>
  <testcase name="characterIteratorTest[64]" classname="org.bitcoinj.utils.BtcFormatTest" time="0"/>
  <testcase name="repeatingPlaceTest[64]" classname="org.bitcoinj.utils.BtcFormatTest" time="0.001"/>
  <testcase name="currencyCodeTest[64]" classname="org.bitcoinj.utils.BtcFormatTest" time="0"/>
  <testcase name="patternDecimalPlaces[64]" classname="org.bitcoinj.utils.BtcFormatTest" time="0"/>
  <testcase name="factoryArgumentsTest[65]" classname="org.bitcoinj.utils.BtcFormatTest" time="0.001"/>
  <testcase name="parseTest[65]" classname="org.bitcoinj.utils.BtcFormatTest" time="0.001"/>
  <testcase name="microcoinScaleTest[65]" classname="org.bitcoinj.utils.BtcFormatTest" time="0.001"/>
  <testcase name="parseMetricTest[65]" classname="org.bitcoinj.utils.BtcFormatTest" time="0.001"/>
  <testcase name="coinScaleTest[65]" classname="org.bitcoinj.utils.BtcFormatTest" time="0"/>
  <testcase name="builderTest[65]" classname="org.bitcoinj.utils.BtcFormatTest" time="0.001"/>
  <testcase name="attributeTest[65]" classname="org.bitcoinj.utils.BtcFormatTest" time="0"/>
  <testcase name="prefixTest[65]" classname="org.bitcoinj.utils.BtcFormatTest" time="0.001"/>
  <testcase name="suffixTest[65]" classname="org.bitcoinj.utils.BtcFormatTest" time="0"/>
  <testcase name="autoDecimalTest[65]" classname="org.bitcoinj.utils.BtcFormatTest" time="0"/>
  <testcase name="symbolCollisionTest[65]" classname="org.bitcoinj.utils.BtcFormatTest" time="0.001"/>
  <testcase name="equalityTest[65]" classname="org.bitcoinj.utils.BtcFormatTest" time="0.001"/>
  <testcase name="columnAlignmentTest[65]" classname="org.bitcoinj.utils.BtcFormatTest" time="0"/>
  <testcase name="factoryTest[65]" classname="org.bitcoinj.utils.BtcFormatTest" time="0"/>
  <testcase name="parse[65]" classname="org.bitcoinj.utils.BtcFormatTest" time="0"/>
  <testcase name="btcRounding[65]" classname="org.bitcoinj.utils.BtcFormatTest" time="0.001"/>
  <testcase name="negativeTest[65]" classname="org.bitcoinj.utils.BtcFormatTest" time="0.001"/>
  <testcase name="millicoinScaleTest[65]" classname="org.bitcoinj.utils.BtcFormatTest" time="0"/>
  <testcase name="toStringTest[65]" classname="org.bitcoinj.utils.BtcFormatTest" time="0"/>
  <testcase name="testGrouping[65]" classname="org.bitcoinj.utils.BtcFormatTest" time="0.001"/>
  <testcase name="symbolsCodesTest[65]" classname="org.bitcoinj.utils.BtcFormatTest" time="0"/>
  <testcase name="defaultLocaleTest[65]" classname="org.bitcoinj.utils.BtcFormatTest" time="0"/>
  <testcase name="parsePositionTest[65]" classname="org.bitcoinj.utils.BtcFormatTest" time="0"/>
  <testcase name="argumentTypeTest[65]" classname="org.bitcoinj.utils.BtcFormatTest" time="0.001"/>
  <testcase name="characterIteratorTest[65]" classname="org.bitcoinj.utils.BtcFormatTest" time="0"/>
  <testcase name="repeatingPlaceTest[65]" classname="org.bitcoinj.utils.BtcFormatTest" time="0.001"/>
  <testcase name="currencyCodeTest[65]" classname="org.bitcoinj.utils.BtcFormatTest" time="0"/>
  <testcase name="patternDecimalPlaces[65]" classname="org.bitcoinj.utils.BtcFormatTest" time="0"/>
  <testcase name="factoryArgumentsTest[66]" classname="org.bitcoinj.utils.BtcFormatTest" time="0.001"/>
  <testcase name="parseTest[66]" classname="org.bitcoinj.utils.BtcFormatTest" time="0.001"/>
  <testcase name="microcoinScaleTest[66]" classname="org.bitcoinj.utils.BtcFormatTest" time="0"/>
  <testcase name="parseMetricTest[66]" classname="org.bitcoinj.utils.BtcFormatTest" time="0.001"/>
  <testcase name="coinScaleTest[66]" classname="org.bitcoinj.utils.BtcFormatTest" time="0"/>
  <testcase name="builderTest[66]" classname="org.bitcoinj.utils.BtcFormatTest" time="0.002"/>
  <testcase name="attributeTest[66]" classname="org.bitcoinj.utils.BtcFormatTest" time="0"/>
  <testcase name="prefixTest[66]" classname="org.bitcoinj.utils.BtcFormatTest" time="0.001"/>
  <testcase name="suffixTest[66]" classname="org.bitcoinj.utils.BtcFormatTest" time="0"/>
  <testcase name="autoDecimalTest[66]" classname="org.bitcoinj.utils.BtcFormatTest" time="0.001"/>
  <testcase name="symbolCollisionTest[66]" classname="org.bitcoinj.utils.BtcFormatTest" time="0"/>
  <testcase name="equalityTest[66]" classname="org.bitcoinj.utils.BtcFormatTest" time="0.002"/>
  <testcase name="columnAlignmentTest[66]" classname="org.bitcoinj.utils.BtcFormatTest" time="0"/>
  <testcase name="factoryTest[66]" classname="org.bitcoinj.utils.BtcFormatTest" time="0"/>
  <testcase name="parse[66]" classname="org.bitcoinj.utils.BtcFormatTest" time="0"/>
  <testcase name="btcRounding[66]" classname="org.bitcoinj.utils.BtcFormatTest" time="0.001"/>
  <testcase name="negativeTest[66]" classname="org.bitcoinj.utils.BtcFormatTest" time="0.001"/>
  <testcase name="millicoinScaleTest[66]" classname="org.bitcoinj.utils.BtcFormatTest" time="0"/>
  <testcase name="toStringTest[66]" classname="org.bitcoinj.utils.BtcFormatTest" time="0"/>
  <testcase name="testGrouping[66]" classname="org.bitcoinj.utils.BtcFormatTest" time="0.001"/>
  <testcase name="symbolsCodesTest[66]" classname="org.bitcoinj.utils.BtcFormatTest" time="0"/>
  <testcase name="defaultLocaleTest[66]" classname="org.bitcoinj.utils.BtcFormatTest" time="0"/>
  <testcase name="parsePositionTest[66]" classname="org.bitcoinj.utils.BtcFormatTest" time="0"/>
  <testcase name="argumentTypeTest[66]" classname="org.bitcoinj.utils.BtcFormatTest" time="0.001"/>
  <testcase name="characterIteratorTest[66]" classname="org.bitcoinj.utils.BtcFormatTest" time="0"/>
  <testcase name="repeatingPlaceTest[66]" classname="org.bitcoinj.utils.BtcFormatTest" time="0"/>
  <testcase name="currencyCodeTest[66]" classname="org.bitcoinj.utils.BtcFormatTest" time="0.001"/>
  <testcase name="patternDecimalPlaces[66]" classname="org.bitcoinj.utils.BtcFormatTest" time="0"/>
  <testcase name="factoryArgumentsTest[67]" classname="org.bitcoinj.utils.BtcFormatTest" time="0.001"/>
  <testcase name="parseTest[67]" classname="org.bitcoinj.utils.BtcFormatTest" time="0.001"/>
  <testcase name="microcoinScaleTest[67]" classname="org.bitcoinj.utils.BtcFormatTest" time="0"/>
  <testcase name="parseMetricTest[67]" classname="org.bitcoinj.utils.BtcFormatTest" time="0.001"/>
  <testcase name="coinScaleTest[67]" classname="org.bitcoinj.utils.BtcFormatTest" time="0"/>
  <testcase name="builderTest[67]" classname="org.bitcoinj.utils.BtcFormatTest" time="0.002"/>
  <testcase name="attributeTest[67]" classname="org.bitcoinj.utils.BtcFormatTest" time="0"/>
  <testcase name="prefixTest[67]" classname="org.bitcoinj.utils.BtcFormatTest" time="0"/>
  <testcase name="suffixTest[67]" classname="org.bitcoinj.utils.BtcFormatTest" time="0.001"/>
  <testcase name="autoDecimalTest[67]" classname="org.bitcoinj.utils.BtcFormatTest" time="0"/>
  <testcase name="symbolCollisionTest[67]" classname="org.bitcoinj.utils.BtcFormatTest" time="0.001"/>
  <testcase name="equalityTest[67]" classname="org.bitcoinj.utils.BtcFormatTest" time="0.002"/>
  <testcase name="columnAlignmentTest[67]" classname="org.bitcoinj.utils.BtcFormatTest" time="0"/>
  <testcase name="factoryTest[67]" classname="org.bitcoinj.utils.BtcFormatTest" time="0"/>
  <testcase name="parse[67]" classname="org.bitcoinj.utils.BtcFormatTest" time="0"/>
  <testcase name="btcRounding[67]" classname="org.bitcoinj.utils.BtcFormatTest" time="0.001"/>
  <testcase name="negativeTest[67]" classname="org.bitcoinj.utils.BtcFormatTest" time="0.001"/>
  <testcase name="millicoinScaleTest[67]" classname="org.bitcoinj.utils.BtcFormatTest" time="0"/>
  <testcase name="toStringTest[67]" classname="org.bitcoinj.utils.BtcFormatTest" time="0"/>
  <testcase name="testGrouping[67]" classname="org.bitcoinj.utils.BtcFormatTest" time="0"/>
  <testcase name="symbolsCodesTest[67]" classname="org.bitcoinj.utils.BtcFormatTest" time="0.001"/>
  <testcase name="defaultLocaleTest[67]" classname="org.bitcoinj.utils.BtcFormatTest" time="0"/>
  <testcase name="parsePositionTest[67]" classname="org.bitcoinj.utils.BtcFormatTest" time="0"/>
  <testcase name="argumentTypeTest[67]" classname="org.bitcoinj.utils.BtcFormatTest" time="0"/>
  <testcase name="characterIteratorTest[67]" classname="org.bitcoinj.utils.BtcFormatTest" time="0"/>
  <testcase name="repeatingPlaceTest[67]" classname="org.bitcoinj.utils.BtcFormatTest" time="0"/>
  <testcase name="currencyCodeTest[67]" classname="org.bitcoinj.utils.BtcFormatTest" time="0"/>
  <testcase name="patternDecimalPlaces[67]" classname="org.bitcoinj.utils.BtcFormatTest" time="0"/>
  <testcase name="factoryArgumentsTest[68]" classname="org.bitcoinj.utils.BtcFormatTest" time="0.002"/>
  <testcase name="parseTest[68]" classname="org.bitcoinj.utils.BtcFormatTest" time="0.002"/>
  <testcase name="microcoinScaleTest[68]" classname="org.bitcoinj.utils.BtcFormatTest" time="0"/>
  <testcase name="parseMetricTest[68]" classname="org.bitcoinj.utils.BtcFormatTest" time="0.001"/>
  <testcase name="coinScaleTest[68]" classname="org.bitcoinj.utils.BtcFormatTest" time="0"/>
  <testcase name="builderTest[68]" classname="org.bitcoinj.utils.BtcFormatTest" time="0.001"/>
  <testcase name="attributeTest[68]" classname="org.bitcoinj.utils.BtcFormatTest" time="0.001"/>
  <testcase name="prefixTest[68]" classname="org.bitcoinj.utils.BtcFormatTest" time="0"/>
  <testcase name="suffixTest[68]" classname="org.bitcoinj.utils.BtcFormatTest" time="0"/>
  <testcase name="autoDecimalTest[68]" classname="org.bitcoinj.utils.BtcFormatTest" time="0.001"/>
  <testcase name="symbolCollisionTest[68]" classname="org.bitcoinj.utils.BtcFormatTest" time="0.001"/>
  <testcase name="equalityTest[68]" classname="org.bitcoinj.utils.BtcFormatTest" time="0.001"/>
  <testcase name="columnAlignmentTest[68]" classname="org.bitcoinj.utils.BtcFormatTest" time="0.001"/>
  <testcase name="factoryTest[68]" classname="org.bitcoinj.utils.BtcFormatTest" time="0"/>
  <testcase name="parse[68]" classname="org.bitcoinj.utils.BtcFormatTest" time="0"/>
  <testcase name="btcRounding[68]" classname="org.bitcoinj.utils.BtcFormatTest" time="0.001"/>
  <testcase name="negativeTest[68]" classname="org.bitcoinj.utils.BtcFormatTest" time="0.001"/>
  <testcase name="millicoinScaleTest[68]" classname="org.bitcoinj.utils.BtcFormatTest" time="0"/>
  <testcase name="toStringTest[68]" classname="org.bitcoinj.utils.BtcFormatTest" time="0"/>
  <testcase name="testGrouping[68]" classname="org.bitcoinj.utils.BtcFormatTest" time="0.001"/>
  <testcase name="symbolsCodesTest[68]" classname="org.bitcoinj.utils.BtcFormatTest" time="0"/>
  <testcase name="defaultLocaleTest[68]" classname="org.bitcoinj.utils.BtcFormatTest" time="0"/>
  <testcase name="parsePositionTest[68]" classname="org.bitcoinj.utils.BtcFormatTest" time="0.001"/>
  <testcase name="argumentTypeTest[68]" classname="org.bitcoinj.utils.BtcFormatTest" time="0"/>
  <testcase name="characterIteratorTest[68]" classname="org.bitcoinj.utils.BtcFormatTest" time="0"/>
  <testcase name="repeatingPlaceTest[68]" classname="org.bitcoinj.utils.BtcFormatTest" time="0.001"/>
  <testcase name="currencyCodeTest[68]" classname="org.bitcoinj.utils.BtcFormatTest" time="0"/>
  <testcase name="patternDecimalPlaces[68]" classname="org.bitcoinj.utils.BtcFormatTest" time="0"/>
  <testcase name="factoryArgumentsTest[69]" classname="org.bitcoinj.utils.BtcFormatTest" time="0.001"/>
  <testcase name="parseTest[69]" classname="org.bitcoinj.utils.BtcFormatTest" time="0.001"/>
  <testcase name="microcoinScaleTest[69]" classname="org.bitcoinj.utils.BtcFormatTest" time="0"/>
  <testcase name="parseMetricTest[69]" classname="org.bitcoinj.utils.BtcFormatTest" time="0.001"/>
  <testcase name="coinScaleTest[69]" classname="org.bitcoinj.utils.BtcFormatTest" time="0"/>
  <testcase name="builderTest[69]" classname="org.bitcoinj.utils.BtcFormatTest" time="0.002"/>
  <testcase name="attributeTest[69]" classname="org.bitcoinj.utils.BtcFormatTest" time="0"/>
  <testcase name="prefixTest[69]" classname="org.bitcoinj.utils.BtcFormatTest" time="0"/>
  <testcase name="suffixTest[69]" classname="org.bitcoinj.utils.BtcFormatTest" time="0"/>
  <testcase name="autoDecimalTest[69]" classname="org.bitcoinj.utils.BtcFormatTest" time="0.001"/>
  <testcase name="symbolCollisionTest[69]" classname="org.bitcoinj.utils.BtcFormatTest" time="0.001"/>
  <testcase name="equalityTest[69]" classname="org.bitcoinj.utils.BtcFormatTest" time="0.001"/>
  <testcase name="columnAlignmentTest[69]" classname="org.bitcoinj.utils.BtcFormatTest" time="0"/>
  <testcase name="factoryTest[69]" classname="org.bitcoinj.utils.BtcFormatTest" time="0.001"/>
  <testcase name="parse[69]" classname="org.bitcoinj.utils.BtcFormatTest" time="0"/>
  <testcase name="btcRounding[69]" classname="org.bitcoinj.utils.BtcFormatTest" time="0.001"/>
  <testcase name="negativeTest[69]" classname="org.bitcoinj.utils.BtcFormatTest" time="0"/>
  <testcase name="millicoinScaleTest[69]" classname="org.bitcoinj.utils.BtcFormatTest" time="0"/>
  <testcase name="toStringTest[69]" classname="org.bitcoinj.utils.BtcFormatTest" time="0.001"/>
  <testcase name="testGrouping[69]" classname="org.bitcoinj.utils.BtcFormatTest" time="0"/>
  <testcase name="symbolsCodesTest[69]" classname="org.bitcoinj.utils.BtcFormatTest" time="0"/>
  <testcase name="defaultLocaleTest[69]" classname="org.bitcoinj.utils.BtcFormatTest" time="0"/>
  <testcase name="parsePositionTest[69]" classname="org.bitcoinj.utils.BtcFormatTest" time="0"/>
  <testcase name="argumentTypeTest[69]" classname="org.bitcoinj.utils.BtcFormatTest" time="0"/>
  <testcase name="characterIteratorTest[69]" classname="org.bitcoinj.utils.BtcFormatTest" time="0.001"/>
  <testcase name="repeatingPlaceTest[69]" classname="org.bitcoinj.utils.BtcFormatTest" time="0"/>
  <testcase name="currencyCodeTest[69]" classname="org.bitcoinj.utils.BtcFormatTest" time="0"/>
  <testcase name="patternDecimalPlaces[69]" classname="org.bitcoinj.utils.BtcFormatTest" time="0"/>
  <testcase name="factoryArgumentsTest[70]" classname="org.bitcoinj.utils.BtcFormatTest" time="0.001"/>
  <testcase name="parseTest[70]" classname="org.bitcoinj.utils.BtcFormatTest" time="0.001"/>
  <testcase name="microcoinScaleTest[70]" classname="org.bitcoinj.utils.BtcFormatTest" time="0"/>
  <testcase name="parseMetricTest[70]" classname="org.bitcoinj.utils.BtcFormatTest" time="0"/>
  <testcase name="coinScaleTest[70]" classname="org.bitcoinj.utils.BtcFormatTest" time="0"/>
  <testcase name="builderTest[70]" classname="org.bitcoinj.utils.BtcFormatTest" time="0.002"/>
  <testcase name="attributeTest[70]" classname="org.bitcoinj.utils.BtcFormatTest" time="0.001"/>
  <testcase name="prefixTest[70]" classname="org.bitcoinj.utils.BtcFormatTest" time="0"/>
  <testcase name="suffixTest[70]" classname="org.bitcoinj.utils.BtcFormatTest" time="0"/>
  <testcase name="autoDecimalTest[70]" classname="org.bitcoinj.utils.BtcFormatTest" time="0.001"/>
  <testcase name="symbolCollisionTest[70]" classname="org.bitcoinj.utils.BtcFormatTest" time="0.001"/>
  <testcase name="equalityTest[70]" classname="org.bitcoinj.utils.BtcFormatTest" time="0.001"/>
  <testcase name="columnAlignmentTest[70]" classname="org.bitcoinj.utils.BtcFormatTest" time="0"/>
  <testcase name="factoryTest[70]" classname="org.bitcoinj.utils.BtcFormatTest" time="0"/>
  <testcase name="parse[70]" classname="org.bitcoinj.utils.BtcFormatTest" time="0"/>
  <testcase name="btcRounding[70]" classname="org.bitcoinj.utils.BtcFormatTest" time="0.001"/>
  <testcase name="negativeTest[70]" classname="org.bitcoinj.utils.BtcFormatTest" time="0"/>
  <testcase name="millicoinScaleTest[70]" classname="org.bitcoinj.utils.BtcFormatTest" time="0"/>
  <testcase name="toStringTest[70]" classname="org.bitcoinj.utils.BtcFormatTest" time="0.001"/>
  <testcase name="testGrouping[70]" classname="org.bitcoinj.utils.BtcFormatTest" time="0"/>
  <testcase name="symbolsCodesTest[70]" classname="org.bitcoinj.utils.BtcFormatTest" time="0"/>
  <testcase name="defaultLocaleTest[70]" classname="org.bitcoinj.utils.BtcFormatTest" time="0"/>
  <testcase name="parsePositionTest[70]" classname="org.bitcoinj.utils.BtcFormatTest" time="0"/>
  <testcase name="argumentTypeTest[70]" classname="org.bitcoinj.utils.BtcFormatTest" time="0"/>
  <testcase name="characterIteratorTest[70]" classname="org.bitcoinj.utils.BtcFormatTest" time="0"/>
  <testcase name="repeatingPlaceTest[70]" classname="org.bitcoinj.utils.BtcFormatTest" time="0"/>
  <testcase name="currencyCodeTest[70]" classname="org.bitcoinj.utils.BtcFormatTest" time="0.001"/>
  <testcase name="patternDecimalPlaces[70]" classname="org.bitcoinj.utils.BtcFormatTest" time="0"/>
  <testcase name="factoryArgumentsTest[71]" classname="org.bitcoinj.utils.BtcFormatTest" time="0.001"/>
  <testcase name="parseTest[71]" classname="org.bitcoinj.utils.BtcFormatTest" time="0.001"/>
  <testcase name="microcoinScaleTest[71]" classname="org.bitcoinj.utils.BtcFormatTest" time="0"/>
  <testcase name="parseMetricTest[71]" classname="org.bitcoinj.utils.BtcFormatTest" time="0.001"/>
  <testcase name="coinScaleTest[71]" classname="org.bitcoinj.utils.BtcFormatTest" time="0"/>
  <testcase name="builderTest[71]" classname="org.bitcoinj.utils.BtcFormatTest" time="0.002"/>
  <testcase name="attributeTest[71]" classname="org.bitcoinj.utils.BtcFormatTest" time="0"/>
  <testcase name="prefixTest[71]" classname="org.bitcoinj.utils.BtcFormatTest" time="0"/>
  <testcase name="suffixTest[71]" classname="org.bitcoinj.utils.BtcFormatTest" time="0"/>
  <testcase name="autoDecimalTest[71]" classname="org.bitcoinj.utils.BtcFormatTest" time="0.001"/>
  <testcase name="symbolCollisionTest[71]" classname="org.bitcoinj.utils.BtcFormatTest" time="0.001"/>
  <testcase name="equalityTest[71]" classname="org.bitcoinj.utils.BtcFormatTest" time="0.001"/>
  <testcase name="columnAlignmentTest[71]" classname="org.bitcoinj.utils.BtcFormatTest" time="0.001"/>
  <testcase name="factoryTest[71]" classname="org.bitcoinj.utils.BtcFormatTest" time="0"/>
  <testcase name="parse[71]" classname="org.bitcoinj.utils.BtcFormatTest" time="0"/>
  <testcase name="btcRounding[71]" classname="org.bitcoinj.utils.BtcFormatTest" time="0.001"/>
  <testcase name="negativeTest[71]" classname="org.bitcoinj.utils.BtcFormatTest" time="0"/>
  <testcase name="millicoinScaleTest[71]" classname="org.bitcoinj.utils.BtcFormatTest" time="0"/>
  <testcase name="toStringTest[71]" classname="org.bitcoinj.utils.BtcFormatTest" time="0.001"/>
  <testcase name="testGrouping[71]" classname="org.bitcoinj.utils.BtcFormatTest" time="0"/>
  <testcase name="symbolsCodesTest[71]" classname="org.bitcoinj.utils.BtcFormatTest" time="0.001"/>
  <testcase name="defaultLocaleTest[71]" classname="org.bitcoinj.utils.BtcFormatTest" time="0"/>
  <testcase name="parsePositionTest[71]" classname="org.bitcoinj.utils.BtcFormatTest" time="0"/>
  <testcase name="argumentTypeTest[71]" classname="org.bitcoinj.utils.BtcFormatTest" time="0"/>
  <testcase name="characterIteratorTest[71]" classname="org.bitcoinj.utils.BtcFormatTest" time="0.001"/>
  <testcase name="repeatingPlaceTest[71]" classname="org.bitcoinj.utils.BtcFormatTest" time="0"/>
  <testcase name="currencyCodeTest[71]" classname="org.bitcoinj.utils.BtcFormatTest" time="0"/>
  <testcase name="patternDecimalPlaces[71]" classname="org.bitcoinj.utils.BtcFormatTest" time="0"/>
  <testcase name="factoryArgumentsTest[72]" classname="org.bitcoinj.utils.BtcFormatTest" time="0.001"/>
  <testcase name="parseTest[72]" classname="org.bitcoinj.utils.BtcFormatTest" time="0.002"/>
  <testcase name="microcoinScaleTest[72]" classname="org.bitcoinj.utils.BtcFormatTest" time="0"/>
  <testcase name="parseMetricTest[72]" classname="org.bitcoinj.utils.BtcFormatTest" time="0.001"/>
  <testcase name="coinScaleTest[72]" classname="org.bitcoinj.utils.BtcFormatTest" time="0"/>
  <testcase name="builderTest[72]" classname="org.bitcoinj.utils.BtcFormatTest" time="0.001"/>
  <testcase name="attributeTest[72]" classname="org.bitcoinj.utils.BtcFormatTest" time="0.001"/>
  <testcase name="prefixTest[72]" classname="org.bitcoinj.utils.BtcFormatTest" time="0"/>
  <testcase name="suffixTest[72]" classname="org.bitcoinj.utils.BtcFormatTest" time="0"/>
  <testcase name="autoDecimalTest[72]" classname="org.bitcoinj.utils.BtcFormatTest" time="0.001"/>
  <testcase name="symbolCollisionTest[72]" classname="org.bitcoinj.utils.BtcFormatTest" time="0"/>
  <testcase name="equalityTest[72]" classname="org.bitcoinj.utils.BtcFormatTest" time="0.002"/>
  <testcase name="columnAlignmentTest[72]" classname="org.bitcoinj.utils.BtcFormatTest" time="0"/>
  <testcase name="factoryTest[72]" classname="org.bitcoinj.utils.BtcFormatTest" time="0"/>
  <testcase name="parse[72]" classname="org.bitcoinj.utils.BtcFormatTest" time="0"/>
  <testcase name="btcRounding[72]" classname="org.bitcoinj.utils.BtcFormatTest" time="0.001"/>
  <testcase name="negativeTest[72]" classname="org.bitcoinj.utils.BtcFormatTest" time="0.001"/>
  <testcase name="millicoinScaleTest[72]" classname="org.bitcoinj.utils.BtcFormatTest" time="0"/>
  <testcase name="toStringTest[72]" classname="org.bitcoinj.utils.BtcFormatTest" time="0"/>
  <testcase name="testGrouping[72]" classname="org.bitcoinj.utils.BtcFormatTest" time="0"/>
  <testcase name="symbolsCodesTest[72]" classname="org.bitcoinj.utils.BtcFormatTest" time="0"/>
  <testcase name="defaultLocaleTest[72]" classname="org.bitcoinj.utils.BtcFormatTest" time="0"/>
  <testcase name="parsePositionTest[72]" classname="org.bitcoinj.utils.BtcFormatTest" time="0"/>
  <testcase name="argumentTypeTest[72]" classname="org.bitcoinj.utils.BtcFormatTest" time="0.001"/>
  <testcase name="characterIteratorTest[72]" classname="org.bitcoinj.utils.BtcFormatTest" time="0.001"/>
  <testcase name="repeatingPlaceTest[72]" classname="org.bitcoinj.utils.BtcFormatTest" time="0"/>
  <testcase name="currencyCodeTest[72]" classname="org.bitcoinj.utils.BtcFormatTest" time="0"/>
  <testcase name="patternDecimalPlaces[72]" classname="org.bitcoinj.utils.BtcFormatTest" time="0"/>
  <testcase name="factoryArgumentsTest[73]" classname="org.bitcoinj.utils.BtcFormatTest" time="0.002"/>
  <testcase name="parseTest[73]" classname="org.bitcoinj.utils.BtcFormatTest" time="0.001"/>
  <testcase name="microcoinScaleTest[73]" classname="org.bitcoinj.utils.BtcFormatTest" time="0"/>
  <testcase name="parseMetricTest[73]" classname="org.bitcoinj.utils.BtcFormatTest" time="0.001"/>
  <testcase name="coinScaleTest[73]" classname="org.bitcoinj.utils.BtcFormatTest" time="0"/>
  <testcase name="builderTest[73]" classname="org.bitcoinj.utils.BtcFormatTest" time="0.002"/>
  <testcase name="attributeTest[73]" classname="org.bitcoinj.utils.BtcFormatTest" time="0"/>
  <testcase name="prefixTest[73]" classname="org.bitcoinj.utils.BtcFormatTest" time="0"/>
  <testcase name="suffixTest[73]" classname="org.bitcoinj.utils.BtcFormatTest" time="0.001"/>
  <testcase name="autoDecimalTest[73]" classname="org.bitcoinj.utils.BtcFormatTest" time="0"/>
  <testcase name="symbolCollisionTest[73]" classname="org.bitcoinj.utils.BtcFormatTest" time="0.001"/>
  <testcase name="equalityTest[73]" classname="org.bitcoinj.utils.BtcFormatTest" time="0.001"/>
  <testcase name="columnAlignmentTest[73]" classname="org.bitcoinj.utils.BtcFormatTest" time="0"/>
  <testcase name="factoryTest[73]" classname="org.bitcoinj.utils.BtcFormatTest" time="0"/>
  <testcase name="parse[73]" classname="org.bitcoinj.utils.BtcFormatTest" time="0"/>
  <testcase name="btcRounding[73]" classname="org.bitcoinj.utils.BtcFormatTest" time="0.001"/>
  <testcase name="negativeTest[73]" classname="org.bitcoinj.utils.BtcFormatTest" time="0"/>
  <testcase name="millicoinScaleTest[73]" classname="org.bitcoinj.utils.BtcFormatTest" time="0.001"/>
  <testcase name="toStringTest[73]" classname="org.bitcoinj.utils.BtcFormatTest" time="0.005"/>
  <testcase name="testGrouping[73]" classname="org.bitcoinj.utils.BtcFormatTest" time="0.004"/>
  <testcase name="symbolsCodesTest[73]" classname="org.bitcoinj.utils.BtcFormatTest" time="0"/>
  <testcase name="defaultLocaleTest[73]" classname="org.bitcoinj.utils.BtcFormatTest" time="0"/>
  <testcase name="parsePositionTest[73]" classname="org.bitcoinj.utils.BtcFormatTest" time="0"/>
  <testcase name="argumentTypeTest[73]" classname="org.bitcoinj.utils.BtcFormatTest" time="0"/>
  <testcase name="characterIteratorTest[73]" classname="org.bitcoinj.utils.BtcFormatTest" time="0"/>
  <testcase name="repeatingPlaceTest[73]" classname="org.bitcoinj.utils.BtcFormatTest" time="0"/>
  <testcase name="currencyCodeTest[73]" classname="org.bitcoinj.utils.BtcFormatTest" time="0"/>
  <testcase name="patternDecimalPlaces[73]" classname="org.bitcoinj.utils.BtcFormatTest" time="0"/>
  <testcase name="factoryArgumentsTest[74]" classname="org.bitcoinj.utils.BtcFormatTest" time="0"/>
  <testcase name="parseTest[74]" classname="org.bitcoinj.utils.BtcFormatTest" time="0"/>
  <testcase name="microcoinScaleTest[74]" classname="org.bitcoinj.utils.BtcFormatTest" time="0"/>
  <testcase name="parseMetricTest[74]" classname="org.bitcoinj.utils.BtcFormatTest" time="0.004"/>
  <testcase name="coinScaleTest[74]" classname="org.bitcoinj.utils.BtcFormatTest" time="0"/>
  <testcase name="builderTest[74]" classname="org.bitcoinj.utils.BtcFormatTest" time="0"/>
  <testcase name="attributeTest[74]" classname="org.bitcoinj.utils.BtcFormatTest" time="0"/>
  <testcase name="prefixTest[74]" classname="org.bitcoinj.utils.BtcFormatTest" time="0.001"/>
  <testcase name="suffixTest[74]" classname="org.bitcoinj.utils.BtcFormatTest" time="0"/>
  <testcase name="autoDecimalTest[74]" classname="org.bitcoinj.utils.BtcFormatTest" time="0.001"/>
  <testcase name="symbolCollisionTest[74]" classname="org.bitcoinj.utils.BtcFormatTest" time="0.001"/>
  <testcase name="equalityTest[74]" classname="org.bitcoinj.utils.BtcFormatTest" time="0.003"/>
  <testcase name="columnAlignmentTest[74]" classname="org.bitcoinj.utils.BtcFormatTest" time="0"/>
  <testcase name="factoryTest[74]" classname="org.bitcoinj.utils.BtcFormatTest" time="0"/>
  <testcase name="parse[74]" classname="org.bitcoinj.utils.BtcFormatTest" time="0"/>
  <testcase name="btcRounding[74]" classname="org.bitcoinj.utils.BtcFormatTest" time="0.002"/>
  <testcase name="negativeTest[74]" classname="org.bitcoinj.utils.BtcFormatTest" time="0.001"/>
  <testcase name="millicoinScaleTest[74]" classname="org.bitcoinj.utils.BtcFormatTest" time="0"/>
  <testcase name="toStringTest[74]" classname="org.bitcoinj.utils.BtcFormatTest" time="0.001"/>
  <testcase name="testGrouping[74]" classname="org.bitcoinj.utils.BtcFormatTest" time="0"/>
  <testcase name="symbolsCodesTest[74]" classname="org.bitcoinj.utils.BtcFormatTest" time="0.001"/>
  <testcase name="defaultLocaleTest[74]" classname="org.bitcoinj.utils.BtcFormatTest" time="0"/>
  <testcase name="parsePositionTest[74]" classname="org.bitcoinj.utils.BtcFormatTest" time="0"/>
  <testcase name="argumentTypeTest[74]" classname="org.bitcoinj.utils.BtcFormatTest" time="0.001"/>
  <testcase name="characterIteratorTest[74]" classname="org.bitcoinj.utils.BtcFormatTest" time="0"/>
  <testcase name="repeatingPlaceTest[74]" classname="org.bitcoinj.utils.BtcFormatTest" time="0.001"/>
  <testcase name="currencyCodeTest[74]" classname="org.bitcoinj.utils.BtcFormatTest" time="0"/>
  <testcase name="patternDecimalPlaces[74]" classname="org.bitcoinj.utils.BtcFormatTest" time="0"/>
  <testcase name="factoryArgumentsTest[75]" classname="org.bitcoinj.utils.BtcFormatTest" time="0.002"/>
  <testcase name="parseTest[75]" classname="org.bitcoinj.utils.BtcFormatTest" time="0.005"/>
  <testcase name="microcoinScaleTest[75]" classname="org.bitcoinj.utils.BtcFormatTest" time="0"/>
  <testcase name="parseMetricTest[75]" classname="org.bitcoinj.utils.BtcFormatTest" time="0.002"/>
  <testcase name="coinScaleTest[75]" classname="org.bitcoinj.utils.BtcFormatTest" time="0"/>
  <testcase name="builderTest[75]" classname="org.bitcoinj.utils.BtcFormatTest" time="0.002"/>
  <testcase name="attributeTest[75]" classname="org.bitcoinj.utils.BtcFormatTest" time="0"/>
  <testcase name="prefixTest[75]" classname="org.bitcoinj.utils.BtcFormatTest" time="0"/>
  <testcase name="suffixTest[75]" classname="org.bitcoinj.utils.BtcFormatTest" time="0"/>
  <testcase name="autoDecimalTest[75]" classname="org.bitcoinj.utils.BtcFormatTest" time="0.001"/>
  <testcase name="symbolCollisionTest[75]" classname="org.bitcoinj.utils.BtcFormatTest" time="0.001"/>
  <testcase name="equalityTest[75]" classname="org.bitcoinj.utils.BtcFormatTest" time="0.003"/>
  <testcase name="columnAlignmentTest[75]" classname="org.bitcoinj.utils.BtcFormatTest" time="0"/>
  <testcase name="factoryTest[75]" classname="org.bitcoinj.utils.BtcFormatTest" time="0.001"/>
  <testcase name="parse[75]" classname="org.bitcoinj.utils.BtcFormatTest" time="0"/>
  <testcase name="btcRounding[75]" classname="org.bitcoinj.utils.BtcFormatTest" time="0.001"/>
  <testcase name="negativeTest[75]" classname="org.bitcoinj.utils.BtcFormatTest" time="0.001"/>
  <testcase name="millicoinScaleTest[75]" classname="org.bitcoinj.utils.BtcFormatTest" time="0"/>
  <testcase name="toStringTest[75]" classname="org.bitcoinj.utils.BtcFormatTest" time="0.001"/>
  <testcase name="testGrouping[75]" classname="org.bitcoinj.utils.BtcFormatTest" time="0"/>
  <testcase name="symbolsCodesTest[75]" classname="org.bitcoinj.utils.BtcFormatTest" time="0.001"/>
  <testcase name="defaultLocaleTest[75]" classname="org.bitcoinj.utils.BtcFormatTest" time="0"/>
  <testcase name="parsePositionTest[75]" classname="org.bitcoinj.utils.BtcFormatTest" time="0.001"/>
  <testcase name="argumentTypeTest[75]" classname="org.bitcoinj.utils.BtcFormatTest" time="0"/>
  <testcase name="characterIteratorTest[75]" classname="org.bitcoinj.utils.BtcFormatTest" time="0.001"/>
  <testcase name="repeatingPlaceTest[75]" classname="org.bitcoinj.utils.BtcFormatTest" time="0.001"/>
  <testcase name="currencyCodeTest[75]" classname="org.bitcoinj.utils.BtcFormatTest" time="0"/>
  <testcase name="patternDecimalPlaces[75]" classname="org.bitcoinj.utils.BtcFormatTest" time="0"/>
  <testcase name="factoryArgumentsTest[76]" classname="org.bitcoinj.utils.BtcFormatTest" time="0.002"/>
  <testcase name="parseTest[76]" classname="org.bitcoinj.utils.BtcFormatTest" time="0.003"/>
  <testcase name="microcoinScaleTest[76]" classname="org.bitcoinj.utils.BtcFormatTest" time="0"/>
  <testcase name="parseMetricTest[76]" classname="org.bitcoinj.utils.BtcFormatTest" time="0.002"/>
  <testcase name="coinScaleTest[76]" classname="org.bitcoinj.utils.BtcFormatTest" time="0"/>
  <testcase name="builderTest[76]" classname="org.bitcoinj.utils.BtcFormatTest" time="0.002"/>
  <testcase name="attributeTest[76]" classname="org.bitcoinj.utils.BtcFormatTest" time="0"/>
  <testcase name="prefixTest[76]" classname="org.bitcoinj.utils.BtcFormatTest" time="0.001"/>
  <testcase name="suffixTest[76]" classname="org.bitcoinj.utils.BtcFormatTest" time="0"/>
  <testcase name="autoDecimalTest[76]" classname="org.bitcoinj.utils.BtcFormatTest" time="0.001"/>
  <testcase name="symbolCollisionTest[76]" classname="org.bitcoinj.utils.BtcFormatTest" time="0.001"/>
  <testcase name="equalityTest[76]" classname="org.bitcoinj.utils.BtcFormatTest" time="0.002"/>
  <testcase name="columnAlignmentTest[76]" classname="org.bitcoinj.utils.BtcFormatTest" time="0.001"/>
  <testcase name="factoryTest[76]" classname="org.bitcoinj.utils.BtcFormatTest" time="0"/>
  <testcase name="parse[76]" classname="org.bitcoinj.utils.BtcFormatTest" time="0"/>
  <testcase name="btcRounding[76]" classname="org.bitcoinj.utils.BtcFormatTest" time="0.002"/>
  <testcase name="negativeTest[76]" classname="org.bitcoinj.utils.BtcFormatTest" time="0"/>
  <testcase name="millicoinScaleTest[76]" classname="org.bitcoinj.utils.BtcFormatTest" time="0.001"/>
  <testcase name="toStringTest[76]" classname="org.bitcoinj.utils.BtcFormatTest" time="0"/>
  <testcase name="testGrouping[76]" classname="org.bitcoinj.utils.BtcFormatTest" time="0.001"/>
  <testcase name="symbolsCodesTest[76]" classname="org.bitcoinj.utils.BtcFormatTest" time="0"/>
  <testcase name="defaultLocaleTest[76]" classname="org.bitcoinj.utils.BtcFormatTest" time="0.001"/>
  <testcase name="parsePositionTest[76]" classname="org.bitcoinj.utils.BtcFormatTest" time="0"/>
  <testcase name="argumentTypeTest[76]" classname="org.bitcoinj.utils.BtcFormatTest" time="0.001"/>
  <testcase name="characterIteratorTest[76]" classname="org.bitcoinj.utils.BtcFormatTest" time="0"/>
  <testcase name="repeatingPlaceTest[76]" classname="org.bitcoinj.utils.BtcFormatTest" time="0.001"/>
  <testcase name="currencyCodeTest[76]" classname="org.bitcoinj.utils.BtcFormatTest" time="0"/>
  <testcase name="patternDecimalPlaces[76]" classname="org.bitcoinj.utils.BtcFormatTest" time="0"/>
  <testcase name="factoryArgumentsTest[77]" classname="org.bitcoinj.utils.BtcFormatTest" time="0.001"/>
  <testcase name="parseTest[77]" classname="org.bitcoinj.utils.BtcFormatTest" time="0.003"/>
  <testcase name="microcoinScaleTest[77]" classname="org.bitcoinj.utils.BtcFormatTest" time="0"/>
  <testcase name="parseMetricTest[77]" classname="org.bitcoinj.utils.BtcFormatTest" time="0.001"/>
  <testcase name="coinScaleTest[77]" classname="org.bitcoinj.utils.BtcFormatTest" time="0.001"/>
  <testcase name="builderTest[77]" classname="org.bitcoinj.utils.BtcFormatTest" time="0.002"/>
  <testcase name="attributeTest[77]" classname="org.bitcoinj.utils.BtcFormatTest" time="0"/>
  <testcase name="prefixTest[77]" classname="org.bitcoinj.utils.BtcFormatTest" time="0"/>
  <testcase name="suffixTest[77]" classname="org.bitcoinj.utils.BtcFormatTest" time="0.001"/>
  <testcase name="autoDecimalTest[77]" classname="org.bitcoinj.utils.BtcFormatTest" time="0.001"/>
  <testcase name="symbolCollisionTest[77]" classname="org.bitcoinj.utils.BtcFormatTest" time="0.001"/>
  <testcase name="equalityTest[77]" classname="org.bitcoinj.utils.BtcFormatTest" time="0.002"/>
  <testcase name="columnAlignmentTest[77]" classname="org.bitcoinj.utils.BtcFormatTest" time="0.001"/>
  <testcase name="factoryTest[77]" classname="org.bitcoinj.utils.BtcFormatTest" time="0"/>
  <testcase name="parse[77]" classname="org.bitcoinj.utils.BtcFormatTest" time="0"/>
  <testcase name="btcRounding[77]" classname="org.bitcoinj.utils.BtcFormatTest" time="0.002"/>
  <testcase name="negativeTest[77]" classname="org.bitcoinj.utils.BtcFormatTest" time="0"/>
  <testcase name="millicoinScaleTest[77]" classname="org.bitcoinj.utils.BtcFormatTest" time="0.001"/>
  <testcase name="toStringTest[77]" classname="org.bitcoinj.utils.BtcFormatTest" time="0.001"/>
  <testcase name="testGrouping[77]" classname="org.bitcoinj.utils.BtcFormatTest" time="0"/>
  <testcase name="symbolsCodesTest[77]" classname="org.bitcoinj.utils.BtcFormatTest" time="0.001"/>
  <testcase name="defaultLocaleTest[77]" classname="org.bitcoinj.utils.BtcFormatTest" time="0"/>
  <testcase name="parsePositionTest[77]" classname="org.bitcoinj.utils.BtcFormatTest" time="0"/>
  <testcase name="argumentTypeTest[77]" classname="org.bitcoinj.utils.BtcFormatTest" time="0.001"/>
  <testcase name="characterIteratorTest[77]" classname="org.bitcoinj.utils.BtcFormatTest" time="0"/>
  <testcase name="repeatingPlaceTest[77]" classname="org.bitcoinj.utils.BtcFormatTest" time="0"/>
  <testcase name="currencyCodeTest[77]" classname="org.bitcoinj.utils.BtcFormatTest" time="0"/>
  <testcase name="patternDecimalPlaces[77]" classname="org.bitcoinj.utils.BtcFormatTest" time="0"/>
  <testcase name="factoryArgumentsTest[78]" classname="org.bitcoinj.utils.BtcFormatTest" time="0.002"/>
  <testcase name="parseTest[78]" classname="org.bitcoinj.utils.BtcFormatTest" time="0.002"/>
  <testcase name="microcoinScaleTest[78]" classname="org.bitcoinj.utils.BtcFormatTest" time="0"/>
  <testcase name="parseMetricTest[78]" classname="org.bitcoinj.utils.BtcFormatTest" time="0.002"/>
  <testcase name="coinScaleTest[78]" classname="org.bitcoinj.utils.BtcFormatTest" time="0"/>
  <testcase name="builderTest[78]" classname="org.bitcoinj.utils.BtcFormatTest" time="0.002"/>
  <testcase name="attributeTest[78]" classname="org.bitcoinj.utils.BtcFormatTest" time="0"/>
  <testcase name="prefixTest[78]" classname="org.bitcoinj.utils.BtcFormatTest" time="0"/>
  <testcase name="suffixTest[78]" classname="org.bitcoinj.utils.BtcFormatTest" time="0"/>
  <testcase name="autoDecimalTest[78]" classname="org.bitcoinj.utils.BtcFormatTest" time="0.002"/>
  <testcase name="symbolCollisionTest[78]" classname="org.bitcoinj.utils.BtcFormatTest" time="0.001"/>
  <testcase name="equalityTest[78]" classname="org.bitcoinj.utils.BtcFormatTest" time="0.002"/>
  <testcase name="columnAlignmentTest[78]" classname="org.bitcoinj.utils.BtcFormatTest" time="0"/>
  <testcase name="factoryTest[78]" classname="org.bitcoinj.utils.BtcFormatTest" time="0.001"/>
  <testcase name="parse[78]" classname="org.bitcoinj.utils.BtcFormatTest" time="0"/>
  <testcase name="btcRounding[78]" classname="org.bitcoinj.utils.BtcFormatTest" time="0.001"/>
  <testcase name="negativeTest[78]" classname="org.bitcoinj.utils.BtcFormatTest" time="0.001"/>
  <testcase name="millicoinScaleTest[78]" classname="org.bitcoinj.utils.BtcFormatTest" time="0"/>
  <testcase name="toStringTest[78]" classname="org.bitcoinj.utils.BtcFormatTest" time="0.001"/>
  <testcase name="testGrouping[78]" classname="org.bitcoinj.utils.BtcFormatTest" time="0"/>
  <testcase name="symbolsCodesTest[78]" classname="org.bitcoinj.utils.BtcFormatTest" time="0.001"/>
  <testcase name="defaultLocaleTest[78]" classname="org.bitcoinj.utils.BtcFormatTest" time="0"/>
  <testcase name="parsePositionTest[78]" classname="org.bitcoinj.utils.BtcFormatTest" time="0.001"/>
  <testcase name="argumentTypeTest[78]" classname="org.bitcoinj.utils.BtcFormatTest" time="0"/>
  <testcase name="characterIteratorTest[78]" classname="org.bitcoinj.utils.BtcFormatTest" time="0"/>
  <testcase name="repeatingPlaceTest[78]" classname="org.bitcoinj.utils.BtcFormatTest" time="0"/>
  <testcase name="currencyCodeTest[78]" classname="org.bitcoinj.utils.BtcFormatTest" time="0"/>
  <testcase name="patternDecimalPlaces[78]" classname="org.bitcoinj.utils.BtcFormatTest" time="0"/>
  <testcase name="factoryArgumentsTest[79]" classname="org.bitcoinj.utils.BtcFormatTest" time="0"/>
  <testcase name="parseTest[79]" classname="org.bitcoinj.utils.BtcFormatTest" time="0.003"/>
  <testcase name="microcoinScaleTest[79]" classname="org.bitcoinj.utils.BtcFormatTest" time="0"/>
  <testcase name="parseMetricTest[79]" classname="org.bitcoinj.utils.BtcFormatTest" time="0.001"/>
  <testcase name="coinScaleTest[79]" classname="org.bitcoinj.utils.BtcFormatTest" time="0"/>
  <testcase name="builderTest[79]" classname="org.bitcoinj.utils.BtcFormatTest" time="0.003"/>
  <testcase name="attributeTest[79]" classname="org.bitcoinj.utils.BtcFormatTest" time="0"/>
  <testcase name="prefixTest[79]" classname="org.bitcoinj.utils.BtcFormatTest" time="0"/>
  <testcase name="suffixTest[79]" classname="org.bitcoinj.utils.BtcFormatTest" time="0"/>
  <testcase name="autoDecimalTest[79]" classname="org.bitcoinj.utils.BtcFormatTest" time="0.001"/>
  <testcase name="symbolCollisionTest[79]" classname="org.bitcoinj.utils.BtcFormatTest" time="0.001"/>
  <testcase name="equalityTest[79]" classname="org.bitcoinj.utils.BtcFormatTest" time="0.002"/>
  <testcase name="columnAlignmentTest[79]" classname="org.bitcoinj.utils.BtcFormatTest" time="0"/>
  <testcase name="factoryTest[79]" classname="org.bitcoinj.utils.BtcFormatTest" time="0.001"/>
  <testcase name="parse[79]" classname="org.bitcoinj.utils.BtcFormatTest" time="0"/>
  <testcase name="btcRounding[79]" classname="org.bitcoinj.utils.BtcFormatTest" time="0.001"/>
  <testcase name="negativeTest[79]" classname="org.bitcoinj.utils.BtcFormatTest" time="0.001"/>
  <testcase name="millicoinScaleTest[79]" classname="org.bitcoinj.utils.BtcFormatTest" time="0"/>
  <testcase name="toStringTest[79]" classname="org.bitcoinj.utils.BtcFormatTest" time="0.001"/>
  <testcase name="testGrouping[79]" classname="org.bitcoinj.utils.BtcFormatTest" time="0"/>
  <testcase name="symbolsCodesTest[79]" classname="org.bitcoinj.utils.BtcFormatTest" time="0.001"/>
  <testcase name="defaultLocaleTest[79]" classname="org.bitcoinj.utils.BtcFormatTest" time="0"/>
  <testcase name="parsePositionTest[79]" classname="org.bitcoinj.utils.BtcFormatTest" time="0"/>
  <testcase name="argumentTypeTest[79]" classname="org.bitcoinj.utils.BtcFormatTest" time="0.001"/>
  <testcase name="characterIteratorTest[79]" classname="org.bitcoinj.utils.BtcFormatTest" time="0.001"/>
  <testcase name="repeatingPlaceTest[79]" classname="org.bitcoinj.utils.BtcFormatTest" time="0"/>
  <testcase name="currencyCodeTest[79]" classname="org.bitcoinj.utils.BtcFormatTest" time="0"/>
  <testcase name="patternDecimalPlaces[79]" classname="org.bitcoinj.utils.BtcFormatTest" time="0"/>
  <testcase name="factoryArgumentsTest[80]" classname="org.bitcoinj.utils.BtcFormatTest" time="0.001"/>
  <testcase name="parseTest[80]" classname="org.bitcoinj.utils.BtcFormatTest" time="0.001"/>
  <testcase name="microcoinScaleTest[80]" classname="org.bitcoinj.utils.BtcFormatTest" time="0.001"/>
  <testcase name="parseMetricTest[80]" classname="org.bitcoinj.utils.BtcFormatTest" time="0"/>
  <testcase name="coinScaleTest[80]" classname="org.bitcoinj.utils.BtcFormatTest" time="0"/>
  <testcase name="builderTest[80]" classname="org.bitcoinj.utils.BtcFormatTest" time="0.002"/>
  <testcase name="attributeTest[80]" classname="org.bitcoinj.utils.BtcFormatTest" time="0"/>
  <testcase name="prefixTest[80]" classname="org.bitcoinj.utils.BtcFormatTest" time="0"/>
  <testcase name="suffixTest[80]" classname="org.bitcoinj.utils.BtcFormatTest" time="0"/>
  <testcase name="autoDecimalTest[80]" classname="org.bitcoinj.utils.BtcFormatTest" time="0.001"/>
  <testcase name="symbolCollisionTest[80]" classname="org.bitcoinj.utils.BtcFormatTest" time="0.001"/>
  <testcase name="equalityTest[80]" classname="org.bitcoinj.utils.BtcFormatTest" time="0.001"/>
  <testcase name="columnAlignmentTest[80]" classname="org.bitcoinj.utils.BtcFormatTest" time="0"/>
  <testcase name="factoryTest[80]" classname="org.bitcoinj.utils.BtcFormatTest" time="0"/>
  <testcase name="parse[80]" classname="org.bitcoinj.utils.BtcFormatTest" time="0.001"/>
  <testcase name="btcRounding[80]" classname="org.bitcoinj.utils.BtcFormatTest" time="0"/>
  <testcase name="negativeTest[80]" classname="org.bitcoinj.utils.BtcFormatTest" time="0"/>
  <testcase name="millicoinScaleTest[80]" classname="org.bitcoinj.utils.BtcFormatTest" time="0"/>
  <testcase name="toStringTest[80]" classname="org.bitcoinj.utils.BtcFormatTest" time="0"/>
  <testcase name="testGrouping[80]" classname="org.bitcoinj.utils.BtcFormatTest" time="0.001"/>
  <testcase name="symbolsCodesTest[80]" classname="org.bitcoinj.utils.BtcFormatTest" time="0"/>
  <testcase name="defaultLocaleTest[80]" classname="org.bitcoinj.utils.BtcFormatTest" time="0"/>
  <testcase name="parsePositionTest[80]" classname="org.bitcoinj.utils.BtcFormatTest" time="0"/>
  <testcase name="argumentTypeTest[80]" classname="org.bitcoinj.utils.BtcFormatTest" time="0.001"/>
  <testcase name="characterIteratorTest[80]" classname="org.bitcoinj.utils.BtcFormatTest" time="0"/>
  <testcase name="repeatingPlaceTest[80]" classname="org.bitcoinj.utils.BtcFormatTest" time="0"/>
  <testcase name="currencyCodeTest[80]" classname="org.bitcoinj.utils.BtcFormatTest" time="0"/>
  <testcase name="patternDecimalPlaces[80]" classname="org.bitcoinj.utils.BtcFormatTest" time="0"/>
  <testcase name="factoryArgumentsTest[81]" classname="org.bitcoinj.utils.BtcFormatTest" time="0"/>
  <testcase name="parseTest[81]" classname="org.bitcoinj.utils.BtcFormatTest" time="0.002"/>
  <testcase name="microcoinScaleTest[81]" classname="org.bitcoinj.utils.BtcFormatTest" time="0"/>
  <testcase name="parseMetricTest[81]" classname="org.bitcoinj.utils.BtcFormatTest" time="0.001"/>
  <testcase name="coinScaleTest[81]" classname="org.bitcoinj.utils.BtcFormatTest" time="0"/>
  <testcase name="builderTest[81]" classname="org.bitcoinj.utils.BtcFormatTest" time="0.001"/>
  <testcase name="attributeTest[81]" classname="org.bitcoinj.utils.BtcFormatTest" time="0"/>
  <testcase name="prefixTest[81]" classname="org.bitcoinj.utils.BtcFormatTest" time="0.001"/>
  <testcase name="suffixTest[81]" classname="org.bitcoinj.utils.BtcFormatTest" time="0"/>
  <testcase name="autoDecimalTest[81]" classname="org.bitcoinj.utils.BtcFormatTest" time="0.001"/>
  <testcase name="symbolCollisionTest[81]" classname="org.bitcoinj.utils.BtcFormatTest" time="0"/>
  <testcase name="equalityTest[81]" classname="org.bitcoinj.utils.BtcFormatTest" time="0.001"/>
  <testcase name="columnAlignmentTest[81]" classname="org.bitcoinj.utils.BtcFormatTest" time="0.001"/>
  <testcase name="factoryTest[81]" classname="org.bitcoinj.utils.BtcFormatTest" time="0"/>
  <testcase name="parse[81]" classname="org.bitcoinj.utils.BtcFormatTest" time="0"/>
  <testcase name="btcRounding[81]" classname="org.bitcoinj.utils.BtcFormatTest" time="0.02"/>
  <testcase name="negativeTest[81]" classname="org.bitcoinj.utils.BtcFormatTest" time="0.001"/>
  <testcase name="millicoinScaleTest[81]" classname="org.bitcoinj.utils.BtcFormatTest" time="0"/>
  <testcase name="toStringTest[81]" classname="org.bitcoinj.utils.BtcFormatTest" time="0.001"/>
  <testcase name="testGrouping[81]" classname="org.bitcoinj.utils.BtcFormatTest" time="0"/>
  <testcase name="symbolsCodesTest[81]" classname="org.bitcoinj.utils.BtcFormatTest" time="0.001"/>
  <testcase name="defaultLocaleTest[81]" classname="org.bitcoinj.utils.BtcFormatTest" time="0"/>
  <testcase name="parsePositionTest[81]" classname="org.bitcoinj.utils.BtcFormatTest" time="0"/>
  <testcase name="argumentTypeTest[81]" classname="org.bitcoinj.utils.BtcFormatTest" time="0.001"/>
  <testcase name="characterIteratorTest[81]" classname="org.bitcoinj.utils.BtcFormatTest" time="0"/>
  <testcase name="repeatingPlaceTest[81]" classname="org.bitcoinj.utils.BtcFormatTest" time="0.001"/>
  <testcase name="currencyCodeTest[81]" classname="org.bitcoinj.utils.BtcFormatTest" time="0"/>
  <testcase name="patternDecimalPlaces[81]" classname="org.bitcoinj.utils.BtcFormatTest" time="0"/>
  <testcase name="factoryArgumentsTest[82]" classname="org.bitcoinj.utils.BtcFormatTest" time="0.001"/>
  <testcase name="parseTest[82]" classname="org.bitcoinj.utils.BtcFormatTest" time="0.003"/>
  <testcase name="microcoinScaleTest[82]" classname="org.bitcoinj.utils.BtcFormatTest" time="0"/>
  <testcase name="parseMetricTest[82]" classname="org.bitcoinj.utils.BtcFormatTest" time="0.001"/>
  <testcase name="coinScaleTest[82]" classname="org.bitcoinj.utils.BtcFormatTest" time="0.001"/>
  <testcase name="builderTest[82]" classname="org.bitcoinj.utils.BtcFormatTest" time="0.002"/>
  <testcase name="attributeTest[82]" classname="org.bitcoinj.utils.BtcFormatTest" time="0"/>
  <testcase name="prefixTest[82]" classname="org.bitcoinj.utils.BtcFormatTest" time="0"/>
  <testcase name="suffixTest[82]" classname="org.bitcoinj.utils.BtcFormatTest" time="0"/>
  <testcase name="autoDecimalTest[82]" classname="org.bitcoinj.utils.BtcFormatTest" time="0.001"/>
  <testcase name="symbolCollisionTest[82]" classname="org.bitcoinj.utils.BtcFormatTest" time="0.001"/>
  <testcase name="equalityTest[82]" classname="org.bitcoinj.utils.BtcFormatTest" time="0.002"/>
  <testcase name="columnAlignmentTest[82]" classname="org.bitcoinj.utils.BtcFormatTest" time="0"/>
  <testcase name="factoryTest[82]" classname="org.bitcoinj.utils.BtcFormatTest" time="0"/>
  <testcase name="parse[82]" classname="org.bitcoinj.utils.BtcFormatTest" time="0"/>
  <testcase name="btcRounding[82]" classname="org.bitcoinj.utils.BtcFormatTest" time="0.002"/>
  <testcase name="negativeTest[82]" classname="org.bitcoinj.utils.BtcFormatTest" time="0"/>
  <testcase name="millicoinScaleTest[82]" classname="org.bitcoinj.utils.BtcFormatTest" time="0.001"/>
  <testcase name="toStringTest[82]" classname="org.bitcoinj.utils.BtcFormatTest" time="0"/>
  <testcase name="testGrouping[82]" classname="org.bitcoinj.utils.BtcFormatTest" time="0.001"/>
  <testcase name="symbolsCodesTest[82]" classname="org.bitcoinj.utils.BtcFormatTest" time="0"/>
  <testcase name="defaultLocaleTest[82]" classname="org.bitcoinj.utils.BtcFormatTest" time="0"/>
  <testcase name="parsePositionTest[82]" classname="org.bitcoinj.utils.BtcFormatTest" time="0.001"/>
  <testcase name="argumentTypeTest[82]" classname="org.bitcoinj.utils.BtcFormatTest" time="0.001"/>
  <testcase name="characterIteratorTest[82]" classname="org.bitcoinj.utils.BtcFormatTest" time="0"/>
  <testcase name="repeatingPlaceTest[82]" classname="org.bitcoinj.utils.BtcFormatTest" time="0"/>
  <testcase name="currencyCodeTest[82]" classname="org.bitcoinj.utils.BtcFormatTest" time="0"/>
  <testcase name="patternDecimalPlaces[82]" classname="org.bitcoinj.utils.BtcFormatTest" time="0"/>
  <testcase name="factoryArgumentsTest[83]" classname="org.bitcoinj.utils.BtcFormatTest" time="0.002"/>
  <testcase name="parseTest[83]" classname="org.bitcoinj.utils.BtcFormatTest" time="0.002"/>
  <testcase name="microcoinScaleTest[83]" classname="org.bitcoinj.utils.BtcFormatTest" time="0"/>
  <testcase name="parseMetricTest[83]" classname="org.bitcoinj.utils.BtcFormatTest" time="0.002"/>
  <testcase name="coinScaleTest[83]" classname="org.bitcoinj.utils.BtcFormatTest" time="0"/>
  <testcase name="builderTest[83]" classname="org.bitcoinj.utils.BtcFormatTest" time="0.002"/>
  <testcase name="attributeTest[83]" classname="org.bitcoinj.utils.BtcFormatTest" time="0"/>
  <testcase name="prefixTest[83]" classname="org.bitcoinj.utils.BtcFormatTest" time="0"/>
  <testcase name="suffixTest[83]" classname="org.bitcoinj.utils.BtcFormatTest" time="0.001"/>
  <testcase name="autoDecimalTest[83]" classname="org.bitcoinj.utils.BtcFormatTest" time="0.001"/>
  <testcase name="symbolCollisionTest[83]" classname="org.bitcoinj.utils.BtcFormatTest" time="0.001"/>
  <testcase name="equalityTest[83]" classname="org.bitcoinj.utils.BtcFormatTest" time="0.002"/>
  <testcase name="columnAlignmentTest[83]" classname="org.bitcoinj.utils.BtcFormatTest" time="0.001"/>
  <testcase name="factoryTest[83]" classname="org.bitcoinj.utils.BtcFormatTest" time="0"/>
  <testcase name="parse[83]" classname="org.bitcoinj.utils.BtcFormatTest" time="0"/>
  <testcase name="btcRounding[83]" classname="org.bitcoinj.utils.BtcFormatTest" time="0.003"/>
  <testcase name="negativeTest[83]" classname="org.bitcoinj.utils.BtcFormatTest" time="0.001"/>
  <testcase name="millicoinScaleTest[83]" classname="org.bitcoinj.utils.BtcFormatTest" time="0"/>
  <testcase name="toStringTest[83]" classname="org.bitcoinj.utils.BtcFormatTest" time="0"/>
  <testcase name="testGrouping[83]" classname="org.bitcoinj.utils.BtcFormatTest" time="0"/>
  <testcase name="symbolsCodesTest[83]" classname="org.bitcoinj.utils.BtcFormatTest" time="0.001"/>
  <testcase name="defaultLocaleTest[83]" classname="org.bitcoinj.utils.BtcFormatTest" time="0"/>
  <testcase name="parsePositionTest[83]" classname="org.bitcoinj.utils.BtcFormatTest" time="0"/>
  <testcase name="argumentTypeTest[83]" classname="org.bitcoinj.utils.BtcFormatTest" time="0"/>
  <testcase name="characterIteratorTest[83]" classname="org.bitcoinj.utils.BtcFormatTest" time="0.001"/>
  <testcase name="repeatingPlaceTest[83]" classname="org.bitcoinj.utils.BtcFormatTest" time="0"/>
  <testcase name="currencyCodeTest[83]" classname="org.bitcoinj.utils.BtcFormatTest" time="0"/>
  <testcase name="patternDecimalPlaces[83]" classname="org.bitcoinj.utils.BtcFormatTest" time="0"/>
  <testcase name="factoryArgumentsTest[84]" classname="org.bitcoinj.utils.BtcFormatTest" time="0.002"/>
  <testcase name="parseTest[84]" classname="org.bitcoinj.utils.BtcFormatTest" time="0.002"/>
  <testcase name="microcoinScaleTest[84]" classname="org.bitcoinj.utils.BtcFormatTest" time="0"/>
  <testcase name="parseMetricTest[84]" classname="org.bitcoinj.utils.BtcFormatTest" time="0.002"/>
  <testcase name="coinScaleTest[84]" classname="org.bitcoinj.utils.BtcFormatTest" time="0"/>
  <testcase name="builderTest[84]" classname="org.bitcoinj.utils.BtcFormatTest" time="0.002"/>
  <testcase name="attributeTest[84]" classname="org.bitcoinj.utils.BtcFormatTest" time="0"/>
  <testcase name="prefixTest[84]" classname="org.bitcoinj.utils.BtcFormatTest" time="0"/>
  <testcase name="suffixTest[84]" classname="org.bitcoinj.utils.BtcFormatTest" time="0.001"/>
  <testcase name="autoDecimalTest[84]" classname="org.bitcoinj.utils.BtcFormatTest" time="0.001"/>
  <testcase name="symbolCollisionTest[84]" classname="org.bitcoinj.utils.BtcFormatTest" time="0.001"/>
  <testcase name="equalityTest[84]" classname="org.bitcoinj.utils.BtcFormatTest" time="0.002"/>
  <testcase name="columnAlignmentTest[84]" classname="org.bitcoinj.utils.BtcFormatTest" time="0"/>
  <testcase name="factoryTest[84]" classname="org.bitcoinj.utils.BtcFormatTest" time="0"/>
  <testcase name="parse[84]" classname="org.bitcoinj.utils.BtcFormatTest" time="0.001"/>
  <testcase name="btcRounding[84]" classname="org.bitcoinj.utils.BtcFormatTest" time="0.001"/>
  <testcase name="negativeTest[84]" classname="org.bitcoinj.utils.BtcFormatTest" time="0.001"/>
  <testcase name="millicoinScaleTest[84]" classname="org.bitcoinj.utils.BtcFormatTest" time="0"/>
  <testcase name="toStringTest[84]" classname="org.bitcoinj.utils.BtcFormatTest" time="0.001"/>
  <testcase name="testGrouping[84]" classname="org.bitcoinj.utils.BtcFormatTest" time="0"/>
  <testcase name="symbolsCodesTest[84]" classname="org.bitcoinj.utils.BtcFormatTest" time="0"/>
  <testcase name="defaultLocaleTest[84]" classname="org.bitcoinj.utils.BtcFormatTest" time="0.001"/>
  <testcase name="parsePositionTest[84]" classname="org.bitcoinj.utils.BtcFormatTest" time="0"/>
  <testcase name="argumentTypeTest[84]" classname="org.bitcoinj.utils.BtcFormatTest" time="0.001"/>
  <testcase name="characterIteratorTest[84]" classname="org.bitcoinj.utils.BtcFormatTest" time="0"/>
  <testcase name="repeatingPlaceTest[84]" classname="org.bitcoinj.utils.BtcFormatTest" time="0"/>
  <testcase name="currencyCodeTest[84]" classname="org.bitcoinj.utils.BtcFormatTest" time="0.001"/>
  <testcase name="patternDecimalPlaces[84]" classname="org.bitcoinj.utils.BtcFormatTest" time="0"/>
  <testcase name="factoryArgumentsTest[85]" classname="org.bitcoinj.utils.BtcFormatTest" time="0.001"/>
  <testcase name="parseTest[85]" classname="org.bitcoinj.utils.BtcFormatTest" time="0.003"/>
  <testcase name="microcoinScaleTest[85]" classname="org.bitcoinj.utils.BtcFormatTest" time="0"/>
  <testcase name="parseMetricTest[85]" classname="org.bitcoinj.utils.BtcFormatTest" time="0.001"/>
  <testcase name="coinScaleTest[85]" classname="org.bitcoinj.utils.BtcFormatTest" time="0"/>
  <testcase name="builderTest[85]" classname="org.bitcoinj.utils.BtcFormatTest" time="0.002"/>
  <testcase name="attributeTest[85]" classname="org.bitcoinj.utils.BtcFormatTest" time="0.001"/>
  <testcase name="prefixTest[85]" classname="org.bitcoinj.utils.BtcFormatTest" time="0"/>
  <testcase name="suffixTest[85]" classname="org.bitcoinj.utils.BtcFormatTest" time="0"/>
  <testcase name="autoDecimalTest[85]" classname="org.bitcoinj.utils.BtcFormatTest" time="0.001"/>
  <testcase name="symbolCollisionTest[85]" classname="org.bitcoinj.utils.BtcFormatTest" time="0.001"/>
  <testcase name="equalityTest[85]" classname="org.bitcoinj.utils.BtcFormatTest" time="0.003"/>
  <testcase name="columnAlignmentTest[85]" classname="org.bitcoinj.utils.BtcFormatTest" time="0"/>
  <testcase name="factoryTest[85]" classname="org.bitcoinj.utils.BtcFormatTest" time="0"/>
  <testcase name="parse[85]" classname="org.bitcoinj.utils.BtcFormatTest" time="0"/>
  <testcase name="btcRounding[85]" classname="org.bitcoinj.utils.BtcFormatTest" time="0.002"/>
  <testcase name="negativeTest[85]" classname="org.bitcoinj.utils.BtcFormatTest" time="0"/>
  <testcase name="millicoinScaleTest[85]" classname="org.bitcoinj.utils.BtcFormatTest" time="0"/>
  <testcase name="toStringTest[85]" classname="org.bitcoinj.utils.BtcFormatTest" time="0.001"/>
  <testcase name="testGrouping[85]" classname="org.bitcoinj.utils.BtcFormatTest" time="0.001"/>
  <testcase name="symbolsCodesTest[85]" classname="org.bitcoinj.utils.BtcFormatTest" time="0"/>
  <testcase name="defaultLocaleTest[85]" classname="org.bitcoinj.utils.BtcFormatTest" time="0"/>
  <testcase name="parsePositionTest[85]" classname="org.bitcoinj.utils.BtcFormatTest" time="0.001"/>
  <testcase name="argumentTypeTest[85]" classname="org.bitcoinj.utils.BtcFormatTest" time="0.002"/>
  <testcase name="characterIteratorTest[85]" classname="org.bitcoinj.utils.BtcFormatTest" time="0"/>
  <testcase name="repeatingPlaceTest[85]" classname="org.bitcoinj.utils.BtcFormatTest" time="0"/>
  <testcase name="currencyCodeTest[85]" classname="org.bitcoinj.utils.BtcFormatTest" time="0"/>
  <testcase name="patternDecimalPlaces[85]" classname="org.bitcoinj.utils.BtcFormatTest" time="0"/>
  <testcase name="factoryArgumentsTest[86]" classname="org.bitcoinj.utils.BtcFormatTest" time="0.001"/>
  <testcase name="parseTest[86]" classname="org.bitcoinj.utils.BtcFormatTest" time="0.002"/>
  <testcase name="microcoinScaleTest[86]" classname="org.bitcoinj.utils.BtcFormatTest" time="0.001"/>
  <testcase name="parseMetricTest[86]" classname="org.bitcoinj.utils.BtcFormatTest" time="0.001"/>
  <testcase name="coinScaleTest[86]" classname="org.bitcoinj.utils.BtcFormatTest" time="0"/>
  <testcase name="builderTest[86]" classname="org.bitcoinj.utils.BtcFormatTest" time="0.003"/>
  <testcase name="attributeTest[86]" classname="org.bitcoinj.utils.BtcFormatTest" time="0"/>
  <testcase name="prefixTest[86]" classname="org.bitcoinj.utils.BtcFormatTest" time="0"/>
  <testcase name="suffixTest[86]" classname="org.bitcoinj.utils.BtcFormatTest" time="0"/>
  <testcase name="autoDecimalTest[86]" classname="org.bitcoinj.utils.BtcFormatTest" time="0.001"/>
  <testcase name="symbolCollisionTest[86]" classname="org.bitcoinj.utils.BtcFormatTest" time="0.001"/>
  <testcase name="equalityTest[86]" classname="org.bitcoinj.utils.BtcFormatTest" time="0.002"/>
  <testcase name="columnAlignmentTest[86]" classname="org.bitcoinj.utils.BtcFormatTest" time="0.001"/>
  <testcase name="factoryTest[86]" classname="org.bitcoinj.utils.BtcFormatTest" time="0"/>
  <testcase name="parse[86]" classname="org.bitcoinj.utils.BtcFormatTest" time="0"/>
  <testcase name="btcRounding[86]" classname="org.bitcoinj.utils.BtcFormatTest" time="0.002"/>
  <testcase name="negativeTest[86]" classname="org.bitcoinj.utils.BtcFormatTest" time="0"/>
  <testcase name="millicoinScaleTest[86]" classname="org.bitcoinj.utils.BtcFormatTest" time="0"/>
  <testcase name="toStringTest[86]" classname="org.bitcoinj.utils.BtcFormatTest" time="0.001"/>
  <testcase name="testGrouping[86]" classname="org.bitcoinj.utils.BtcFormatTest" time="0"/>
  <testcase name="symbolsCodesTest[86]" classname="org.bitcoinj.utils.BtcFormatTest" time="0.001"/>
  <testcase name="defaultLocaleTest[86]" classname="org.bitcoinj.utils.BtcFormatTest" time="0"/>
  <testcase name="parsePositionTest[86]" classname="org.bitcoinj.utils.BtcFormatTest" time="0"/>
  <testcase name="argumentTypeTest[86]" classname="org.bitcoinj.utils.BtcFormatTest" time="0.001"/>
  <testcase name="characterIteratorTest[86]" classname="org.bitcoinj.utils.BtcFormatTest" time="0"/>
  <testcase name="repeatingPlaceTest[86]" classname="org.bitcoinj.utils.BtcFormatTest" time="0.001"/>
  <testcase name="currencyCodeTest[86]" classname="org.bitcoinj.utils.BtcFormatTest" time="0"/>
  <testcase name="patternDecimalPlaces[86]" classname="org.bitcoinj.utils.BtcFormatTest" time="0"/>
  <testcase name="factoryArgumentsTest[87]" classname="org.bitcoinj.utils.BtcFormatTest" time="0.001"/>
  <testcase name="parseTest[87]" classname="org.bitcoinj.utils.BtcFormatTest" time="0.003"/>
  <testcase name="microcoinScaleTest[87]" classname="org.bitcoinj.utils.BtcFormatTest" time="0"/>
  <testcase name="parseMetricTest[87]" classname="org.bitcoinj.utils.BtcFormatTest" time="0.001"/>
  <testcase name="coinScaleTest[87]" classname="org.bitcoinj.utils.BtcFormatTest" time="0"/>
  <testcase name="builderTest[87]" classname="org.bitcoinj.utils.BtcFormatTest" time="0.002"/>
  <testcase name="attributeTest[87]" classname="org.bitcoinj.utils.BtcFormatTest" time="0.001"/>
  <testcase name="prefixTest[87]" classname="org.bitcoinj.utils.BtcFormatTest" time="0"/>
  <testcase name="suffixTest[87]" classname="org.bitcoinj.utils.BtcFormatTest" time="0"/>
  <testcase name="autoDecimalTest[87]" classname="org.bitcoinj.utils.BtcFormatTest" time="0.001"/>
  <testcase name="symbolCollisionTest[87]" classname="org.bitcoinj.utils.BtcFormatTest" time="0.001"/>
  <testcase name="equalityTest[87]" classname="org.bitcoinj.utils.BtcFormatTest" time="0.002"/>
  <testcase name="columnAlignmentTest[87]" classname="org.bitcoinj.utils.BtcFormatTest" time="0"/>
  <testcase name="factoryTest[87]" classname="org.bitcoinj.utils.BtcFormatTest" time="0.001"/>
  <testcase name="parse[87]" classname="org.bitcoinj.utils.BtcFormatTest" time="0"/>
  <testcase name="btcRounding[87]" classname="org.bitcoinj.utils.BtcFormatTest" time="0.001"/>
  <testcase name="negativeTest[87]" classname="org.bitcoinj.utils.BtcFormatTest" time="0.001"/>
  <testcase name="millicoinScaleTest[87]" classname="org.bitcoinj.utils.BtcFormatTest" time="0"/>
  <testcase name="toStringTest[87]" classname="org.bitcoinj.utils.BtcFormatTest" time="0.001"/>
  <testcase name="testGrouping[87]" classname="org.bitcoinj.utils.BtcFormatTest" time="0"/>
  <testcase name="symbolsCodesTest[87]" classname="org.bitcoinj.utils.BtcFormatTest" time="0.001"/>
  <testcase name="defaultLocaleTest[87]" classname="org.bitcoinj.utils.BtcFormatTest" time="0"/>
  <testcase name="parsePositionTest[87]" classname="org.bitcoinj.utils.BtcFormatTest" time="0"/>
  <testcase name="argumentTypeTest[87]" classname="org.bitcoinj.utils.BtcFormatTest" time="0.001"/>
  <testcase name="characterIteratorTest[87]" classname="org.bitcoinj.utils.BtcFormatTest" time="0"/>
  <testcase name="repeatingPlaceTest[87]" classname="org.bitcoinj.utils.BtcFormatTest" time="0"/>
  <testcase name="currencyCodeTest[87]" classname="org.bitcoinj.utils.BtcFormatTest" time="0.001"/>
  <testcase name="patternDecimalPlaces[87]" classname="org.bitcoinj.utils.BtcFormatTest" time="0"/>
  <testcase name="factoryArgumentsTest[88]" classname="org.bitcoinj.utils.BtcFormatTest" time="0.001"/>
  <testcase name="parseTest[88]" classname="org.bitcoinj.utils.BtcFormatTest" time="0.002"/>
  <testcase name="microcoinScaleTest[88]" classname="org.bitcoinj.utils.BtcFormatTest" time="0"/>
  <testcase name="parseMetricTest[88]" classname="org.bitcoinj.utils.BtcFormatTest" time="0.002"/>
  <testcase name="coinScaleTest[88]" classname="org.bitcoinj.utils.BtcFormatTest" time="0"/>
  <testcase name="builderTest[88]" classname="org.bitcoinj.utils.BtcFormatTest" time="0.002"/>
  <testcase name="attributeTest[88]" classname="org.bitcoinj.utils.BtcFormatTest" time="0"/>
  <testcase name="prefixTest[88]" classname="org.bitcoinj.utils.BtcFormatTest" time="0"/>
  <testcase name="suffixTest[88]" classname="org.bitcoinj.utils.BtcFormatTest" time="0.001"/>
  <testcase name="autoDecimalTest[88]" classname="org.bitcoinj.utils.BtcFormatTest" time="0.001"/>
  <testcase name="symbolCollisionTest[88]" classname="org.bitcoinj.utils.BtcFormatTest" time="0.001"/>
  <testcase name="equalityTest[88]" classname="org.bitcoinj.utils.BtcFormatTest" time="0.002"/>
  <testcase name="columnAlignmentTest[88]" classname="org.bitcoinj.utils.BtcFormatTest" time="0"/>
  <testcase name="factoryTest[88]" classname="org.bitcoinj.utils.BtcFormatTest" time="0"/>
  <testcase name="parse[88]" classname="org.bitcoinj.utils.BtcFormatTest" time="0"/>
  <testcase name="btcRounding[88]" classname="org.bitcoinj.utils.BtcFormatTest" time="0.002"/>
  <testcase name="negativeTest[88]" classname="org.bitcoinj.utils.BtcFormatTest" time="0"/>
  <testcase name="millicoinScaleTest[88]" classname="org.bitcoinj.utils.BtcFormatTest" time="0.001"/>
  <testcase name="toStringTest[88]" classname="org.bitcoinj.utils.BtcFormatTest" time="0"/>
  <testcase name="testGrouping[88]" classname="org.bitcoinj.utils.BtcFormatTest" time="0.001"/>
  <testcase name="symbolsCodesTest[88]" classname="org.bitcoinj.utils.BtcFormatTest" time="0"/>
  <testcase name="defaultLocaleTest[88]" classname="org.bitcoinj.utils.BtcFormatTest" time="0"/>
  <testcase name="parsePositionTest[88]" classname="org.bitcoinj.utils.BtcFormatTest" time="0.001"/>
  <testcase name="argumentTypeTest[88]" classname="org.bitcoinj.utils.BtcFormatTest" time="0"/>
  <testcase name="characterIteratorTest[88]" classname="org.bitcoinj.utils.BtcFormatTest" time="0.001"/>
  <testcase name="repeatingPlaceTest[88]" classname="org.bitcoinj.utils.BtcFormatTest" time="0"/>
  <testcase name="currencyCodeTest[88]" classname="org.bitcoinj.utils.BtcFormatTest" time="0"/>
  <testcase name="patternDecimalPlaces[88]" classname="org.bitcoinj.utils.BtcFormatTest" time="0"/>
  <testcase name="factoryArgumentsTest[89]" classname="org.bitcoinj.utils.BtcFormatTest" time="0.002"/>
  <testcase name="parseTest[89]" classname="org.bitcoinj.utils.BtcFormatTest" time="0.002"/>
  <testcase name="microcoinScaleTest[89]" classname="org.bitcoinj.utils.BtcFormatTest" time="0"/>
  <testcase name="parseMetricTest[89]" classname="org.bitcoinj.utils.BtcFormatTest" time="0.001"/>
  <testcase name="coinScaleTest[89]" classname="org.bitcoinj.utils.BtcFormatTest" time="0"/>
  <testcase name="builderTest[89]" classname="org.bitcoinj.utils.BtcFormatTest" time="0.003"/>
  <testcase name="attributeTest[89]" classname="org.bitcoinj.utils.BtcFormatTest" time="0"/>
  <testcase name="prefixTest[89]" classname="org.bitcoinj.utils.BtcFormatTest" time="0"/>
  <testcase name="suffixTest[89]" classname="org.bitcoinj.utils.BtcFormatTest" time="0"/>
  <testcase name="autoDecimalTest[89]" classname="org.bitcoinj.utils.BtcFormatTest" time="0.001"/>
  <testcase name="symbolCollisionTest[89]" classname="org.bitcoinj.utils.BtcFormatTest" time="0.001"/>
  <testcase name="equalityTest[89]" classname="org.bitcoinj.utils.BtcFormatTest" time="0.002"/>
  <testcase name="columnAlignmentTest[89]" classname="org.bitcoinj.utils.BtcFormatTest" time="0.001"/>
  <testcase name="factoryTest[89]" classname="org.bitcoinj.utils.BtcFormatTest" time="0"/>
  <testcase name="parse[89]" classname="org.bitcoinj.utils.BtcFormatTest" time="0"/>
  <testcase name="btcRounding[89]" classname="org.bitcoinj.utils.BtcFormatTest" time="0.002"/>
  <testcase name="negativeTest[89]" classname="org.bitcoinj.utils.BtcFormatTest" time="0"/>
  <testcase name="millicoinScaleTest[89]" classname="org.bitcoinj.utils.BtcFormatTest" time="0"/>
  <testcase name="toStringTest[89]" classname="org.bitcoinj.utils.BtcFormatTest" time="0.003"/>
  <testcase name="testGrouping[89]" classname="org.bitcoinj.utils.BtcFormatTest" time="0"/>
  <testcase name="symbolsCodesTest[89]" classname="org.bitcoinj.utils.BtcFormatTest" time="0"/>
  <testcase name="defaultLocaleTest[89]" classname="org.bitcoinj.utils.BtcFormatTest" time="0"/>
  <testcase name="parsePositionTest[89]" classname="org.bitcoinj.utils.BtcFormatTest" time="0"/>
  <testcase name="argumentTypeTest[89]" classname="org.bitcoinj.utils.BtcFormatTest" time="0.001"/>
  <testcase name="characterIteratorTest[89]" classname="org.bitcoinj.utils.BtcFormatTest" time="0"/>
  <testcase name="repeatingPlaceTest[89]" classname="org.bitcoinj.utils.BtcFormatTest" time="0.001"/>
  <testcase name="currencyCodeTest[89]" classname="org.bitcoinj.utils.BtcFormatTest" time="0"/>
  <testcase name="patternDecimalPlaces[89]" classname="org.bitcoinj.utils.BtcFormatTest" time="0"/>
  <testcase name="factoryArgumentsTest[90]" classname="org.bitcoinj.utils.BtcFormatTest" time="0.001"/>
  <testcase name="parseTest[90]" classname="org.bitcoinj.utils.BtcFormatTest" time="0.003"/>
  <testcase name="microcoinScaleTest[90]" classname="org.bitcoinj.utils.BtcFormatTest" time="0"/>
  <testcase name="parseMetricTest[90]" classname="org.bitcoinj.utils.BtcFormatTest" time="0.001"/>
  <testcase name="coinScaleTest[90]" classname="org.bitcoinj.utils.BtcFormatTest" time="0"/>
  <testcase name="builderTest[90]" classname="org.bitcoinj.utils.BtcFormatTest" time="0.003"/>
  <testcase name="attributeTest[90]" classname="org.bitcoinj.utils.BtcFormatTest" time="0"/>
  <testcase name="prefixTest[90]" classname="org.bitcoinj.utils.BtcFormatTest" time="0"/>
  <testcase name="suffixTest[90]" classname="org.bitcoinj.utils.BtcFormatTest" time="0"/>
  <testcase name="autoDecimalTest[90]" classname="org.bitcoinj.utils.BtcFormatTest" time="0.001"/>
  <testcase name="symbolCollisionTest[90]" classname="org.bitcoinj.utils.BtcFormatTest" time="0.001"/>
  <testcase name="equalityTest[90]" classname="org.bitcoinj.utils.BtcFormatTest" time="0.002"/>
  <testcase name="columnAlignmentTest[90]" classname="org.bitcoinj.utils.BtcFormatTest" time="0.001"/>
  <testcase name="factoryTest[90]" classname="org.bitcoinj.utils.BtcFormatTest" time="0"/>
  <testcase name="parse[90]" classname="org.bitcoinj.utils.BtcFormatTest" time="0"/>
  <testcase name="btcRounding[90]" classname="org.bitcoinj.utils.BtcFormatTest" time="0.002"/>
  <testcase name="negativeTest[90]" classname="org.bitcoinj.utils.BtcFormatTest" time="0"/>
  <testcase name="millicoinScaleTest[90]" classname="org.bitcoinj.utils.BtcFormatTest" time="0"/>
  <testcase name="toStringTest[90]" classname="org.bitcoinj.utils.BtcFormatTest" time="0.001"/>
  <testcase name="testGrouping[90]" classname="org.bitcoinj.utils.BtcFormatTest" time="0"/>
  <testcase name="symbolsCodesTest[90]" classname="org.bitcoinj.utils.BtcFormatTest" time="0.001"/>
  <testcase name="defaultLocaleTest[90]" classname="org.bitcoinj.utils.BtcFormatTest" time="0"/>
  <testcase name="parsePositionTest[90]" classname="org.bitcoinj.utils.BtcFormatTest" time="0"/>
  <testcase name="argumentTypeTest[90]" classname="org.bitcoinj.utils.BtcFormatTest" time="0.001"/>
  <testcase name="characterIteratorTest[90]" classname="org.bitcoinj.utils.BtcFormatTest" time="0"/>
  <testcase name="repeatingPlaceTest[90]" classname="org.bitcoinj.utils.BtcFormatTest" time="0.001"/>
  <testcase name="currencyCodeTest[90]" classname="org.bitcoinj.utils.BtcFormatTest" time="0"/>
  <testcase name="patternDecimalPlaces[90]" classname="org.bitcoinj.utils.BtcFormatTest" time="0"/>
  <testcase name="factoryArgumentsTest[91]" classname="org.bitcoinj.utils.BtcFormatTest" time="0.001"/>
  <testcase name="parseTest[91]" classname="org.bitcoinj.utils.BtcFormatTest" time="0.002"/>
  <testcase name="microcoinScaleTest[91]" classname="org.bitcoinj.utils.BtcFormatTest" time="0.001"/>
  <testcase name="parseMetricTest[91]" classname="org.bitcoinj.utils.BtcFormatTest" time="0.001"/>
  <testcase name="coinScaleTest[91]" classname="org.bitcoinj.utils.BtcFormatTest" time="0"/>
  <testcase name="builderTest[91]" classname="org.bitcoinj.utils.BtcFormatTest" time="0.002"/>
  <testcase name="attributeTest[91]" classname="org.bitcoinj.utils.BtcFormatTest" time="0.001"/>
  <testcase name="prefixTest[91]" classname="org.bitcoinj.utils.BtcFormatTest" time="0"/>
  <testcase name="suffixTest[91]" classname="org.bitcoinj.utils.BtcFormatTest" time="0"/>
  <testcase name="autoDecimalTest[91]" classname="org.bitcoinj.utils.BtcFormatTest" time="0.001"/>
  <testcase name="symbolCollisionTest[91]" classname="org.bitcoinj.utils.BtcFormatTest" time="0.001"/>
  <testcase name="equalityTest[91]" classname="org.bitcoinj.utils.BtcFormatTest" time="0.002"/>
  <testcase name="columnAlignmentTest[91]" classname="org.bitcoinj.utils.BtcFormatTest" time="0"/>
  <testcase name="factoryTest[91]" classname="org.bitcoinj.utils.BtcFormatTest" time="0.001"/>
  <testcase name="parse[91]" classname="org.bitcoinj.utils.BtcFormatTest" time="0"/>
  <testcase name="btcRounding[91]" classname="org.bitcoinj.utils.BtcFormatTest" time="0.001"/>
  <testcase name="negativeTest[91]" classname="org.bitcoinj.utils.BtcFormatTest" time="0.001"/>
  <testcase name="millicoinScaleTest[91]" classname="org.bitcoinj.utils.BtcFormatTest" time="0"/>
  <testcase name="toStringTest[91]" classname="org.bitcoinj.utils.BtcFormatTest" time="0"/>
  <testcase name="testGrouping[91]" classname="org.bitcoinj.utils.BtcFormatTest" time="0.001"/>
  <testcase name="symbolsCodesTest[91]" classname="org.bitcoinj.utils.BtcFormatTest" time="0"/>
  <testcase name="defaultLocaleTest[91]" classname="org.bitcoinj.utils.BtcFormatTest" time="0.001"/>
  <testcase name="parsePositionTest[91]" classname="org.bitcoinj.utils.BtcFormatTest" time="0"/>
  <testcase name="argumentTypeTest[91]" classname="org.bitcoinj.utils.BtcFormatTest" time="0"/>
  <testcase name="characterIteratorTest[91]" classname="org.bitcoinj.utils.BtcFormatTest" time="0.001"/>
  <testcase name="repeatingPlaceTest[91]" classname="org.bitcoinj.utils.BtcFormatTest" time="0"/>
  <testcase name="currencyCodeTest[91]" classname="org.bitcoinj.utils.BtcFormatTest" time="0"/>
  <testcase name="patternDecimalPlaces[91]" classname="org.bitcoinj.utils.BtcFormatTest" time="0"/>
  <testcase name="factoryArgumentsTest[92]" classname="org.bitcoinj.utils.BtcFormatTest" time="0.002"/>
  <testcase name="parseTest[92]" classname="org.bitcoinj.utils.BtcFormatTest" time="0.002"/>
  <testcase name="microcoinScaleTest[92]" classname="org.bitcoinj.utils.BtcFormatTest" time="0"/>
  <testcase name="parseMetricTest[92]" classname="org.bitcoinj.utils.BtcFormatTest" time="0.002"/>
  <testcase name="coinScaleTest[92]" classname="org.bitcoinj.utils.BtcFormatTest" time="0"/>
  <testcase name="builderTest[92]" classname="org.bitcoinj.utils.BtcFormatTest" time="0.002"/>
  <testcase name="attributeTest[92]" classname="org.bitcoinj.utils.BtcFormatTest" time="0"/>
  <testcase name="prefixTest[92]" classname="org.bitcoinj.utils.BtcFormatTest" time="0"/>
  <testcase name="suffixTest[92]" classname="org.bitcoinj.utils.BtcFormatTest" time="0"/>
  <testcase name="autoDecimalTest[92]" classname="org.bitcoinj.utils.BtcFormatTest" time="0.002"/>
  <testcase name="symbolCollisionTest[92]" classname="org.bitcoinj.utils.BtcFormatTest" time="0"/>
  <testcase name="equalityTest[92]" classname="org.bitcoinj.utils.BtcFormatTest" time="0.003"/>
  <testcase name="columnAlignmentTest[92]" classname="org.bitcoinj.utils.BtcFormatTest" time="0"/>
  <testcase name="factoryTest[92]" classname="org.bitcoinj.utils.BtcFormatTest" time="0"/>
  <testcase name="parse[92]" classname="org.bitcoinj.utils.BtcFormatTest" time="0"/>
  <testcase name="btcRounding[92]" classname="org.bitcoinj.utils.BtcFormatTest" time="0.002"/>
  <testcase name="negativeTest[92]" classname="org.bitcoinj.utils.BtcFormatTest" time="0"/>
  <testcase name="millicoinScaleTest[92]" classname="org.bitcoinj.utils.BtcFormatTest" time="0"/>
  <testcase name="toStringTest[92]" classname="org.bitcoinj.utils.BtcFormatTest" time="0.001"/>
  <testcase name="testGrouping[92]" classname="org.bitcoinj.utils.BtcFormatTest" time="0"/>
  <testcase name="symbolsCodesTest[92]" classname="org.bitcoinj.utils.BtcFormatTest" time="0"/>
  <testcase name="defaultLocaleTest[92]" classname="org.bitcoinj.utils.BtcFormatTest" time="0"/>
  <testcase name="parsePositionTest[92]" classname="org.bitcoinj.utils.BtcFormatTest" time="0.001"/>
  <testcase name="argumentTypeTest[92]" classname="org.bitcoinj.utils.BtcFormatTest" time="0"/>
  <testcase name="characterIteratorTest[92]" classname="org.bitcoinj.utils.BtcFormatTest" time="0.001"/>
  <testcase name="repeatingPlaceTest[92]" classname="org.bitcoinj.utils.BtcFormatTest" time="0"/>
  <testcase name="currencyCodeTest[92]" classname="org.bitcoinj.utils.BtcFormatTest" time="0"/>
  <testcase name="patternDecimalPlaces[92]" classname="org.bitcoinj.utils.BtcFormatTest" time="0"/>
  <testcase name="factoryArgumentsTest[93]" classname="org.bitcoinj.utils.BtcFormatTest" time="0.002"/>
  <testcase name="parseTest[93]" classname="org.bitcoinj.utils.BtcFormatTest" time="0.006"/>
  <testcase name="microcoinScaleTest[93]" classname="org.bitcoinj.utils.BtcFormatTest" time="0"/>
  <testcase name="parseMetricTest[93]" classname="org.bitcoinj.utils.BtcFormatTest" time="0"/>
  <testcase name="coinScaleTest[93]" classname="org.bitcoinj.utils.BtcFormatTest" time="0"/>
  <testcase name="builderTest[93]" classname="org.bitcoinj.utils.BtcFormatTest" time="0.002"/>
  <testcase name="attributeTest[93]" classname="org.bitcoinj.utils.BtcFormatTest" time="0"/>
  <testcase name="prefixTest[93]" classname="org.bitcoinj.utils.BtcFormatTest" time="0"/>
  <testcase name="suffixTest[93]" classname="org.bitcoinj.utils.BtcFormatTest" time="0"/>
  <testcase name="autoDecimalTest[93]" classname="org.bitcoinj.utils.BtcFormatTest" time="0.001"/>
  <testcase name="symbolCollisionTest[93]" classname="org.bitcoinj.utils.BtcFormatTest" time="0.001"/>
  <testcase name="equalityTest[93]" classname="org.bitcoinj.utils.BtcFormatTest" time="0.002"/>
  <testcase name="columnAlignmentTest[93]" classname="org.bitcoinj.utils.BtcFormatTest" time="0"/>
  <testcase name="factoryTest[93]" classname="org.bitcoinj.utils.BtcFormatTest" time="0.001"/>
  <testcase name="parse[93]" classname="org.bitcoinj.utils.BtcFormatTest" time="0"/>
  <testcase name="btcRounding[93]" classname="org.bitcoinj.utils.BtcFormatTest" time="0.002"/>
  <testcase name="negativeTest[93]" classname="org.bitcoinj.utils.BtcFormatTest" time="0"/>
  <testcase name="millicoinScaleTest[93]" classname="org.bitcoinj.utils.BtcFormatTest" time="0"/>
  <testcase name="toStringTest[93]" classname="org.bitcoinj.utils.BtcFormatTest" time="0.001"/>
  <testcase name="testGrouping[93]" classname="org.bitcoinj.utils.BtcFormatTest" time="0"/>
  <testcase name="symbolsCodesTest[93]" classname="org.bitcoinj.utils.BtcFormatTest" time="0.001"/>
  <testcase name="defaultLocaleTest[93]" classname="org.bitcoinj.utils.BtcFormatTest" time="0"/>
  <testcase name="parsePositionTest[93]" classname="org.bitcoinj.utils.BtcFormatTest" time="0.001"/>
  <testcase name="argumentTypeTest[93]" classname="org.bitcoinj.utils.BtcFormatTest" time="0"/>
  <testcase name="characterIteratorTest[93]" classname="org.bitcoinj.utils.BtcFormatTest" time="0.001"/>
  <testcase name="repeatingPlaceTest[93]" classname="org.bitcoinj.utils.BtcFormatTest" time="0"/>
  <testcase name="currencyCodeTest[93]" classname="org.bitcoinj.utils.BtcFormatTest" time="0"/>
  <testcase name="patternDecimalPlaces[93]" classname="org.bitcoinj.utils.BtcFormatTest" time="0.001"/>
  <testcase name="factoryArgumentsTest[94]" classname="org.bitcoinj.utils.BtcFormatTest" time="0.001"/>
  <testcase name="parseTest[94]" classname="org.bitcoinj.utils.BtcFormatTest" time="0.003"/>
  <testcase name="microcoinScaleTest[94]" classname="org.bitcoinj.utils.BtcFormatTest" time="0"/>
  <testcase name="parseMetricTest[94]" classname="org.bitcoinj.utils.BtcFormatTest" time="0.001"/>
  <testcase name="coinScaleTest[94]" classname="org.bitcoinj.utils.BtcFormatTest" time="0"/>
  <testcase name="builderTest[94]" classname="org.bitcoinj.utils.BtcFormatTest" time="0.003"/>
  <testcase name="attributeTest[94]" classname="org.bitcoinj.utils.BtcFormatTest" time="0"/>
  <testcase name="prefixTest[94]" classname="org.bitcoinj.utils.BtcFormatTest" time="0"/>
  <testcase name="suffixTest[94]" classname="org.bitcoinj.utils.BtcFormatTest" time="0"/>
  <testcase name="autoDecimalTest[94]" classname="org.bitcoinj.utils.BtcFormatTest" time="0.002"/>
  <testcase name="symbolCollisionTest[94]" classname="org.bitcoinj.utils.BtcFormatTest" time="0.001"/>
  <testcase name="equalityTest[94]" classname="org.bitcoinj.utils.BtcFormatTest" time="0.002"/>
  <testcase name="columnAlignmentTest[94]" classname="org.bitcoinj.utils.BtcFormatTest" time="0"/>
  <testcase name="factoryTest[94]" classname="org.bitcoinj.utils.BtcFormatTest" time="0.001"/>
  <testcase name="parse[94]" classname="org.bitcoinj.utils.BtcFormatTest" time="0"/>
  <testcase name="btcRounding[94]" classname="org.bitcoinj.utils.BtcFormatTest" time="0.001"/>
  <testcase name="negativeTest[94]" classname="org.bitcoinj.utils.BtcFormatTest" time="0.001"/>
  <testcase name="millicoinScaleTest[94]" classname="org.bitcoinj.utils.BtcFormatTest" time="0"/>
  <testcase name="toStringTest[94]" classname="org.bitcoinj.utils.BtcFormatTest" time="0.001"/>
  <testcase name="testGrouping[94]" classname="org.bitcoinj.utils.BtcFormatTest" time="0"/>
  <testcase name="symbolsCodesTest[94]" classname="org.bitcoinj.utils.BtcFormatTest" time="0.001"/>
  <testcase name="defaultLocaleTest[94]" classname="org.bitcoinj.utils.BtcFormatTest" time="0"/>
  <testcase name="parsePositionTest[94]" classname="org.bitcoinj.utils.BtcFormatTest" time="0"/>
  <testcase name="argumentTypeTest[94]" classname="org.bitcoinj.utils.BtcFormatTest" time="0.001"/>
  <testcase name="characterIteratorTest[94]" classname="org.bitcoinj.utils.BtcFormatTest" time="0"/>
  <testcase name="repeatingPlaceTest[94]" classname="org.bitcoinj.utils.BtcFormatTest" time="0.001"/>
  <testcase name="currencyCodeTest[94]" classname="org.bitcoinj.utils.BtcFormatTest" time="0"/>
  <testcase name="patternDecimalPlaces[94]" classname="org.bitcoinj.utils.BtcFormatTest" time="0"/>
  <testcase name="factoryArgumentsTest[95]" classname="org.bitcoinj.utils.BtcFormatTest" time="0.001"/>
  <testcase name="parseTest[95]" classname="org.bitcoinj.utils.BtcFormatTest" time="0.003"/>
  <testcase name="microcoinScaleTest[95]" classname="org.bitcoinj.utils.BtcFormatTest" time="0"/>
  <testcase name="parseMetricTest[95]" classname="org.bitcoinj.utils.BtcFormatTest" time="0.001"/>
  <testcase name="coinScaleTest[95]" classname="org.bitcoinj.utils.BtcFormatTest" time="0"/>
  <testcase name="builderTest[95]" classname="org.bitcoinj.utils.BtcFormatTest" time="0.002"/>
  <testcase name="attributeTest[95]" classname="org.bitcoinj.utils.BtcFormatTest" time="0"/>
  <testcase name="prefixTest[95]" classname="org.bitcoinj.utils.BtcFormatTest" time="0"/>
  <testcase name="suffixTest[95]" classname="org.bitcoinj.utils.BtcFormatTest" time="0.001"/>
  <testcase name="autoDecimalTest[95]" classname="org.bitcoinj.utils.BtcFormatTest" time="0.001"/>
  <testcase name="symbolCollisionTest[95]" classname="org.bitcoinj.utils.BtcFormatTest" time="0.001"/>
  <testcase name="equalityTest[95]" classname="org.bitcoinj.utils.BtcFormatTest" time="0.002"/>
  <testcase name="columnAlignmentTest[95]" classname="org.bitcoinj.utils.BtcFormatTest" time="0.001"/>
  <testcase name="factoryTest[95]" classname="org.bitcoinj.utils.BtcFormatTest" time="0"/>
  <testcase name="parse[95]" classname="org.bitcoinj.utils.BtcFormatTest" time="0"/>
  <testcase name="btcRounding[95]" classname="org.bitcoinj.utils.BtcFormatTest" time="0.002"/>
  <testcase name="negativeTest[95]" classname="org.bitcoinj.utils.BtcFormatTest" time="0"/>
  <testcase name="millicoinScaleTest[95]" classname="org.bitcoinj.utils.BtcFormatTest" time="0"/>
  <testcase name="toStringTest[95]" classname="org.bitcoinj.utils.BtcFormatTest" time="0.001"/>
  <testcase name="testGrouping[95]" classname="org.bitcoinj.utils.BtcFormatTest" time="0"/>
  <testcase name="symbolsCodesTest[95]" classname="org.bitcoinj.utils.BtcFormatTest" time="0"/>
  <testcase name="defaultLocaleTest[95]" classname="org.bitcoinj.utils.BtcFormatTest" time="0"/>
  <testcase name="parsePositionTest[95]" classname="org.bitcoinj.utils.BtcFormatTest" time="0.001"/>
  <testcase name="argumentTypeTest[95]" classname="org.bitcoinj.utils.BtcFormatTest" time="0"/>
  <testcase name="characterIteratorTest[95]" classname="org.bitcoinj.utils.BtcFormatTest" time="0.002"/>
  <testcase name="repeatingPlaceTest[95]" classname="org.bitcoinj.utils.BtcFormatTest" time="0.001"/>
  <testcase name="currencyCodeTest[95]" classname="org.bitcoinj.utils.BtcFormatTest" time="0"/>
  <testcase name="patternDecimalPlaces[95]" classname="org.bitcoinj.utils.BtcFormatTest" time="0"/>
  <testcase name="factoryArgumentsTest[96]" classname="org.bitcoinj.utils.BtcFormatTest" time="0.002"/>
  <testcase name="parseTest[96]" classname="org.bitcoinj.utils.BtcFormatTest" time="0.004"/>
  <testcase name="microcoinScaleTest[96]" classname="org.bitcoinj.utils.BtcFormatTest" time="0"/>
  <testcase name="parseMetricTest[96]" classname="org.bitcoinj.utils.BtcFormatTest" time="0.001"/>
  <testcase name="coinScaleTest[96]" classname="org.bitcoinj.utils.BtcFormatTest" time="0.001"/>
  <testcase name="builderTest[96]" classname="org.bitcoinj.utils.BtcFormatTest" time="0.002"/>
  <testcase name="attributeTest[96]" classname="org.bitcoinj.utils.BtcFormatTest" time="0"/>
  <testcase name="prefixTest[96]" classname="org.bitcoinj.utils.BtcFormatTest" time="0.001"/>
  <testcase name="suffixTest[96]" classname="org.bitcoinj.utils.BtcFormatTest" time="0"/>
  <testcase name="autoDecimalTest[96]" classname="org.bitcoinj.utils.BtcFormatTest" time="0.001"/>
  <testcase name="symbolCollisionTest[96]" classname="org.bitcoinj.utils.BtcFormatTest" time="0.001"/>
  <testcase name="equalityTest[96]" classname="org.bitcoinj.utils.BtcFormatTest" time="0.002"/>
  <testcase name="columnAlignmentTest[96]" classname="org.bitcoinj.utils.BtcFormatTest" time="0.001"/>
  <testcase name="factoryTest[96]" classname="org.bitcoinj.utils.BtcFormatTest" time="0"/>
  <testcase name="parse[96]" classname="org.bitcoinj.utils.BtcFormatTest" time="0"/>
  <testcase name="btcRounding[96]" classname="org.bitcoinj.utils.BtcFormatTest" time="0.002"/>
  <testcase name="negativeTest[96]" classname="org.bitcoinj.utils.BtcFormatTest" time="0"/>
  <testcase name="millicoinScaleTest[96]" classname="org.bitcoinj.utils.BtcFormatTest" time="0"/>
  <testcase name="toStringTest[96]" classname="org.bitcoinj.utils.BtcFormatTest" time="0.001"/>
  <testcase name="testGrouping[96]" classname="org.bitcoinj.utils.BtcFormatTest" time="0"/>
  <testcase name="symbolsCodesTest[96]" classname="org.bitcoinj.utils.BtcFormatTest" time="0"/>
  <testcase name="defaultLocaleTest[96]" classname="org.bitcoinj.utils.BtcFormatTest" time="0"/>
  <testcase name="parsePositionTest[96]" classname="org.bitcoinj.utils.BtcFormatTest" time="0.001"/>
  <testcase name="argumentTypeTest[96]" classname="org.bitcoinj.utils.BtcFormatTest" time="0"/>
  <testcase name="characterIteratorTest[96]" classname="org.bitcoinj.utils.BtcFormatTest" time="0.001"/>
  <testcase name="repeatingPlaceTest[96]" classname="org.bitcoinj.utils.BtcFormatTest" time="0"/>
  <testcase name="currencyCodeTest[96]" classname="org.bitcoinj.utils.BtcFormatTest" time="0.001"/>
  <testcase name="patternDecimalPlaces[96]" classname="org.bitcoinj.utils.BtcFormatTest" time="0"/>
  <testcase name="factoryArgumentsTest[97]" classname="org.bitcoinj.utils.BtcFormatTest" time="0.001"/>
  <testcase name="parseTest[97]" classname="org.bitcoinj.utils.BtcFormatTest" time="0.003"/>
  <testcase name="microcoinScaleTest[97]" classname="org.bitcoinj.utils.BtcFormatTest" time="0"/>
  <testcase name="parseMetricTest[97]" classname="org.bitcoinj.utils.BtcFormatTest" time="0.001"/>
  <testcase name="coinScaleTest[97]" classname="org.bitcoinj.utils.BtcFormatTest" time="0.001"/>
  <testcase name="builderTest[97]" classname="org.bitcoinj.utils.BtcFormatTest" time="0.002"/>
  <testcase name="attributeTest[97]" classname="org.bitcoinj.utils.BtcFormatTest" time="0"/>
  <testcase name="prefixTest[97]" classname="org.bitcoinj.utils.BtcFormatTest" time="0"/>
  <testcase name="suffixTest[97]" classname="org.bitcoinj.utils.BtcFormatTest" time="0"/>
  <testcase name="autoDecimalTest[97]" classname="org.bitcoinj.utils.BtcFormatTest" time="0.002"/>
  <testcase name="symbolCollisionTest[97]" classname="org.bitcoinj.utils.BtcFormatTest" time="0.001"/>
  <testcase name="equalityTest[97]" classname="org.bitcoinj.utils.BtcFormatTest" time="0.002"/>
  <testcase name="columnAlignmentTest[97]" classname="org.bitcoinj.utils.BtcFormatTest" time="0"/>
  <testcase name="factoryTest[97]" classname="org.bitcoinj.utils.BtcFormatTest" time="0.001"/>
  <testcase name="parse[97]" classname="org.bitcoinj.utils.BtcFormatTest" time="0"/>
  <testcase name="btcRounding[97]" classname="org.bitcoinj.utils.BtcFormatTest" time="0.001"/>
  <testcase name="negativeTest[97]" classname="org.bitcoinj.utils.BtcFormatTest" time="0.001"/>
  <testcase name="millicoinScaleTest[97]" classname="org.bitcoinj.utils.BtcFormatTest" time="0"/>
  <testcase name="toStringTest[97]" classname="org.bitcoinj.utils.BtcFormatTest" time="0.001"/>
  <testcase name="testGrouping[97]" classname="org.bitcoinj.utils.BtcFormatTest" time="0"/>
  <testcase name="symbolsCodesTest[97]" classname="org.bitcoinj.utils.BtcFormatTest" time="0.001"/>
  <testcase name="defaultLocaleTest[97]" classname="org.bitcoinj.utils.BtcFormatTest" time="0"/>
  <testcase name="parsePositionTest[97]" classname="org.bitcoinj.utils.BtcFormatTest" time="0"/>
  <testcase name="argumentTypeTest[97]" classname="org.bitcoinj.utils.BtcFormatTest" time="0.001"/>
  <testcase name="characterIteratorTest[97]" classname="org.bitcoinj.utils.BtcFormatTest" time="0"/>
  <testcase name="repeatingPlaceTest[97]" classname="org.bitcoinj.utils.BtcFormatTest" time="0.001"/>
  <testcase name="currencyCodeTest[97]" classname="org.bitcoinj.utils.BtcFormatTest" time="0"/>
  <testcase name="patternDecimalPlaces[97]" classname="org.bitcoinj.utils.BtcFormatTest" time="0"/>
  <testcase name="factoryArgumentsTest[98]" classname="org.bitcoinj.utils.BtcFormatTest" time="0.001"/>
  <testcase name="parseTest[98]" classname="org.bitcoinj.utils.BtcFormatTest" time="0.003"/>
  <testcase name="microcoinScaleTest[98]" classname="org.bitcoinj.utils.BtcFormatTest" time="0"/>
  <testcase name="parseMetricTest[98]" classname="org.bitcoinj.utils.BtcFormatTest" time="0.001"/>
  <testcase name="coinScaleTest[98]" classname="org.bitcoinj.utils.BtcFormatTest" time="0"/>
  <testcase name="builderTest[98]" classname="org.bitcoinj.utils.BtcFormatTest" time="0.003"/>
  <testcase name="attributeTest[98]" classname="org.bitcoinj.utils.BtcFormatTest" time="0"/>
  <testcase name="prefixTest[98]" classname="org.bitcoinj.utils.BtcFormatTest" time="0"/>
  <testcase name="suffixTest[98]" classname="org.bitcoinj.utils.BtcFormatTest" time="0"/>
  <testcase name="autoDecimalTest[98]" classname="org.bitcoinj.utils.BtcFormatTest" time="0.001"/>
  <testcase name="symbolCollisionTest[98]" classname="org.bitcoinj.utils.BtcFormatTest" time="0.001"/>
  <testcase name="equalityTest[98]" classname="org.bitcoinj.utils.BtcFormatTest" time="0.003"/>
  <testcase name="columnAlignmentTest[98]" classname="org.bitcoinj.utils.BtcFormatTest" time="0"/>
  <testcase name="factoryTest[98]" classname="org.bitcoinj.utils.BtcFormatTest" time="0"/>
  <testcase name="parse[98]" classname="org.bitcoinj.utils.BtcFormatTest" time="0"/>
  <testcase name="btcRounding[98]" classname="org.bitcoinj.utils.BtcFormatTest" time="0.002"/>
  <testcase name="negativeTest[98]" classname="org.bitcoinj.utils.BtcFormatTest" time="0.001"/>
  <testcase name="millicoinScaleTest[98]" classname="org.bitcoinj.utils.BtcFormatTest" time="0"/>
  <testcase name="toStringTest[98]" classname="org.bitcoinj.utils.BtcFormatTest" time="0"/>
  <testcase name="testGrouping[98]" classname="org.bitcoinj.utils.BtcFormatTest" time="0.001"/>
  <testcase name="symbolsCodesTest[98]" classname="org.bitcoinj.utils.BtcFormatTest" time="0"/>
  <testcase name="defaultLocaleTest[98]" classname="org.bitcoinj.utils.BtcFormatTest" time="0.001"/>
  <testcase name="parsePositionTest[98]" classname="org.bitcoinj.utils.BtcFormatTest" time="0"/>
  <testcase name="argumentTypeTest[98]" classname="org.bitcoinj.utils.BtcFormatTest" time="0"/>
  <testcase name="characterIteratorTest[98]" classname="org.bitcoinj.utils.BtcFormatTest" time="0"/>
  <testcase name="repeatingPlaceTest[98]" classname="org.bitcoinj.utils.BtcFormatTest" time="0"/>
  <testcase name="currencyCodeTest[98]" classname="org.bitcoinj.utils.BtcFormatTest" time="0.001"/>
  <testcase name="patternDecimalPlaces[98]" classname="org.bitcoinj.utils.BtcFormatTest" time="0"/>
  <testcase name="factoryArgumentsTest[99]" classname="org.bitcoinj.utils.BtcFormatTest" time="0.001"/>
  <testcase name="parseTest[99]" classname="org.bitcoinj.utils.BtcFormatTest" time="0.002"/>
  <testcase name="microcoinScaleTest[99]" classname="org.bitcoinj.utils.BtcFormatTest" time="0"/>
  <testcase name="parseMetricTest[99]" classname="org.bitcoinj.utils.BtcFormatTest" time="0.002"/>
  <testcase name="coinScaleTest[99]" classname="org.bitcoinj.utils.BtcFormatTest" time="0"/>
  <testcase name="builderTest[99]" classname="org.bitcoinj.utils.BtcFormatTest" time="0.002"/>
  <testcase name="attributeTest[99]" classname="org.bitcoinj.utils.BtcFormatTest" time="0"/>
  <testcase name="prefixTest[99]" classname="org.bitcoinj.utils.BtcFormatTest" time="0.001"/>
  <testcase name="suffixTest[99]" classname="org.bitcoinj.utils.BtcFormatTest" time="0"/>
  <testcase name="autoDecimalTest[99]" classname="org.bitcoinj.utils.BtcFormatTest" time="0.001"/>
  <testcase name="symbolCollisionTest[99]" classname="org.bitcoinj.utils.BtcFormatTest" time="0.001"/>
  <testcase name="equalityTest[99]" classname="org.bitcoinj.utils.BtcFormatTest" time="0.002"/>
  <testcase name="columnAlignmentTest[99]" classname="org.bitcoinj.utils.BtcFormatTest" time="0"/>
  <testcase name="factoryTest[99]" classname="org.bitcoinj.utils.BtcFormatTest" time="0.001"/>
  <testcase name="parse[99]" classname="org.bitcoinj.utils.BtcFormatTest" time="0"/>
  <testcase name="btcRounding[99]" classname="org.bitcoinj.utils.BtcFormatTest" time="0.001"/>
  <testcase name="negativeTest[99]" classname="org.bitcoinj.utils.BtcFormatTest" time="0.001"/>
  <testcase name="millicoinScaleTest[99]" classname="org.bitcoinj.utils.BtcFormatTest" time="0"/>
  <testcase name="toStringTest[99]" classname="org.bitcoinj.utils.BtcFormatTest" time="0.001"/>
  <testcase name="testGrouping[99]" classname="org.bitcoinj.utils.BtcFormatTest" time="0"/>
  <testcase name="symbolsCodesTest[99]" classname="org.bitcoinj.utils.BtcFormatTest" time="0.001"/>
  <testcase name="defaultLocaleTest[99]" classname="org.bitcoinj.utils.BtcFormatTest" time="0"/>
  <testcase name="parsePositionTest[99]" classname="org.bitcoinj.utils.BtcFormatTest" time="0"/>
  <testcase name="argumentTypeTest[99]" classname="org.bitcoinj.utils.BtcFormatTest" time="0.001"/>
  <testcase name="characterIteratorTest[99]" classname="org.bitcoinj.utils.BtcFormatTest" time="0"/>
  <testcase name="repeatingPlaceTest[99]" classname="org.bitcoinj.utils.BtcFormatTest" time="0.001"/>
  <testcase name="currencyCodeTest[99]" classname="org.bitcoinj.utils.BtcFormatTest" time="0"/>
  <testcase name="patternDecimalPlaces[99]" classname="org.bitcoinj.utils.BtcFormatTest" time="0"/>
  <testcase name="factoryArgumentsTest[100]" classname="org.bitcoinj.utils.BtcFormatTest" time="0.002"/>
  <testcase name="parseTest[100]" classname="org.bitcoinj.utils.BtcFormatTest" time="0.002"/>
  <testcase name="microcoinScaleTest[100]" classname="org.bitcoinj.utils.BtcFormatTest" time="0"/>
  <testcase name="parseMetricTest[100]" classname="org.bitcoinj.utils.BtcFormatTest" time="0.002"/>
  <testcase name="coinScaleTest[100]" classname="org.bitcoinj.utils.BtcFormatTest" time="0"/>
  <testcase name="builderTest[100]" classname="org.bitcoinj.utils.BtcFormatTest" time="0.002"/>
  <testcase name="attributeTest[100]" classname="org.bitcoinj.utils.BtcFormatTest" time="0"/>
  <testcase name="prefixTest[100]" classname="org.bitcoinj.utils.BtcFormatTest" time="0.001"/>
  <testcase name="suffixTest[100]" classname="org.bitcoinj.utils.BtcFormatTest" time="0"/>
  <testcase name="autoDecimalTest[100]" classname="org.bitcoinj.utils.BtcFormatTest" time="0.001"/>
  <testcase name="symbolCollisionTest[100]" classname="org.bitcoinj.utils.BtcFormatTest" time="0.001"/>
  <testcase name="equalityTest[100]" classname="org.bitcoinj.utils.BtcFormatTest" time="0.002"/>
  <testcase name="columnAlignmentTest[100]" classname="org.bitcoinj.utils.BtcFormatTest" time="0"/>
  <testcase name="factoryTest[100]" classname="org.bitcoinj.utils.BtcFormatTest" time="0.001"/>
  <testcase name="parse[100]" classname="org.bitcoinj.utils.BtcFormatTest" time="0"/>
  <testcase name="btcRounding[100]" classname="org.bitcoinj.utils.BtcFormatTest" time="0.001"/>
  <testcase name="negativeTest[100]" classname="org.bitcoinj.utils.BtcFormatTest" time="0.001"/>
  <testcase name="millicoinScaleTest[100]" classname="org.bitcoinj.utils.BtcFormatTest" time="0"/>
  <testcase name="toStringTest[100]" classname="org.bitcoinj.utils.BtcFormatTest" time="0.001"/>
  <testcase name="testGrouping[100]" classname="org.bitcoinj.utils.BtcFormatTest" time="0"/>
  <testcase name="symbolsCodesTest[100]" classname="org.bitcoinj.utils.BtcFormatTest" time="0.001"/>
  <testcase name="defaultLocaleTest[100]" classname="org.bitcoinj.utils.BtcFormatTest" time="0"/>
  <testcase name="parsePositionTest[100]" classname="org.bitcoinj.utils.BtcFormatTest" time="0"/>
  <testcase name="argumentTypeTest[100]" classname="org.bitcoinj.utils.BtcFormatTest" time="0.001"/>
  <testcase name="characterIteratorTest[100]" classname="org.bitcoinj.utils.BtcFormatTest" time="0"/>
  <testcase name="repeatingPlaceTest[100]" classname="org.bitcoinj.utils.BtcFormatTest" time="0.001"/>
  <testcase name="currencyCodeTest[100]" classname="org.bitcoinj.utils.BtcFormatTest" time="0"/>
  <testcase name="patternDecimalPlaces[100]" classname="org.bitcoinj.utils.BtcFormatTest" time="0"/>
  <testcase name="factoryArgumentsTest[101]" classname="org.bitcoinj.utils.BtcFormatTest" time="0.001"/>
  <testcase name="parseTest[101]" classname="org.bitcoinj.utils.BtcFormatTest" time="0.003"/>
  <testcase name="microcoinScaleTest[101]" classname="org.bitcoinj.utils.BtcFormatTest" time="0"/>
  <testcase name="parseMetricTest[101]" classname="org.bitcoinj.utils.BtcFormatTest" time="0.001"/>
  <testcase name="coinScaleTest[101]" classname="org.bitcoinj.utils.BtcFormatTest" time="0"/>
  <testcase name="builderTest[101]" classname="org.bitcoinj.utils.BtcFormatTest" time="0.003"/>
  <testcase name="attributeTest[101]" classname="org.bitcoinj.utils.BtcFormatTest" time="0"/>
  <testcase name="prefixTest[101]" classname="org.bitcoinj.utils.BtcFormatTest" time="0"/>
  <testcase name="suffixTest[101]" classname="org.bitcoinj.utils.BtcFormatTest" time="0"/>
  <testcase name="autoDecimalTest[101]" classname="org.bitcoinj.utils.BtcFormatTest" time="0.001"/>
  <testcase name="symbolCollisionTest[101]" classname="org.bitcoinj.utils.BtcFormatTest" time="0.001"/>
  <testcase name="equalityTest[101]" classname="org.bitcoinj.utils.BtcFormatTest" time="0.003"/>
  <testcase name="columnAlignmentTest[101]" classname="org.bitcoinj.utils.BtcFormatTest" time="0"/>
  <testcase name="factoryTest[101]" classname="org.bitcoinj.utils.BtcFormatTest" time="0"/>
  <testcase name="parse[101]" classname="org.bitcoinj.utils.BtcFormatTest" time="0"/>
  <testcase name="btcRounding[101]" classname="org.bitcoinj.utils.BtcFormatTest" time="0.002"/>
  <testcase name="negativeTest[101]" classname="org.bitcoinj.utils.BtcFormatTest" time="0"/>
  <testcase name="millicoinScaleTest[101]" classname="org.bitcoinj.utils.BtcFormatTest" time="0"/>
  <testcase name="toStringTest[101]" classname="org.bitcoinj.utils.BtcFormatTest" time="0.001"/>
  <testcase name="testGrouping[101]" classname="org.bitcoinj.utils.BtcFormatTest" time="0"/>
  <testcase name="symbolsCodesTest[101]" classname="org.bitcoinj.utils.BtcFormatTest" time="0.001"/>
  <testcase name="defaultLocaleTest[101]" classname="org.bitcoinj.utils.BtcFormatTest" time="0"/>
  <testcase name="parsePositionTest[101]" classname="org.bitcoinj.utils.BtcFormatTest" time="0.001"/>
  <testcase name="argumentTypeTest[101]" classname="org.bitcoinj.utils.BtcFormatTest" time="0"/>
  <testcase name="characterIteratorTest[101]" classname="org.bitcoinj.utils.BtcFormatTest" time="0.001"/>
  <testcase name="repeatingPlaceTest[101]" classname="org.bitcoinj.utils.BtcFormatTest" time="0"/>
  <testcase name="currencyCodeTest[101]" classname="org.bitcoinj.utils.BtcFormatTest" time="0"/>
  <testcase name="patternDecimalPlaces[101]" classname="org.bitcoinj.utils.BtcFormatTest" time="0.001"/>
  <testcase name="factoryArgumentsTest[102]" classname="org.bitcoinj.utils.BtcFormatTest" time="0.001"/>
  <testcase name="parseTest[102]" classname="org.bitcoinj.utils.BtcFormatTest" time="0.003"/>
  <testcase name="microcoinScaleTest[102]" classname="org.bitcoinj.utils.BtcFormatTest" time="0"/>
  <testcase name="parseMetricTest[102]" classname="org.bitcoinj.utils.BtcFormatTest" time="0.002"/>
  <testcase name="coinScaleTest[102]" classname="org.bitcoinj.utils.BtcFormatTest" time="0"/>
  <testcase name="builderTest[102]" classname="org.bitcoinj.utils.BtcFormatTest" time="0.002"/>
  <testcase name="attributeTest[102]" classname="org.bitcoinj.utils.BtcFormatTest" time="0.001"/>
  <testcase name="prefixTest[102]" classname="org.bitcoinj.utils.BtcFormatTest" time="0"/>
  <testcase name="suffixTest[102]" classname="org.bitcoinj.utils.BtcFormatTest" time="0"/>
  <testcase name="autoDecimalTest[102]" classname="org.bitcoinj.utils.BtcFormatTest" time="0.001"/>
  <testcase name="symbolCollisionTest[102]" classname="org.bitcoinj.utils.BtcFormatTest" time="0.01"/>
  <testcase name="equalityTest[102]" classname="org.bitcoinj.utils.BtcFormatTest" time="0.002"/>
  <testcase name="columnAlignmentTest[102]" classname="org.bitcoinj.utils.BtcFormatTest" time="0.001"/>
  <testcase name="factoryTest[102]" classname="org.bitcoinj.utils.BtcFormatTest" time="0"/>
  <testcase name="parse[102]" classname="org.bitcoinj.utils.BtcFormatTest" time="0"/>
  <testcase name="btcRounding[102]" classname="org.bitcoinj.utils.BtcFormatTest" time="0.001"/>
  <testcase name="negativeTest[102]" classname="org.bitcoinj.utils.BtcFormatTest" time="0.001"/>
  <testcase name="millicoinScaleTest[102]" classname="org.bitcoinj.utils.BtcFormatTest" time="0"/>
  <testcase name="toStringTest[102]" classname="org.bitcoinj.utils.BtcFormatTest" time="0.001"/>
  <testcase name="testGrouping[102]" classname="org.bitcoinj.utils.BtcFormatTest" time="0"/>
  <testcase name="symbolsCodesTest[102]" classname="org.bitcoinj.utils.BtcFormatTest" time="0.001"/>
  <testcase name="defaultLocaleTest[102]" classname="org.bitcoinj.utils.BtcFormatTest" time="0"/>
  <testcase name="parsePositionTest[102]" classname="org.bitcoinj.utils.BtcFormatTest" time="0"/>
  <testcase name="argumentTypeTest[102]" classname="org.bitcoinj.utils.BtcFormatTest" time="0.001"/>
  <testcase name="characterIteratorTest[102]" classname="org.bitcoinj.utils.BtcFormatTest" time="0"/>
  <testcase name="repeatingPlaceTest[102]" classname="org.bitcoinj.utils.BtcFormatTest" time="0"/>
  <testcase name="currencyCodeTest[102]" classname="org.bitcoinj.utils.BtcFormatTest" time="0"/>
  <testcase name="patternDecimalPlaces[102]" classname="org.bitcoinj.utils.BtcFormatTest" time="0"/>
  <testcase name="factoryArgumentsTest[103]" classname="org.bitcoinj.utils.BtcFormatTest" time="0.001"/>
  <testcase name="parseTest[103]" classname="org.bitcoinj.utils.BtcFormatTest" time="0.003"/>
  <testcase name="microcoinScaleTest[103]" classname="org.bitcoinj.utils.BtcFormatTest" time="0"/>
  <testcase name="parseMetricTest[103]" classname="org.bitcoinj.utils.BtcFormatTest" time="0.001"/>
  <testcase name="coinScaleTest[103]" classname="org.bitcoinj.utils.BtcFormatTest" time="0.001"/>
  <testcase name="builderTest[103]" classname="org.bitcoinj.utils.BtcFormatTest" time="0.002"/>
  <testcase name="attributeTest[103]" classname="org.bitcoinj.utils.BtcFormatTest" time="0"/>
  <testcase name="prefixTest[103]" classname="org.bitcoinj.utils.BtcFormatTest" time="0"/>
  <testcase name="suffixTest[103]" classname="org.bitcoinj.utils.BtcFormatTest" time="0"/>
  <testcase name="autoDecimalTest[103]" classname="org.bitcoinj.utils.BtcFormatTest" time="0.001"/>
  <testcase name="symbolCollisionTest[103]" classname="org.bitcoinj.utils.BtcFormatTest" time="0.002"/>
  <testcase name="equalityTest[103]" classname="org.bitcoinj.utils.BtcFormatTest" time="0.014"/>
  <testcase name="columnAlignmentTest[103]" classname="org.bitcoinj.utils.BtcFormatTest" time="0"/>
  <testcase name="factoryTest[103]" classname="org.bitcoinj.utils.BtcFormatTest" time="0.001"/>
  <testcase name="parse[103]" classname="org.bitcoinj.utils.BtcFormatTest" time="0"/>
  <testcase name="btcRounding[103]" classname="org.bitcoinj.utils.BtcFormatTest" time="0.001"/>
  <testcase name="negativeTest[103]" classname="org.bitcoinj.utils.BtcFormatTest" time="0.001"/>
  <testcase name="millicoinScaleTest[103]" classname="org.bitcoinj.utils.BtcFormatTest" time="0"/>
  <testcase name="toStringTest[103]" classname="org.bitcoinj.utils.BtcFormatTest" time="0"/>
  <testcase name="testGrouping[103]" classname="org.bitcoinj.utils.BtcFormatTest" time="0.001"/>
  <testcase name="symbolsCodesTest[103]" classname="org.bitcoinj.utils.BtcFormatTest" time="0"/>
  <testcase name="defaultLocaleTest[103]" classname="org.bitcoinj.utils.BtcFormatTest" time="0.001"/>
  <testcase name="parsePositionTest[103]" classname="org.bitcoinj.utils.BtcFormatTest" time="0"/>
  <testcase name="argumentTypeTest[103]" classname="org.bitcoinj.utils.BtcFormatTest" time="0"/>
  <testcase name="characterIteratorTest[103]" classname="org.bitcoinj.utils.BtcFormatTest" time="0.001"/>
  <testcase name="repeatingPlaceTest[103]" classname="org.bitcoinj.utils.BtcFormatTest" time="0"/>
  <testcase name="currencyCodeTest[103]" classname="org.bitcoinj.utils.BtcFormatTest" time="0.001"/>
  <testcase name="patternDecimalPlaces[103]" classname="org.bitcoinj.utils.BtcFormatTest" time="0"/>
  <testcase name="factoryArgumentsTest[104]" classname="org.bitcoinj.utils.BtcFormatTest" time="0.001"/>
  <testcase name="parseTest[104]" classname="org.bitcoinj.utils.BtcFormatTest" time="0.003"/>
  <testcase name="microcoinScaleTest[104]" classname="org.bitcoinj.utils.BtcFormatTest" time="0"/>
  <testcase name="parseMetricTest[104]" classname="org.bitcoinj.utils.BtcFormatTest" time="0.009"/>
  <testcase name="coinScaleTest[104]" classname="org.bitcoinj.utils.BtcFormatTest" time="0"/>
  <testcase name="builderTest[104]" classname="org.bitcoinj.utils.BtcFormatTest" time="0.002"/>
  <testcase name="attributeTest[104]" classname="org.bitcoinj.utils.BtcFormatTest" time="0"/>
  <testcase name="prefixTest[104]" classname="org.bitcoinj.utils.BtcFormatTest" time="0.001"/>
  <testcase name="suffixTest[104]" classname="org.bitcoinj.utils.BtcFormatTest" time="0"/>
  <testcase name="autoDecimalTest[104]" classname="org.bitcoinj.utils.BtcFormatTest" time="0.001"/>
  <testcase name="symbolCollisionTest[104]" classname="org.bitcoinj.utils.BtcFormatTest" time="0.001"/>
  <testcase name="equalityTest[104]" classname="org.bitcoinj.utils.BtcFormatTest" time="0.002"/>
  <testcase name="columnAlignmentTest[104]" classname="org.bitcoinj.utils.BtcFormatTest" time="0"/>
  <testcase name="factoryTest[104]" classname="org.bitcoinj.utils.BtcFormatTest" time="0"/>
  <testcase name="parse[104]" classname="org.bitcoinj.utils.BtcFormatTest" time="0.001"/>
  <testcase name="btcRounding[104]" classname="org.bitcoinj.utils.BtcFormatTest" time="0.001"/>
  <testcase name="negativeTest[104]" classname="org.bitcoinj.utils.BtcFormatTest" time="0.001"/>
  <testcase name="millicoinScaleTest[104]" classname="org.bitcoinj.utils.BtcFormatTest" time="0"/>
  <testcase name="toStringTest[104]" classname="org.bitcoinj.utils.BtcFormatTest" time="0"/>
  <testcase name="testGrouping[104]" classname="org.bitcoinj.utils.BtcFormatTest" time="0.001"/>
  <testcase name="symbolsCodesTest[104]" classname="org.bitcoinj.utils.BtcFormatTest" time="0"/>
  <testcase name="defaultLocaleTest[104]" classname="org.bitcoinj.utils.BtcFormatTest" time="0.001"/>
  <testcase name="parsePositionTest[104]" classname="org.bitcoinj.utils.BtcFormatTest" time="0"/>
  <testcase name="argumentTypeTest[104]" classname="org.bitcoinj.utils.BtcFormatTest" time="0.003"/>
  <testcase name="characterIteratorTest[104]" classname="org.bitcoinj.utils.BtcFormatTest" time="0"/>
  <testcase name="repeatingPlaceTest[104]" classname="org.bitcoinj.utils.BtcFormatTest" time="0"/>
  <testcase name="currencyCodeTest[104]" classname="org.bitcoinj.utils.BtcFormatTest" time="0.001"/>
  <testcase name="patternDecimalPlaces[104]" classname="org.bitcoinj.utils.BtcFormatTest" time="0"/>
  <testcase name="factoryArgumentsTest[105]" classname="org.bitcoinj.utils.BtcFormatTest" time="0.001"/>
  <testcase name="parseTest[105]" classname="org.bitcoinj.utils.BtcFormatTest" time="0.002"/>
  <testcase name="microcoinScaleTest[105]" classname="org.bitcoinj.utils.BtcFormatTest" time="0"/>
  <testcase name="parseMetricTest[105]" classname="org.bitcoinj.utils.BtcFormatTest" time="0.002"/>
  <testcase name="coinScaleTest[105]" classname="org.bitcoinj.utils.BtcFormatTest" time="0"/>
  <testcase name="builderTest[105]" classname="org.bitcoinj.utils.BtcFormatTest" time="0.002"/>
  <testcase name="attributeTest[105]" classname="org.bitcoinj.utils.BtcFormatTest" time="0"/>
  <testcase name="prefixTest[105]" classname="org.bitcoinj.utils.BtcFormatTest" time="0.001"/>
  <testcase name="suffixTest[105]" classname="org.bitcoinj.utils.BtcFormatTest" time="0"/>
  <testcase name="autoDecimalTest[105]" classname="org.bitcoinj.utils.BtcFormatTest" time="0.001"/>
  <testcase name="symbolCollisionTest[105]" classname="org.bitcoinj.utils.BtcFormatTest" time="0.001"/>
  <testcase name="equalityTest[105]" classname="org.bitcoinj.utils.BtcFormatTest" time="0.003"/>
  <testcase name="columnAlignmentTest[105]" classname="org.bitcoinj.utils.BtcFormatTest" time="0"/>
  <testcase name="factoryTest[105]" classname="org.bitcoinj.utils.BtcFormatTest" time="0"/>
  <testcase name="parse[105]" classname="org.bitcoinj.utils.BtcFormatTest" time="0"/>
  <testcase name="btcRounding[105]" classname="org.bitcoinj.utils.BtcFormatTest" time="0.002"/>
  <testcase name="negativeTest[105]" classname="org.bitcoinj.utils.BtcFormatTest" time="0"/>
  <testcase name="millicoinScaleTest[105]" classname="org.bitcoinj.utils.BtcFormatTest" time="0"/>
  <testcase name="toStringTest[105]" classname="org.bitcoinj.utils.BtcFormatTest" time="0.001"/>
  <testcase name="testGrouping[105]" classname="org.bitcoinj.utils.BtcFormatTest" time="0"/>
  <testcase name="symbolsCodesTest[105]" classname="org.bitcoinj.utils.BtcFormatTest" time="0.001"/>
  <testcase name="defaultLocaleTest[105]" classname="org.bitcoinj.utils.BtcFormatTest" time="0"/>
  <testcase name="parsePositionTest[105]" classname="org.bitcoinj.utils.BtcFormatTest" time="0"/>
  <testcase name="argumentTypeTest[105]" classname="org.bitcoinj.utils.BtcFormatTest" time="0.001"/>
  <testcase name="characterIteratorTest[105]" classname="org.bitcoinj.utils.BtcFormatTest" time="0"/>
  <testcase name="repeatingPlaceTest[105]" classname="org.bitcoinj.utils.BtcFormatTest" time="0.001"/>
  <testcase name="currencyCodeTest[105]" classname="org.bitcoinj.utils.BtcFormatTest" time="0"/>
  <testcase name="patternDecimalPlaces[105]" classname="org.bitcoinj.utils.BtcFormatTest" time="0"/>
  <testcase name="factoryArgumentsTest[106]" classname="org.bitcoinj.utils.BtcFormatTest" time="0.03"/>
  <testcase name="parseTest[106]" classname="org.bitcoinj.utils.BtcFormatTest" time="0.003"/>
  <testcase name="microcoinScaleTest[106]" classname="org.bitcoinj.utils.BtcFormatTest" time="0"/>
  <testcase name="parseMetricTest[106]" classname="org.bitcoinj.utils.BtcFormatTest" time="0.001"/>
  <testcase name="coinScaleTest[106]" classname="org.bitcoinj.utils.BtcFormatTest" time="0"/>
  <testcase name="builderTest[106]" classname="org.bitcoinj.utils.BtcFormatTest" time="0.002"/>
  <testcase name="attributeTest[106]" classname="org.bitcoinj.utils.BtcFormatTest" time="0.001"/>
  <testcase name="prefixTest[106]" classname="org.bitcoinj.utils.BtcFormatTest" time="0"/>
  <testcase name="suffixTest[106]" classname="org.bitcoinj.utils.BtcFormatTest" time="0"/>
  <testcase name="autoDecimalTest[106]" classname="org.bitcoinj.utils.BtcFormatTest" time="0.001"/>
  <testcase name="symbolCollisionTest[106]" classname="org.bitcoinj.utils.BtcFormatTest" time="0.001"/>
  <testcase name="equalityTest[106]" classname="org.bitcoinj.utils.BtcFormatTest" time="0.002"/>
  <testcase name="columnAlignmentTest[106]" classname="org.bitcoinj.utils.BtcFormatTest" time="0"/>
  <testcase name="factoryTest[106]" classname="org.bitcoinj.utils.BtcFormatTest" time="0.001"/>
  <testcase name="parse[106]" classname="org.bitcoinj.utils.BtcFormatTest" time="0"/>
  <testcase name="btcRounding[106]" classname="org.bitcoinj.utils.BtcFormatTest" time="0.001"/>
  <testcase name="negativeTest[106]" classname="org.bitcoinj.utils.BtcFormatTest" time="0.001"/>
  <testcase name="millicoinScaleTest[106]" classname="org.bitcoinj.utils.BtcFormatTest" time="0"/>
  <testcase name="toStringTest[106]" classname="org.bitcoinj.utils.BtcFormatTest" time="0.001"/>
  <testcase name="testGrouping[106]" classname="org.bitcoinj.utils.BtcFormatTest" time="0"/>
  <testcase name="symbolsCodesTest[106]" classname="org.bitcoinj.utils.BtcFormatTest" time="0"/>
  <testcase name="defaultLocaleTest[106]" classname="org.bitcoinj.utils.BtcFormatTest" time="0.001"/>
  <testcase name="parsePositionTest[106]" classname="org.bitcoinj.utils.BtcFormatTest" time="0"/>
  <testcase name="argumentTypeTest[106]" classname="org.bitcoinj.utils.BtcFormatTest" time="0"/>
  <testcase name="characterIteratorTest[106]" classname="org.bitcoinj.utils.BtcFormatTest" time="0.001"/>
  <testcase name="repeatingPlaceTest[106]" classname="org.bitcoinj.utils.BtcFormatTest" time="0"/>
  <testcase name="currencyCodeTest[106]" classname="org.bitcoinj.utils.BtcFormatTest" time="0"/>
  <testcase name="patternDecimalPlaces[106]" classname="org.bitcoinj.utils.BtcFormatTest" time="0"/>
  <testcase name="factoryArgumentsTest[107]" classname="org.bitcoinj.utils.BtcFormatTest" time="0.001"/>
  <testcase name="parseTest[107]" classname="org.bitcoinj.utils.BtcFormatTest" time="0.002"/>
  <testcase name="microcoinScaleTest[107]" classname="org.bitcoinj.utils.BtcFormatTest" time="0"/>
  <testcase name="parseMetricTest[107]" classname="org.bitcoinj.utils.BtcFormatTest" time="0.002"/>
  <testcase name="coinScaleTest[107]" classname="org.bitcoinj.utils.BtcFormatTest" time="0"/>
  <testcase name="builderTest[107]" classname="org.bitcoinj.utils.BtcFormatTest" time="0.002"/>
  <testcase name="attributeTest[107]" classname="org.bitcoinj.utils.BtcFormatTest" time="0"/>
  <testcase name="prefixTest[107]" classname="org.bitcoinj.utils.BtcFormatTest" time="0.001"/>
  <testcase name="suffixTest[107]" classname="org.bitcoinj.utils.BtcFormatTest" time="0"/>
  <testcase name="autoDecimalTest[107]" classname="org.bitcoinj.utils.BtcFormatTest" time="0.001"/>
  <testcase name="symbolCollisionTest[107]" classname="org.bitcoinj.utils.BtcFormatTest" time="0.001"/>
  <testcase name="equalityTest[107]" classname="org.bitcoinj.utils.BtcFormatTest" time="0.002"/>
  <testcase name="columnAlignmentTest[107]" classname="org.bitcoinj.utils.BtcFormatTest" time="0"/>
  <testcase name="factoryTest[107]" classname="org.bitcoinj.utils.BtcFormatTest" time="0.001"/>
  <testcase name="parse[107]" classname="org.bitcoinj.utils.BtcFormatTest" time="0"/>
  <testcase name="btcRounding[107]" classname="org.bitcoinj.utils.BtcFormatTest" time="0.001"/>
  <testcase name="negativeTest[107]" classname="org.bitcoinj.utils.BtcFormatTest" time="0"/>
  <testcase name="millicoinScaleTest[107]" classname="org.bitcoinj.utils.BtcFormatTest" time="0.001"/>
  <testcase name="toStringTest[107]" classname="org.bitcoinj.utils.BtcFormatTest" time="0"/>
  <testcase name="testGrouping[107]" classname="org.bitcoinj.utils.BtcFormatTest" time="0.001"/>
  <testcase name="symbolsCodesTest[107]" classname="org.bitcoinj.utils.BtcFormatTest" time="0"/>
  <testcase name="defaultLocaleTest[107]" classname="org.bitcoinj.utils.BtcFormatTest" time="0"/>
  <testcase name="parsePositionTest[107]" classname="org.bitcoinj.utils.BtcFormatTest" time="0.001"/>
  <testcase name="argumentTypeTest[107]" classname="org.bitcoinj.utils.BtcFormatTest" time="0"/>
  <testcase name="characterIteratorTest[107]" classname="org.bitcoinj.utils.BtcFormatTest" time="0.001"/>
  <testcase name="repeatingPlaceTest[107]" classname="org.bitcoinj.utils.BtcFormatTest" time="0"/>
  <testcase name="currencyCodeTest[107]" classname="org.bitcoinj.utils.BtcFormatTest" time="0"/>
  <testcase name="patternDecimalPlaces[107]" classname="org.bitcoinj.utils.BtcFormatTest" time="0"/>
  <testcase name="factoryArgumentsTest[108]" classname="org.bitcoinj.utils.BtcFormatTest" time="0.002"/>
  <testcase name="parseTest[108]" classname="org.bitcoinj.utils.BtcFormatTest" time="0.002"/>
  <testcase name="microcoinScaleTest[108]" classname="org.bitcoinj.utils.BtcFormatTest" time="0"/>
  <testcase name="parseMetricTest[108]" classname="org.bitcoinj.utils.BtcFormatTest" time="0.002"/>
  <testcase name="coinScaleTest[108]" classname="org.bitcoinj.utils.BtcFormatTest" time="0"/>
  <testcase name="builderTest[108]" classname="org.bitcoinj.utils.BtcFormatTest" time="0.002"/>
  <testcase name="attributeTest[108]" classname="org.bitcoinj.utils.BtcFormatTest" time="0"/>
  <testcase name="prefixTest[108]" classname="org.bitcoinj.utils.BtcFormatTest" time="0.001"/>
  <testcase name="suffixTest[108]" classname="org.bitcoinj.utils.BtcFormatTest" time="0"/>
  <testcase name="autoDecimalTest[108]" classname="org.bitcoinj.utils.BtcFormatTest" time="0.001"/>
  <testcase name="symbolCollisionTest[108]" classname="org.bitcoinj.utils.BtcFormatTest" time="0.001"/>
  <testcase name="equalityTest[108]" classname="org.bitcoinj.utils.BtcFormatTest" time="0.002"/>
  <testcase name="columnAlignmentTest[108]" classname="org.bitcoinj.utils.BtcFormatTest" time="0"/>
  <testcase name="factoryTest[108]" classname="org.bitcoinj.utils.BtcFormatTest" time="0"/>
  <testcase name="parse[108]" classname="org.bitcoinj.utils.BtcFormatTest" time="0"/>
  <testcase name="btcRounding[108]" classname="org.bitcoinj.utils.BtcFormatTest" time="0.001"/>
  <testcase name="negativeTest[108]" classname="org.bitcoinj.utils.BtcFormatTest" time="0"/>
  <testcase name="millicoinScaleTest[108]" classname="org.bitcoinj.utils.BtcFormatTest" time="0"/>
  <testcase name="toStringTest[108]" classname="org.bitcoinj.utils.BtcFormatTest" time="0.001"/>
  <testcase name="testGrouping[108]" classname="org.bitcoinj.utils.BtcFormatTest" time="0"/>
  <testcase name="symbolsCodesTest[108]" classname="org.bitcoinj.utils.BtcFormatTest" time="0.001"/>
  <testcase name="defaultLocaleTest[108]" classname="org.bitcoinj.utils.BtcFormatTest" time="0"/>
  <testcase name="parsePositionTest[108]" classname="org.bitcoinj.utils.BtcFormatTest" time="0.001"/>
  <testcase name="argumentTypeTest[108]" classname="org.bitcoinj.utils.BtcFormatTest" time="0"/>
  <testcase name="characterIteratorTest[108]" classname="org.bitcoinj.utils.BtcFormatTest" time="0.001"/>
  <testcase name="repeatingPlaceTest[108]" classname="org.bitcoinj.utils.BtcFormatTest" time="0"/>
  <testcase name="currencyCodeTest[108]" classname="org.bitcoinj.utils.BtcFormatTest" time="0"/>
  <testcase name="patternDecimalPlaces[108]" classname="org.bitcoinj.utils.BtcFormatTest" time="0"/>
  <testcase name="factoryArgumentsTest[109]" classname="org.bitcoinj.utils.BtcFormatTest" time="0.002"/>
  <testcase name="parseTest[109]" classname="org.bitcoinj.utils.BtcFormatTest" time="0.002"/>
  <testcase name="microcoinScaleTest[109]" classname="org.bitcoinj.utils.BtcFormatTest" time="0"/>
  <testcase name="parseMetricTest[109]" classname="org.bitcoinj.utils.BtcFormatTest" time="0.002"/>
  <testcase name="coinScaleTest[109]" classname="org.bitcoinj.utils.BtcFormatTest" time="0"/>
  <testcase name="builderTest[109]" classname="org.bitcoinj.utils.BtcFormatTest" time="0.002"/>
  <testcase name="attributeTest[109]" classname="org.bitcoinj.utils.BtcFormatTest" time="0"/>
  <testcase name="prefixTest[109]" classname="org.bitcoinj.utils.BtcFormatTest" time="0"/>
  <testcase name="suffixTest[109]" classname="org.bitcoinj.utils.BtcFormatTest" time="0.001"/>
  <testcase name="autoDecimalTest[109]" classname="org.bitcoinj.utils.BtcFormatTest" time="0.001"/>
  <testcase name="symbolCollisionTest[109]" classname="org.bitcoinj.utils.BtcFormatTest" time="0.001"/>
  <testcase name="equalityTest[109]" classname="org.bitcoinj.utils.BtcFormatTest" time="0.002"/>
  <testcase name="columnAlignmentTest[109]" classname="org.bitcoinj.utils.BtcFormatTest" time="0"/>
  <testcase name="factoryTest[109]" classname="org.bitcoinj.utils.BtcFormatTest" time="0"/>
  <testcase name="parse[109]" classname="org.bitcoinj.utils.BtcFormatTest" time="0"/>
  <testcase name="btcRounding[109]" classname="org.bitcoinj.utils.BtcFormatTest" time="0.002"/>
  <testcase name="negativeTest[109]" classname="org.bitcoinj.utils.BtcFormatTest" time="0"/>
  <testcase name="millicoinScaleTest[109]" classname="org.bitcoinj.utils.BtcFormatTest" time="0"/>
  <testcase name="toStringTest[109]" classname="org.bitcoinj.utils.BtcFormatTest" time="0.001"/>
  <testcase name="testGrouping[109]" classname="org.bitcoinj.utils.BtcFormatTest" time="0.001"/>
  <testcase name="symbolsCodesTest[109]" classname="org.bitcoinj.utils.BtcFormatTest" time="0"/>
  <testcase name="defaultLocaleTest[109]" classname="org.bitcoinj.utils.BtcFormatTest" time="0"/>
  <testcase name="parsePositionTest[109]" classname="org.bitcoinj.utils.BtcFormatTest" time="0.001"/>
  <testcase name="argumentTypeTest[109]" classname="org.bitcoinj.utils.BtcFormatTest" time="0"/>
  <testcase name="characterIteratorTest[109]" classname="org.bitcoinj.utils.BtcFormatTest" time="0.001"/>
  <testcase name="repeatingPlaceTest[109]" classname="org.bitcoinj.utils.BtcFormatTest" time="0"/>
  <testcase name="currencyCodeTest[109]" classname="org.bitcoinj.utils.BtcFormatTest" time="0.001"/>
  <testcase name="patternDecimalPlaces[109]" classname="org.bitcoinj.utils.BtcFormatTest" time="0"/>
  <testcase name="factoryArgumentsTest[110]" classname="org.bitcoinj.utils.BtcFormatTest" time="0.001"/>
  <testcase name="parseTest[110]" classname="org.bitcoinj.utils.BtcFormatTest" time="0.002"/>
  <testcase name="microcoinScaleTest[110]" classname="org.bitcoinj.utils.BtcFormatTest" time="0"/>
  <testcase name="parseMetricTest[110]" classname="org.bitcoinj.utils.BtcFormatTest" time="0.001"/>
  <testcase name="coinScaleTest[110]" classname="org.bitcoinj.utils.BtcFormatTest" time="0"/>
  <testcase name="builderTest[110]" classname="org.bitcoinj.utils.BtcFormatTest" time="0.002"/>
  <testcase name="attributeTest[110]" classname="org.bitcoinj.utils.BtcFormatTest" time="0.001"/>
  <testcase name="prefixTest[110]" classname="org.bitcoinj.utils.BtcFormatTest" time="0"/>
  <testcase name="suffixTest[110]" classname="org.bitcoinj.utils.BtcFormatTest" time="0"/>
  <testcase name="autoDecimalTest[110]" classname="org.bitcoinj.utils.BtcFormatTest" time="0.001"/>
  <testcase name="symbolCollisionTest[110]" classname="org.bitcoinj.utils.BtcFormatTest" time="0.001"/>
  <testcase name="equalityTest[110]" classname="org.bitcoinj.utils.BtcFormatTest" time="0.002"/>
  <testcase name="columnAlignmentTest[110]" classname="org.bitcoinj.utils.BtcFormatTest" time="0.001"/>
  <testcase name="factoryTest[110]" classname="org.bitcoinj.utils.BtcFormatTest" time="0"/>
  <testcase name="parse[110]" classname="org.bitcoinj.utils.BtcFormatTest" time="0"/>
  <testcase name="btcRounding[110]" classname="org.bitcoinj.utils.BtcFormatTest" time="0.001"/>
  <testcase name="negativeTest[110]" classname="org.bitcoinj.utils.BtcFormatTest" time="0.001"/>
  <testcase name="millicoinScaleTest[110]" classname="org.bitcoinj.utils.BtcFormatTest" time="0"/>
  <testcase name="toStringTest[110]" classname="org.bitcoinj.utils.BtcFormatTest" time="0.001"/>
  <testcase name="testGrouping[110]" classname="org.bitcoinj.utils.BtcFormatTest" time="0"/>
  <testcase name="symbolsCodesTest[110]" classname="org.bitcoinj.utils.BtcFormatTest" time="0.001"/>
  <testcase name="defaultLocaleTest[110]" classname="org.bitcoinj.utils.BtcFormatTest" time="0"/>
  <testcase name="parsePositionTest[110]" classname="org.bitcoinj.utils.BtcFormatTest" time="0"/>
  <testcase name="argumentTypeTest[110]" classname="org.bitcoinj.utils.BtcFormatTest" time="0.001"/>
  <testcase name="characterIteratorTest[110]" classname="org.bitcoinj.utils.BtcFormatTest" time="0"/>
  <testcase name="repeatingPlaceTest[110]" classname="org.bitcoinj.utils.BtcFormatTest" time="0"/>
  <testcase name="currencyCodeTest[110]" classname="org.bitcoinj.utils.BtcFormatTest" time="0"/>
  <testcase name="patternDecimalPlaces[110]" classname="org.bitcoinj.utils.BtcFormatTest" time="0.001"/>
  <testcase name="factoryArgumentsTest[111]" classname="org.bitcoinj.utils.BtcFormatTest" time="0.001"/>
  <testcase name="parseTest[111]" classname="org.bitcoinj.utils.BtcFormatTest" time="0.002"/>
  <testcase name="microcoinScaleTest[111]" classname="org.bitcoinj.utils.BtcFormatTest" time="0"/>
  <testcase name="parseMetricTest[111]" classname="org.bitcoinj.utils.BtcFormatTest" time="0.001"/>
  <testcase name="coinScaleTest[111]" classname="org.bitcoinj.utils.BtcFormatTest" time="0"/>
  <testcase name="builderTest[111]" classname="org.bitcoinj.utils.BtcFormatTest" time="0.002"/>
  <testcase name="attributeTest[111]" classname="org.bitcoinj.utils.BtcFormatTest" time="0.001"/>
  <testcase name="prefixTest[111]" classname="org.bitcoinj.utils.BtcFormatTest" time="0"/>
  <testcase name="suffixTest[111]" classname="org.bitcoinj.utils.BtcFormatTest" time="0"/>
  <testcase name="autoDecimalTest[111]" classname="org.bitcoinj.utils.BtcFormatTest" time="0.001"/>
  <testcase name="symbolCollisionTest[111]" classname="org.bitcoinj.utils.BtcFormatTest" time="0.001"/>
  <testcase name="equalityTest[111]" classname="org.bitcoinj.utils.BtcFormatTest" time="0.002"/>
  <testcase name="columnAlignmentTest[111]" classname="org.bitcoinj.utils.BtcFormatTest" time="0"/>
  <testcase name="factoryTest[111]" classname="org.bitcoinj.utils.BtcFormatTest" time="0"/>
  <testcase name="parse[111]" classname="org.bitcoinj.utils.BtcFormatTest" time="0"/>
  <testcase name="btcRounding[111]" classname="org.bitcoinj.utils.BtcFormatTest" time="0.002"/>
  <testcase name="negativeTest[111]" classname="org.bitcoinj.utils.BtcFormatTest" time="0"/>
  <testcase name="millicoinScaleTest[111]" classname="org.bitcoinj.utils.BtcFormatTest" time="0"/>
  <testcase name="toStringTest[111]" classname="org.bitcoinj.utils.BtcFormatTest" time="0.001"/>
  <testcase name="testGrouping[111]" classname="org.bitcoinj.utils.BtcFormatTest" time="0"/>
  <testcase name="symbolsCodesTest[111]" classname="org.bitcoinj.utils.BtcFormatTest" time="0.001"/>
  <testcase name="defaultLocaleTest[111]" classname="org.bitcoinj.utils.BtcFormatTest" time="0"/>
  <testcase name="parsePositionTest[111]" classname="org.bitcoinj.utils.BtcFormatTest" time="0"/>
  <testcase name="argumentTypeTest[111]" classname="org.bitcoinj.utils.BtcFormatTest" time="0.001"/>
  <testcase name="characterIteratorTest[111]" classname="org.bitcoinj.utils.BtcFormatTest" time="0"/>
  <testcase name="repeatingPlaceTest[111]" classname="org.bitcoinj.utils.BtcFormatTest" time="0.001"/>
  <testcase name="currencyCodeTest[111]" classname="org.bitcoinj.utils.BtcFormatTest" time="0"/>
  <testcase name="patternDecimalPlaces[111]" classname="org.bitcoinj.utils.BtcFormatTest" time="0"/>
  <testcase name="factoryArgumentsTest[112]" classname="org.bitcoinj.utils.BtcFormatTest" time="0.001"/>
  <testcase name="parseTest[112]" classname="org.bitcoinj.utils.BtcFormatTest" time="0.003"/>
  <testcase name="microcoinScaleTest[112]" classname="org.bitcoinj.utils.BtcFormatTest" time="0"/>
  <testcase name="parseMetricTest[112]" classname="org.bitcoinj.utils.BtcFormatTest" time="0.001"/>
  <testcase name="coinScaleTest[112]" classname="org.bitcoinj.utils.BtcFormatTest" time="0"/>
  <testcase name="builderTest[112]" classname="org.bitcoinj.utils.BtcFormatTest" time="0.002"/>
  <testcase name="attributeTest[112]" classname="org.bitcoinj.utils.BtcFormatTest" time="0.001"/>
  <testcase name="prefixTest[112]" classname="org.bitcoinj.utils.BtcFormatTest" time="0"/>
  <testcase name="suffixTest[112]" classname="org.bitcoinj.utils.BtcFormatTest" time="0"/>
  <testcase name="autoDecimalTest[112]" classname="org.bitcoinj.utils.BtcFormatTest" time="0.001"/>
  <testcase name="symbolCollisionTest[112]" classname="org.bitcoinj.utils.BtcFormatTest" time="0.001"/>
  <testcase name="equalityTest[112]" classname="org.bitcoinj.utils.BtcFormatTest" time="0.002"/>
  <testcase name="columnAlignmentTest[112]" classname="org.bitcoinj.utils.BtcFormatTest" time="0"/>
  <testcase name="factoryTest[112]" classname="org.bitcoinj.utils.BtcFormatTest" time="0.001"/>
  <testcase name="parse[112]" classname="org.bitcoinj.utils.BtcFormatTest" time="0"/>
  <testcase name="btcRounding[112]" classname="org.bitcoinj.utils.BtcFormatTest" time="0.001"/>
  <testcase name="negativeTest[112]" classname="org.bitcoinj.utils.BtcFormatTest" time="0.001"/>
  <testcase name="millicoinScaleTest[112]" classname="org.bitcoinj.utils.BtcFormatTest" time="0"/>
  <testcase name="toStringTest[112]" classname="org.bitcoinj.utils.BtcFormatTest" time="0.001"/>
  <testcase name="testGrouping[112]" classname="org.bitcoinj.utils.BtcFormatTest" time="0"/>
  <testcase name="symbolsCodesTest[112]" classname="org.bitcoinj.utils.BtcFormatTest" time="0"/>
  <testcase name="defaultLocaleTest[112]" classname="org.bitcoinj.utils.BtcFormatTest" time="0.001"/>
  <testcase name="parsePositionTest[112]" classname="org.bitcoinj.utils.BtcFormatTest" time="0"/>
  <testcase name="argumentTypeTest[112]" classname="org.bitcoinj.utils.BtcFormatTest" time="0"/>
  <testcase name="characterIteratorTest[112]" classname="org.bitcoinj.utils.BtcFormatTest" time="0.001"/>
  <testcase name="repeatingPlaceTest[112]" classname="org.bitcoinj.utils.BtcFormatTest" time="0"/>
  <testcase name="currencyCodeTest[112]" classname="org.bitcoinj.utils.BtcFormatTest" time="0"/>
  <testcase name="patternDecimalPlaces[112]" classname="org.bitcoinj.utils.BtcFormatTest" time="0"/>
  <testcase name="factoryArgumentsTest[113]" classname="org.bitcoinj.utils.BtcFormatTest" time="0.002"/>
  <testcase name="parseTest[113]" classname="org.bitcoinj.utils.BtcFormatTest" time="0.002"/>
  <testcase name="microcoinScaleTest[113]" classname="org.bitcoinj.utils.BtcFormatTest" time="0"/>
  <testcase name="parseMetricTest[113]" classname="org.bitcoinj.utils.BtcFormatTest" time="0.002"/>
  <testcase name="coinScaleTest[113]" classname="org.bitcoinj.utils.BtcFormatTest" time="0"/>
  <testcase name="builderTest[113]" classname="org.bitcoinj.utils.BtcFormatTest" time="0.002"/>
  <testcase name="attributeTest[113]" classname="org.bitcoinj.utils.BtcFormatTest" time="0"/>
  <testcase name="prefixTest[113]" classname="org.bitcoinj.utils.BtcFormatTest" time="0"/>
  <testcase name="suffixTest[113]" classname="org.bitcoinj.utils.BtcFormatTest" time="0"/>
  <testcase name="autoDecimalTest[113]" classname="org.bitcoinj.utils.BtcFormatTest" time="0.001"/>
  <testcase name="symbolCollisionTest[113]" classname="org.bitcoinj.utils.BtcFormatTest" time="0.001"/>
  <testcase name="equalityTest[113]" classname="org.bitcoinj.utils.BtcFormatTest" time="0.002"/>
  <testcase name="columnAlignmentTest[113]" classname="org.bitcoinj.utils.BtcFormatTest" time="0.001"/>
  <testcase name="factoryTest[113]" classname="org.bitcoinj.utils.BtcFormatTest" time="0"/>
  <testcase name="parse[113]" classname="org.bitcoinj.utils.BtcFormatTest" time="0"/>
  <testcase name="btcRounding[113]" classname="org.bitcoinj.utils.BtcFormatTest" time="0.001"/>
  <testcase name="negativeTest[113]" classname="org.bitcoinj.utils.BtcFormatTest" time="0.001"/>
  <testcase name="millicoinScaleTest[113]" classname="org.bitcoinj.utils.BtcFormatTest" time="0"/>
  <testcase name="toStringTest[113]" classname="org.bitcoinj.utils.BtcFormatTest" time="0.001"/>
  <testcase name="testGrouping[113]" classname="org.bitcoinj.utils.BtcFormatTest" time="0"/>
  <testcase name="symbolsCodesTest[113]" classname="org.bitcoinj.utils.BtcFormatTest" time="0.001"/>
  <testcase name="defaultLocaleTest[113]" classname="org.bitcoinj.utils.BtcFormatTest" time="0"/>
  <testcase name="parsePositionTest[113]" classname="org.bitcoinj.utils.BtcFormatTest" time="0"/>
  <testcase name="argumentTypeTest[113]" classname="org.bitcoinj.utils.BtcFormatTest" time="0.001"/>
  <testcase name="characterIteratorTest[113]" classname="org.bitcoinj.utils.BtcFormatTest" time="0"/>
  <testcase name="repeatingPlaceTest[113]" classname="org.bitcoinj.utils.BtcFormatTest" time="0.001"/>
  <testcase name="currencyCodeTest[113]" classname="org.bitcoinj.utils.BtcFormatTest" time="0"/>
  <testcase name="patternDecimalPlaces[113]" classname="org.bitcoinj.utils.BtcFormatTest" time="0"/>
  <testcase name="factoryArgumentsTest[114]" classname="org.bitcoinj.utils.BtcFormatTest" time="0.001"/>
  <testcase name="parseTest[114]" classname="org.bitcoinj.utils.BtcFormatTest" time="0.003"/>
  <testcase name="microcoinScaleTest[114]" classname="org.bitcoinj.utils.BtcFormatTest" time="0"/>
  <testcase name="parseMetricTest[114]" classname="org.bitcoinj.utils.BtcFormatTest" time="0.002"/>
  <testcase name="coinScaleTest[114]" classname="org.bitcoinj.utils.BtcFormatTest" time="0"/>
  <testcase name="builderTest[114]" classname="org.bitcoinj.utils.BtcFormatTest" time="0.002"/>
  <testcase name="attributeTest[114]" classname="org.bitcoinj.utils.BtcFormatTest" time="0"/>
  <testcase name="prefixTest[114]" classname="org.bitcoinj.utils.BtcFormatTest" time="0.001"/>
  <testcase name="suffixTest[114]" classname="org.bitcoinj.utils.BtcFormatTest" time="0"/>
  <testcase name="autoDecimalTest[114]" classname="org.bitcoinj.utils.BtcFormatTest" time="0.001"/>
  <testcase name="symbolCollisionTest[114]" classname="org.bitcoinj.utils.BtcFormatTest" time="0.001"/>
  <testcase name="equalityTest[114]" classname="org.bitcoinj.utils.BtcFormatTest" time="0.002"/>
  <testcase name="columnAlignmentTest[114]" classname="org.bitcoinj.utils.BtcFormatTest" time="0"/>
  <testcase name="factoryTest[114]" classname="org.bitcoinj.utils.BtcFormatTest" time="0.001"/>
  <testcase name="parse[114]" classname="org.bitcoinj.utils.BtcFormatTest" time="0"/>
  <testcase name="btcRounding[114]" classname="org.bitcoinj.utils.BtcFormatTest" time="0.002"/>
  <testcase name="negativeTest[114]" classname="org.bitcoinj.utils.BtcFormatTest" time="0"/>
  <testcase name="millicoinScaleTest[114]" classname="org.bitcoinj.utils.BtcFormatTest" time="0"/>
  <testcase name="toStringTest[114]" classname="org.bitcoinj.utils.BtcFormatTest" time="0.001"/>
  <testcase name="testGrouping[114]" classname="org.bitcoinj.utils.BtcFormatTest" time="0"/>
  <testcase name="symbolsCodesTest[114]" classname="org.bitcoinj.utils.BtcFormatTest" time="0.001"/>
  <testcase name="defaultLocaleTest[114]" classname="org.bitcoinj.utils.BtcFormatTest" time="0"/>
  <testcase name="parsePositionTest[114]" classname="org.bitcoinj.utils.BtcFormatTest" time="0"/>
  <testcase name="argumentTypeTest[114]" classname="org.bitcoinj.utils.BtcFormatTest" time="0.001"/>
  <testcase name="characterIteratorTest[114]" classname="org.bitcoinj.utils.BtcFormatTest" time="0"/>
  <testcase name="repeatingPlaceTest[114]" classname="org.bitcoinj.utils.BtcFormatTest" time="0"/>
  <testcase name="currencyCodeTest[114]" classname="org.bitcoinj.utils.BtcFormatTest" time="0.001"/>
  <testcase name="patternDecimalPlaces[114]" classname="org.bitcoinj.utils.BtcFormatTest" time="0"/>
  <testcase name="factoryArgumentsTest[115]" classname="org.bitcoinj.utils.BtcFormatTest" time="0.001"/>
  <testcase name="parseTest[115]" classname="org.bitcoinj.utils.BtcFormatTest" time="0.002"/>
  <testcase name="microcoinScaleTest[115]" classname="org.bitcoinj.utils.BtcFormatTest" time="0.001"/>
  <testcase name="parseMetricTest[115]" classname="org.bitcoinj.utils.BtcFormatTest" time="0.001"/>
  <testcase name="coinScaleTest[115]" classname="org.bitcoinj.utils.BtcFormatTest" time="0"/>
  <testcase name="builderTest[115]" classname="org.bitcoinj.utils.BtcFormatTest" time="0.002"/>
  <testcase name="attributeTest[115]" classname="org.bitcoinj.utils.BtcFormatTest" time="0"/>
  <testcase name="prefixTest[115]" classname="org.bitcoinj.utils.BtcFormatTest" time="0"/>
  <testcase name="suffixTest[115]" classname="org.bitcoinj.utils.BtcFormatTest" time="0.001"/>
  <testcase name="autoDecimalTest[115]" classname="org.bitcoinj.utils.BtcFormatTest" time="0.001"/>
  <testcase name="symbolCollisionTest[115]" classname="org.bitcoinj.utils.BtcFormatTest" time="0.001"/>
  <testcase name="equalityTest[115]" classname="org.bitcoinj.utils.BtcFormatTest" time="0.002"/>
  <testcase name="columnAlignmentTest[115]" classname="org.bitcoinj.utils.BtcFormatTest" time="0"/>
  <testcase name="factoryTest[115]" classname="org.bitcoinj.utils.BtcFormatTest" time="0"/>
  <testcase name="parse[115]" classname="org.bitcoinj.utils.BtcFormatTest" time="0"/>
  <testcase name="btcRounding[115]" classname="org.bitcoinj.utils.BtcFormatTest" time="0.001"/>
  <testcase name="negativeTest[115]" classname="org.bitcoinj.utils.BtcFormatTest" time="0"/>
  <testcase name="millicoinScaleTest[115]" classname="org.bitcoinj.utils.BtcFormatTest" time="0"/>
  <testcase name="toStringTest[115]" classname="org.bitcoinj.utils.BtcFormatTest" time="0.001"/>
  <testcase name="testGrouping[115]" classname="org.bitcoinj.utils.BtcFormatTest" time="0"/>
  <testcase name="symbolsCodesTest[115]" classname="org.bitcoinj.utils.BtcFormatTest" time="0.001"/>
  <testcase name="defaultLocaleTest[115]" classname="org.bitcoinj.utils.BtcFormatTest" time="0"/>
  <testcase name="parsePositionTest[115]" classname="org.bitcoinj.utils.BtcFormatTest" time="0.001"/>
  <testcase name="argumentTypeTest[115]" classname="org.bitcoinj.utils.BtcFormatTest" time="0"/>
  <testcase name="characterIteratorTest[115]" classname="org.bitcoinj.utils.BtcFormatTest" time="0"/>
  <testcase name="repeatingPlaceTest[115]" classname="org.bitcoinj.utils.BtcFormatTest" time="0"/>
  <testcase name="currencyCodeTest[115]" classname="org.bitcoinj.utils.BtcFormatTest" time="0"/>
  <testcase name="patternDecimalPlaces[115]" classname="org.bitcoinj.utils.BtcFormatTest" time="0"/>
  <testcase name="factoryArgumentsTest[116]" classname="org.bitcoinj.utils.BtcFormatTest" time="0.001"/>
  <testcase name="parseTest[116]" classname="org.bitcoinj.utils.BtcFormatTest" time="0.003"/>
  <testcase name="microcoinScaleTest[116]" classname="org.bitcoinj.utils.BtcFormatTest" time="0"/>
  <testcase name="parseMetricTest[116]" classname="org.bitcoinj.utils.BtcFormatTest" time="0.001"/>
  <testcase name="coinScaleTest[116]" classname="org.bitcoinj.utils.BtcFormatTest" time="0"/>
  <testcase name="builderTest[116]" classname="org.bitcoinj.utils.BtcFormatTest" time="0.002"/>
  <testcase name="attributeTest[116]" classname="org.bitcoinj.utils.BtcFormatTest" time="0.001"/>
  <testcase name="prefixTest[116]" classname="org.bitcoinj.utils.BtcFormatTest" time="0"/>
  <testcase name="suffixTest[116]" classname="org.bitcoinj.utils.BtcFormatTest" time="0"/>
  <testcase name="autoDecimalTest[116]" classname="org.bitcoinj.utils.BtcFormatTest" time="0.001"/>
  <testcase name="symbolCollisionTest[116]" classname="org.bitcoinj.utils.BtcFormatTest" time="0.001"/>
  <testcase name="equalityTest[116]" classname="org.bitcoinj.utils.BtcFormatTest" time="0.002"/>
  <testcase name="columnAlignmentTest[116]" classname="org.bitcoinj.utils.BtcFormatTest" time="0.001"/>
  <testcase name="factoryTest[116]" classname="org.bitcoinj.utils.BtcFormatTest" time="0"/>
  <testcase name="parse[116]" classname="org.bitcoinj.utils.BtcFormatTest" time="0"/>
  <testcase name="btcRounding[116]" classname="org.bitcoinj.utils.BtcFormatTest" time="0.002"/>
  <testcase name="negativeTest[116]" classname="org.bitcoinj.utils.BtcFormatTest" time="0"/>
  <testcase name="millicoinScaleTest[116]" classname="org.bitcoinj.utils.BtcFormatTest" time="0"/>
  <testcase name="toStringTest[116]" classname="org.bitcoinj.utils.BtcFormatTest" time="0.001"/>
  <testcase name="testGrouping[116]" classname="org.bitcoinj.utils.BtcFormatTest" time="0"/>
  <testcase name="symbolsCodesTest[116]" classname="org.bitcoinj.utils.BtcFormatTest" time="0.001"/>
  <testcase name="defaultLocaleTest[116]" classname="org.bitcoinj.utils.BtcFormatTest" time="0"/>
  <testcase name="parsePositionTest[116]" classname="org.bitcoinj.utils.BtcFormatTest" time="0"/>
  <testcase name="argumentTypeTest[116]" classname="org.bitcoinj.utils.BtcFormatTest" time="0.002"/>
  <testcase name="characterIteratorTest[116]" classname="org.bitcoinj.utils.BtcFormatTest" time="0"/>
  <testcase name="repeatingPlaceTest[116]" classname="org.bitcoinj.utils.BtcFormatTest" time="0.001"/>
  <testcase name="currencyCodeTest[116]" classname="org.bitcoinj.utils.BtcFormatTest" time="0"/>
  <testcase name="patternDecimalPlaces[116]" classname="org.bitcoinj.utils.BtcFormatTest" time="0"/>
  <testcase name="factoryArgumentsTest[117]" classname="org.bitcoinj.utils.BtcFormatTest" time="0.001"/>
  <testcase name="parseTest[117]" classname="org.bitcoinj.utils.BtcFormatTest" time="0.003"/>
  <testcase name="microcoinScaleTest[117]" classname="org.bitcoinj.utils.BtcFormatTest" time="0"/>
  <testcase name="parseMetricTest[117]" classname="org.bitcoinj.utils.BtcFormatTest" time="0.001"/>
  <testcase name="coinScaleTest[117]" classname="org.bitcoinj.utils.BtcFormatTest" time="0"/>
  <testcase name="builderTest[117]" classname="org.bitcoinj.utils.BtcFormatTest" time="0.003"/>
  <testcase name="attributeTest[117]" classname="org.bitcoinj.utils.BtcFormatTest" time="0"/>
  <testcase name="prefixTest[117]" classname="org.bitcoinj.utils.BtcFormatTest" time="0"/>
  <testcase name="suffixTest[117]" classname="org.bitcoinj.utils.BtcFormatTest" time="0"/>
  <testcase name="autoDecimalTest[117]" classname="org.bitcoinj.utils.BtcFormatTest" time="0.001"/>
  <testcase name="symbolCollisionTest[117]" classname="org.bitcoinj.utils.BtcFormatTest" time="0.001"/>
  <testcase name="equalityTest[117]" classname="org.bitcoinj.utils.BtcFormatTest" time="0.002"/>
  <testcase name="columnAlignmentTest[117]" classname="org.bitcoinj.utils.BtcFormatTest" time="0"/>
  <testcase name="factoryTest[117]" classname="org.bitcoinj.utils.BtcFormatTest" time="0.001"/>
  <testcase name="parse[117]" classname="org.bitcoinj.utils.BtcFormatTest" time="0"/>
  <testcase name="btcRounding[117]" classname="org.bitcoinj.utils.BtcFormatTest" time="0.001"/>
  <testcase name="negativeTest[117]" classname="org.bitcoinj.utils.BtcFormatTest" time="0.001"/>
  <testcase name="millicoinScaleTest[117]" classname="org.bitcoinj.utils.BtcFormatTest" time="0"/>
  <testcase name="toStringTest[117]" classname="org.bitcoinj.utils.BtcFormatTest" time="0.001"/>
  <testcase name="testGrouping[117]" classname="org.bitcoinj.utils.BtcFormatTest" time="0"/>
  <testcase name="symbolsCodesTest[117]" classname="org.bitcoinj.utils.BtcFormatTest" time="0.001"/>
  <testcase name="defaultLocaleTest[117]" classname="org.bitcoinj.utils.BtcFormatTest" time="0"/>
  <testcase name="parsePositionTest[117]" classname="org.bitcoinj.utils.BtcFormatTest" time="0"/>
  <testcase name="argumentTypeTest[117]" classname="org.bitcoinj.utils.BtcFormatTest" time="0.001"/>
  <testcase name="characterIteratorTest[117]" classname="org.bitcoinj.utils.BtcFormatTest" time="0.001"/>
  <testcase name="repeatingPlaceTest[117]" classname="org.bitcoinj.utils.BtcFormatTest" time="0"/>
  <testcase name="currencyCodeTest[117]" classname="org.bitcoinj.utils.BtcFormatTest" time="0"/>
  <testcase name="patternDecimalPlaces[117]" classname="org.bitcoinj.utils.BtcFormatTest" time="0"/>
  <testcase name="factoryArgumentsTest[118]" classname="org.bitcoinj.utils.BtcFormatTest" time="0.002"/>
  <testcase name="parseTest[118]" classname="org.bitcoinj.utils.BtcFormatTest" time="0.002"/>
  <testcase name="microcoinScaleTest[118]" classname="org.bitcoinj.utils.BtcFormatTest" time="0"/>
  <testcase name="parseMetricTest[118]" classname="org.bitcoinj.utils.BtcFormatTest" time="0.002"/>
  <testcase name="coinScaleTest[118]" classname="org.bitcoinj.utils.BtcFormatTest" time="0"/>
  <testcase name="builderTest[118]" classname="org.bitcoinj.utils.BtcFormatTest" time="0.002"/>
  <testcase name="attributeTest[118]" classname="org.bitcoinj.utils.BtcFormatTest" time="0"/>
  <testcase name="prefixTest[118]" classname="org.bitcoinj.utils.BtcFormatTest" time="0"/>
  <testcase name="suffixTest[118]" classname="org.bitcoinj.utils.BtcFormatTest" time="0"/>
  <testcase name="autoDecimalTest[118]" classname="org.bitcoinj.utils.BtcFormatTest" time="0.001"/>
  <testcase name="symbolCollisionTest[118]" classname="org.bitcoinj.utils.BtcFormatTest" time="0.001"/>
  <testcase name="equalityTest[118]" classname="org.bitcoinj.utils.BtcFormatTest" time="0.002"/>
  <testcase name="columnAlignmentTest[118]" classname="org.bitcoinj.utils.BtcFormatTest" time="0.004"/>
  <testcase name="factoryTest[118]" classname="org.bitcoinj.utils.BtcFormatTest" time="0"/>
  <testcase name="parse[118]" classname="org.bitcoinj.utils.BtcFormatTest" time="0"/>
  <testcase name="btcRounding[118]" classname="org.bitcoinj.utils.BtcFormatTest" time="0.002"/>
  <testcase name="negativeTest[118]" classname="org.bitcoinj.utils.BtcFormatTest" time="0"/>
  <testcase name="millicoinScaleTest[118]" classname="org.bitcoinj.utils.BtcFormatTest" time="0"/>
  <testcase name="toStringTest[118]" classname="org.bitcoinj.utils.BtcFormatTest" time="0.001"/>
  <testcase name="testGrouping[118]" classname="org.bitcoinj.utils.BtcFormatTest" time="0"/>
  <testcase name="symbolsCodesTest[118]" classname="org.bitcoinj.utils.BtcFormatTest" time="0.001"/>
  <testcase name="defaultLocaleTest[118]" classname="org.bitcoinj.utils.BtcFormatTest" time="0"/>
  <testcase name="parsePositionTest[118]" classname="org.bitcoinj.utils.BtcFormatTest" time="0"/>
  <testcase name="argumentTypeTest[118]" classname="org.bitcoinj.utils.BtcFormatTest" time="0.001"/>
  <testcase name="characterIteratorTest[118]" classname="org.bitcoinj.utils.BtcFormatTest" time="0"/>
  <testcase name="repeatingPlaceTest[118]" classname="org.bitcoinj.utils.BtcFormatTest" time="0"/>
  <testcase name="currencyCodeTest[118]" classname="org.bitcoinj.utils.BtcFormatTest" time="0.001"/>
  <testcase name="patternDecimalPlaces[118]" classname="org.bitcoinj.utils.BtcFormatTest" time="0"/>
  <testcase name="factoryArgumentsTest[119]" classname="org.bitcoinj.utils.BtcFormatTest" time="0.001"/>
  <testcase name="parseTest[119]" classname="org.bitcoinj.utils.BtcFormatTest" time="0.002"/>
  <testcase name="microcoinScaleTest[119]" classname="org.bitcoinj.utils.BtcFormatTest" time="0"/>
  <testcase name="parseMetricTest[119]" classname="org.bitcoinj.utils.BtcFormatTest" time="0.002"/>
  <testcase name="coinScaleTest[119]" classname="org.bitcoinj.utils.BtcFormatTest" time="0"/>
  <testcase name="builderTest[119]" classname="org.bitcoinj.utils.BtcFormatTest" time="0.002"/>
  <testcase name="attributeTest[119]" classname="org.bitcoinj.utils.BtcFormatTest" time="0"/>
  <testcase name="prefixTest[119]" classname="org.bitcoinj.utils.BtcFormatTest" time="0.001"/>
  <testcase name="suffixTest[119]" classname="org.bitcoinj.utils.BtcFormatTest" time="0"/>
  <testcase name="autoDecimalTest[119]" classname="org.bitcoinj.utils.BtcFormatTest" time="0.001"/>
  <testcase name="symbolCollisionTest[119]" classname="org.bitcoinj.utils.BtcFormatTest" time="0.001"/>
  <testcase name="equalityTest[119]" classname="org.bitcoinj.utils.BtcFormatTest" time="0.002"/>
  <testcase name="columnAlignmentTest[119]" classname="org.bitcoinj.utils.BtcFormatTest" time="0"/>
  <testcase name="factoryTest[119]" classname="org.bitcoinj.utils.BtcFormatTest" time="0"/>
  <testcase name="parse[119]" classname="org.bitcoinj.utils.BtcFormatTest" time="0"/>
  <testcase name="btcRounding[119]" classname="org.bitcoinj.utils.BtcFormatTest" time="0.002"/>
  <testcase name="negativeTest[119]" classname="org.bitcoinj.utils.BtcFormatTest" time="0"/>
  <testcase name="millicoinScaleTest[119]" classname="org.bitcoinj.utils.BtcFormatTest" time="0"/>
  <testcase name="toStringTest[119]" classname="org.bitcoinj.utils.BtcFormatTest" time="0.001"/>
  <testcase name="testGrouping[119]" classname="org.bitcoinj.utils.BtcFormatTest" time="0"/>
  <testcase name="symbolsCodesTest[119]" classname="org.bitcoinj.utils.BtcFormatTest" time="0.001"/>
  <testcase name="defaultLocaleTest[119]" classname="org.bitcoinj.utils.BtcFormatTest" time="0"/>
  <testcase name="parsePositionTest[119]" classname="org.bitcoinj.utils.BtcFormatTest" time="0"/>
  <testcase name="argumentTypeTest[119]" classname="org.bitcoinj.utils.BtcFormatTest" time="0"/>
  <testcase name="characterIteratorTest[119]" classname="org.bitcoinj.utils.BtcFormatTest" time="0"/>
  <testcase name="repeatingPlaceTest[119]" classname="org.bitcoinj.utils.BtcFormatTest" time="0.001"/>
  <testcase name="currencyCodeTest[119]" classname="org.bitcoinj.utils.BtcFormatTest" time="0"/>
  <testcase name="patternDecimalPlaces[119]" classname="org.bitcoinj.utils.BtcFormatTest" time="0"/>
  <testcase name="factoryArgumentsTest[120]" classname="org.bitcoinj.utils.BtcFormatTest" time="0.001"/>
  <testcase name="parseTest[120]" classname="org.bitcoinj.utils.BtcFormatTest" time="0.003"/>
  <testcase name="microcoinScaleTest[120]" classname="org.bitcoinj.utils.BtcFormatTest" time="0"/>
  <testcase name="parseMetricTest[120]" classname="org.bitcoinj.utils.BtcFormatTest" time="0.001"/>
  <testcase name="coinScaleTest[120]" classname="org.bitcoinj.utils.BtcFormatTest" time="0"/>
  <testcase name="builderTest[120]" classname="org.bitcoinj.utils.BtcFormatTest" time="0.002"/>
  <testcase name="attributeTest[120]" classname="org.bitcoinj.utils.BtcFormatTest" time="0.001"/>
  <testcase name="prefixTest[120]" classname="org.bitcoinj.utils.BtcFormatTest" time="0"/>
  <testcase name="suffixTest[120]" classname="org.bitcoinj.utils.BtcFormatTest" time="0"/>
  <testcase name="autoDecimalTest[120]" classname="org.bitcoinj.utils.BtcFormatTest" time="0.001"/>
  <testcase name="symbolCollisionTest[120]" classname="org.bitcoinj.utils.BtcFormatTest" time="0.001"/>
  <testcase name="equalityTest[120]" classname="org.bitcoinj.utils.BtcFormatTest" time="0.002"/>
  <testcase name="columnAlignmentTest[120]" classname="org.bitcoinj.utils.BtcFormatTest" time="0"/>
  <testcase name="factoryTest[120]" classname="org.bitcoinj.utils.BtcFormatTest" time="0"/>
  <testcase name="parse[120]" classname="org.bitcoinj.utils.BtcFormatTest" time="0"/>
  <testcase name="btcRounding[120]" classname="org.bitcoinj.utils.BtcFormatTest" time="0.001"/>
  <testcase name="negativeTest[120]" classname="org.bitcoinj.utils.BtcFormatTest" time="0.001"/>
  <testcase name="millicoinScaleTest[120]" classname="org.bitcoinj.utils.BtcFormatTest" time="0"/>
  <testcase name="toStringTest[120]" classname="org.bitcoinj.utils.BtcFormatTest" time="0.001"/>
  <testcase name="testGrouping[120]" classname="org.bitcoinj.utils.BtcFormatTest" time="0"/>
  <testcase name="symbolsCodesTest[120]" classname="org.bitcoinj.utils.BtcFormatTest" time="0"/>
  <testcase name="defaultLocaleTest[120]" classname="org.bitcoinj.utils.BtcFormatTest" time="0.001"/>
  <testcase name="parsePositionTest[120]" classname="org.bitcoinj.utils.BtcFormatTest" time="0"/>
  <testcase name="argumentTypeTest[120]" classname="org.bitcoinj.utils.BtcFormatTest" time="0"/>
  <testcase name="characterIteratorTest[120]" classname="org.bitcoinj.utils.BtcFormatTest" time="0.001"/>
  <testcase name="repeatingPlaceTest[120]" classname="org.bitcoinj.utils.BtcFormatTest" time="0"/>
  <testcase name="currencyCodeTest[120]" classname="org.bitcoinj.utils.BtcFormatTest" time="0"/>
  <testcase name="patternDecimalPlaces[120]" classname="org.bitcoinj.utils.BtcFormatTest" time="0.001"/>
  <testcase name="factoryArgumentsTest[121]" classname="org.bitcoinj.utils.BtcFormatTest" time="0.001"/>
  <testcase name="parseTest[121]" classname="org.bitcoinj.utils.BtcFormatTest" time="0.002"/>
  <testcase name="microcoinScaleTest[121]" classname="org.bitcoinj.utils.BtcFormatTest" time="0"/>
  <testcase name="parseMetricTest[121]" classname="org.bitcoinj.utils.BtcFormatTest" time="0.001"/>
  <testcase name="coinScaleTest[121]" classname="org.bitcoinj.utils.BtcFormatTest" time="0"/>
  <testcase name="builderTest[121]" classname="org.bitcoinj.utils.BtcFormatTest" time="0.002"/>
  <testcase name="attributeTest[121]" classname="org.bitcoinj.utils.BtcFormatTest" time="0.001"/>
  <testcase name="prefixTest[121]" classname="org.bitcoinj.utils.BtcFormatTest" time="0"/>
  <testcase name="suffixTest[121]" classname="org.bitcoinj.utils.BtcFormatTest" time="0"/>
  <testcase name="autoDecimalTest[121]" classname="org.bitcoinj.utils.BtcFormatTest" time="0.001"/>
  <testcase name="symbolCollisionTest[121]" classname="org.bitcoinj.utils.BtcFormatTest" time="0.001"/>
  <testcase name="equalityTest[121]" classname="org.bitcoinj.utils.BtcFormatTest" time="0.002"/>
  <testcase name="columnAlignmentTest[121]" classname="org.bitcoinj.utils.BtcFormatTest" time="0"/>
  <testcase name="factoryTest[121]" classname="org.bitcoinj.utils.BtcFormatTest" time="0.001"/>
  <testcase name="parse[121]" classname="org.bitcoinj.utils.BtcFormatTest" time="0"/>
  <testcase name="btcRounding[121]" classname="org.bitcoinj.utils.BtcFormatTest" time="0.001"/>
  <testcase name="negativeTest[121]" classname="org.bitcoinj.utils.BtcFormatTest" time="0"/>
  <testcase name="millicoinScaleTest[121]" classname="org.bitcoinj.utils.BtcFormatTest" time="0"/>
  <testcase name="toStringTest[121]" classname="org.bitcoinj.utils.BtcFormatTest" time="0"/>
  <testcase name="testGrouping[121]" classname="org.bitcoinj.utils.BtcFormatTest" time="0.001"/>
  <testcase name="symbolsCodesTest[121]" classname="org.bitcoinj.utils.BtcFormatTest" time="0"/>
  <testcase name="defaultLocaleTest[121]" classname="org.bitcoinj.utils.BtcFormatTest" time="0"/>
  <testcase name="parsePositionTest[121]" classname="org.bitcoinj.utils.BtcFormatTest" time="0.001"/>
  <testcase name="argumentTypeTest[121]" classname="org.bitcoinj.utils.BtcFormatTest" time="0"/>
  <testcase name="characterIteratorTest[121]" classname="org.bitcoinj.utils.BtcFormatTest" time="0.002"/>
  <testcase name="repeatingPlaceTest[121]" classname="org.bitcoinj.utils.BtcFormatTest" time="0"/>
  <testcase name="currencyCodeTest[121]" classname="org.bitcoinj.utils.BtcFormatTest" time="0"/>
  <testcase name="patternDecimalPlaces[121]" classname="org.bitcoinj.utils.BtcFormatTest" time="0"/>
  <testcase name="factoryArgumentsTest[122]" classname="org.bitcoinj.utils.BtcFormatTest" time="0.002"/>
  <testcase name="parseTest[122]" classname="org.bitcoinj.utils.BtcFormatTest" time="0.002"/>
  <testcase name="microcoinScaleTest[122]" classname="org.bitcoinj.utils.BtcFormatTest" time="0"/>
  <testcase name="parseMetricTest[122]" classname="org.bitcoinj.utils.BtcFormatTest" time="0.002"/>
  <testcase name="coinScaleTest[122]" classname="org.bitcoinj.utils.BtcFormatTest" time="0"/>
  <testcase name="builderTest[122]" classname="org.bitcoinj.utils.BtcFormatTest" time="0.002"/>
  <testcase name="attributeTest[122]" classname="org.bitcoinj.utils.BtcFormatTest" time="0"/>
  <testcase name="prefixTest[122]" classname="org.bitcoinj.utils.BtcFormatTest" time="0.001"/>
  <testcase name="suffixTest[122]" classname="org.bitcoinj.utils.BtcFormatTest" time="0"/>
  <testcase name="autoDecimalTest[122]" classname="org.bitcoinj.utils.BtcFormatTest" time="0.001"/>
  <testcase name="symbolCollisionTest[122]" classname="org.bitcoinj.utils.BtcFormatTest" time="0.001"/>
  <testcase name="equalityTest[122]" classname="org.bitcoinj.utils.BtcFormatTest" time="0.002"/>
  <testcase name="columnAlignmentTest[122]" classname="org.bitcoinj.utils.BtcFormatTest" time="0"/>
  <testcase name="factoryTest[122]" classname="org.bitcoinj.utils.BtcFormatTest" time="0"/>
  <testcase name="parse[122]" classname="org.bitcoinj.utils.BtcFormatTest" time="0"/>
  <testcase name="btcRounding[122]" classname="org.bitcoinj.utils.BtcFormatTest" time="0.001"/>
  <testcase name="negativeTest[122]" classname="org.bitcoinj.utils.BtcFormatTest" time="0"/>
  <testcase name="millicoinScaleTest[122]" classname="org.bitcoinj.utils.BtcFormatTest" time="0"/>
  <testcase name="toStringTest[122]" classname="org.bitcoinj.utils.BtcFormatTest" time="0.001"/>
  <testcase name="testGrouping[122]" classname="org.bitcoinj.utils.BtcFormatTest" time="0"/>
  <testcase name="symbolsCodesTest[122]" classname="org.bitcoinj.utils.BtcFormatTest" time="0.001"/>
  <testcase name="defaultLocaleTest[122]" classname="org.bitcoinj.utils.BtcFormatTest" time="0"/>
  <testcase name="parsePositionTest[122]" classname="org.bitcoinj.utils.BtcFormatTest" time="0"/>
  <testcase name="argumentTypeTest[122]" classname="org.bitcoinj.utils.BtcFormatTest" time="0.001"/>
  <testcase name="characterIteratorTest[122]" classname="org.bitcoinj.utils.BtcFormatTest" time="0"/>
  <testcase name="repeatingPlaceTest[122]" classname="org.bitcoinj.utils.BtcFormatTest" time="0.001"/>
  <testcase name="currencyCodeTest[122]" classname="org.bitcoinj.utils.BtcFormatTest" time="0"/>
  <testcase name="patternDecimalPlaces[122]" classname="org.bitcoinj.utils.BtcFormatTest" time="0"/>
  <testcase name="factoryArgumentsTest[123]" classname="org.bitcoinj.utils.BtcFormatTest" time="0.001"/>
  <testcase name="parseTest[123]" classname="org.bitcoinj.utils.BtcFormatTest" time="0.003"/>
  <testcase name="microcoinScaleTest[123]" classname="org.bitcoinj.utils.BtcFormatTest" time="0"/>
  <testcase name="parseMetricTest[123]" classname="org.bitcoinj.utils.BtcFormatTest" time="0.001"/>
  <testcase name="coinScaleTest[123]" classname="org.bitcoinj.utils.BtcFormatTest" time="0"/>
  <testcase name="builderTest[123]" classname="org.bitcoinj.utils.BtcFormatTest" time="0.003"/>
  <testcase name="attributeTest[123]" classname="org.bitcoinj.utils.BtcFormatTest" time="0"/>
  <testcase name="prefixTest[123]" classname="org.bitcoinj.utils.BtcFormatTest" time="0.001"/>
  <testcase name="suffixTest[123]" classname="org.bitcoinj.utils.BtcFormatTest" time="0"/>
  <testcase name="autoDecimalTest[123]" classname="org.bitcoinj.utils.BtcFormatTest" time="0.001"/>
  <testcase name="symbolCollisionTest[123]" classname="org.bitcoinj.utils.BtcFormatTest" time="0"/>
  <testcase name="equalityTest[123]" classname="org.bitcoinj.utils.BtcFormatTest" time="0.001"/>
  <testcase name="columnAlignmentTest[123]" classname="org.bitcoinj.utils.BtcFormatTest" time="0.001"/>
  <testcase name="factoryTest[123]" classname="org.bitcoinj.utils.BtcFormatTest" time="0"/>
  <testcase name="parse[123]" classname="org.bitcoinj.utils.BtcFormatTest" time="0"/>
  <testcase name="btcRounding[123]" classname="org.bitcoinj.utils.BtcFormatTest" time="0.001"/>
  <testcase name="negativeTest[123]" classname="org.bitcoinj.utils.BtcFormatTest" time="0.001"/>
  <testcase name="millicoinScaleTest[123]" classname="org.bitcoinj.utils.BtcFormatTest" time="0"/>
  <testcase name="toStringTest[123]" classname="org.bitcoinj.utils.BtcFormatTest" time="0.001"/>
  <testcase name="testGrouping[123]" classname="org.bitcoinj.utils.BtcFormatTest" time="0"/>
  <testcase name="symbolsCodesTest[123]" classname="org.bitcoinj.utils.BtcFormatTest" time="0.001"/>
  <testcase name="defaultLocaleTest[123]" classname="org.bitcoinj.utils.BtcFormatTest" time="0"/>
  <testcase name="parsePositionTest[123]" classname="org.bitcoinj.utils.BtcFormatTest" time="0"/>
  <testcase name="argumentTypeTest[123]" classname="org.bitcoinj.utils.BtcFormatTest" time="0"/>
  <testcase name="characterIteratorTest[123]" classname="org.bitcoinj.utils.BtcFormatTest" time="0"/>
  <testcase name="repeatingPlaceTest[123]" classname="org.bitcoinj.utils.BtcFormatTest" time="0"/>
  <testcase name="currencyCodeTest[123]" classname="org.bitcoinj.utils.BtcFormatTest" time="0"/>
  <testcase name="patternDecimalPlaces[123]" classname="org.bitcoinj.utils.BtcFormatTest" time="0"/>
  <testcase name="factoryArgumentsTest[124]" classname="org.bitcoinj.utils.BtcFormatTest" time="0.001"/>
  <testcase name="parseTest[124]" classname="org.bitcoinj.utils.BtcFormatTest" time="0.002"/>
  <testcase name="microcoinScaleTest[124]" classname="org.bitcoinj.utils.BtcFormatTest" time="0"/>
  <testcase name="parseMetricTest[124]" classname="org.bitcoinj.utils.BtcFormatTest" time="0.002"/>
  <testcase name="coinScaleTest[124]" classname="org.bitcoinj.utils.BtcFormatTest" time="0"/>
  <testcase name="builderTest[124]" classname="org.bitcoinj.utils.BtcFormatTest" time="0.002"/>
  <testcase name="attributeTest[124]" classname="org.bitcoinj.utils.BtcFormatTest" time="0"/>
  <testcase name="prefixTest[124]" classname="org.bitcoinj.utils.BtcFormatTest" time="0"/>
  <testcase name="suffixTest[124]" classname="org.bitcoinj.utils.BtcFormatTest" time="0"/>
  <testcase name="autoDecimalTest[124]" classname="org.bitcoinj.utils.BtcFormatTest" time="0.001"/>
  <testcase name="symbolCollisionTest[124]" classname="org.bitcoinj.utils.BtcFormatTest" time="0.001"/>
  <testcase name="equalityTest[124]" classname="org.bitcoinj.utils.BtcFormatTest" time="0.002"/>
  <testcase name="columnAlignmentTest[124]" classname="org.bitcoinj.utils.BtcFormatTest" time="0"/>
  <testcase name="factoryTest[124]" classname="org.bitcoinj.utils.BtcFormatTest" time="0"/>
  <testcase name="parse[124]" classname="org.bitcoinj.utils.BtcFormatTest" time="0.001"/>
  <testcase name="btcRounding[124]" classname="org.bitcoinj.utils.BtcFormatTest" time="0.001"/>
  <testcase name="negativeTest[124]" classname="org.bitcoinj.utils.BtcFormatTest" time="0"/>
  <testcase name="millicoinScaleTest[124]" classname="org.bitcoinj.utils.BtcFormatTest" time="0"/>
  <testcase name="toStringTest[124]" classname="org.bitcoinj.utils.BtcFormatTest" time="0.001"/>
  <testcase name="testGrouping[124]" classname="org.bitcoinj.utils.BtcFormatTest" time="0"/>
  <testcase name="symbolsCodesTest[124]" classname="org.bitcoinj.utils.BtcFormatTest" time="0.001"/>
  <testcase name="defaultLocaleTest[124]" classname="org.bitcoinj.utils.BtcFormatTest" time="0"/>
  <testcase name="parsePositionTest[124]" classname="org.bitcoinj.utils.BtcFormatTest" time="0"/>
  <testcase name="argumentTypeTest[124]" classname="org.bitcoinj.utils.BtcFormatTest" time="0.002"/>
  <testcase name="characterIteratorTest[124]" classname="org.bitcoinj.utils.BtcFormatTest" time="0"/>
  <testcase name="repeatingPlaceTest[124]" classname="org.bitcoinj.utils.BtcFormatTest" time="0"/>
  <testcase name="currencyCodeTest[124]" classname="org.bitcoinj.utils.BtcFormatTest" time="0"/>
  <testcase name="patternDecimalPlaces[124]" classname="org.bitcoinj.utils.BtcFormatTest" time="0"/>
  <testcase name="factoryArgumentsTest[125]" classname="org.bitcoinj.utils.BtcFormatTest" time="0.001"/>
  <testcase name="parseTest[125]" classname="org.bitcoinj.utils.BtcFormatTest" time="0.002"/>
  <testcase name="microcoinScaleTest[125]" classname="org.bitcoinj.utils.BtcFormatTest" time="0"/>
  <testcase name="parseMetricTest[125]" classname="org.bitcoinj.utils.BtcFormatTest" time="0.002"/>
  <testcase name="coinScaleTest[125]" classname="org.bitcoinj.utils.BtcFormatTest" time="0"/>
  <testcase name="builderTest[125]" classname="org.bitcoinj.utils.BtcFormatTest" time="0.002"/>
  <testcase name="attributeTest[125]" classname="org.bitcoinj.utils.BtcFormatTest" time="0"/>
  <testcase name="prefixTest[125]" classname="org.bitcoinj.utils.BtcFormatTest" time="0"/>
  <testcase name="suffixTest[125]" classname="org.bitcoinj.utils.BtcFormatTest" time="0"/>
  <testcase name="autoDecimalTest[125]" classname="org.bitcoinj.utils.BtcFormatTest" time="0.001"/>
  <testcase name="symbolCollisionTest[125]" classname="org.bitcoinj.utils.BtcFormatTest" time="0.001"/>
  <testcase name="equalityTest[125]" classname="org.bitcoinj.utils.BtcFormatTest" time="0.002"/>
  <testcase name="columnAlignmentTest[125]" classname="org.bitcoinj.utils.BtcFormatTest" time="0"/>
  <testcase name="factoryTest[125]" classname="org.bitcoinj.utils.BtcFormatTest" time="0"/>
  <testcase name="parse[125]" classname="org.bitcoinj.utils.BtcFormatTest" time="0"/>
  <testcase name="btcRounding[125]" classname="org.bitcoinj.utils.BtcFormatTest" time="0.002"/>
  <testcase name="negativeTest[125]" classname="org.bitcoinj.utils.BtcFormatTest" time="0"/>
  <testcase name="millicoinScaleTest[125]" classname="org.bitcoinj.utils.BtcFormatTest" time="0"/>
  <testcase name="toStringTest[125]" classname="org.bitcoinj.utils.BtcFormatTest" time="0.001"/>
  <testcase name="testGrouping[125]" classname="org.bitcoinj.utils.BtcFormatTest" time="0"/>
  <testcase name="symbolsCodesTest[125]" classname="org.bitcoinj.utils.BtcFormatTest" time="0.001"/>
  <testcase name="defaultLocaleTest[125]" classname="org.bitcoinj.utils.BtcFormatTest" time="0"/>
  <testcase name="parsePositionTest[125]" classname="org.bitcoinj.utils.BtcFormatTest" time="0"/>
  <testcase name="argumentTypeTest[125]" classname="org.bitcoinj.utils.BtcFormatTest" time="0.001"/>
  <testcase name="characterIteratorTest[125]" classname="org.bitcoinj.utils.BtcFormatTest" time="0.002"/>
  <testcase name="repeatingPlaceTest[125]" classname="org.bitcoinj.utils.BtcFormatTest" time="0"/>
  <testcase name="currencyCodeTest[125]" classname="org.bitcoinj.utils.BtcFormatTest" time="0"/>
  <testcase name="patternDecimalPlaces[125]" classname="org.bitcoinj.utils.BtcFormatTest" time="0"/>
  <testcase name="factoryArgumentsTest[126]" classname="org.bitcoinj.utils.BtcFormatTest" time="0"/>
  <testcase name="parseTest[126]" classname="org.bitcoinj.utils.BtcFormatTest" time="0.003"/>
  <testcase name="microcoinScaleTest[126]" classname="org.bitcoinj.utils.BtcFormatTest" time="0"/>
  <testcase name="parseMetricTest[126]" classname="org.bitcoinj.utils.BtcFormatTest" time="0.001"/>
  <testcase name="coinScaleTest[126]" classname="org.bitcoinj.utils.BtcFormatTest" time="0"/>
  <testcase name="builderTest[126]" classname="org.bitcoinj.utils.BtcFormatTest" time="0.002"/>
  <testcase name="attributeTest[126]" classname="org.bitcoinj.utils.BtcFormatTest" time="0"/>
  <testcase name="prefixTest[126]" classname="org.bitcoinj.utils.BtcFormatTest" time="0"/>
  <testcase name="suffixTest[126]" classname="org.bitcoinj.utils.BtcFormatTest" time="0.001"/>
  <testcase name="autoDecimalTest[126]" classname="org.bitcoinj.utils.BtcFormatTest" time="0.001"/>
  <testcase name="symbolCollisionTest[126]" classname="org.bitcoinj.utils.BtcFormatTest" time="0.001"/>
  <testcase name="equalityTest[126]" classname="org.bitcoinj.utils.BtcFormatTest" time="0.002"/>
  <testcase name="columnAlignmentTest[126]" classname="org.bitcoinj.utils.BtcFormatTest" time="0"/>
  <testcase name="factoryTest[126]" classname="org.bitcoinj.utils.BtcFormatTest" time="0"/>
  <testcase name="parse[126]" classname="org.bitcoinj.utils.BtcFormatTest" time="0"/>
  <testcase name="btcRounding[126]" classname="org.bitcoinj.utils.BtcFormatTest" time="0.001"/>
  <testcase name="negativeTest[126]" classname="org.bitcoinj.utils.BtcFormatTest" time="0"/>
  <testcase name="millicoinScaleTest[126]" classname="org.bitcoinj.utils.BtcFormatTest" time="0"/>
  <testcase name="toStringTest[126]" classname="org.bitcoinj.utils.BtcFormatTest" time="0.001"/>
  <testcase name="testGrouping[126]" classname="org.bitcoinj.utils.BtcFormatTest" time="0"/>
  <testcase name="symbolsCodesTest[126]" classname="org.bitcoinj.utils.BtcFormatTest" time="0.001"/>
  <testcase name="defaultLocaleTest[126]" classname="org.bitcoinj.utils.BtcFormatTest" time="0"/>
  <testcase name="parsePositionTest[126]" classname="org.bitcoinj.utils.BtcFormatTest" time="0"/>
  <testcase name="argumentTypeTest[126]" classname="org.bitcoinj.utils.BtcFormatTest" time="0.001"/>
  <testcase name="characterIteratorTest[126]" classname="org.bitcoinj.utils.BtcFormatTest" time="0"/>
  <testcase name="repeatingPlaceTest[126]" classname="org.bitcoinj.utils.BtcFormatTest" time="0.001"/>
  <testcase name="currencyCodeTest[126]" classname="org.bitcoinj.utils.BtcFormatTest" time="0"/>
  <testcase name="patternDecimalPlaces[126]" classname="org.bitcoinj.utils.BtcFormatTest" time="0"/>
  <testcase name="factoryArgumentsTest[127]" classname="org.bitcoinj.utils.BtcFormatTest" time="0.001"/>
  <testcase name="parseTest[127]" classname="org.bitcoinj.utils.BtcFormatTest" time="0.003"/>
  <testcase name="microcoinScaleTest[127]" classname="org.bitcoinj.utils.BtcFormatTest" time="0"/>
  <testcase name="parseMetricTest[127]" classname="org.bitcoinj.utils.BtcFormatTest" time="0.001"/>
  <testcase name="coinScaleTest[127]" classname="org.bitcoinj.utils.BtcFormatTest" time="0"/>
  <testcase name="builderTest[127]" classname="org.bitcoinj.utils.BtcFormatTest" time="0.002"/>
  <testcase name="attributeTest[127]" classname="org.bitcoinj.utils.BtcFormatTest" time="0"/>
  <testcase name="prefixTest[127]" classname="org.bitcoinj.utils.BtcFormatTest" time="0"/>
  <testcase name="suffixTest[127]" classname="org.bitcoinj.utils.BtcFormatTest" time="0.001"/>
  <testcase name="autoDecimalTest[127]" classname="org.bitcoinj.utils.BtcFormatTest" time="0.001"/>
  <testcase name="symbolCollisionTest[127]" classname="org.bitcoinj.utils.BtcFormatTest" time="0.001"/>
  <testcase name="equalityTest[127]" classname="org.bitcoinj.utils.BtcFormatTest" time="0.002"/>
  <testcase name="columnAlignmentTest[127]" classname="org.bitcoinj.utils.BtcFormatTest" time="0"/>
  <testcase name="factoryTest[127]" classname="org.bitcoinj.utils.BtcFormatTest" time="0"/>
  <testcase name="parse[127]" classname="org.bitcoinj.utils.BtcFormatTest" time="0"/>
  <testcase name="btcRounding[127]" classname="org.bitcoinj.utils.BtcFormatTest" time="0.001"/>
  <testcase name="negativeTest[127]" classname="org.bitcoinj.utils.BtcFormatTest" time="0.002"/>
  <testcase name="millicoinScaleTest[127]" classname="org.bitcoinj.utils.BtcFormatTest" time="0"/>
  <testcase name="toStringTest[127]" classname="org.bitcoinj.utils.BtcFormatTest" time="0.001"/>
  <testcase name="testGrouping[127]" classname="org.bitcoinj.utils.BtcFormatTest" time="0"/>
  <testcase name="symbolsCodesTest[127]" classname="org.bitcoinj.utils.BtcFormatTest" time="0"/>
  <testcase name="defaultLocaleTest[127]" classname="org.bitcoinj.utils.BtcFormatTest" time="0.001"/>
  <testcase name="parsePositionTest[127]" classname="org.bitcoinj.utils.BtcFormatTest" time="0"/>
  <testcase name="argumentTypeTest[127]" classname="org.bitcoinj.utils.BtcFormatTest" time="0"/>
  <testcase name="characterIteratorTest[127]" classname="org.bitcoinj.utils.BtcFormatTest" time="0.001"/>
  <testcase name="repeatingPlaceTest[127]" classname="org.bitcoinj.utils.BtcFormatTest" time="0"/>
  <testcase name="currencyCodeTest[127]" classname="org.bitcoinj.utils.BtcFormatTest" time="0"/>
  <testcase name="patternDecimalPlaces[127]" classname="org.bitcoinj.utils.BtcFormatTest" time="0.001"/>
  <testcase name="factoryArgumentsTest[128]" classname="org.bitcoinj.utils.BtcFormatTest" time="0.001"/>
  <testcase name="parseTest[128]" classname="org.bitcoinj.utils.BtcFormatTest" time="0.002"/>
  <testcase name="microcoinScaleTest[128]" classname="org.bitcoinj.utils.BtcFormatTest" time="0"/>
  <testcase name="parseMetricTest[128]" classname="org.bitcoinj.utils.BtcFormatTest" time="0.001"/>
  <testcase name="coinScaleTest[128]" classname="org.bitcoinj.utils.BtcFormatTest" time="0"/>
  <testcase name="builderTest[128]" classname="org.bitcoinj.utils.BtcFormatTest" time="0.001"/>
  <testcase name="attributeTest[128]" classname="org.bitcoinj.utils.BtcFormatTest" time="0.001"/>
  <testcase name="prefixTest[128]" classname="org.bitcoinj.utils.BtcFormatTest" time="0"/>
  <testcase name="suffixTest[128]" classname="org.bitcoinj.utils.BtcFormatTest" time="0"/>
  <testcase name="autoDecimalTest[128]" classname="org.bitcoinj.utils.BtcFormatTest" time="0.001"/>
  <testcase name="symbolCollisionTest[128]" classname="org.bitcoinj.utils.BtcFormatTest" time="0.001"/>
  <testcase name="equalityTest[128]" classname="org.bitcoinj.utils.BtcFormatTest" time="0.002"/>
  <testcase name="columnAlignmentTest[128]" classname="org.bitcoinj.utils.BtcFormatTest" time="0"/>
  <testcase name="factoryTest[128]" classname="org.bitcoinj.utils.BtcFormatTest" time="0"/>
  <testcase name="parse[128]" classname="org.bitcoinj.utils.BtcFormatTest" time="0"/>
  <testcase name="btcRounding[128]" classname="org.bitcoinj.utils.BtcFormatTest" time="0.001"/>
  <testcase name="negativeTest[128]" classname="org.bitcoinj.utils.BtcFormatTest" time="0"/>
  <testcase name="millicoinScaleTest[128]" classname="org.bitcoinj.utils.BtcFormatTest" time="0"/>
  <testcase name="toStringTest[128]" classname="org.bitcoinj.utils.BtcFormatTest" time="0.001"/>
  <testcase name="testGrouping[128]" classname="org.bitcoinj.utils.BtcFormatTest" time="0"/>
  <testcase name="symbolsCodesTest[128]" classname="org.bitcoinj.utils.BtcFormatTest" time="0"/>
  <testcase name="defaultLocaleTest[128]" classname="org.bitcoinj.utils.BtcFormatTest" time="0"/>
  <testcase name="parsePositionTest[128]" classname="org.bitcoinj.utils.BtcFormatTest" time="0.001"/>
  <testcase name="argumentTypeTest[128]" classname="org.bitcoinj.utils.BtcFormatTest" time="0"/>
  <testcase name="characterIteratorTest[128]" classname="org.bitcoinj.utils.BtcFormatTest" time="0.001"/>
  <testcase name="repeatingPlaceTest[128]" classname="org.bitcoinj.utils.BtcFormatTest" time="0"/>
  <testcase name="currencyCodeTest[128]" classname="org.bitcoinj.utils.BtcFormatTest" time="0"/>
  <testcase name="patternDecimalPlaces[128]" classname="org.bitcoinj.utils.BtcFormatTest" time="0"/>
  <testcase name="factoryArgumentsTest[129]" classname="org.bitcoinj.utils.BtcFormatTest" time="0.001"/>
  <testcase name="parseTest[129]" classname="org.bitcoinj.utils.BtcFormatTest" time="0.002"/>
  <testcase name="microcoinScaleTest[129]" classname="org.bitcoinj.utils.BtcFormatTest" time="0"/>
  <testcase name="parseMetricTest[129]" classname="org.bitcoinj.utils.BtcFormatTest" time="0.001"/>
  <testcase name="coinScaleTest[129]" classname="org.bitcoinj.utils.BtcFormatTest" time="0"/>
  <testcase name="builderTest[129]" classname="org.bitcoinj.utils.BtcFormatTest" time="0.001"/>
  <testcase name="attributeTest[129]" classname="org.bitcoinj.utils.BtcFormatTest" time="0"/>
  <testcase name="prefixTest[129]" classname="org.bitcoinj.utils.BtcFormatTest" time="0.001"/>
  <testcase name="suffixTest[129]" classname="org.bitcoinj.utils.BtcFormatTest" time="0"/>
  <testcase name="autoDecimalTest[129]" classname="org.bitcoinj.utils.BtcFormatTest" time="0"/>
  <testcase name="symbolCollisionTest[129]" classname="org.bitcoinj.utils.BtcFormatTest" time="0.001"/>
  <testcase name="equalityTest[129]" classname="org.bitcoinj.utils.BtcFormatTest" time="0.001"/>
  <testcase name="columnAlignmentTest[129]" classname="org.bitcoinj.utils.BtcFormatTest" time="0"/>
  <testcase name="factoryTest[129]" classname="org.bitcoinj.utils.BtcFormatTest" time="0"/>
  <testcase name="parse[129]" classname="org.bitcoinj.utils.BtcFormatTest" time="0"/>
  <testcase name="btcRounding[129]" classname="org.bitcoinj.utils.BtcFormatTest" time="0.001"/>
  <testcase name="negativeTest[129]" classname="org.bitcoinj.utils.BtcFormatTest" time="0"/>
  <testcase name="millicoinScaleTest[129]" classname="org.bitcoinj.utils.BtcFormatTest" time="0"/>
  <testcase name="toStringTest[129]" classname="org.bitcoinj.utils.BtcFormatTest" time="0"/>
  <testcase name="testGrouping[129]" classname="org.bitcoinj.utils.BtcFormatTest" time="0.001"/>
  <testcase name="symbolsCodesTest[129]" classname="org.bitcoinj.utils.BtcFormatTest" time="0"/>
  <testcase name="defaultLocaleTest[129]" classname="org.bitcoinj.utils.BtcFormatTest" time="0"/>
  <testcase name="parsePositionTest[129]" classname="org.bitcoinj.utils.BtcFormatTest" time="0.001"/>
  <testcase name="argumentTypeTest[129]" classname="org.bitcoinj.utils.BtcFormatTest" time="0"/>
  <testcase name="characterIteratorTest[129]" classname="org.bitcoinj.utils.BtcFormatTest" time="0.001"/>
  <testcase name="repeatingPlaceTest[129]" classname="org.bitcoinj.utils.BtcFormatTest" time="0"/>
  <testcase name="currencyCodeTest[129]" classname="org.bitcoinj.utils.BtcFormatTest" time="0"/>
  <testcase name="patternDecimalPlaces[129]" classname="org.bitcoinj.utils.BtcFormatTest" time="0"/>
  <testcase name="factoryArgumentsTest[130]" classname="org.bitcoinj.utils.BtcFormatTest" time="0.002"/>
  <testcase name="parseTest[130]" classname="org.bitcoinj.utils.BtcFormatTest" time="0.002"/>
  <testcase name="microcoinScaleTest[130]" classname="org.bitcoinj.utils.BtcFormatTest" time="0"/>
  <testcase name="parseMetricTest[130]" classname="org.bitcoinj.utils.BtcFormatTest" time="0.002"/>
  <testcase name="coinScaleTest[130]" classname="org.bitcoinj.utils.BtcFormatTest" time="0"/>
  <testcase name="builderTest[130]" classname="org.bitcoinj.utils.BtcFormatTest" time="0.002"/>
  <testcase name="attributeTest[130]" classname="org.bitcoinj.utils.BtcFormatTest" time="0"/>
  <testcase name="prefixTest[130]" classname="org.bitcoinj.utils.BtcFormatTest" time="0"/>
  <testcase name="suffixTest[130]" classname="org.bitcoinj.utils.BtcFormatTest" time="0"/>
  <testcase name="autoDecimalTest[130]" classname="org.bitcoinj.utils.BtcFormatTest" time="0.001"/>
  <testcase name="symbolCollisionTest[130]" classname="org.bitcoinj.utils.BtcFormatTest" time="0.001"/>
  <testcase name="equalityTest[130]" classname="org.bitcoinj.utils.BtcFormatTest" time="0.002"/>
  <testcase name="columnAlignmentTest[130]" classname="org.bitcoinj.utils.BtcFormatTest" time="0.001"/>
  <testcase name="factoryTest[130]" classname="org.bitcoinj.utils.BtcFormatTest" time="0"/>
  <testcase name="parse[130]" classname="org.bitcoinj.utils.BtcFormatTest" time="0"/>
  <testcase name="btcRounding[130]" classname="org.bitcoinj.utils.BtcFormatTest" time="0.001"/>
  <testcase name="negativeTest[130]" classname="org.bitcoinj.utils.BtcFormatTest" time="0"/>
  <testcase name="millicoinScaleTest[130]" classname="org.bitcoinj.utils.BtcFormatTest" time="0"/>
  <testcase name="toStringTest[130]" classname="org.bitcoinj.utils.BtcFormatTest" time="0.001"/>
  <testcase name="testGrouping[130]" classname="org.bitcoinj.utils.BtcFormatTest" time="0"/>
  <testcase name="symbolsCodesTest[130]" classname="org.bitcoinj.utils.BtcFormatTest" time="0.001"/>
  <testcase name="defaultLocaleTest[130]" classname="org.bitcoinj.utils.BtcFormatTest" time="0"/>
  <testcase name="parsePositionTest[130]" classname="org.bitcoinj.utils.BtcFormatTest" time="0"/>
  <testcase name="argumentTypeTest[130]" classname="org.bitcoinj.utils.BtcFormatTest" time="0.001"/>
  <testcase name="characterIteratorTest[130]" classname="org.bitcoinj.utils.BtcFormatTest" time="0"/>
  <testcase name="repeatingPlaceTest[130]" classname="org.bitcoinj.utils.BtcFormatTest" time="0"/>
  <testcase name="currencyCodeTest[130]" classname="org.bitcoinj.utils.BtcFormatTest" time="0.001"/>
  <testcase name="patternDecimalPlaces[130]" classname="org.bitcoinj.utils.BtcFormatTest" time="0"/>
  <testcase name="factoryArgumentsTest[131]" classname="org.bitcoinj.utils.BtcFormatTest" time="0.001"/>
  <testcase name="parseTest[131]" classname="org.bitcoinj.utils.BtcFormatTest" time="0.003"/>
  <testcase name="microcoinScaleTest[131]" classname="org.bitcoinj.utils.BtcFormatTest" time="0"/>
  <testcase name="parseMetricTest[131]" classname="org.bitcoinj.utils.BtcFormatTest" time="0.001"/>
  <testcase name="coinScaleTest[131]" classname="org.bitcoinj.utils.BtcFormatTest" time="0"/>
  <testcase name="builderTest[131]" classname="org.bitcoinj.utils.BtcFormatTest" time="0.002"/>
  <testcase name="attributeTest[131]" classname="org.bitcoinj.utils.BtcFormatTest" time="0"/>
  <testcase name="prefixTest[131]" classname="org.bitcoinj.utils.BtcFormatTest" time="0"/>
  <testcase name="suffixTest[131]" classname="org.bitcoinj.utils.BtcFormatTest" time="0"/>
  <testcase name="autoDecimalTest[131]" classname="org.bitcoinj.utils.BtcFormatTest" time="0.001"/>
  <testcase name="symbolCollisionTest[131]" classname="org.bitcoinj.utils.BtcFormatTest" time="0.001"/>
  <testcase name="equalityTest[131]" classname="org.bitcoinj.utils.BtcFormatTest" time="0.002"/>
  <testcase name="columnAlignmentTest[131]" classname="org.bitcoinj.utils.BtcFormatTest" time="0"/>
  <testcase name="factoryTest[131]" classname="org.bitcoinj.utils.BtcFormatTest" time="0"/>
  <testcase name="parse[131]" classname="org.bitcoinj.utils.BtcFormatTest" time="0"/>
  <testcase name="btcRounding[131]" classname="org.bitcoinj.utils.BtcFormatTest" time="0.015"/>
  <testcase name="negativeTest[131]" classname="org.bitcoinj.utils.BtcFormatTest" time="0"/>
  <testcase name="millicoinScaleTest[131]" classname="org.bitcoinj.utils.BtcFormatTest" time="0"/>
  <testcase name="toStringTest[131]" classname="org.bitcoinj.utils.BtcFormatTest" time="0"/>
  <testcase name="testGrouping[131]" classname="org.bitcoinj.utils.BtcFormatTest" time="0"/>
  <testcase name="symbolsCodesTest[131]" classname="org.bitcoinj.utils.BtcFormatTest" time="0"/>
  <testcase name="defaultLocaleTest[131]" classname="org.bitcoinj.utils.BtcFormatTest" time="0"/>
  <testcase name="parsePositionTest[131]" classname="org.bitcoinj.utils.BtcFormatTest" time="0"/>
  <testcase name="argumentTypeTest[131]" classname="org.bitcoinj.utils.BtcFormatTest" time="0.001"/>
  <testcase name="characterIteratorTest[131]" classname="org.bitcoinj.utils.BtcFormatTest" time="0"/>
  <testcase name="repeatingPlaceTest[131]" classname="org.bitcoinj.utils.BtcFormatTest" time="0"/>
  <testcase name="currencyCodeTest[131]" classname="org.bitcoinj.utils.BtcFormatTest" time="0.001"/>
  <testcase name="patternDecimalPlaces[131]" classname="org.bitcoinj.utils.BtcFormatTest" time="0"/>
  <testcase name="factoryArgumentsTest[132]" classname="org.bitcoinj.utils.BtcFormatTest" time="0"/>
  <testcase name="parseTest[132]" classname="org.bitcoinj.utils.BtcFormatTest" time="0.002"/>
  <testcase name="microcoinScaleTest[132]" classname="org.bitcoinj.utils.BtcFormatTest" time="0"/>
  <testcase name="parseMetricTest[132]" classname="org.bitcoinj.utils.BtcFormatTest" time="0.001"/>
  <testcase name="coinScaleTest[132]" classname="org.bitcoinj.utils.BtcFormatTest" time="0"/>
  <testcase name="builderTest[132]" classname="org.bitcoinj.utils.BtcFormatTest" time="0.001"/>
  <testcase name="attributeTest[132]" classname="org.bitcoinj.utils.BtcFormatTest" time="0"/>
  <testcase name="prefixTest[132]" classname="org.bitcoinj.utils.BtcFormatTest" time="0"/>
  <testcase name="suffixTest[132]" classname="org.bitcoinj.utils.BtcFormatTest" time="0"/>
  <testcase name="autoDecimalTest[132]" classname="org.bitcoinj.utils.BtcFormatTest" time="0.001"/>
  <testcase name="symbolCollisionTest[132]" classname="org.bitcoinj.utils.BtcFormatTest" time="0"/>
  <testcase name="equalityTest[132]" classname="org.bitcoinj.utils.BtcFormatTest" time="0.002"/>
  <testcase name="columnAlignmentTest[132]" classname="org.bitcoinj.utils.BtcFormatTest" time="0"/>
  <testcase name="factoryTest[132]" classname="org.bitcoinj.utils.BtcFormatTest" time="0"/>
  <testcase name="parse[132]" classname="org.bitcoinj.utils.BtcFormatTest" time="0"/>
  <testcase name="btcRounding[132]" classname="org.bitcoinj.utils.BtcFormatTest" time="0.001"/>
  <testcase name="negativeTest[132]" classname="org.bitcoinj.utils.BtcFormatTest" time="0"/>
  <testcase name="millicoinScaleTest[132]" classname="org.bitcoinj.utils.BtcFormatTest" time="0"/>
  <testcase name="toStringTest[132]" classname="org.bitcoinj.utils.BtcFormatTest" time="0.001"/>
  <testcase name="testGrouping[132]" classname="org.bitcoinj.utils.BtcFormatTest" time="0"/>
  <testcase name="symbolsCodesTest[132]" classname="org.bitcoinj.utils.BtcFormatTest" time="0"/>
  <testcase name="defaultLocaleTest[132]" classname="org.bitcoinj.utils.BtcFormatTest" time="0"/>
  <testcase name="parsePositionTest[132]" classname="org.bitcoinj.utils.BtcFormatTest" time="0.001"/>
  <testcase name="argumentTypeTest[132]" classname="org.bitcoinj.utils.BtcFormatTest" time="0"/>
  <testcase name="characterIteratorTest[132]" classname="org.bitcoinj.utils.BtcFormatTest" time="0"/>
  <testcase name="repeatingPlaceTest[132]" classname="org.bitcoinj.utils.BtcFormatTest" time="0"/>
  <testcase name="currencyCodeTest[132]" classname="org.bitcoinj.utils.BtcFormatTest" time="0"/>
  <testcase name="patternDecimalPlaces[132]" classname="org.bitcoinj.utils.BtcFormatTest" time="0.001"/>
  <testcase name="factoryArgumentsTest[133]" classname="org.bitcoinj.utils.BtcFormatTest" time="0"/>
  <testcase name="parseTest[133]" classname="org.bitcoinj.utils.BtcFormatTest" time="0.002"/>
  <testcase name="microcoinScaleTest[133]" classname="org.bitcoinj.utils.BtcFormatTest" time="0"/>
  <testcase name="parseMetricTest[133]" classname="org.bitcoinj.utils.BtcFormatTest" time="0.001"/>
  <testcase name="coinScaleTest[133]" classname="org.bitcoinj.utils.BtcFormatTest" time="0"/>
  <testcase name="builderTest[133]" classname="org.bitcoinj.utils.BtcFormatTest" time="0.001"/>
  <testcase name="attributeTest[133]" classname="org.bitcoinj.utils.BtcFormatTest" time="0"/>
  <testcase name="prefixTest[133]" classname="org.bitcoinj.utils.BtcFormatTest" time="0"/>
  <testcase name="suffixTest[133]" classname="org.bitcoinj.utils.BtcFormatTest" time="0"/>
  <testcase name="autoDecimalTest[133]" classname="org.bitcoinj.utils.BtcFormatTest" time="0.001"/>
  <testcase name="symbolCollisionTest[133]" classname="org.bitcoinj.utils.BtcFormatTest" time="0"/>
  <testcase name="equalityTest[133]" classname="org.bitcoinj.utils.BtcFormatTest" time="0.001"/>
  <testcase name="columnAlignmentTest[133]" classname="org.bitcoinj.utils.BtcFormatTest" time="0.001"/>
  <testcase name="factoryTest[133]" classname="org.bitcoinj.utils.BtcFormatTest" time="0"/>
  <testcase name="parse[133]" classname="org.bitcoinj.utils.BtcFormatTest" time="0"/>
  <testcase name="btcRounding[133]" classname="org.bitcoinj.utils.BtcFormatTest" time="0.001"/>
  <testcase name="negativeTest[133]" classname="org.bitcoinj.utils.BtcFormatTest" time="0"/>
  <testcase name="millicoinScaleTest[133]" classname="org.bitcoinj.utils.BtcFormatTest" time="0"/>
  <testcase name="toStringTest[133]" classname="org.bitcoinj.utils.BtcFormatTest" time="0"/>
  <testcase name="testGrouping[133]" classname="org.bitcoinj.utils.BtcFormatTest" time="0.001"/>
  <testcase name="symbolsCodesTest[133]" classname="org.bitcoinj.utils.BtcFormatTest" time="0"/>
  <testcase name="defaultLocaleTest[133]" classname="org.bitcoinj.utils.BtcFormatTest" time="0"/>
  <testcase name="parsePositionTest[133]" classname="org.bitcoinj.utils.BtcFormatTest" time="0"/>
  <testcase name="argumentTypeTest[133]" classname="org.bitcoinj.utils.BtcFormatTest" time="0.001"/>
  <testcase name="characterIteratorTest[133]" classname="org.bitcoinj.utils.BtcFormatTest" time="0"/>
  <testcase name="repeatingPlaceTest[133]" classname="org.bitcoinj.utils.BtcFormatTest" time="0"/>
  <testcase name="currencyCodeTest[133]" classname="org.bitcoinj.utils.BtcFormatTest" time="0"/>
  <testcase name="patternDecimalPlaces[133]" classname="org.bitcoinj.utils.BtcFormatTest" time="0"/>
  <testcase name="factoryArgumentsTest[134]" classname="org.bitcoinj.utils.BtcFormatTest" time="0.001"/>
  <testcase name="parseTest[134]" classname="org.bitcoinj.utils.BtcFormatTest" time="0.001"/>
  <testcase name="microcoinScaleTest[134]" classname="org.bitcoinj.utils.BtcFormatTest" time="0"/>
  <testcase name="parseMetricTest[134]" classname="org.bitcoinj.utils.BtcFormatTest" time="0.001"/>
  <testcase name="coinScaleTest[134]" classname="org.bitcoinj.utils.BtcFormatTest" time="0"/>
  <testcase name="builderTest[134]" classname="org.bitcoinj.utils.BtcFormatTest" time="0.002"/>
  <testcase name="attributeTest[134]" classname="org.bitcoinj.utils.BtcFormatTest" time="0"/>
  <testcase name="prefixTest[134]" classname="org.bitcoinj.utils.BtcFormatTest" time="0"/>
  <testcase name="suffixTest[134]" classname="org.bitcoinj.utils.BtcFormatTest" time="0"/>
  <testcase name="autoDecimalTest[134]" classname="org.bitcoinj.utils.BtcFormatTest" time="0.001"/>
  <testcase name="symbolCollisionTest[134]" classname="org.bitcoinj.utils.BtcFormatTest" time="0"/>
  <testcase name="equalityTest[134]" classname="org.bitcoinj.utils.BtcFormatTest" time="0.001"/>
  <testcase name="columnAlignmentTest[134]" classname="org.bitcoinj.utils.BtcFormatTest" time="0"/>
  <testcase name="factoryTest[134]" classname="org.bitcoinj.utils.BtcFormatTest" time="0.001"/>
  <testcase name="parse[134]" classname="org.bitcoinj.utils.BtcFormatTest" time="0"/>
  <testcase name="btcRounding[134]" classname="org.bitcoinj.utils.BtcFormatTest" time="0.001"/>
  <testcase name="negativeTest[134]" classname="org.bitcoinj.utils.BtcFormatTest" time="0"/>
  <testcase name="millicoinScaleTest[134]" classname="org.bitcoinj.utils.BtcFormatTest" time="0"/>
  <testcase name="toStringTest[134]" classname="org.bitcoinj.utils.BtcFormatTest" time="0"/>
  <testcase name="testGrouping[134]" classname="org.bitcoinj.utils.BtcFormatTest" time="0"/>
  <testcase name="symbolsCodesTest[134]" classname="org.bitcoinj.utils.BtcFormatTest" time="0.001"/>
  <testcase name="defaultLocaleTest[134]" classname="org.bitcoinj.utils.BtcFormatTest" time="0"/>
  <testcase name="parsePositionTest[134]" classname="org.bitcoinj.utils.BtcFormatTest" time="0"/>
  <testcase name="argumentTypeTest[134]" classname="org.bitcoinj.utils.BtcFormatTest" time="0"/>
  <testcase name="characterIteratorTest[134]" classname="org.bitcoinj.utils.BtcFormatTest" time="0"/>
  <testcase name="repeatingPlaceTest[134]" classname="org.bitcoinj.utils.BtcFormatTest" time="0"/>
  <testcase name="currencyCodeTest[134]" classname="org.bitcoinj.utils.BtcFormatTest" time="0"/>
  <testcase name="patternDecimalPlaces[134]" classname="org.bitcoinj.utils.BtcFormatTest" time="0"/>
  <testcase name="factoryArgumentsTest[135]" classname="org.bitcoinj.utils.BtcFormatTest" time="0.001"/>
  <testcase name="parseTest[135]" classname="org.bitcoinj.utils.BtcFormatTest" time="0.001"/>
  <testcase name="microcoinScaleTest[135]" classname="org.bitcoinj.utils.BtcFormatTest" time="0"/>
  <testcase name="parseMetricTest[135]" classname="org.bitcoinj.utils.BtcFormatTest" time="0"/>
  <testcase name="coinScaleTest[135]" classname="org.bitcoinj.utils.BtcFormatTest" time="0"/>
  <testcase name="builderTest[135]" classname="org.bitcoinj.utils.BtcFormatTest" time="0.002"/>
  <testcase name="attributeTest[135]" classname="org.bitcoinj.utils.BtcFormatTest" time="0"/>
  <testcase name="prefixTest[135]" classname="org.bitcoinj.utils.BtcFormatTest" time="0"/>
  <testcase name="suffixTest[135]" classname="org.bitcoinj.utils.BtcFormatTest" time="0"/>
  <testcase name="autoDecimalTest[135]" classname="org.bitcoinj.utils.BtcFormatTest" time="0.001"/>
  <testcase name="symbolCollisionTest[135]" classname="org.bitcoinj.utils.BtcFormatTest" time="0"/>
  <testcase name="equalityTest[135]" classname="org.bitcoinj.utils.BtcFormatTest" time="0.002"/>
  <testcase name="columnAlignmentTest[135]" classname="org.bitcoinj.utils.BtcFormatTest" time="0"/>
  <testcase name="factoryTest[135]" classname="org.bitcoinj.utils.BtcFormatTest" time="0"/>
  <testcase name="parse[135]" classname="org.bitcoinj.utils.BtcFormatTest" time="0"/>
  <testcase name="btcRounding[135]" classname="org.bitcoinj.utils.BtcFormatTest" time="0.001"/>
  <testcase name="negativeTest[135]" classname="org.bitcoinj.utils.BtcFormatTest" time="0"/>
  <testcase name="millicoinScaleTest[135]" classname="org.bitcoinj.utils.BtcFormatTest" time="0"/>
  <testcase name="toStringTest[135]" classname="org.bitcoinj.utils.BtcFormatTest" time="0.001"/>
  <testcase name="testGrouping[135]" classname="org.bitcoinj.utils.BtcFormatTest" time="0"/>
  <testcase name="symbolsCodesTest[135]" classname="org.bitcoinj.utils.BtcFormatTest" time="0"/>
  <testcase name="defaultLocaleTest[135]" classname="org.bitcoinj.utils.BtcFormatTest" time="0"/>
  <testcase name="parsePositionTest[135]" classname="org.bitcoinj.utils.BtcFormatTest" time="0"/>
  <testcase name="argumentTypeTest[135]" classname="org.bitcoinj.utils.BtcFormatTest" time="0.001"/>
  <testcase name="characterIteratorTest[135]" classname="org.bitcoinj.utils.BtcFormatTest" time="0"/>
  <testcase name="repeatingPlaceTest[135]" classname="org.bitcoinj.utils.BtcFormatTest" time="0"/>
  <testcase name="currencyCodeTest[135]" classname="org.bitcoinj.utils.BtcFormatTest" time="0"/>
  <testcase name="patternDecimalPlaces[135]" classname="org.bitcoinj.utils.BtcFormatTest" time="0"/>
  <testcase name="factoryArgumentsTest[136]" classname="org.bitcoinj.utils.BtcFormatTest" time="0.001"/>
  <testcase name="parseTest[136]" classname="org.bitcoinj.utils.BtcFormatTest" time="0.002"/>
  <testcase name="microcoinScaleTest[136]" classname="org.bitcoinj.utils.BtcFormatTest" time="0"/>
  <testcase name="parseMetricTest[136]" classname="org.bitcoinj.utils.BtcFormatTest" time="0"/>
  <testcase name="coinScaleTest[136]" classname="org.bitcoinj.utils.BtcFormatTest" time="0.001"/>
  <testcase name="builderTest[136]" classname="org.bitcoinj.utils.BtcFormatTest" time="0.001"/>
  <testcase name="attributeTest[136]" classname="org.bitcoinj.utils.BtcFormatTest" time="0"/>
  <testcase name="prefixTest[136]" classname="org.bitcoinj.utils.BtcFormatTest" time="0"/>
  <testcase name="suffixTest[136]" classname="org.bitcoinj.utils.BtcFormatTest" time="0"/>
  <testcase name="autoDecimalTest[136]" classname="org.bitcoinj.utils.BtcFormatTest" time="0.001"/>
  <testcase name="symbolCollisionTest[136]" classname="org.bitcoinj.utils.BtcFormatTest" time="0"/>
  <testcase name="equalityTest[136]" classname="org.bitcoinj.utils.BtcFormatTest" time="0.001"/>
  <testcase name="columnAlignmentTest[136]" classname="org.bitcoinj.utils.BtcFormatTest" time="0.001"/>
  <testcase name="factoryTest[136]" classname="org.bitcoinj.utils.BtcFormatTest" time="0"/>
  <testcase name="parse[136]" classname="org.bitcoinj.utils.BtcFormatTest" time="0"/>
  <testcase name="btcRounding[136]" classname="org.bitcoinj.utils.BtcFormatTest" time="0.001"/>
  <testcase name="negativeTest[136]" classname="org.bitcoinj.utils.BtcFormatTest" time="0"/>
  <testcase name="millicoinScaleTest[136]" classname="org.bitcoinj.utils.BtcFormatTest" time="0"/>
  <testcase name="toStringTest[136]" classname="org.bitcoinj.utils.BtcFormatTest" time="0.001"/>
  <testcase name="testGrouping[136]" classname="org.bitcoinj.utils.BtcFormatTest" time="0"/>
  <testcase name="symbolsCodesTest[136]" classname="org.bitcoinj.utils.BtcFormatTest" time="0"/>
  <testcase name="defaultLocaleTest[136]" classname="org.bitcoinj.utils.BtcFormatTest" time="0"/>
  <testcase name="parsePositionTest[136]" classname="org.bitcoinj.utils.BtcFormatTest" time="0"/>
  <testcase name="argumentTypeTest[136]" classname="org.bitcoinj.utils.BtcFormatTest" time="0"/>
  <testcase name="characterIteratorTest[136]" classname="org.bitcoinj.utils.BtcFormatTest" time="0"/>
  <testcase name="repeatingPlaceTest[136]" classname="org.bitcoinj.utils.BtcFormatTest" time="0"/>
  <testcase name="currencyCodeTest[136]" classname="org.bitcoinj.utils.BtcFormatTest" time="0"/>
  <testcase name="patternDecimalPlaces[136]" classname="org.bitcoinj.utils.BtcFormatTest" time="0"/>
  <testcase name="factoryArgumentsTest[137]" classname="org.bitcoinj.utils.BtcFormatTest" time="0"/>
  <testcase name="parseTest[137]" classname="org.bitcoinj.utils.BtcFormatTest" time="0.002"/>
  <testcase name="microcoinScaleTest[137]" classname="org.bitcoinj.utils.BtcFormatTest" time="0"/>
  <testcase name="parseMetricTest[137]" classname="org.bitcoinj.utils.BtcFormatTest" time="0.001"/>
  <testcase name="coinScaleTest[137]" classname="org.bitcoinj.utils.BtcFormatTest" time="0"/>
  <testcase name="builderTest[137]" classname="org.bitcoinj.utils.BtcFormatTest" time="0.001"/>
  <testcase name="attributeTest[137]" classname="org.bitcoinj.utils.BtcFormatTest" time="0"/>
  <testcase name="prefixTest[137]" classname="org.bitcoinj.utils.BtcFormatTest" time="0"/>
  <testcase name="suffixTest[137]" classname="org.bitcoinj.utils.BtcFormatTest" time="0.001"/>
  <testcase name="autoDecimalTest[137]" classname="org.bitcoinj.utils.BtcFormatTest" time="0"/>
  <testcase name="symbolCollisionTest[137]" classname="org.bitcoinj.utils.BtcFormatTest" time="0.001"/>
  <testcase name="equalityTest[137]" classname="org.bitcoinj.utils.BtcFormatTest" time="0.001"/>
  <testcase name="columnAlignmentTest[137]" classname="org.bitcoinj.utils.BtcFormatTest" time="0"/>
  <testcase name="factoryTest[137]" classname="org.bitcoinj.utils.BtcFormatTest" time="0"/>
  <testcase name="parse[137]" classname="org.bitcoinj.utils.BtcFormatTest" time="0"/>
  <testcase name="btcRounding[137]" classname="org.bitcoinj.utils.BtcFormatTest" time="0.001"/>
  <testcase name="negativeTest[137]" classname="org.bitcoinj.utils.BtcFormatTest" time="0"/>
  <testcase name="millicoinScaleTest[137]" classname="org.bitcoinj.utils.BtcFormatTest" time="0.001"/>
  <testcase name="toStringTest[137]" classname="org.bitcoinj.utils.BtcFormatTest" time="0"/>
  <testcase name="testGrouping[137]" classname="org.bitcoinj.utils.BtcFormatTest" time="0"/>
  <testcase name="symbolsCodesTest[137]" classname="org.bitcoinj.utils.BtcFormatTest" time="0.001"/>
  <testcase name="defaultLocaleTest[137]" classname="org.bitcoinj.utils.BtcFormatTest" time="0"/>
  <testcase name="parsePositionTest[137]" classname="org.bitcoinj.utils.BtcFormatTest" time="0"/>
  <testcase name="argumentTypeTest[137]" classname="org.bitcoinj.utils.BtcFormatTest" time="0"/>
  <testcase name="characterIteratorTest[137]" classname="org.bitcoinj.utils.BtcFormatTest" time="0"/>
  <testcase name="repeatingPlaceTest[137]" classname="org.bitcoinj.utils.BtcFormatTest" time="0.001"/>
  <testcase name="currencyCodeTest[137]" classname="org.bitcoinj.utils.BtcFormatTest" time="0"/>
  <testcase name="patternDecimalPlaces[137]" classname="org.bitcoinj.utils.BtcFormatTest" time="0"/>
  <testcase name="factoryArgumentsTest[138]" classname="org.bitcoinj.utils.BtcFormatTest" time="0.001"/>
  <testcase name="parseTest[138]" classname="org.bitcoinj.utils.BtcFormatTest" time="0.001"/>
  <testcase name="microcoinScaleTest[138]" classname="org.bitcoinj.utils.BtcFormatTest" time="0"/>
  <testcase name="parseMetricTest[138]" classname="org.bitcoinj.utils.BtcFormatTest" time="0.001"/>
  <testcase name="coinScaleTest[138]" classname="org.bitcoinj.utils.BtcFormatTest" time="0"/>
  <testcase name="builderTest[138]" classname="org.bitcoinj.utils.BtcFormatTest" time="0.001"/>
  <testcase name="attributeTest[138]" classname="org.bitcoinj.utils.BtcFormatTest" time="0"/>
  <testcase name="prefixTest[138]" classname="org.bitcoinj.utils.BtcFormatTest" time="0.001"/>
  <testcase name="suffixTest[138]" classname="org.bitcoinj.utils.BtcFormatTest" time="0"/>
  <testcase name="autoDecimalTest[138]" classname="org.bitcoinj.utils.BtcFormatTest" time="0"/>
  <testcase name="symbolCollisionTest[138]" classname="org.bitcoinj.utils.BtcFormatTest" time="0.001"/>
  <testcase name="equalityTest[138]" classname="org.bitcoinj.utils.BtcFormatTest" time="0.001"/>
  <testcase name="columnAlignmentTest[138]" classname="org.bitcoinj.utils.BtcFormatTest" time="0"/>
  <testcase name="factoryTest[138]" classname="org.bitcoinj.utils.BtcFormatTest" time="0"/>
  <testcase name="parse[138]" classname="org.bitcoinj.utils.BtcFormatTest" time="0"/>
  <testcase name="btcRounding[138]" classname="org.bitcoinj.utils.BtcFormatTest" time="0.001"/>
  <testcase name="negativeTest[138]" classname="org.bitcoinj.utils.BtcFormatTest" time="0.001"/>
  <testcase name="millicoinScaleTest[138]" classname="org.bitcoinj.utils.BtcFormatTest" time="0"/>
  <testcase name="toStringTest[138]" classname="org.bitcoinj.utils.BtcFormatTest" time="0"/>
  <testcase name="testGrouping[138]" classname="org.bitcoinj.utils.BtcFormatTest" time="0"/>
  <testcase name="symbolsCodesTest[138]" classname="org.bitcoinj.utils.BtcFormatTest" time="0.001"/>
  <testcase name="defaultLocaleTest[138]" classname="org.bitcoinj.utils.BtcFormatTest" time="0"/>
  <testcase name="parsePositionTest[138]" classname="org.bitcoinj.utils.BtcFormatTest" time="0"/>
  <testcase name="argumentTypeTest[138]" classname="org.bitcoinj.utils.BtcFormatTest" time="0"/>
  <testcase name="characterIteratorTest[138]" classname="org.bitcoinj.utils.BtcFormatTest" time="0"/>
  <testcase name="repeatingPlaceTest[138]" classname="org.bitcoinj.utils.BtcFormatTest" time="0"/>
  <testcase name="currencyCodeTest[138]" classname="org.bitcoinj.utils.BtcFormatTest" time="0"/>
  <testcase name="patternDecimalPlaces[138]" classname="org.bitcoinj.utils.BtcFormatTest" time="0"/>
  <testcase name="factoryArgumentsTest[139]" classname="org.bitcoinj.utils.BtcFormatTest" time="0.001"/>
  <testcase name="parseTest[139]" classname="org.bitcoinj.utils.BtcFormatTest" time="0.001"/>
  <testcase name="microcoinScaleTest[139]" classname="org.bitcoinj.utils.BtcFormatTest" time="0"/>
  <testcase name="parseMetricTest[139]" classname="org.bitcoinj.utils.BtcFormatTest" time="0.001"/>
  <testcase name="coinScaleTest[139]" classname="org.bitcoinj.utils.BtcFormatTest" time="0"/>
  <testcase name="builderTest[139]" classname="org.bitcoinj.utils.BtcFormatTest" time="0.002"/>
  <testcase name="attributeTest[139]" classname="org.bitcoinj.utils.BtcFormatTest" time="0"/>
  <testcase name="prefixTest[139]" classname="org.bitcoinj.utils.BtcFormatTest" time="0"/>
  <testcase name="suffixTest[139]" classname="org.bitcoinj.utils.BtcFormatTest" time="0"/>
  <testcase name="autoDecimalTest[139]" classname="org.bitcoinj.utils.BtcFormatTest" time="0.001"/>
  <testcase name="symbolCollisionTest[139]" classname="org.bitcoinj.utils.BtcFormatTest" time="0"/>
  <testcase name="equalityTest[139]" classname="org.bitcoinj.utils.BtcFormatTest" time="0.002"/>
  <testcase name="columnAlignmentTest[139]" classname="org.bitcoinj.utils.BtcFormatTest" time="0"/>
  <testcase name="factoryTest[139]" classname="org.bitcoinj.utils.BtcFormatTest" time="0"/>
  <testcase name="parse[139]" classname="org.bitcoinj.utils.BtcFormatTest" time="0"/>
  <testcase name="btcRounding[139]" classname="org.bitcoinj.utils.BtcFormatTest" time="0.001"/>
  <testcase name="negativeTest[139]" classname="org.bitcoinj.utils.BtcFormatTest" time="0"/>
  <testcase name="millicoinScaleTest[139]" classname="org.bitcoinj.utils.BtcFormatTest" time="0"/>
  <testcase name="toStringTest[139]" classname="org.bitcoinj.utils.BtcFormatTest" time="0"/>
  <testcase name="testGrouping[139]" classname="org.bitcoinj.utils.BtcFormatTest" time="0"/>
  <testcase name="symbolsCodesTest[139]" classname="org.bitcoinj.utils.BtcFormatTest" time="0.001"/>
  <testcase name="defaultLocaleTest[139]" classname="org.bitcoinj.utils.BtcFormatTest" time="0"/>
  <testcase name="parsePositionTest[139]" classname="org.bitcoinj.utils.BtcFormatTest" time="0"/>
  <testcase name="argumentTypeTest[139]" classname="org.bitcoinj.utils.BtcFormatTest" time="0"/>
  <testcase name="characterIteratorTest[139]" classname="org.bitcoinj.utils.BtcFormatTest" time="0"/>
  <testcase name="repeatingPlaceTest[139]" classname="org.bitcoinj.utils.BtcFormatTest" time="0.001"/>
  <testcase name="currencyCodeTest[139]" classname="org.bitcoinj.utils.BtcFormatTest" time="0"/>
  <testcase name="patternDecimalPlaces[139]" classname="org.bitcoinj.utils.BtcFormatTest" time="0"/>
  <testcase name="factoryArgumentsTest[140]" classname="org.bitcoinj.utils.BtcFormatTest" time="0.001"/>
  <testcase name="parseTest[140]" classname="org.bitcoinj.utils.BtcFormatTest" time="0.001"/>
  <testcase name="microcoinScaleTest[140]" classname="org.bitcoinj.utils.BtcFormatTest" time="0"/>
  <testcase name="parseMetricTest[140]" classname="org.bitcoinj.utils.BtcFormatTest" time="0.001"/>
  <testcase name="coinScaleTest[140]" classname="org.bitcoinj.utils.BtcFormatTest" time="0"/>
  <testcase name="builderTest[140]" classname="org.bitcoinj.utils.BtcFormatTest" time="0.001"/>
  <testcase name="attributeTest[140]" classname="org.bitcoinj.utils.BtcFormatTest" time="0"/>
  <testcase name="prefixTest[140]" classname="org.bitcoinj.utils.BtcFormatTest" time="0.001"/>
  <testcase name="suffixTest[140]" classname="org.bitcoinj.utils.BtcFormatTest" time="0"/>
  <testcase name="autoDecimalTest[140]" classname="org.bitcoinj.utils.BtcFormatTest" time="0"/>
  <testcase name="symbolCollisionTest[140]" classname="org.bitcoinj.utils.BtcFormatTest" time="0.001"/>
  <testcase name="equalityTest[140]" classname="org.bitcoinj.utils.BtcFormatTest" time="0.001"/>
  <testcase name="columnAlignmentTest[140]" classname="org.bitcoinj.utils.BtcFormatTest" time="0"/>
  <testcase name="factoryTest[140]" classname="org.bitcoinj.utils.BtcFormatTest" time="0"/>
  <testcase name="parse[140]" classname="org.bitcoinj.utils.BtcFormatTest" time="0"/>
  <testcase name="btcRounding[140]" classname="org.bitcoinj.utils.BtcFormatTest" time="0.001"/>
  <testcase name="negativeTest[140]" classname="org.bitcoinj.utils.BtcFormatTest" time="0"/>
  <testcase name="millicoinScaleTest[140]" classname="org.bitcoinj.utils.BtcFormatTest" time="0"/>
  <testcase name="toStringTest[140]" classname="org.bitcoinj.utils.BtcFormatTest" time="0.001"/>
  <testcase name="testGrouping[140]" classname="org.bitcoinj.utils.BtcFormatTest" time="0"/>
  <testcase name="symbolsCodesTest[140]" classname="org.bitcoinj.utils.BtcFormatTest" time="0"/>
  <testcase name="defaultLocaleTest[140]" classname="org.bitcoinj.utils.BtcFormatTest" time="0.001"/>
  <testcase name="parsePositionTest[140]" classname="org.bitcoinj.utils.BtcFormatTest" time="0"/>
  <testcase name="argumentTypeTest[140]" classname="org.bitcoinj.utils.BtcFormatTest" time="0"/>
  <testcase name="characterIteratorTest[140]" classname="org.bitcoinj.utils.BtcFormatTest" time="0"/>
  <testcase name="repeatingPlaceTest[140]" classname="org.bitcoinj.utils.BtcFormatTest" time="0"/>
  <testcase name="currencyCodeTest[140]" classname="org.bitcoinj.utils.BtcFormatTest" time="0.001"/>
  <testcase name="patternDecimalPlaces[140]" classname="org.bitcoinj.utils.BtcFormatTest" time="0"/>
  <testcase name="factoryArgumentsTest[141]" classname="org.bitcoinj.utils.BtcFormatTest" time="0"/>
  <testcase name="parseTest[141]" classname="org.bitcoinj.utils.BtcFormatTest" time="0.002"/>
  <testcase name="microcoinScaleTest[141]" classname="org.bitcoinj.utils.BtcFormatTest" time="0"/>
  <testcase name="parseMetricTest[141]" classname="org.bitcoinj.utils.BtcFormatTest" time="0.001"/>
  <testcase name="coinScaleTest[141]" classname="org.bitcoinj.utils.BtcFormatTest" time="0"/>
  <testcase name="builderTest[141]" classname="org.bitcoinj.utils.BtcFormatTest" time="0.001"/>
  <testcase name="attributeTest[141]" classname="org.bitcoinj.utils.BtcFormatTest" time="0"/>
  <testcase name="prefixTest[141]" classname="org.bitcoinj.utils.BtcFormatTest" time="0"/>
  <testcase name="suffixTest[141]" classname="org.bitcoinj.utils.BtcFormatTest" time="0"/>
  <testcase name="autoDecimalTest[141]" classname="org.bitcoinj.utils.BtcFormatTest" time="0.001"/>
  <testcase name="symbolCollisionTest[141]" classname="org.bitcoinj.utils.BtcFormatTest" time="0"/>
  <testcase name="equalityTest[141]" classname="org.bitcoinj.utils.BtcFormatTest" time="0.002"/>
  <testcase name="columnAlignmentTest[141]" classname="org.bitcoinj.utils.BtcFormatTest" time="0"/>
  <testcase name="factoryTest[141]" classname="org.bitcoinj.utils.BtcFormatTest" time="0"/>
  <testcase name="parse[141]" classname="org.bitcoinj.utils.BtcFormatTest" time="0"/>
  <testcase name="btcRounding[141]" classname="org.bitcoinj.utils.BtcFormatTest" time="0.001"/>
  <testcase name="negativeTest[141]" classname="org.bitcoinj.utils.BtcFormatTest" time="0"/>
  <testcase name="millicoinScaleTest[141]" classname="org.bitcoinj.utils.BtcFormatTest" time="0"/>
  <testcase name="toStringTest[141]" classname="org.bitcoinj.utils.BtcFormatTest" time="0.001"/>
  <testcase name="testGrouping[141]" classname="org.bitcoinj.utils.BtcFormatTest" time="0"/>
  <testcase name="symbolsCodesTest[141]" classname="org.bitcoinj.utils.BtcFormatTest" time="0"/>
  <testcase name="defaultLocaleTest[141]" classname="org.bitcoinj.utils.BtcFormatTest" time="0"/>
  <testcase name="parsePositionTest[141]" classname="org.bitcoinj.utils.BtcFormatTest" time="0.001"/>
  <testcase name="argumentTypeTest[141]" classname="org.bitcoinj.utils.BtcFormatTest" time="0"/>
  <testcase name="characterIteratorTest[141]" classname="org.bitcoinj.utils.BtcFormatTest" time="0"/>
  <testcase name="repeatingPlaceTest[141]" classname="org.bitcoinj.utils.BtcFormatTest" time="0"/>
  <testcase name="currencyCodeTest[141]" classname="org.bitcoinj.utils.BtcFormatTest" time="0"/>
  <testcase name="patternDecimalPlaces[141]" classname="org.bitcoinj.utils.BtcFormatTest" time="0.001"/>
  <testcase name="factoryArgumentsTest[142]" classname="org.bitcoinj.utils.BtcFormatTest" time="0"/>
  <testcase name="parseTest[142]" classname="org.bitcoinj.utils.BtcFormatTest" time="0.002"/>
  <testcase name="microcoinScaleTest[142]" classname="org.bitcoinj.utils.BtcFormatTest" time="0"/>
  <testcase name="parseMetricTest[142]" classname="org.bitcoinj.utils.BtcFormatTest" time="0.001"/>
  <testcase name="coinScaleTest[142]" classname="org.bitcoinj.utils.BtcFormatTest" time="0"/>
  <testcase name="builderTest[142]" classname="org.bitcoinj.utils.BtcFormatTest" time="0.001"/>
  <testcase name="attributeTest[142]" classname="org.bitcoinj.utils.BtcFormatTest" time="0"/>
  <testcase name="prefixTest[142]" classname="org.bitcoinj.utils.BtcFormatTest" time="0"/>
  <testcase name="suffixTest[142]" classname="org.bitcoinj.utils.BtcFormatTest" time="0"/>
  <testcase name="autoDecimalTest[142]" classname="org.bitcoinj.utils.BtcFormatTest" time="0.001"/>
  <testcase name="symbolCollisionTest[142]" classname="org.bitcoinj.utils.BtcFormatTest" time="0"/>
  <testcase name="equalityTest[142]" classname="org.bitcoinj.utils.BtcFormatTest" time="0.001"/>
  <testcase name="columnAlignmentTest[142]" classname="org.bitcoinj.utils.BtcFormatTest" time="0"/>
  <testcase name="factoryTest[142]" classname="org.bitcoinj.utils.BtcFormatTest" time="0"/>
  <testcase name="parse[142]" classname="org.bitcoinj.utils.BtcFormatTest" time="0"/>
  <testcase name="btcRounding[142]" classname="org.bitcoinj.utils.BtcFormatTest" time="0.001"/>
  <testcase name="negativeTest[142]" classname="org.bitcoinj.utils.BtcFormatTest" time="0"/>
  <testcase name="millicoinScaleTest[142]" classname="org.bitcoinj.utils.BtcFormatTest" time="0"/>
  <testcase name="toStringTest[142]" classname="org.bitcoinj.utils.BtcFormatTest" time="0.001"/>
  <testcase name="testGrouping[142]" classname="org.bitcoinj.utils.BtcFormatTest" time="0"/>
  <testcase name="symbolsCodesTest[142]" classname="org.bitcoinj.utils.BtcFormatTest" time="0"/>
  <testcase name="defaultLocaleTest[142]" classname="org.bitcoinj.utils.BtcFormatTest" time="0.001"/>
  <testcase name="parsePositionTest[142]" classname="org.bitcoinj.utils.BtcFormatTest" time="0"/>
  <testcase name="argumentTypeTest[142]" classname="org.bitcoinj.utils.BtcFormatTest" time="0"/>
  <testcase name="characterIteratorTest[142]" classname="org.bitcoinj.utils.BtcFormatTest" time="0"/>
  <testcase name="repeatingPlaceTest[142]" classname="org.bitcoinj.utils.BtcFormatTest" time="0"/>
  <testcase name="currencyCodeTest[142]" classname="org.bitcoinj.utils.BtcFormatTest" time="0"/>
  <testcase name="patternDecimalPlaces[142]" classname="org.bitcoinj.utils.BtcFormatTest" time="0"/>
  <testcase name="factoryArgumentsTest[143]" classname="org.bitcoinj.utils.BtcFormatTest" time="0"/>
  <testcase name="parseTest[143]" classname="org.bitcoinj.utils.BtcFormatTest" time="0.002"/>
  <testcase name="microcoinScaleTest[143]" classname="org.bitcoinj.utils.BtcFormatTest" time="0"/>
  <testcase name="parseMetricTest[143]" classname="org.bitcoinj.utils.BtcFormatTest" time="0.001"/>
  <testcase name="coinScaleTest[143]" classname="org.bitcoinj.utils.BtcFormatTest" time="0"/>
  <testcase name="builderTest[143]" classname="org.bitcoinj.utils.BtcFormatTest" time="0.001"/>
  <testcase name="attributeTest[143]" classname="org.bitcoinj.utils.BtcFormatTest" time="0"/>
  <testcase name="prefixTest[143]" classname="org.bitcoinj.utils.BtcFormatTest" time="0"/>
  <testcase name="suffixTest[143]" classname="org.bitcoinj.utils.BtcFormatTest" time="0"/>
  <testcase name="autoDecimalTest[143]" classname="org.bitcoinj.utils.BtcFormatTest" time="0"/>
  <testcase name="symbolCollisionTest[143]" classname="org.bitcoinj.utils.BtcFormatTest" time="0.001"/>
  <testcase name="equalityTest[143]" classname="org.bitcoinj.utils.BtcFormatTest" time="0.001"/>
  <testcase name="columnAlignmentTest[143]" classname="org.bitcoinj.utils.BtcFormatTest" time="0"/>
  <testcase name="factoryTest[143]" classname="org.bitcoinj.utils.BtcFormatTest" time="0"/>
  <testcase name="parse[143]" classname="org.bitcoinj.utils.BtcFormatTest" time="0"/>
  <testcase name="btcRounding[143]" classname="org.bitcoinj.utils.BtcFormatTest" time="0.001"/>
  <testcase name="negativeTest[143]" classname="org.bitcoinj.utils.BtcFormatTest" time="0.001"/>
  <testcase name="millicoinScaleTest[143]" classname="org.bitcoinj.utils.BtcFormatTest" time="0"/>
  <testcase name="toStringTest[143]" classname="org.bitcoinj.utils.BtcFormatTest" time="0"/>
  <testcase name="testGrouping[143]" classname="org.bitcoinj.utils.BtcFormatTest" time="0"/>
  <testcase name="symbolsCodesTest[143]" classname="org.bitcoinj.utils.BtcFormatTest" time="0.001"/>
  <testcase name="defaultLocaleTest[143]" classname="org.bitcoinj.utils.BtcFormatTest" time="0"/>
  <testcase name="parsePositionTest[143]" classname="org.bitcoinj.utils.BtcFormatTest" time="0"/>
  <testcase name="argumentTypeTest[143]" classname="org.bitcoinj.utils.BtcFormatTest" time="0"/>
  <testcase name="characterIteratorTest[143]" classname="org.bitcoinj.utils.BtcFormatTest" time="0.001"/>
  <testcase name="repeatingPlaceTest[143]" classname="org.bitcoinj.utils.BtcFormatTest" time="0"/>
  <testcase name="currencyCodeTest[143]" classname="org.bitcoinj.utils.BtcFormatTest" time="0"/>
  <testcase name="patternDecimalPlaces[143]" classname="org.bitcoinj.utils.BtcFormatTest" time="0"/>
  <testcase name="factoryArgumentsTest[144]" classname="org.bitcoinj.utils.BtcFormatTest" time="0.001"/>
  <testcase name="parseTest[144]" classname="org.bitcoinj.utils.BtcFormatTest" time="0.001"/>
  <testcase name="microcoinScaleTest[144]" classname="org.bitcoinj.utils.BtcFormatTest" time="0"/>
  <testcase name="parseMetricTest[144]" classname="org.bitcoinj.utils.BtcFormatTest" time="0.001"/>
  <testcase name="coinScaleTest[144]" classname="org.bitcoinj.utils.BtcFormatTest" time="0"/>
  <testcase name="builderTest[144]" classname="org.bitcoinj.utils.BtcFormatTest" time="0.001"/>
  <testcase name="attributeTest[144]" classname="org.bitcoinj.utils.BtcFormatTest" time="0"/>
  <testcase name="prefixTest[144]" classname="org.bitcoinj.utils.BtcFormatTest" time="0.001"/>
  <testcase name="suffixTest[144]" classname="org.bitcoinj.utils.BtcFormatTest" time="0"/>
  <testcase name="autoDecimalTest[144]" classname="org.bitcoinj.utils.BtcFormatTest" time="0"/>
  <testcase name="symbolCollisionTest[144]" classname="org.bitcoinj.utils.BtcFormatTest" time="0.001"/>
  <testcase name="equalityTest[144]" classname="org.bitcoinj.utils.BtcFormatTest" time="0.001"/>
  <testcase name="columnAlignmentTest[144]" classname="org.bitcoinj.utils.BtcFormatTest" time="0"/>
  <testcase name="factoryTest[144]" classname="org.bitcoinj.utils.BtcFormatTest" time="0"/>
  <testcase name="parse[144]" classname="org.bitcoinj.utils.BtcFormatTest" time="0"/>
  <testcase name="btcRounding[144]" classname="org.bitcoinj.utils.BtcFormatTest" time="0"/>
  <testcase name="negativeTest[144]" classname="org.bitcoinj.utils.BtcFormatTest" time="0.001"/>
  <testcase name="millicoinScaleTest[144]" classname="org.bitcoinj.utils.BtcFormatTest" time="0"/>
  <testcase name="toStringTest[144]" classname="org.bitcoinj.utils.BtcFormatTest" time="0"/>
  <testcase name="testGrouping[144]" classname="org.bitcoinj.utils.BtcFormatTest" time="0"/>
  <testcase name="symbolsCodesTest[144]" classname="org.bitcoinj.utils.BtcFormatTest" time="0.001"/>
  <testcase name="defaultLocaleTest[144]" classname="org.bitcoinj.utils.BtcFormatTest" time="0"/>
  <testcase name="parsePositionTest[144]" classname="org.bitcoinj.utils.BtcFormatTest" time="0"/>
  <testcase name="argumentTypeTest[144]" classname="org.bitcoinj.utils.BtcFormatTest" time="0"/>
  <testcase name="characterIteratorTest[144]" classname="org.bitcoinj.utils.BtcFormatTest" time="0.001"/>
  <testcase name="repeatingPlaceTest[144]" classname="org.bitcoinj.utils.BtcFormatTest" time="0"/>
  <testcase name="currencyCodeTest[144]" classname="org.bitcoinj.utils.BtcFormatTest" time="0"/>
  <testcase name="patternDecimalPlaces[144]" classname="org.bitcoinj.utils.BtcFormatTest" time="0"/>
  <testcase name="factoryArgumentsTest[145]" classname="org.bitcoinj.utils.BtcFormatTest" time="0.001"/>
  <testcase name="parseTest[145]" classname="org.bitcoinj.utils.BtcFormatTest" time="0.001"/>
  <testcase name="microcoinScaleTest[145]" classname="org.bitcoinj.utils.BtcFormatTest" time="0"/>
  <testcase name="parseMetricTest[145]" classname="org.bitcoinj.utils.BtcFormatTest" time="0.001"/>
  <testcase name="coinScaleTest[145]" classname="org.bitcoinj.utils.BtcFormatTest" time="0"/>
  <testcase name="builderTest[145]" classname="org.bitcoinj.utils.BtcFormatTest" time="0.001"/>
  <testcase name="attributeTest[145]" classname="org.bitcoinj.utils.BtcFormatTest" time="0"/>
  <testcase name="prefixTest[145]" classname="org.bitcoinj.utils.BtcFormatTest" time="0.001"/>
  <testcase name="suffixTest[145]" classname="org.bitcoinj.utils.BtcFormatTest" time="0"/>
  <testcase name="autoDecimalTest[145]" classname="org.bitcoinj.utils.BtcFormatTest" time="0"/>
  <testcase name="symbolCollisionTest[145]" classname="org.bitcoinj.utils.BtcFormatTest" time="0.001"/>
  <testcase name="equalityTest[145]" classname="org.bitcoinj.utils.BtcFormatTest" time="0.001"/>
  <testcase name="columnAlignmentTest[145]" classname="org.bitcoinj.utils.BtcFormatTest" time="0"/>
  <testcase name="factoryTest[145]" classname="org.bitcoinj.utils.BtcFormatTest" time="0"/>
  <testcase name="parse[145]" classname="org.bitcoinj.utils.BtcFormatTest" time="0"/>
  <testcase name="btcRounding[145]" classname="org.bitcoinj.utils.BtcFormatTest" time="0.001"/>
  <testcase name="negativeTest[145]" classname="org.bitcoinj.utils.BtcFormatTest" time="0.001"/>
  <testcase name="millicoinScaleTest[145]" classname="org.bitcoinj.utils.BtcFormatTest" time="0"/>
  <testcase name="toStringTest[145]" classname="org.bitcoinj.utils.BtcFormatTest" time="0"/>
  <testcase name="testGrouping[145]" classname="org.bitcoinj.utils.BtcFormatTest" time="0"/>
  <testcase name="symbolsCodesTest[145]" classname="org.bitcoinj.utils.BtcFormatTest" time="0.001"/>
  <testcase name="defaultLocaleTest[145]" classname="org.bitcoinj.utils.BtcFormatTest" time="0"/>
  <testcase name="parsePositionTest[145]" classname="org.bitcoinj.utils.BtcFormatTest" time="0"/>
  <testcase name="argumentTypeTest[145]" classname="org.bitcoinj.utils.BtcFormatTest" time="0"/>
  <testcase name="characterIteratorTest[145]" classname="org.bitcoinj.utils.BtcFormatTest" time="0.001"/>
  <testcase name="repeatingPlaceTest[145]" classname="org.bitcoinj.utils.BtcFormatTest" time="0"/>
  <testcase name="currencyCodeTest[145]" classname="org.bitcoinj.utils.BtcFormatTest" time="0"/>
  <testcase name="patternDecimalPlaces[145]" classname="org.bitcoinj.utils.BtcFormatTest" time="0"/>
  <testcase name="factoryArgumentsTest[146]" classname="org.bitcoinj.utils.BtcFormatTest" time="0.001"/>
  <testcase name="parseTest[146]" classname="org.bitcoinj.utils.BtcFormatTest" time="0.001"/>
  <testcase name="microcoinScaleTest[146]" classname="org.bitcoinj.utils.BtcFormatTest" time="0"/>
  <testcase name="parseMetricTest[146]" classname="org.bitcoinj.utils.BtcFormatTest" time="0.001"/>
  <testcase name="coinScaleTest[146]" classname="org.bitcoinj.utils.BtcFormatTest" time="0"/>
  <testcase name="builderTest[146]" classname="org.bitcoinj.utils.BtcFormatTest" time="0.001"/>
  <testcase name="attributeTest[146]" classname="org.bitcoinj.utils.BtcFormatTest" time="0"/>
  <testcase name="prefixTest[146]" classname="org.bitcoinj.utils.BtcFormatTest" time="0.001"/>
  <testcase name="suffixTest[146]" classname="org.bitcoinj.utils.BtcFormatTest" time="0"/>
  <testcase name="autoDecimalTest[146]" classname="org.bitcoinj.utils.BtcFormatTest" time="0"/>
  <testcase name="symbolCollisionTest[146]" classname="org.bitcoinj.utils.BtcFormatTest" time="0.001"/>
  <testcase name="equalityTest[146]" classname="org.bitcoinj.utils.BtcFormatTest" time="0.001"/>
  <testcase name="columnAlignmentTest[146]" classname="org.bitcoinj.utils.BtcFormatTest" time="0"/>
  <testcase name="factoryTest[146]" classname="org.bitcoinj.utils.BtcFormatTest" time="0"/>
  <testcase name="parse[146]" classname="org.bitcoinj.utils.BtcFormatTest" time="0"/>
  <testcase name="btcRounding[146]" classname="org.bitcoinj.utils.BtcFormatTest" time="0.001"/>
  <testcase name="negativeTest[146]" classname="org.bitcoinj.utils.BtcFormatTest" time="0.001"/>
  <testcase name="millicoinScaleTest[146]" classname="org.bitcoinj.utils.BtcFormatTest" time="0"/>
  <testcase name="toStringTest[146]" classname="org.bitcoinj.utils.BtcFormatTest" time="0"/>
  <testcase name="testGrouping[146]" classname="org.bitcoinj.utils.BtcFormatTest" time="0"/>
  <testcase name="symbolsCodesTest[146]" classname="org.bitcoinj.utils.BtcFormatTest" time="0.001"/>
  <testcase name="defaultLocaleTest[146]" classname="org.bitcoinj.utils.BtcFormatTest" time="0"/>
  <testcase name="parsePositionTest[146]" classname="org.bitcoinj.utils.BtcFormatTest" time="0"/>
  <testcase name="argumentTypeTest[146]" classname="org.bitcoinj.utils.BtcFormatTest" time="0"/>
  <testcase name="characterIteratorTest[146]" classname="org.bitcoinj.utils.BtcFormatTest" time="0.002"/>
  <testcase name="repeatingPlaceTest[146]" classname="org.bitcoinj.utils.BtcFormatTest" time="0"/>
  <testcase name="currencyCodeTest[146]" classname="org.bitcoinj.utils.BtcFormatTest" time="0"/>
  <testcase name="patternDecimalPlaces[146]" classname="org.bitcoinj.utils.BtcFormatTest" time="0"/>
  <testcase name="factoryArgumentsTest[147]" classname="org.bitcoinj.utils.BtcFormatTest" time="0"/>
  <testcase name="parseTest[147]" classname="org.bitcoinj.utils.BtcFormatTest" time="0.002"/>
  <testcase name="microcoinScaleTest[147]" classname="org.bitcoinj.utils.BtcFormatTest" time="0"/>
  <testcase name="parseMetricTest[147]" classname="org.bitcoinj.utils.BtcFormatTest" time="0.001"/>
  <testcase name="coinScaleTest[147]" classname="org.bitcoinj.utils.BtcFormatTest" time="0"/>
  <testcase name="builderTest[147]" classname="org.bitcoinj.utils.BtcFormatTest" time="0.001"/>
  <testcase name="attributeTest[147]" classname="org.bitcoinj.utils.BtcFormatTest" time="0"/>
  <testcase name="prefixTest[147]" classname="org.bitcoinj.utils.BtcFormatTest" time="0"/>
  <testcase name="suffixTest[147]" classname="org.bitcoinj.utils.BtcFormatTest" time="0"/>
  <testcase name="autoDecimalTest[147]" classname="org.bitcoinj.utils.BtcFormatTest" time="0.001"/>
  <testcase name="symbolCollisionTest[147]" classname="org.bitcoinj.utils.BtcFormatTest" time="0"/>
  <testcase name="equalityTest[147]" classname="org.bitcoinj.utils.BtcFormatTest" time="0.002"/>
  <testcase name="columnAlignmentTest[147]" classname="org.bitcoinj.utils.BtcFormatTest" time="0"/>
  <testcase name="factoryTest[147]" classname="org.bitcoinj.utils.BtcFormatTest" time="0"/>
  <testcase name="parse[147]" classname="org.bitcoinj.utils.BtcFormatTest" time="0"/>
  <testcase name="btcRounding[147]" classname="org.bitcoinj.utils.BtcFormatTest" time="0.001"/>
  <testcase name="negativeTest[147]" classname="org.bitcoinj.utils.BtcFormatTest" time="0"/>
  <testcase name="millicoinScaleTest[147]" classname="org.bitcoinj.utils.BtcFormatTest" time="0"/>
  <testcase name="toStringTest[147]" classname="org.bitcoinj.utils.BtcFormatTest" time="0.001"/>
  <testcase name="testGrouping[147]" classname="org.bitcoinj.utils.BtcFormatTest" time="0"/>
  <testcase name="symbolsCodesTest[147]" classname="org.bitcoinj.utils.BtcFormatTest" time="0"/>
  <testcase name="defaultLocaleTest[147]" classname="org.bitcoinj.utils.BtcFormatTest" time="0"/>
  <testcase name="parsePositionTest[147]" classname="org.bitcoinj.utils.BtcFormatTest" time="0"/>
  <testcase name="argumentTypeTest[147]" classname="org.bitcoinj.utils.BtcFormatTest" time="0.001"/>
  <testcase name="characterIteratorTest[147]" classname="org.bitcoinj.utils.BtcFormatTest" time="0"/>
  <testcase name="repeatingPlaceTest[147]" classname="org.bitcoinj.utils.BtcFormatTest" time="0"/>
  <testcase name="currencyCodeTest[147]" classname="org.bitcoinj.utils.BtcFormatTest" time="0"/>
  <testcase name="patternDecimalPlaces[147]" classname="org.bitcoinj.utils.BtcFormatTest" time="0"/>
  <testcase name="factoryArgumentsTest[148]" classname="org.bitcoinj.utils.BtcFormatTest" time="0.001"/>
  <testcase name="parseTest[148]" classname="org.bitcoinj.utils.BtcFormatTest" time="0.001"/>
  <testcase name="microcoinScaleTest[148]" classname="org.bitcoinj.utils.BtcFormatTest" time="0.001"/>
  <testcase name="parseMetricTest[148]" classname="org.bitcoinj.utils.BtcFormatTest" time="0"/>
  <testcase name="coinScaleTest[148]" classname="org.bitcoinj.utils.BtcFormatTest" time="0"/>
  <testcase name="builderTest[148]" classname="org.bitcoinj.utils.BtcFormatTest" time="0.002"/>
  <testcase name="attributeTest[148]" classname="org.bitcoinj.utils.BtcFormatTest" time="0"/>
  <testcase name="prefixTest[148]" classname="org.bitcoinj.utils.BtcFormatTest" time="0"/>
  <testcase name="suffixTest[148]" classname="org.bitcoinj.utils.BtcFormatTest" time="0"/>
  <testcase name="autoDecimalTest[148]" classname="org.bitcoinj.utils.BtcFormatTest" time="0.001"/>
  <testcase name="symbolCollisionTest[148]" classname="org.bitcoinj.utils.BtcFormatTest" time="0"/>
  <testcase name="equalityTest[148]" classname="org.bitcoinj.utils.BtcFormatTest" time="0.001"/>
  <testcase name="columnAlignmentTest[148]" classname="org.bitcoinj.utils.BtcFormatTest" time="0.001"/>
  <testcase name="factoryTest[148]" classname="org.bitcoinj.utils.BtcFormatTest" time="0"/>
  <testcase name="parse[148]" classname="org.bitcoinj.utils.BtcFormatTest" time="0"/>
  <testcase name="btcRounding[148]" classname="org.bitcoinj.utils.BtcFormatTest" time="0.001"/>
  <testcase name="negativeTest[148]" classname="org.bitcoinj.utils.BtcFormatTest" time="0"/>
  <testcase name="millicoinScaleTest[148]" classname="org.bitcoinj.utils.BtcFormatTest" time="0"/>
  <testcase name="toStringTest[148]" classname="org.bitcoinj.utils.BtcFormatTest" time="0.001"/>
  <testcase name="testGrouping[148]" classname="org.bitcoinj.utils.BtcFormatTest" time="0"/>
  <testcase name="symbolsCodesTest[148]" classname="org.bitcoinj.utils.BtcFormatTest" time="0"/>
  <testcase name="defaultLocaleTest[148]" classname="org.bitcoinj.utils.BtcFormatTest" time="0"/>
  <testcase name="parsePositionTest[148]" classname="org.bitcoinj.utils.BtcFormatTest" time="0"/>
  <testcase name="argumentTypeTest[148]" classname="org.bitcoinj.utils.BtcFormatTest" time="0.001"/>
  <testcase name="characterIteratorTest[148]" classname="org.bitcoinj.utils.BtcFormatTest" time="0"/>
  <testcase name="repeatingPlaceTest[148]" classname="org.bitcoinj.utils.BtcFormatTest" time="0"/>
  <testcase name="currencyCodeTest[148]" classname="org.bitcoinj.utils.BtcFormatTest" time="0"/>
  <testcase name="patternDecimalPlaces[148]" classname="org.bitcoinj.utils.BtcFormatTest" time="0"/>
  <testcase name="factoryArgumentsTest[149]" classname="org.bitcoinj.utils.BtcFormatTest" time="0.001"/>
  <testcase name="parseTest[149]" classname="org.bitcoinj.utils.BtcFormatTest" time="0.002"/>
  <testcase name="microcoinScaleTest[149]" classname="org.bitcoinj.utils.BtcFormatTest" time="0"/>
  <testcase name="parseMetricTest[149]" classname="org.bitcoinj.utils.BtcFormatTest" time="0"/>
  <testcase name="coinScaleTest[149]" classname="org.bitcoinj.utils.BtcFormatTest" time="0.001"/>
  <testcase name="builderTest[149]" classname="org.bitcoinj.utils.BtcFormatTest" time="0.001"/>
  <testcase name="attributeTest[149]" classname="org.bitcoinj.utils.BtcFormatTest" time="0"/>
  <testcase name="prefixTest[149]" classname="org.bitcoinj.utils.BtcFormatTest" time="0"/>
  <testcase name="suffixTest[149]" classname="org.bitcoinj.utils.BtcFormatTest" time="0"/>
  <testcase name="autoDecimalTest[149]" classname="org.bitcoinj.utils.BtcFormatTest" time="0.001"/>
  <testcase name="symbolCollisionTest[149]" classname="org.bitcoinj.utils.BtcFormatTest" time="0"/>
  <testcase name="equalityTest[149]" classname="org.bitcoinj.utils.BtcFormatTest" time="0.002"/>
  <testcase name="columnAlignmentTest[149]" classname="org.bitcoinj.utils.BtcFormatTest" time="0"/>
  <testcase name="factoryTest[149]" classname="org.bitcoinj.utils.BtcFormatTest" time="0"/>
  <testcase name="parse[149]" classname="org.bitcoinj.utils.BtcFormatTest" time="0"/>
  <testcase name="btcRounding[149]" classname="org.bitcoinj.utils.BtcFormatTest" time="0.001"/>
  <testcase name="negativeTest[149]" classname="org.bitcoinj.utils.BtcFormatTest" time="0"/>
  <testcase name="millicoinScaleTest[149]" classname="org.bitcoinj.utils.BtcFormatTest" time="0"/>
  <testcase name="toStringTest[149]" classname="org.bitcoinj.utils.BtcFormatTest" time="0.001"/>
  <testcase name="testGrouping[149]" classname="org.bitcoinj.utils.BtcFormatTest" time="0"/>
  <testcase name="symbolsCodesTest[149]" classname="org.bitcoinj.utils.BtcFormatTest" time="0"/>
  <testcase name="defaultLocaleTest[149]" classname="org.bitcoinj.utils.BtcFormatTest" time="0"/>
  <testcase name="parsePositionTest[149]" classname="org.bitcoinj.utils.BtcFormatTest" time="0"/>
  <testcase name="argumentTypeTest[149]" classname="org.bitcoinj.utils.BtcFormatTest" time="0"/>
  <testcase name="characterIteratorTest[149]" classname="org.bitcoinj.utils.BtcFormatTest" time="0"/>
  <testcase name="repeatingPlaceTest[149]" classname="org.bitcoinj.utils.BtcFormatTest" time="0"/>
  <testcase name="currencyCodeTest[149]" classname="org.bitcoinj.utils.BtcFormatTest" time="0.001"/>
  <testcase name="patternDecimalPlaces[149]" classname="org.bitcoinj.utils.BtcFormatTest" time="0"/>
  <testcase name="factoryArgumentsTest[150]" classname="org.bitcoinj.utils.BtcFormatTest" time="0.001"/>
  <testcase name="parseTest[150]" classname="org.bitcoinj.utils.BtcFormatTest" time="0.001"/>
  <testcase name="microcoinScaleTest[150]" classname="org.bitcoinj.utils.BtcFormatTest" time="0"/>
  <testcase name="parseMetricTest[150]" classname="org.bitcoinj.utils.BtcFormatTest" time="0.001"/>
  <testcase name="coinScaleTest[150]" classname="org.bitcoinj.utils.BtcFormatTest" time="0"/>
  <testcase name="builderTest[150]" classname="org.bitcoinj.utils.BtcFormatTest" time="0.001"/>
  <testcase name="attributeTest[150]" classname="org.bitcoinj.utils.BtcFormatTest" time="0"/>
  <testcase name="prefixTest[150]" classname="org.bitcoinj.utils.BtcFormatTest" time="0"/>
  <testcase name="suffixTest[150]" classname="org.bitcoinj.utils.BtcFormatTest" time="0"/>
  <testcase name="autoDecimalTest[150]" classname="org.bitcoinj.utils.BtcFormatTest" time="0"/>
  <testcase name="symbolCollisionTest[150]" classname="org.bitcoinj.utils.BtcFormatTest" time="0.001"/>
  <testcase name="equalityTest[150]" classname="org.bitcoinj.utils.BtcFormatTest" time="0.001"/>
  <testcase name="columnAlignmentTest[150]" classname="org.bitcoinj.utils.BtcFormatTest" time="0"/>
  <testcase name="factoryTest[150]" classname="org.bitcoinj.utils.BtcFormatTest" time="0.001"/>
  <testcase name="parse[150]" classname="org.bitcoinj.utils.BtcFormatTest" time="0"/>
  <testcase name="btcRounding[150]" classname="org.bitcoinj.utils.BtcFormatTest" time="0"/>
  <testcase name="negativeTest[150]" classname="org.bitcoinj.utils.BtcFormatTest" time="0.001"/>
  <testcase name="millicoinScaleTest[150]" classname="org.bitcoinj.utils.BtcFormatTest" time="0"/>
  <testcase name="toStringTest[150]" classname="org.bitcoinj.utils.BtcFormatTest" time="0.001"/>
  <testcase name="testGrouping[150]" classname="org.bitcoinj.utils.BtcFormatTest" time="0"/>
  <testcase name="symbolsCodesTest[150]" classname="org.bitcoinj.utils.BtcFormatTest" time="0"/>
  <testcase name="defaultLocaleTest[150]" classname="org.bitcoinj.utils.BtcFormatTest" time="0"/>
  <testcase name="parsePositionTest[150]" classname="org.bitcoinj.utils.BtcFormatTest" time="0.001"/>
  <testcase name="argumentTypeTest[150]" classname="org.bitcoinj.utils.BtcFormatTest" time="0"/>
  <testcase name="characterIteratorTest[150]" classname="org.bitcoinj.utils.BtcFormatTest" time="0"/>
  <testcase name="repeatingPlaceTest[150]" classname="org.bitcoinj.utils.BtcFormatTest" time="0"/>
  <testcase name="currencyCodeTest[150]" classname="org.bitcoinj.utils.BtcFormatTest" time="0"/>
  <testcase name="patternDecimalPlaces[150]" classname="org.bitcoinj.utils.BtcFormatTest" time="0"/>
  <testcase name="factoryArgumentsTest[151]" classname="org.bitcoinj.utils.BtcFormatTest" time="0.001"/>
  <testcase name="parseTest[151]" classname="org.bitcoinj.utils.BtcFormatTest" time="0.002"/>
  <testcase name="microcoinScaleTest[151]" classname="org.bitcoinj.utils.BtcFormatTest" time="0"/>
  <testcase name="parseMetricTest[151]" classname="org.bitcoinj.utils.BtcFormatTest" time="0"/>
  <testcase name="coinScaleTest[151]" classname="org.bitcoinj.utils.BtcFormatTest" time="0.001"/>
  <testcase name="builderTest[151]" classname="org.bitcoinj.utils.BtcFormatTest" time="0.001"/>
  <testcase name="attributeTest[151]" classname="org.bitcoinj.utils.BtcFormatTest" time="0"/>
  <testcase name="prefixTest[151]" classname="org.bitcoinj.utils.BtcFormatTest" time="0"/>
  <testcase name="suffixTest[151]" classname="org.bitcoinj.utils.BtcFormatTest" time="0"/>
  <testcase name="autoDecimalTest[151]" classname="org.bitcoinj.utils.BtcFormatTest" time="0.001"/>
  <testcase name="symbolCollisionTest[151]" classname="org.bitcoinj.utils.BtcFormatTest" time="0"/>
  <testcase name="equalityTest[151]" classname="org.bitcoinj.utils.BtcFormatTest" time="0.001"/>
  <testcase name="columnAlignmentTest[151]" classname="org.bitcoinj.utils.BtcFormatTest" time="0.001"/>
  <testcase name="factoryTest[151]" classname="org.bitcoinj.utils.BtcFormatTest" time="0"/>
  <testcase name="parse[151]" classname="org.bitcoinj.utils.BtcFormatTest" time="0"/>
  <testcase name="btcRounding[151]" classname="org.bitcoinj.utils.BtcFormatTest" time="0.001"/>
  <testcase name="negativeTest[151]" classname="org.bitcoinj.utils.BtcFormatTest" time="0"/>
  <testcase name="millicoinScaleTest[151]" classname="org.bitcoinj.utils.BtcFormatTest" time="0"/>
  <testcase name="toStringTest[151]" classname="org.bitcoinj.utils.BtcFormatTest" time="0"/>
  <testcase name="testGrouping[151]" classname="org.bitcoinj.utils.BtcFormatTest" time="0"/>
  <testcase name="symbolsCodesTest[151]" classname="org.bitcoinj.utils.BtcFormatTest" time="0"/>
  <testcase name="defaultLocaleTest[151]" classname="org.bitcoinj.utils.BtcFormatTest" time="0"/>
  <testcase name="parsePositionTest[151]" classname="org.bitcoinj.utils.BtcFormatTest" time="0"/>
  <testcase name="argumentTypeTest[151]" classname="org.bitcoinj.utils.BtcFormatTest" time="0.001"/>
  <testcase name="characterIteratorTest[151]" classname="org.bitcoinj.utils.BtcFormatTest" time="0"/>
  <testcase name="repeatingPlaceTest[151]" classname="org.bitcoinj.utils.BtcFormatTest" time="0"/>
  <testcase name="currencyCodeTest[151]" classname="org.bitcoinj.utils.BtcFormatTest" time="0"/>
  <testcase name="patternDecimalPlaces[151]" classname="org.bitcoinj.utils.BtcFormatTest" time="0"/>
  <testcase name="factoryArgumentsTest[152]" classname="org.bitcoinj.utils.BtcFormatTest" time="0.001"/>
  <testcase name="parseTest[152]" classname="org.bitcoinj.utils.BtcFormatTest" time="0.002"/>
  <testcase name="microcoinScaleTest[152]" classname="org.bitcoinj.utils.BtcFormatTest" time="0"/>
  <testcase name="parseMetricTest[152]" classname="org.bitcoinj.utils.BtcFormatTest" time="0"/>
  <testcase name="coinScaleTest[152]" classname="org.bitcoinj.utils.BtcFormatTest" time="0.001"/>
  <testcase name="builderTest[152]" classname="org.bitcoinj.utils.BtcFormatTest" time="0.001"/>
  <testcase name="attributeTest[152]" classname="org.bitcoinj.utils.BtcFormatTest" time="0"/>
  <testcase name="prefixTest[152]" classname="org.bitcoinj.utils.BtcFormatTest" time="0"/>
  <testcase name="suffixTest[152]" classname="org.bitcoinj.utils.BtcFormatTest" time="0"/>
  <testcase name="autoDecimalTest[152]" classname="org.bitcoinj.utils.BtcFormatTest" time="0.001"/>
  <testcase name="symbolCollisionTest[152]" classname="org.bitcoinj.utils.BtcFormatTest" time="0"/>
  <testcase name="equalityTest[152]" classname="org.bitcoinj.utils.BtcFormatTest" time="0.001"/>
  <testcase name="columnAlignmentTest[152]" classname="org.bitcoinj.utils.BtcFormatTest" time="0.001"/>
  <testcase name="factoryTest[152]" classname="org.bitcoinj.utils.BtcFormatTest" time="0"/>
  <testcase name="parse[152]" classname="org.bitcoinj.utils.BtcFormatTest" time="0"/>
  <testcase name="btcRounding[152]" classname="org.bitcoinj.utils.BtcFormatTest" time="0.001"/>
  <testcase name="negativeTest[152]" classname="org.bitcoinj.utils.BtcFormatTest" time="0"/>
  <testcase name="millicoinScaleTest[152]" classname="org.bitcoinj.utils.BtcFormatTest" time="0"/>
  <testcase name="toStringTest[152]" classname="org.bitcoinj.utils.BtcFormatTest" time="0"/>
  <testcase name="testGrouping[152]" classname="org.bitcoinj.utils.BtcFormatTest" time="0.001"/>
  <testcase name="symbolsCodesTest[152]" classname="org.bitcoinj.utils.BtcFormatTest" time="0"/>
  <testcase name="defaultLocaleTest[152]" classname="org.bitcoinj.utils.BtcFormatTest" time="0"/>
  <testcase name="parsePositionTest[152]" classname="org.bitcoinj.utils.BtcFormatTest" time="0"/>
  <testcase name="argumentTypeTest[152]" classname="org.bitcoinj.utils.BtcFormatTest" time="0.001"/>
  <testcase name="characterIteratorTest[152]" classname="org.bitcoinj.utils.BtcFormatTest" time="0"/>
  <testcase name="repeatingPlaceTest[152]" classname="org.bitcoinj.utils.BtcFormatTest" time="0"/>
  <testcase name="currencyCodeTest[152]" classname="org.bitcoinj.utils.BtcFormatTest" time="0"/>
  <testcase name="patternDecimalPlaces[152]" classname="org.bitcoinj.utils.BtcFormatTest" time="0"/>
  <testcase name="factoryArgumentsTest[153]" classname="org.bitcoinj.utils.BtcFormatTest" time="0.001"/>
  <testcase name="parseTest[153]" classname="org.bitcoinj.utils.BtcFormatTest" time="0.001"/>
  <testcase name="microcoinScaleTest[153]" classname="org.bitcoinj.utils.BtcFormatTest" time="0"/>
  <testcase name="parseMetricTest[153]" classname="org.bitcoinj.utils.BtcFormatTest" time="0.001"/>
  <testcase name="coinScaleTest[153]" classname="org.bitcoinj.utils.BtcFormatTest" time="0"/>
  <testcase name="builderTest[153]" classname="org.bitcoinj.utils.BtcFormatTest" time="0.001"/>
  <testcase name="attributeTest[153]" classname="org.bitcoinj.utils.BtcFormatTest" time="0.001"/>
  <testcase name="prefixTest[153]" classname="org.bitcoinj.utils.BtcFormatTest" time="0"/>
  <testcase name="suffixTest[153]" classname="org.bitcoinj.utils.BtcFormatTest" time="0"/>
  <testcase name="autoDecimalTest[153]" classname="org.bitcoinj.utils.BtcFormatTest" time="0"/>
  <testcase name="symbolCollisionTest[153]" classname="org.bitcoinj.utils.BtcFormatTest" time="0.001"/>
  <testcase name="equalityTest[153]" classname="org.bitcoinj.utils.BtcFormatTest" time="0.001"/>
  <testcase name="columnAlignmentTest[153]" classname="org.bitcoinj.utils.BtcFormatTest" time="0"/>
  <testcase name="factoryTest[153]" classname="org.bitcoinj.utils.BtcFormatTest" time="0.001"/>
  <testcase name="parse[153]" classname="org.bitcoinj.utils.BtcFormatTest" time="0"/>
  <testcase name="btcRounding[153]" classname="org.bitcoinj.utils.BtcFormatTest" time="0"/>
  <testcase name="negativeTest[153]" classname="org.bitcoinj.utils.BtcFormatTest" time="0.001"/>
  <testcase name="millicoinScaleTest[153]" classname="org.bitcoinj.utils.BtcFormatTest" time="0"/>
  <testcase name="toStringTest[153]" classname="org.bitcoinj.utils.BtcFormatTest" time="0"/>
  <testcase name="testGrouping[153]" classname="org.bitcoinj.utils.BtcFormatTest" time="0"/>
  <testcase name="symbolsCodesTest[153]" classname="org.bitcoinj.utils.BtcFormatTest" time="0.001"/>
  <testcase name="defaultLocaleTest[153]" classname="org.bitcoinj.utils.BtcFormatTest" time="0"/>
  <testcase name="parsePositionTest[153]" classname="org.bitcoinj.utils.BtcFormatTest" time="0"/>
  <testcase name="argumentTypeTest[153]" classname="org.bitcoinj.utils.BtcFormatTest" time="0"/>
  <testcase name="characterIteratorTest[153]" classname="org.bitcoinj.utils.BtcFormatTest" time="0.001"/>
  <testcase name="repeatingPlaceTest[153]" classname="org.bitcoinj.utils.BtcFormatTest" time="0"/>
  <testcase name="currencyCodeTest[153]" classname="org.bitcoinj.utils.BtcFormatTest" time="0"/>
  <testcase name="patternDecimalPlaces[153]" classname="org.bitcoinj.utils.BtcFormatTest" time="0"/>
  <testcase name="factoryArgumentsTest[154]" classname="org.bitcoinj.utils.BtcFormatTest" time="0.001"/>
  <testcase name="parseTest[154]" classname="org.bitcoinj.utils.BtcFormatTest" time="0.001"/>
  <testcase name="microcoinScaleTest[154]" classname="org.bitcoinj.utils.BtcFormatTest" time="0"/>
  <testcase name="parseMetricTest[154]" classname="org.bitcoinj.utils.BtcFormatTest" time="0.001"/>
  <testcase name="coinScaleTest[154]" classname="org.bitcoinj.utils.BtcFormatTest" time="0"/>
  <testcase name="builderTest[154]" classname="org.bitcoinj.utils.BtcFormatTest" time="0.001"/>
  <testcase name="attributeTest[154]" classname="org.bitcoinj.utils.BtcFormatTest" time="0.001"/>
  <testcase name="prefixTest[154]" classname="org.bitcoinj.utils.BtcFormatTest" time="0"/>
  <testcase name="suffixTest[154]" classname="org.bitcoinj.utils.BtcFormatTest" time="0"/>
  <testcase name="autoDecimalTest[154]" classname="org.bitcoinj.utils.BtcFormatTest" time="0"/>
  <testcase name="symbolCollisionTest[154]" classname="org.bitcoinj.utils.BtcFormatTest" time="0.001"/>
  <testcase name="equalityTest[154]" classname="org.bitcoinj.utils.BtcFormatTest" time="0.001"/>
  <testcase name="columnAlignmentTest[154]" classname="org.bitcoinj.utils.BtcFormatTest" time="0"/>
  <testcase name="factoryTest[154]" classname="org.bitcoinj.utils.BtcFormatTest" time="0"/>
  <testcase name="parse[154]" classname="org.bitcoinj.utils.BtcFormatTest" time="0"/>
  <testcase name="btcRounding[154]" classname="org.bitcoinj.utils.BtcFormatTest" time="0"/>
  <testcase name="negativeTest[154]" classname="org.bitcoinj.utils.BtcFormatTest" time="0.001"/>
  <testcase name="millicoinScaleTest[154]" classname="org.bitcoinj.utils.BtcFormatTest" time="0"/>
  <testcase name="toStringTest[154]" classname="org.bitcoinj.utils.BtcFormatTest" time="0"/>
  <testcase name="testGrouping[154]" classname="org.bitcoinj.utils.BtcFormatTest" time="0"/>
  <testcase name="symbolsCodesTest[154]" classname="org.bitcoinj.utils.BtcFormatTest" time="0.001"/>
  <testcase name="defaultLocaleTest[154]" classname="org.bitcoinj.utils.BtcFormatTest" time="0"/>
  <testcase name="parsePositionTest[154]" classname="org.bitcoinj.utils.BtcFormatTest" time="0"/>
  <testcase name="argumentTypeTest[154]" classname="org.bitcoinj.utils.BtcFormatTest" time="0"/>
  <testcase name="characterIteratorTest[154]" classname="org.bitcoinj.utils.BtcFormatTest" time="0.001"/>
  <testcase name="repeatingPlaceTest[154]" classname="org.bitcoinj.utils.BtcFormatTest" time="0"/>
  <testcase name="currencyCodeTest[154]" classname="org.bitcoinj.utils.BtcFormatTest" time="0"/>
  <testcase name="patternDecimalPlaces[154]" classname="org.bitcoinj.utils.BtcFormatTest" time="0"/>
  <testcase name="factoryArgumentsTest[155]" classname="org.bitcoinj.utils.BtcFormatTest" time="0.001"/>
  <testcase name="parseTest[155]" classname="org.bitcoinj.utils.BtcFormatTest" time="0.001"/>
  <testcase name="microcoinScaleTest[155]" classname="org.bitcoinj.utils.BtcFormatTest" time="0"/>
  <testcase name="parseMetricTest[155]" classname="org.bitcoinj.utils.BtcFormatTest" time="0.001"/>
  <testcase name="coinScaleTest[155]" classname="org.bitcoinj.utils.BtcFormatTest" time="0"/>
  <testcase name="builderTest[155]" classname="org.bitcoinj.utils.BtcFormatTest" time="0.001"/>
  <testcase name="attributeTest[155]" classname="org.bitcoinj.utils.BtcFormatTest" time="0"/>
  <testcase name="prefixTest[155]" classname="org.bitcoinj.utils.BtcFormatTest" time="0"/>
  <testcase name="suffixTest[155]" classname="org.bitcoinj.utils.BtcFormatTest" time="0.001"/>
  <testcase name="autoDecimalTest[155]" classname="org.bitcoinj.utils.BtcFormatTest" time="0"/>
  <testcase name="symbolCollisionTest[155]" classname="org.bitcoinj.utils.BtcFormatTest" time="0.001"/>
  <testcase name="equalityTest[155]" classname="org.bitcoinj.utils.BtcFormatTest" time="0.001"/>
  <testcase name="columnAlignmentTest[155]" classname="org.bitcoinj.utils.BtcFormatTest" time="0"/>
  <testcase name="factoryTest[155]" classname="org.bitcoinj.utils.BtcFormatTest" time="0"/>
  <testcase name="parse[155]" classname="org.bitcoinj.utils.BtcFormatTest" time="0"/>
  <testcase name="btcRounding[155]" classname="org.bitcoinj.utils.BtcFormatTest" time="0.001"/>
  <testcase name="negativeTest[155]" classname="org.bitcoinj.utils.BtcFormatTest" time="0"/>
  <testcase name="millicoinScaleTest[155]" classname="org.bitcoinj.utils.BtcFormatTest" time="0"/>
  <testcase name="toStringTest[155]" classname="org.bitcoinj.utils.BtcFormatTest" time="0.001"/>
  <testcase name="testGrouping[155]" classname="org.bitcoinj.utils.BtcFormatTest" time="0"/>
  <testcase name="symbolsCodesTest[155]" classname="org.bitcoinj.utils.BtcFormatTest" time="0"/>
  <testcase name="defaultLocaleTest[155]" classname="org.bitcoinj.utils.BtcFormatTest" time="0"/>
  <testcase name="parsePositionTest[155]" classname="org.bitcoinj.utils.BtcFormatTest" time="0"/>
  <testcase name="argumentTypeTest[155]" classname="org.bitcoinj.utils.BtcFormatTest" time="0.001"/>
  <testcase name="characterIteratorTest[155]" classname="org.bitcoinj.utils.BtcFormatTest" time="0"/>
  <testcase name="repeatingPlaceTest[155]" classname="org.bitcoinj.utils.BtcFormatTest" time="0"/>
  <testcase name="currencyCodeTest[155]" classname="org.bitcoinj.utils.BtcFormatTest" time="0"/>
  <testcase name="patternDecimalPlaces[155]" classname="org.bitcoinj.utils.BtcFormatTest" time="0"/>
  <testcase name="factoryArgumentsTest[156]" classname="org.bitcoinj.utils.BtcFormatTest" time="0.001"/>
  <testcase name="parseTest[156]" classname="org.bitcoinj.utils.BtcFormatTest" time="0.001"/>
  <testcase name="microcoinScaleTest[156]" classname="org.bitcoinj.utils.BtcFormatTest" time="0"/>
  <testcase name="parseMetricTest[156]" classname="org.bitcoinj.utils.BtcFormatTest" time="0.001"/>
  <testcase name="coinScaleTest[156]" classname="org.bitcoinj.utils.BtcFormatTest" time="0"/>
  <testcase name="builderTest[156]" classname="org.bitcoinj.utils.BtcFormatTest" time="0.001"/>
  <testcase name="attributeTest[156]" classname="org.bitcoinj.utils.BtcFormatTest" time="0.001"/>
  <testcase name="prefixTest[156]" classname="org.bitcoinj.utils.BtcFormatTest" time="0"/>
  <testcase name="suffixTest[156]" classname="org.bitcoinj.utils.BtcFormatTest" time="0"/>
  <testcase name="autoDecimalTest[156]" classname="org.bitcoinj.utils.BtcFormatTest" time="0"/>
  <testcase name="symbolCollisionTest[156]" classname="org.bitcoinj.utils.BtcFormatTest" time="0.001"/>
  <testcase name="equalityTest[156]" classname="org.bitcoinj.utils.BtcFormatTest" time="0.001"/>
  <testcase name="columnAlignmentTest[156]" classname="org.bitcoinj.utils.BtcFormatTest" time="0"/>
  <testcase name="factoryTest[156]" classname="org.bitcoinj.utils.BtcFormatTest" time="0"/>
  <testcase name="parse[156]" classname="org.bitcoinj.utils.BtcFormatTest" time="0"/>
  <testcase name="btcRounding[156]" classname="org.bitcoinj.utils.BtcFormatTest" time="0.001"/>
  <testcase name="negativeTest[156]" classname="org.bitcoinj.utils.BtcFormatTest" time="0"/>
  <testcase name="millicoinScaleTest[156]" classname="org.bitcoinj.utils.BtcFormatTest" time="0"/>
  <testcase name="toStringTest[156]" classname="org.bitcoinj.utils.BtcFormatTest" time="0.001"/>
  <testcase name="testGrouping[156]" classname="org.bitcoinj.utils.BtcFormatTest" time="0"/>
  <testcase name="symbolsCodesTest[156]" classname="org.bitcoinj.utils.BtcFormatTest" time="0"/>
  <testcase name="defaultLocaleTest[156]" classname="org.bitcoinj.utils.BtcFormatTest" time="0"/>
  <testcase name="parsePositionTest[156]" classname="org.bitcoinj.utils.BtcFormatTest" time="0"/>
  <testcase name="argumentTypeTest[156]" classname="org.bitcoinj.utils.BtcFormatTest" time="0"/>
  <testcase name="characterIteratorTest[156]" classname="org.bitcoinj.utils.BtcFormatTest" time="0"/>
  <testcase name="repeatingPlaceTest[156]" classname="org.bitcoinj.utils.BtcFormatTest" time="0"/>
  <testcase name="currencyCodeTest[156]" classname="org.bitcoinj.utils.BtcFormatTest" time="0.001"/>
  <testcase name="patternDecimalPlaces[156]" classname="org.bitcoinj.utils.BtcFormatTest" time="0"/>
  <testcase name="factoryArgumentsTest[157]" classname="org.bitcoinj.utils.BtcFormatTest" time="0"/>
  <testcase name="parseTest[157]" classname="org.bitcoinj.utils.BtcFormatTest" time="0.002"/>
  <testcase name="microcoinScaleTest[157]" classname="org.bitcoinj.utils.BtcFormatTest" time="0"/>
  <testcase name="parseMetricTest[157]" classname="org.bitcoinj.utils.BtcFormatTest" time="0"/>
  <testcase name="coinScaleTest[157]" classname="org.bitcoinj.utils.BtcFormatTest" time="0.001"/>
  <testcase name="builderTest[157]" classname="org.bitcoinj.utils.BtcFormatTest" time="0.001"/>
  <testcase name="attributeTest[157]" classname="org.bitcoinj.utils.BtcFormatTest" time="0"/>
  <testcase name="prefixTest[157]" classname="org.bitcoinj.utils.BtcFormatTest" time="0"/>
  <testcase name="suffixTest[157]" classname="org.bitcoinj.utils.BtcFormatTest" time="0"/>
  <testcase name="autoDecimalTest[157]" classname="org.bitcoinj.utils.BtcFormatTest" time="0.002"/>
  <testcase name="symbolCollisionTest[157]" classname="org.bitcoinj.utils.BtcFormatTest" time="0"/>
  <testcase name="equalityTest[157]" classname="org.bitcoinj.utils.BtcFormatTest" time="0.001"/>
  <testcase name="columnAlignmentTest[157]" classname="org.bitcoinj.utils.BtcFormatTest" time="0.001"/>
  <testcase name="factoryTest[157]" classname="org.bitcoinj.utils.BtcFormatTest" time="0"/>
  <testcase name="parse[157]" classname="org.bitcoinj.utils.BtcFormatTest" time="0"/>
  <testcase name="btcRounding[157]" classname="org.bitcoinj.utils.BtcFormatTest" time="0.001"/>
  <testcase name="negativeTest[157]" classname="org.bitcoinj.utils.BtcFormatTest" time="0"/>
  <testcase name="millicoinScaleTest[157]" classname="org.bitcoinj.utils.BtcFormatTest" time="0"/>
  <testcase name="toStringTest[157]" classname="org.bitcoinj.utils.BtcFormatTest" time="0"/>
  <testcase name="testGrouping[157]" classname="org.bitcoinj.utils.BtcFormatTest" time="0"/>
  <testcase name="symbolsCodesTest[157]" classname="org.bitcoinj.utils.BtcFormatTest" time="0.016"/>
  <testcase name="defaultLocaleTest[157]" classname="org.bitcoinj.utils.BtcFormatTest" time="0"/>
  <testcase name="parsePositionTest[157]" classname="org.bitcoinj.utils.BtcFormatTest" time="0"/>
  <testcase name="argumentTypeTest[157]" classname="org.bitcoinj.utils.BtcFormatTest" time="0.004"/>
  <testcase name="characterIteratorTest[157]" classname="org.bitcoinj.utils.BtcFormatTest" time="0"/>
  <testcase name="repeatingPlaceTest[157]" classname="org.bitcoinj.utils.BtcFormatTest" time="0"/>
  <testcase name="currencyCodeTest[157]" classname="org.bitcoinj.utils.BtcFormatTest" time="0"/>
  <testcase name="patternDecimalPlaces[157]" classname="org.bitcoinj.utils.BtcFormatTest" time="0"/>
  <testcase name="factoryArgumentsTest[158]" classname="org.bitcoinj.utils.BtcFormatTest" time="0"/>
  <testcase name="parseTest[158]" classname="org.bitcoinj.utils.BtcFormatTest" time="0.001"/>
  <testcase name="microcoinScaleTest[158]" classname="org.bitcoinj.utils.BtcFormatTest" time="0"/>
  <testcase name="parseMetricTest[158]" classname="org.bitcoinj.utils.BtcFormatTest" time="0.001"/>
  <testcase name="coinScaleTest[158]" classname="org.bitcoinj.utils.BtcFormatTest" time="0"/>
  <testcase name="builderTest[158]" classname="org.bitcoinj.utils.BtcFormatTest" time="0.001"/>
  <testcase name="attributeTest[158]" classname="org.bitcoinj.utils.BtcFormatTest" time="0"/>
  <testcase name="prefixTest[158]" classname="org.bitcoinj.utils.BtcFormatTest" time="0"/>
  <testcase name="suffixTest[158]" classname="org.bitcoinj.utils.BtcFormatTest" time="0"/>
  <testcase name="autoDecimalTest[158]" classname="org.bitcoinj.utils.BtcFormatTest" time="0.001"/>
  <testcase name="symbolCollisionTest[158]" classname="org.bitcoinj.utils.BtcFormatTest" time="0.001"/>
  <testcase name="equalityTest[158]" classname="org.bitcoinj.utils.BtcFormatTest" time="0.001"/>
  <testcase name="columnAlignmentTest[158]" classname="org.bitcoinj.utils.BtcFormatTest" time="0"/>
  <testcase name="factoryTest[158]" classname="org.bitcoinj.utils.BtcFormatTest" time="0"/>
  <testcase name="parse[158]" classname="org.bitcoinj.utils.BtcFormatTest" time="0"/>
  <testcase name="btcRounding[158]" classname="org.bitcoinj.utils.BtcFormatTest" time="0.001"/>
  <testcase name="negativeTest[158]" classname="org.bitcoinj.utils.BtcFormatTest" time="0"/>
  <testcase name="millicoinScaleTest[158]" classname="org.bitcoinj.utils.BtcFormatTest" time="0"/>
  <testcase name="toStringTest[158]" classname="org.bitcoinj.utils.BtcFormatTest" time="0.001"/>
  <testcase name="testGrouping[158]" classname="org.bitcoinj.utils.BtcFormatTest" time="0"/>
  <testcase name="symbolsCodesTest[158]" classname="org.bitcoinj.utils.BtcFormatTest" time="0"/>
  <testcase name="defaultLocaleTest[158]" classname="org.bitcoinj.utils.BtcFormatTest" time="0"/>
  <testcase name="parsePositionTest[158]" classname="org.bitcoinj.utils.BtcFormatTest" time="0"/>
  <testcase name="argumentTypeTest[158]" classname="org.bitcoinj.utils.BtcFormatTest" time="0.001"/>
  <testcase name="characterIteratorTest[158]" classname="org.bitcoinj.utils.BtcFormatTest" time="0"/>
  <testcase name="repeatingPlaceTest[158]" classname="org.bitcoinj.utils.BtcFormatTest" time="0"/>
  <testcase name="currencyCodeTest[158]" classname="org.bitcoinj.utils.BtcFormatTest" time="0"/>
  <testcase name="patternDecimalPlaces[158]" classname="org.bitcoinj.utils.BtcFormatTest" time="0"/>
  <testcase name="factoryArgumentsTest[159]" classname="org.bitcoinj.utils.BtcFormatTest" time="0.001"/>
  <testcase name="parseTest[159]" classname="org.bitcoinj.utils.BtcFormatTest" time="0.001"/>
  <testcase name="microcoinScaleTest[159]" classname="org.bitcoinj.utils.BtcFormatTest" time="0"/>
  <testcase name="parseMetricTest[159]" classname="org.bitcoinj.utils.BtcFormatTest" time="0.001"/>
  <testcase name="coinScaleTest[159]" classname="org.bitcoinj.utils.BtcFormatTest" time="0"/>
  <testcase name="builderTest[159]" classname="org.bitcoinj.utils.BtcFormatTest" time="0.001"/>
  <testcase name="attributeTest[159]" classname="org.bitcoinj.utils.BtcFormatTest" time="0"/>
  <testcase name="prefixTest[159]" classname="org.bitcoinj.utils.BtcFormatTest" time="0.001"/>
  <testcase name="suffixTest[159]" classname="org.bitcoinj.utils.BtcFormatTest" time="0"/>
  <testcase name="autoDecimalTest[159]" classname="org.bitcoinj.utils.BtcFormatTest" time="0"/>
  <testcase name="symbolCollisionTest[159]" classname="org.bitcoinj.utils.BtcFormatTest" time="0.001"/>
  <testcase name="equalityTest[159]" classname="org.bitcoinj.utils.BtcFormatTest" time="0.001"/>
  <testcase name="columnAlignmentTest[159]" classname="org.bitcoinj.utils.BtcFormatTest" time="0"/>
  <testcase name="factoryTest[159]" classname="org.bitcoinj.utils.BtcFormatTest" time="0"/>
  <testcase name="parse[159]" classname="org.bitcoinj.utils.BtcFormatTest" time="0"/>
  <testcase name="btcRounding[159]" classname="org.bitcoinj.utils.BtcFormatTest" time="0.001"/>
  <testcase name="negativeTest[159]" classname="org.bitcoinj.utils.BtcFormatTest" time="0"/>
  <testcase name="millicoinScaleTest[159]" classname="org.bitcoinj.utils.BtcFormatTest" time="0"/>
  <testcase name="toStringTest[159]" classname="org.bitcoinj.utils.BtcFormatTest" time="0.001"/>
  <testcase name="testGrouping[159]" classname="org.bitcoinj.utils.BtcFormatTest" time="0"/>
  <testcase name="symbolsCodesTest[159]" classname="org.bitcoinj.utils.BtcFormatTest" time="0"/>
  <testcase name="defaultLocaleTest[159]" classname="org.bitcoinj.utils.BtcFormatTest" time="0"/>
  <testcase name="parsePositionTest[159]" classname="org.bitcoinj.utils.BtcFormatTest" time="0"/>
  <testcase name="argumentTypeTest[159]" classname="org.bitcoinj.utils.BtcFormatTest" time="0.001"/>
  <testcase name="characterIteratorTest[159]" classname="org.bitcoinj.utils.BtcFormatTest" time="0"/>
  <testcase name="repeatingPlaceTest[159]" classname="org.bitcoinj.utils.BtcFormatTest" time="0"/>
  <testcase name="currencyCodeTest[159]" classname="org.bitcoinj.utils.BtcFormatTest" time="0"/>
  <testcase name="patternDecimalPlaces[159]" classname="org.bitcoinj.utils.BtcFormatTest" time="0"/>
</testsuite>