<?xml version="1.0" encoding="UTF-8"?>
<testsuite xmlns:xsi="http://www.w3.org/2001/XMLSchema-instance" xsi:schemaLocation="https://maven.apache.org/surefire/maven-surefire-plugin/xsd/surefire-test-report.xsd" name="org.bitcoinj.core.ECKeyTest" time="0.699" tests="24" errors="0" skipped="0" failures="0">
  <properties>
    <property name="java.runtime.name" value="OpenJDK Runtime Environment"/>
    <property name="sun.boot.library.path" value="/usr/lib/jvm/java-8-openjdk-amd64/jre/lib/amd64"/>
    <property name="java.vm.version" value="25.151-b12"/>
    <property name="java.vm.vendor" value="Oracle Corporation"/>
    <property name="maven.multiModuleProjectDirectory" value="/home/sv/android_projects/bitcoinj"/>
    <property name="java.vendor.url" value="http://java.oracle.com/"/>
    <property name="path.separator" value=":"/>
    <property name="guice.disable.misplaced.annotation.check" value="true"/>
    <property name="java.vm.name" value="OpenJDK 64-Bit Server VM"/>
    <property name="file.encoding.pkg" value="sun.io"/>
    <property name="user.country" value="US"/>
    <property name="sun.java.launcher" value="SUN_STANDARD"/>
    <property name="sun.os.patch.level" value="unknown"/>
    <property name="java.vm.specification.name" value="Java Virtual Machine Specification"/>
    <property name="user.dir" value="/home/sv/android_projects/bitcoinj"/>
    <property name="java.runtime.version" value="1.8.0_151-8u151-b12-0ubuntu0.17.10.2-b12"/>
    <property name="java.awt.graphicsenv" value="sun.awt.X11GraphicsEnvironment"/>
    <property name="java.endorsed.dirs" value="/usr/lib/jvm/java-8-openjdk-amd64/jre/lib/endorsed"/>
    <property name="os.arch" value="amd64"/>
    <property name="java.io.tmpdir" value="/tmp"/>
    <property name="line.separator" value="&#10;"/>
    <property name="java.vm.specification.vendor" value="Oracle Corporation"/>
    <property name="os.name" value="Linux"/>
    <property name="classworlds.conf" value="/usr/share/maven/bin/m2.conf"/>
    <property name="sun.jnu.encoding" value="UTF-8"/>
    <property name="java.library.path" value="/usr/java/packages/lib/amd64:/usr/lib/x86_64-linux-gnu/jni:/lib/x86_64-linux-gnu:/usr/lib/x86_64-linux-gnu:/usr/lib/jni:/lib:/usr/lib"/>
    <property name="maven.conf" value="/usr/share/maven/conf"/>
    <property name="java.specification.name" value="Java Platform API Specification"/>
    <property name="java.class.version" value="52.0"/>
    <property name="sun.management.compiler" value="HotSpot 64-Bit Tiered Compilers"/>
    <property name="os.version" value="4.13.0-25-generic"/>
    <property name="library.jansi.path" value="/usr/share/maven/lib/jansi-native/linux64"/>
    <property name="user.home" value="/root"/>
    <property name="user.timezone" value="Europe/Kiev"/>
    <property name="java.awt.printerjob" value="sun.print.PSPrinterJob"/>
    <property name="java.specification.version" value="1.8"/>
    <property name="file.encoding" value="UTF-8"/>
    <property name="user.name" value="root"/>
    <property name="java.class.path" value="/usr/share/maven/boot/plexus-classworlds-2.x.jar"/>
    <property name="java.vm.specification.version" value="1.8"/>
    <property name="sun.arch.data.model" value="64"/>
    <property name="java.home" value="/usr/lib/jvm/java-8-openjdk-amd64/jre"/>
    <property name="sun.java.command" value="org.codehaus.plexus.classworlds.launcher.Launcher clean package"/>
    <property name="java.specification.vendor" value="Oracle Corporation"/>
    <property name="user.language" value="en"/>
    <property name="awt.toolkit" value="sun.awt.X11.XToolkit"/>
    <property name="java.vm.info" value="mixed mode"/>
    <property name="java.version" value="1.8.0_151"/>
    <property name="java.ext.dirs" value="/usr/lib/jvm/java-8-openjdk-amd64/jre/lib/ext:/usr/java/packages/lib/ext"/>
    <property name="securerandom.source" value="file:/dev/./urandom"/>
    <property name="sun.boot.class.path" value="/usr/lib/jvm/java-8-openjdk-amd64/jre/lib/resources.jar:/usr/lib/jvm/java-8-openjdk-amd64/jre/lib/rt.jar:/usr/lib/jvm/java-8-openjdk-amd64/jre/lib/sunrsasign.jar:/usr/lib/jvm/java-8-openjdk-amd64/jre/lib/jsse.jar:/usr/lib/jvm/java-8-openjdk-amd64/jre/lib/jce.jar:/usr/lib/jvm/java-8-openjdk-amd64/jre/lib/charsets.jar:/usr/lib/jvm/java-8-openjdk-amd64/jre/lib/jfr.jar:/usr/lib/jvm/java-8-openjdk-amd64/jre/classes"/>
    <property name="java.vendor" value="Oracle Corporation"/>
    <property name="maven.home" value="/usr/share/maven"/>
    <property name="file.separator" value="/"/>
    <property name="java.vendor.url.bug" value="http://bugreport.sun.com/bugreport/"/>
    <property name="sun.cpu.endian" value="little"/>
    <property name="sun.io.unicode.encoding" value="UnicodeLittle"/>
    <property name="sun.cpu.isalist" value=""/>
  </properties>
  <testcase name="roundTripDumpedPrivKey" classname="org.bitcoinj.core.ECKeyTest" time="0.019"/>
  <testcase name="keyRecovery" classname="org.bitcoinj.core.ECKeyTest" time="0.007"/>
  <testcase name="keyRecoveryWithEncryptedKey" classname="org.bitcoinj.core.ECKeyTest" time="0.143"/>
  <testcase name="testSignatures" classname="org.bitcoinj.core.ECKeyTest" time="0.003"/>
  <testcase name="testGetPublicKeyAsHex" classname="org.bitcoinj.core.ECKeyTest" time="0.001"/>
  <testcase name="testEncryptedCreate" classname="org.bitcoinj.core.ECKeyTest" time="0.088"/>
  <testcase name="signTextMessage" classname="org.bitcoinj.core.ECKeyTest" time="0.009"/>
  <testcase name="testEncryptionIsReversible" classname="org.bitcoinj.core.ECKeyTest" time="0.166"/>
  <testcase name="base58Encoding_stress" classname="org.bitcoinj.core.ECKeyTest" time="0.01"/>
  <testcase name="testToString" classname="org.bitcoinj.core.ECKeyTest" time="0.003"/>
  <testcase name="sValue" classname="org.bitcoinj.core.ECKeyTest" time="0.029"/>
  <testcase name="testASN1Roundtrip" classname="org.bitcoinj.core.ECKeyTest" time="0.029"/>
  <testcase name="fromPrivate_exceedsSize" classname="org.bitcoinj.core.ECKeyTest" time="0"/>
  <testcase name="base58Encoding_leadingZero" classname="org.bitcoinj.core.ECKeyTest" time="0.001"/>
  <testcase name="testCanonicalSigs" classname="org.bitcoinj.core.ECKeyTest" time="0.002"/>
  <testcase name="testUnencryptedCreate" classname="org.bitcoinj.core.ECKeyTest" time="0.094"/>
  <testcase name="testKeyPairRoundtrip" classname="org.bitcoinj.core.ECKeyTest" time="0.01"/>
  <testcase name="clear" classname="org.bitcoinj.core.ECKeyTest" time="0.065"/>
  <testcase name="verifyMessage" classname="org.bitcoinj.core.ECKeyTest" time="0.001"/>
  <testcase name="testCreatedSigAndPubkeyAreCanonical" classname="org.bitcoinj.core.ECKeyTest" time="0.001"/>
  <testcase name="testPublicKeysAreEqual" classname="org.bitcoinj.core.ECKeyTest" time="0.001"/>
  <testcase name="testNonCanonicalSigs" classname="org.bitcoinj.core.ECKeyTest" time="0.013"/>
  <testcase name="base58Encoding" classname="org.bitcoinj.core.ECKeyTest" time="0.001"/>
  <testcase name="testGetPrivateKeyAsHex" classname="org.bitcoinj.core.ECKeyTest" time="0"/>
</testsuite>